<?xml version="1.0" encoding="utf-8" standalone="no"?>
<!--This file represents the results of running a test suite-->
<test-results name="/var/www/Code/dylannet/dylandotnet/compiler/unit/unit.dll" total="785" errors="0" failures="0" not-run="0" inconclusive="0" ignored="0" skipped="0" invalid="0" date="2013-02-07" time="13:58:35">
  <environment nunit-version="2.6.0.0" clr-version="4.0.30319.17020" os-version="Unix 3.8.0.4" platform="Unix" cwd="/var/www/Code/dylannet/dylandotnet/compiler/unit" machine-name="ubuntu-server" user="dylan" user-domain="ubuntu-server" />
  <culture-info current-culture="en-GB" current-uiculture="en-GB" />
  <test-suite type="Assembly" name="/var/www/Code/dylannet/dylandotnet/compiler/unit/unit.dll" executed="True" result="Success" success="True" time="0.579" asserts="0">
    <results>
      <test-suite type="Namespace" name="dylan" executed="True" result="Success" success="True" time="0.573" asserts="0">
        <results>
          <test-suite type="Namespace" name="NET" executed="True" result="Success" success="True" time="0.573" asserts="0">
            <results>
              <test-suite type="Namespace" name="UnitTests" executed="True" result="Success" success="True" time="0.573" asserts="0">
                <results>
                  <test-suite type="TestFixture" name="TestParseUtils" executed="True" result="Success" success="True" time="0.523" asserts="0">
                    <results>
                      <test-case name="dylan.NET.UnitTests.TestParseUtils.TestProcessStringA" executed="True" result="Success" success="True" time="0.013" asserts="1" />
                      <test-case name="dylan.NET.UnitTests.TestParseUtils.TestProcessStringBS" executed="True" result="Success" success="True" time="0.000" asserts="1" />
                      <test-case name="dylan.NET.UnitTests.TestParseUtils.TestProcessStringBSL" executed="True" result="Success" success="True" time="0.000" asserts="1" />
                      <test-case name="dylan.NET.UnitTests.TestParseUtils.TestProcessStringCR" executed="True" result="Success" success="True" time="0.000" asserts="1" />
                      <test-suite type="ParameterizedTest" name="TestProcessStringExtASCII" executed="True" result="Success" success="True" time="0.115" asserts="0">
                        <results>
                          <test-case name="dylan.NET.UnitTests.TestParseUtils.TestProcessStringExtASCII(0)" executed="True" result="Success" success="True" time="0.002" asserts="1" />
                          <test-case name="dylan.NET.UnitTests.TestParseUtils.TestProcessStringExtASCII(1)" executed="True" result="Success" success="True" time="0.000" asserts="1" />
                          <test-case name="dylan.NET.UnitTests.TestParseUtils.TestProcessStringExtASCII(2)" executed="True" result="Success" success="True" time="0.000" asserts="1" />
                          <test-case name="dylan.NET.UnitTests.TestParseUtils.TestProcessStringExtASCII(3)" executed="True" result="Success" success="True" time="0.000" asserts="1" />
                          <test-case name="dylan.NET.UnitTests.TestParseUtils.TestProcessStringExtASCII(4)" executed="True" result="Success" success="True" time="0.000" asserts="1" />
                          <test-case name="dylan.NET.UnitTests.TestParseUtils.TestProcessStringExtASCII(5)" executed="True" result="Success" success="True" time="0.000" asserts="1" />
                          <test-case name="dylan.NET.UnitTests.TestParseUtils.TestProcessStringExtASCII(6)" executed="True" result="Success" success="True" time="0.000" asserts="1" />
                          <test-case name="dylan.NET.UnitTests.TestParseUtils.TestProcessStringExtASCII(7)" executed="True" result="Success" success="True" time="0.000" asserts="1" />
                          <test-case name="dylan.NET.UnitTests.TestParseUtils.TestProcessStringExtASCII(8)" executed="True" result="Success" success="True" time="0.000" asserts="1" />
                          <test-case name="dylan.NET.UnitTests.TestParseUtils.TestProcessStringExtASCII(9)" executed="True" result="Success" success="True" time="0.000" asserts="1" />
                          <test-case name="dylan.NET.UnitTests.TestParseUtils.TestProcessStringExtASCII(10)" executed="True" result="Success" success="True" time="0.000" asserts="1" />
                          <test-case name="dylan.NET.UnitTests.TestParseUtils.TestProcessStringExtASCII(11)" executed="True" result="Success" success="True" time="0.000" asserts="1" />
                          <test-case name="dylan.NET.UnitTests.TestParseUtils.TestProcessStringExtASCII(12)" executed="True" result="Success" success="True" time="0.000" asserts="1" />
                          <test-case name="dylan.NET.UnitTests.TestParseUtils.TestProcessStringExtASCII(13)" executed="True" result="Success" success="True" time="0.000" asserts="1" />
                          <test-case name="dylan.NET.UnitTests.TestParseUtils.TestProcessStringExtASCII(14)" executed="True" result="Success" success="True" time="0.000" asserts="1" />
                          <test-case name="dylan.NET.UnitTests.TestParseUtils.TestProcessStringExtASCII(15)" executed="True" result="Success" success="True" time="0.000" asserts="1" />
                          <test-case name="dylan.NET.UnitTests.TestParseUtils.TestProcessStringExtASCII(16)" executed="True" result="Success" success="True" time="0.000" asserts="1" />
                          <test-case name="dylan.NET.UnitTests.TestParseUtils.TestProcessStringExtASCII(17)" executed="True" result="Success" success="True" time="0.000" asserts="1" />
                          <test-case name="dylan.NET.UnitTests.TestParseUtils.TestProcessStringExtASCII(18)" executed="True" result="Success" success="True" time="0.000" asserts="1" />
                          <test-case name="dylan.NET.UnitTests.TestParseUtils.TestProcessStringExtASCII(19)" executed="True" result="Success" success="True" time="0.000" asserts="1" />
                          <test-case name="dylan.NET.UnitTests.TestParseUtils.TestProcessStringExtASCII(20)" executed="True" result="Success" success="True" time="0.000" asserts="1" />
                          <test-case name="dylan.NET.UnitTests.TestParseUtils.TestProcessStringExtASCII(21)" executed="True" result="Success" success="True" time="0.000" asserts="1" />
                          <test-case name="dylan.NET.UnitTests.TestParseUtils.TestProcessStringExtASCII(22)" executed="True" result="Success" success="True" time="0.000" asserts="1" />
                          <test-case name="dylan.NET.UnitTests.TestParseUtils.TestProcessStringExtASCII(23)" executed="True" result="Success" success="True" time="0.000" asserts="1" />
                          <test-case name="dylan.NET.UnitTests.TestParseUtils.TestProcessStringExtASCII(24)" executed="True" result="Success" success="True" time="0.000" asserts="1" />
                          <test-case name="dylan.NET.UnitTests.TestParseUtils.TestProcessStringExtASCII(25)" executed="True" result="Success" success="True" time="0.000" asserts="1" />
                          <test-case name="dylan.NET.UnitTests.TestParseUtils.TestProcessStringExtASCII(26)" executed="True" result="Success" success="True" time="0.000" asserts="1" />
                          <test-case name="dylan.NET.UnitTests.TestParseUtils.TestProcessStringExtASCII(27)" executed="True" result="Success" success="True" time="0.000" asserts="1" />
                          <test-case name="dylan.NET.UnitTests.TestParseUtils.TestProcessStringExtASCII(28)" executed="True" result="Success" success="True" time="0.000" asserts="1" />
                          <test-case name="dylan.NET.UnitTests.TestParseUtils.TestProcessStringExtASCII(29)" executed="True" result="Success" success="True" time="0.000" asserts="1" />
                          <test-case name="dylan.NET.UnitTests.TestParseUtils.TestProcessStringExtASCII(30)" executed="True" result="Success" success="True" time="0.000" asserts="1" />
                          <test-case name="dylan.NET.UnitTests.TestParseUtils.TestProcessStringExtASCII(31)" executed="True" result="Success" success="True" time="0.000" asserts="1" />
                          <test-case name="dylan.NET.UnitTests.TestParseUtils.TestProcessStringExtASCII(32)" executed="True" result="Success" success="True" time="0.000" asserts="1" />
                          <test-case name="dylan.NET.UnitTests.TestParseUtils.TestProcessStringExtASCII(33)" executed="True" result="Success" success="True" time="0.000" asserts="1" />
                          <test-case name="dylan.NET.UnitTests.TestParseUtils.TestProcessStringExtASCII(34)" executed="True" result="Success" success="True" time="0.000" asserts="1" />
                          <test-case name="dylan.NET.UnitTests.TestParseUtils.TestProcessStringExtASCII(35)" executed="True" result="Success" success="True" time="0.000" asserts="1" />
                          <test-case name="dylan.NET.UnitTests.TestParseUtils.TestProcessStringExtASCII(36)" executed="True" result="Success" success="True" time="0.000" asserts="1" />
                          <test-case name="dylan.NET.UnitTests.TestParseUtils.TestProcessStringExtASCII(37)" executed="True" result="Success" success="True" time="0.000" asserts="1" />
                          <test-case name="dylan.NET.UnitTests.TestParseUtils.TestProcessStringExtASCII(38)" executed="True" result="Success" success="True" time="0.000" asserts="1" />
                          <test-case name="dylan.NET.UnitTests.TestParseUtils.TestProcessStringExtASCII(39)" executed="True" result="Success" success="True" time="0.000" asserts="1" />
                          <test-case name="dylan.NET.UnitTests.TestParseUtils.TestProcessStringExtASCII(40)" executed="True" result="Success" success="True" time="0.000" asserts="1" />
                          <test-case name="dylan.NET.UnitTests.TestParseUtils.TestProcessStringExtASCII(41)" executed="True" result="Success" success="True" time="0.000" asserts="1" />
                          <test-case name="dylan.NET.UnitTests.TestParseUtils.TestProcessStringExtASCII(42)" executed="True" result="Success" success="True" time="0.000" asserts="1" />
                          <test-case name="dylan.NET.UnitTests.TestParseUtils.TestProcessStringExtASCII(43)" executed="True" result="Success" success="True" time="0.000" asserts="1" />
                          <test-case name="dylan.NET.UnitTests.TestParseUtils.TestProcessStringExtASCII(44)" executed="True" result="Success" success="True" time="0.000" asserts="1" />
                          <test-case name="dylan.NET.UnitTests.TestParseUtils.TestProcessStringExtASCII(45)" executed="True" result="Success" success="True" time="0.000" asserts="1" />
                          <test-case name="dylan.NET.UnitTests.TestParseUtils.TestProcessStringExtASCII(46)" executed="True" result="Success" success="True" time="0.000" asserts="1" />
                          <test-case name="dylan.NET.UnitTests.TestParseUtils.TestProcessStringExtASCII(47)" executed="True" result="Success" success="True" time="0.000" asserts="1" />
                          <test-case name="dylan.NET.UnitTests.TestParseUtils.TestProcessStringExtASCII(48)" executed="True" result="Success" success="True" time="0.000" asserts="1" />
                          <test-case name="dylan.NET.UnitTests.TestParseUtils.TestProcessStringExtASCII(49)" executed="True" result="Success" success="True" time="0.000" asserts="1" />
                          <test-case name="dylan.NET.UnitTests.TestParseUtils.TestProcessStringExtASCII(50)" executed="True" result="Success" success="True" time="0.000" asserts="1" />
                          <test-case name="dylan.NET.UnitTests.TestParseUtils.TestProcessStringExtASCII(51)" executed="True" result="Success" success="True" time="0.000" asserts="1" />
                          <test-case name="dylan.NET.UnitTests.TestParseUtils.TestProcessStringExtASCII(52)" executed="True" result="Success" success="True" time="0.000" asserts="1" />
                          <test-case name="dylan.NET.UnitTests.TestParseUtils.TestProcessStringExtASCII(53)" executed="True" result="Success" success="True" time="0.000" asserts="1" />
                          <test-case name="dylan.NET.UnitTests.TestParseUtils.TestProcessStringExtASCII(54)" executed="True" result="Success" success="True" time="0.000" asserts="1" />
                          <test-case name="dylan.NET.UnitTests.TestParseUtils.TestProcessStringExtASCII(55)" executed="True" result="Success" success="True" time="0.000" asserts="1" />
                          <test-case name="dylan.NET.UnitTests.TestParseUtils.TestProcessStringExtASCII(56)" executed="True" result="Success" success="True" time="0.000" asserts="1" />
                          <test-case name="dylan.NET.UnitTests.TestParseUtils.TestProcessStringExtASCII(57)" executed="True" result="Success" success="True" time="0.000" asserts="1" />
                          <test-case name="dylan.NET.UnitTests.TestParseUtils.TestProcessStringExtASCII(58)" executed="True" result="Success" success="True" time="0.000" asserts="1" />
                          <test-case name="dylan.NET.UnitTests.TestParseUtils.TestProcessStringExtASCII(59)" executed="True" result="Success" success="True" time="0.000" asserts="1" />
                          <test-case name="dylan.NET.UnitTests.TestParseUtils.TestProcessStringExtASCII(60)" executed="True" result="Success" success="True" time="0.000" asserts="1" />
                          <test-case name="dylan.NET.UnitTests.TestParseUtils.TestProcessStringExtASCII(61)" executed="True" result="Success" success="True" time="0.000" asserts="1" />
                          <test-case name="dylan.NET.UnitTests.TestParseUtils.TestProcessStringExtASCII(62)" executed="True" result="Success" success="True" time="0.000" asserts="1" />
                          <test-case name="dylan.NET.UnitTests.TestParseUtils.TestProcessStringExtASCII(63)" executed="True" result="Success" success="True" time="0.000" asserts="1" />
                          <test-case name="dylan.NET.UnitTests.TestParseUtils.TestProcessStringExtASCII(64)" executed="True" result="Success" success="True" time="0.000" asserts="1" />
                          <test-case name="dylan.NET.UnitTests.TestParseUtils.TestProcessStringExtASCII(65)" executed="True" result="Success" success="True" time="0.000" asserts="1" />
                          <test-case name="dylan.NET.UnitTests.TestParseUtils.TestProcessStringExtASCII(66)" executed="True" result="Success" success="True" time="0.000" asserts="1" />
                          <test-case name="dylan.NET.UnitTests.TestParseUtils.TestProcessStringExtASCII(67)" executed="True" result="Success" success="True" time="0.000" asserts="1" />
                          <test-case name="dylan.NET.UnitTests.TestParseUtils.TestProcessStringExtASCII(68)" executed="True" result="Success" success="True" time="0.000" asserts="1" />
                          <test-case name="dylan.NET.UnitTests.TestParseUtils.TestProcessStringExtASCII(69)" executed="True" result="Success" success="True" time="0.000" asserts="1" />
                          <test-case name="dylan.NET.UnitTests.TestParseUtils.TestProcessStringExtASCII(70)" executed="True" result="Success" success="True" time="0.000" asserts="1" />
                          <test-case name="dylan.NET.UnitTests.TestParseUtils.TestProcessStringExtASCII(71)" executed="True" result="Success" success="True" time="0.000" asserts="1" />
                          <test-case name="dylan.NET.UnitTests.TestParseUtils.TestProcessStringExtASCII(72)" executed="True" result="Success" success="True" time="0.000" asserts="1" />
                          <test-case name="dylan.NET.UnitTests.TestParseUtils.TestProcessStringExtASCII(73)" executed="True" result="Success" success="True" time="0.000" asserts="1" />
                          <test-case name="dylan.NET.UnitTests.TestParseUtils.TestProcessStringExtASCII(74)" executed="True" result="Success" success="True" time="0.000" asserts="1" />
                          <test-case name="dylan.NET.UnitTests.TestParseUtils.TestProcessStringExtASCII(75)" executed="True" result="Success" success="True" time="0.000" asserts="1" />
                          <test-case name="dylan.NET.UnitTests.TestParseUtils.TestProcessStringExtASCII(76)" executed="True" result="Success" success="True" time="0.000" asserts="1" />
                          <test-case name="dylan.NET.UnitTests.TestParseUtils.TestProcessStringExtASCII(77)" executed="True" result="Success" success="True" time="0.000" asserts="1" />
                          <test-case name="dylan.NET.UnitTests.TestParseUtils.TestProcessStringExtASCII(78)" executed="True" result="Success" success="True" time="0.000" asserts="1" />
                          <test-case name="dylan.NET.UnitTests.TestParseUtils.TestProcessStringExtASCII(79)" executed="True" result="Success" success="True" time="0.000" asserts="1" />
                          <test-case name="dylan.NET.UnitTests.TestParseUtils.TestProcessStringExtASCII(80)" executed="True" result="Success" success="True" time="0.000" asserts="1" />
                          <test-case name="dylan.NET.UnitTests.TestParseUtils.TestProcessStringExtASCII(81)" executed="True" result="Success" success="True" time="0.000" asserts="1" />
                          <test-case name="dylan.NET.UnitTests.TestParseUtils.TestProcessStringExtASCII(82)" executed="True" result="Success" success="True" time="0.000" asserts="1" />
                          <test-case name="dylan.NET.UnitTests.TestParseUtils.TestProcessStringExtASCII(83)" executed="True" result="Success" success="True" time="0.000" asserts="1" />
                          <test-case name="dylan.NET.UnitTests.TestParseUtils.TestProcessStringExtASCII(84)" executed="True" result="Success" success="True" time="0.000" asserts="1" />
                          <test-case name="dylan.NET.UnitTests.TestParseUtils.TestProcessStringExtASCII(85)" executed="True" result="Success" success="True" time="0.000" asserts="1" />
                          <test-case name="dylan.NET.UnitTests.TestParseUtils.TestProcessStringExtASCII(86)" executed="True" result="Success" success="True" time="0.000" asserts="1" />
                          <test-case name="dylan.NET.UnitTests.TestParseUtils.TestProcessStringExtASCII(87)" executed="True" result="Success" success="True" time="0.000" asserts="1" />
                          <test-case name="dylan.NET.UnitTests.TestParseUtils.TestProcessStringExtASCII(88)" executed="True" result="Success" success="True" time="0.000" asserts="1" />
                          <test-case name="dylan.NET.UnitTests.TestParseUtils.TestProcessStringExtASCII(89)" executed="True" result="Success" success="True" time="0.000" asserts="1" />
                          <test-case name="dylan.NET.UnitTests.TestParseUtils.TestProcessStringExtASCII(90)" executed="True" result="Success" success="True" time="0.000" asserts="1" />
                          <test-case name="dylan.NET.UnitTests.TestParseUtils.TestProcessStringExtASCII(91)" executed="True" result="Success" success="True" time="0.000" asserts="1" />
                          <test-case name="dylan.NET.UnitTests.TestParseUtils.TestProcessStringExtASCII(92)" executed="True" result="Success" success="True" time="0.000" asserts="1" />
                          <test-case name="dylan.NET.UnitTests.TestParseUtils.TestProcessStringExtASCII(93)" executed="True" result="Success" success="True" time="0.000" asserts="1" />
                          <test-case name="dylan.NET.UnitTests.TestParseUtils.TestProcessStringExtASCII(94)" executed="True" result="Success" success="True" time="0.000" asserts="1" />
                          <test-case name="dylan.NET.UnitTests.TestParseUtils.TestProcessStringExtASCII(95)" executed="True" result="Success" success="True" time="0.000" asserts="1" />
                          <test-case name="dylan.NET.UnitTests.TestParseUtils.TestProcessStringExtASCII(96)" executed="True" result="Success" success="True" time="0.000" asserts="1" />
                          <test-case name="dylan.NET.UnitTests.TestParseUtils.TestProcessStringExtASCII(97)" executed="True" result="Success" success="True" time="0.000" asserts="1" />
                          <test-case name="dylan.NET.UnitTests.TestParseUtils.TestProcessStringExtASCII(98)" executed="True" result="Success" success="True" time="0.000" asserts="1" />
                          <test-case name="dylan.NET.UnitTests.TestParseUtils.TestProcessStringExtASCII(99)" executed="True" result="Success" success="True" time="0.000" asserts="1" />
                          <test-case name="dylan.NET.UnitTests.TestParseUtils.TestProcessStringExtASCII(100)" executed="True" result="Success" success="True" time="0.000" asserts="1" />
                          <test-case name="dylan.NET.UnitTests.TestParseUtils.TestProcessStringExtASCII(101)" executed="True" result="Success" success="True" time="0.000" asserts="1" />
                          <test-case name="dylan.NET.UnitTests.TestParseUtils.TestProcessStringExtASCII(102)" executed="True" result="Success" success="True" time="0.000" asserts="1" />
                          <test-case name="dylan.NET.UnitTests.TestParseUtils.TestProcessStringExtASCII(103)" executed="True" result="Success" success="True" time="0.000" asserts="1" />
                          <test-case name="dylan.NET.UnitTests.TestParseUtils.TestProcessStringExtASCII(104)" executed="True" result="Success" success="True" time="0.000" asserts="1" />
                          <test-case name="dylan.NET.UnitTests.TestParseUtils.TestProcessStringExtASCII(105)" executed="True" result="Success" success="True" time="0.000" asserts="1" />
                          <test-case name="dylan.NET.UnitTests.TestParseUtils.TestProcessStringExtASCII(106)" executed="True" result="Success" success="True" time="0.000" asserts="1" />
                          <test-case name="dylan.NET.UnitTests.TestParseUtils.TestProcessStringExtASCII(107)" executed="True" result="Success" success="True" time="0.000" asserts="1" />
                          <test-case name="dylan.NET.UnitTests.TestParseUtils.TestProcessStringExtASCII(108)" executed="True" result="Success" success="True" time="0.000" asserts="1" />
                          <test-case name="dylan.NET.UnitTests.TestParseUtils.TestProcessStringExtASCII(109)" executed="True" result="Success" success="True" time="0.000" asserts="1" />
                          <test-case name="dylan.NET.UnitTests.TestParseUtils.TestProcessStringExtASCII(110)" executed="True" result="Success" success="True" time="0.000" asserts="1" />
                          <test-case name="dylan.NET.UnitTests.TestParseUtils.TestProcessStringExtASCII(111)" executed="True" result="Success" success="True" time="0.000" asserts="1" />
                          <test-case name="dylan.NET.UnitTests.TestParseUtils.TestProcessStringExtASCII(112)" executed="True" result="Success" success="True" time="0.000" asserts="1" />
                          <test-case name="dylan.NET.UnitTests.TestParseUtils.TestProcessStringExtASCII(113)" executed="True" result="Success" success="True" time="0.000" asserts="1" />
                          <test-case name="dylan.NET.UnitTests.TestParseUtils.TestProcessStringExtASCII(114)" executed="True" result="Success" success="True" time="0.000" asserts="1" />
                          <test-case name="dylan.NET.UnitTests.TestParseUtils.TestProcessStringExtASCII(115)" executed="True" result="Success" success="True" time="0.000" asserts="1" />
                          <test-case name="dylan.NET.UnitTests.TestParseUtils.TestProcessStringExtASCII(116)" executed="True" result="Success" success="True" time="0.000" asserts="1" />
                          <test-case name="dylan.NET.UnitTests.TestParseUtils.TestProcessStringExtASCII(117)" executed="True" result="Success" success="True" time="0.000" asserts="1" />
                          <test-case name="dylan.NET.UnitTests.TestParseUtils.TestProcessStringExtASCII(118)" executed="True" result="Success" success="True" time="0.000" asserts="1" />
                          <test-case name="dylan.NET.UnitTests.TestParseUtils.TestProcessStringExtASCII(119)" executed="True" result="Success" success="True" time="0.000" asserts="1" />
                          <test-case name="dylan.NET.UnitTests.TestParseUtils.TestProcessStringExtASCII(120)" executed="True" result="Success" success="True" time="0.000" asserts="1" />
                          <test-case name="dylan.NET.UnitTests.TestParseUtils.TestProcessStringExtASCII(121)" executed="True" result="Success" success="True" time="0.000" asserts="1" />
                          <test-case name="dylan.NET.UnitTests.TestParseUtils.TestProcessStringExtASCII(122)" executed="True" result="Success" success="True" time="0.000" asserts="1" />
                          <test-case name="dylan.NET.UnitTests.TestParseUtils.TestProcessStringExtASCII(123)" executed="True" result="Success" success="True" time="0.000" asserts="1" />
                          <test-case name="dylan.NET.UnitTests.TestParseUtils.TestProcessStringExtASCII(124)" executed="True" result="Success" success="True" time="0.000" asserts="1" />
                          <test-case name="dylan.NET.UnitTests.TestParseUtils.TestProcessStringExtASCII(125)" executed="True" result="Success" success="True" time="0.000" asserts="1" />
                          <test-case name="dylan.NET.UnitTests.TestParseUtils.TestProcessStringExtASCII(126)" executed="True" result="Success" success="True" time="0.000" asserts="1" />
                          <test-case name="dylan.NET.UnitTests.TestParseUtils.TestProcessStringExtASCII(127)" executed="True" result="Success" success="True" time="0.000" asserts="1" />
                          <test-case name="dylan.NET.UnitTests.TestParseUtils.TestProcessStringExtASCII(128)" executed="True" result="Success" success="True" time="0.000" asserts="1" />
                          <test-case name="dylan.NET.UnitTests.TestParseUtils.TestProcessStringExtASCII(129)" executed="True" result="Success" success="True" time="0.000" asserts="1" />
                          <test-case name="dylan.NET.UnitTests.TestParseUtils.TestProcessStringExtASCII(130)" executed="True" result="Success" success="True" time="0.000" asserts="1" />
                          <test-case name="dylan.NET.UnitTests.TestParseUtils.TestProcessStringExtASCII(131)" executed="True" result="Success" success="True" time="0.000" asserts="1" />
                          <test-case name="dylan.NET.UnitTests.TestParseUtils.TestProcessStringExtASCII(132)" executed="True" result="Success" success="True" time="0.000" asserts="1" />
                          <test-case name="dylan.NET.UnitTests.TestParseUtils.TestProcessStringExtASCII(133)" executed="True" result="Success" success="True" time="0.000" asserts="1" />
                          <test-case name="dylan.NET.UnitTests.TestParseUtils.TestProcessStringExtASCII(134)" executed="True" result="Success" success="True" time="0.000" asserts="1" />
                          <test-case name="dylan.NET.UnitTests.TestParseUtils.TestProcessStringExtASCII(135)" executed="True" result="Success" success="True" time="0.000" asserts="1" />
                          <test-case name="dylan.NET.UnitTests.TestParseUtils.TestProcessStringExtASCII(136)" executed="True" result="Success" success="True" time="0.000" asserts="1" />
                          <test-case name="dylan.NET.UnitTests.TestParseUtils.TestProcessStringExtASCII(137)" executed="True" result="Success" success="True" time="0.000" asserts="1" />
                          <test-case name="dylan.NET.UnitTests.TestParseUtils.TestProcessStringExtASCII(138)" executed="True" result="Success" success="True" time="0.000" asserts="1" />
                          <test-case name="dylan.NET.UnitTests.TestParseUtils.TestProcessStringExtASCII(139)" executed="True" result="Success" success="True" time="0.000" asserts="1" />
                          <test-case name="dylan.NET.UnitTests.TestParseUtils.TestProcessStringExtASCII(140)" executed="True" result="Success" success="True" time="0.000" asserts="1" />
                          <test-case name="dylan.NET.UnitTests.TestParseUtils.TestProcessStringExtASCII(141)" executed="True" result="Success" success="True" time="0.000" asserts="1" />
                          <test-case name="dylan.NET.UnitTests.TestParseUtils.TestProcessStringExtASCII(142)" executed="True" result="Success" success="True" time="0.000" asserts="1" />
                          <test-case name="dylan.NET.UnitTests.TestParseUtils.TestProcessStringExtASCII(143)" executed="True" result="Success" success="True" time="0.000" asserts="1" />
                          <test-case name="dylan.NET.UnitTests.TestParseUtils.TestProcessStringExtASCII(144)" executed="True" result="Success" success="True" time="0.000" asserts="1" />
                          <test-case name="dylan.NET.UnitTests.TestParseUtils.TestProcessStringExtASCII(145)" executed="True" result="Success" success="True" time="0.000" asserts="1" />
                          <test-case name="dylan.NET.UnitTests.TestParseUtils.TestProcessStringExtASCII(146)" executed="True" result="Success" success="True" time="0.000" asserts="1" />
                          <test-case name="dylan.NET.UnitTests.TestParseUtils.TestProcessStringExtASCII(147)" executed="True" result="Success" success="True" time="0.000" asserts="1" />
                          <test-case name="dylan.NET.UnitTests.TestParseUtils.TestProcessStringExtASCII(148)" executed="True" result="Success" success="True" time="0.000" asserts="1" />
                          <test-case name="dylan.NET.UnitTests.TestParseUtils.TestProcessStringExtASCII(149)" executed="True" result="Success" success="True" time="0.000" asserts="1" />
                          <test-case name="dylan.NET.UnitTests.TestParseUtils.TestProcessStringExtASCII(150)" executed="True" result="Success" success="True" time="0.000" asserts="1" />
                          <test-case name="dylan.NET.UnitTests.TestParseUtils.TestProcessStringExtASCII(151)" executed="True" result="Success" success="True" time="0.000" asserts="1" />
                          <test-case name="dylan.NET.UnitTests.TestParseUtils.TestProcessStringExtASCII(152)" executed="True" result="Success" success="True" time="0.000" asserts="1" />
                          <test-case name="dylan.NET.UnitTests.TestParseUtils.TestProcessStringExtASCII(153)" executed="True" result="Success" success="True" time="0.000" asserts="1" />
                          <test-case name="dylan.NET.UnitTests.TestParseUtils.TestProcessStringExtASCII(154)" executed="True" result="Success" success="True" time="0.000" asserts="1" />
                          <test-case name="dylan.NET.UnitTests.TestParseUtils.TestProcessStringExtASCII(155)" executed="True" result="Success" success="True" time="0.000" asserts="1" />
                          <test-case name="dylan.NET.UnitTests.TestParseUtils.TestProcessStringExtASCII(156)" executed="True" result="Success" success="True" time="0.000" asserts="1" />
                          <test-case name="dylan.NET.UnitTests.TestParseUtils.TestProcessStringExtASCII(157)" executed="True" result="Success" success="True" time="0.000" asserts="1" />
                          <test-case name="dylan.NET.UnitTests.TestParseUtils.TestProcessStringExtASCII(158)" executed="True" result="Success" success="True" time="0.000" asserts="1" />
                          <test-case name="dylan.NET.UnitTests.TestParseUtils.TestProcessStringExtASCII(159)" executed="True" result="Success" success="True" time="0.000" asserts="1" />
                          <test-case name="dylan.NET.UnitTests.TestParseUtils.TestProcessStringExtASCII(160)" executed="True" result="Success" success="True" time="0.000" asserts="1" />
                          <test-case name="dylan.NET.UnitTests.TestParseUtils.TestProcessStringExtASCII(161)" executed="True" result="Success" success="True" time="0.000" asserts="1" />
                          <test-case name="dylan.NET.UnitTests.TestParseUtils.TestProcessStringExtASCII(162)" executed="True" result="Success" success="True" time="0.000" asserts="1" />
                          <test-case name="dylan.NET.UnitTests.TestParseUtils.TestProcessStringExtASCII(163)" executed="True" result="Success" success="True" time="0.000" asserts="1" />
                          <test-case name="dylan.NET.UnitTests.TestParseUtils.TestProcessStringExtASCII(164)" executed="True" result="Success" success="True" time="0.000" asserts="1" />
                          <test-case name="dylan.NET.UnitTests.TestParseUtils.TestProcessStringExtASCII(165)" executed="True" result="Success" success="True" time="0.000" asserts="1" />
                          <test-case name="dylan.NET.UnitTests.TestParseUtils.TestProcessStringExtASCII(166)" executed="True" result="Success" success="True" time="0.000" asserts="1" />
                          <test-case name="dylan.NET.UnitTests.TestParseUtils.TestProcessStringExtASCII(167)" executed="True" result="Success" success="True" time="0.000" asserts="1" />
                          <test-case name="dylan.NET.UnitTests.TestParseUtils.TestProcessStringExtASCII(168)" executed="True" result="Success" success="True" time="0.000" asserts="1" />
                          <test-case name="dylan.NET.UnitTests.TestParseUtils.TestProcessStringExtASCII(169)" executed="True" result="Success" success="True" time="0.000" asserts="1" />
                          <test-case name="dylan.NET.UnitTests.TestParseUtils.TestProcessStringExtASCII(170)" executed="True" result="Success" success="True" time="0.000" asserts="1" />
                          <test-case name="dylan.NET.UnitTests.TestParseUtils.TestProcessStringExtASCII(171)" executed="True" result="Success" success="True" time="0.000" asserts="1" />
                          <test-case name="dylan.NET.UnitTests.TestParseUtils.TestProcessStringExtASCII(172)" executed="True" result="Success" success="True" time="0.000" asserts="1" />
                          <test-case name="dylan.NET.UnitTests.TestParseUtils.TestProcessStringExtASCII(173)" executed="True" result="Success" success="True" time="0.000" asserts="1" />
                          <test-case name="dylan.NET.UnitTests.TestParseUtils.TestProcessStringExtASCII(174)" executed="True" result="Success" success="True" time="0.000" asserts="1" />
                          <test-case name="dylan.NET.UnitTests.TestParseUtils.TestProcessStringExtASCII(175)" executed="True" result="Success" success="True" time="0.000" asserts="1" />
                          <test-case name="dylan.NET.UnitTests.TestParseUtils.TestProcessStringExtASCII(176)" executed="True" result="Success" success="True" time="0.000" asserts="1" />
                          <test-case name="dylan.NET.UnitTests.TestParseUtils.TestProcessStringExtASCII(177)" executed="True" result="Success" success="True" time="0.000" asserts="1" />
                          <test-case name="dylan.NET.UnitTests.TestParseUtils.TestProcessStringExtASCII(178)" executed="True" result="Success" success="True" time="0.000" asserts="1" />
                          <test-case name="dylan.NET.UnitTests.TestParseUtils.TestProcessStringExtASCII(179)" executed="True" result="Success" success="True" time="0.000" asserts="1" />
                          <test-case name="dylan.NET.UnitTests.TestParseUtils.TestProcessStringExtASCII(180)" executed="True" result="Success" success="True" time="0.000" asserts="1" />
                          <test-case name="dylan.NET.UnitTests.TestParseUtils.TestProcessStringExtASCII(181)" executed="True" result="Success" success="True" time="0.000" asserts="1" />
                          <test-case name="dylan.NET.UnitTests.TestParseUtils.TestProcessStringExtASCII(182)" executed="True" result="Success" success="True" time="0.000" asserts="1" />
                          <test-case name="dylan.NET.UnitTests.TestParseUtils.TestProcessStringExtASCII(183)" executed="True" result="Success" success="True" time="0.000" asserts="1" />
                          <test-case name="dylan.NET.UnitTests.TestParseUtils.TestProcessStringExtASCII(184)" executed="True" result="Success" success="True" time="0.000" asserts="1" />
                          <test-case name="dylan.NET.UnitTests.TestParseUtils.TestProcessStringExtASCII(185)" executed="True" result="Success" success="True" time="0.000" asserts="1" />
                          <test-case name="dylan.NET.UnitTests.TestParseUtils.TestProcessStringExtASCII(186)" executed="True" result="Success" success="True" time="0.000" asserts="1" />
                          <test-case name="dylan.NET.UnitTests.TestParseUtils.TestProcessStringExtASCII(187)" executed="True" result="Success" success="True" time="0.000" asserts="1" />
                          <test-case name="dylan.NET.UnitTests.TestParseUtils.TestProcessStringExtASCII(188)" executed="True" result="Success" success="True" time="0.000" asserts="1" />
                          <test-case name="dylan.NET.UnitTests.TestParseUtils.TestProcessStringExtASCII(189)" executed="True" result="Success" success="True" time="0.000" asserts="1" />
                          <test-case name="dylan.NET.UnitTests.TestParseUtils.TestProcessStringExtASCII(190)" executed="True" result="Success" success="True" time="0.000" asserts="1" />
                          <test-case name="dylan.NET.UnitTests.TestParseUtils.TestProcessStringExtASCII(191)" executed="True" result="Success" success="True" time="0.000" asserts="1" />
                          <test-case name="dylan.NET.UnitTests.TestParseUtils.TestProcessStringExtASCII(192)" executed="True" result="Success" success="True" time="0.000" asserts="1" />
                          <test-case name="dylan.NET.UnitTests.TestParseUtils.TestProcessStringExtASCII(193)" executed="True" result="Success" success="True" time="0.000" asserts="1" />
                          <test-case name="dylan.NET.UnitTests.TestParseUtils.TestProcessStringExtASCII(194)" executed="True" result="Success" success="True" time="0.000" asserts="1" />
                          <test-case name="dylan.NET.UnitTests.TestParseUtils.TestProcessStringExtASCII(195)" executed="True" result="Success" success="True" time="0.000" asserts="1" />
                          <test-case name="dylan.NET.UnitTests.TestParseUtils.TestProcessStringExtASCII(196)" executed="True" result="Success" success="True" time="0.000" asserts="1" />
                          <test-case name="dylan.NET.UnitTests.TestParseUtils.TestProcessStringExtASCII(197)" executed="True" result="Success" success="True" time="0.000" asserts="1" />
                          <test-case name="dylan.NET.UnitTests.TestParseUtils.TestProcessStringExtASCII(198)" executed="True" result="Success" success="True" time="0.000" asserts="1" />
                          <test-case name="dylan.NET.UnitTests.TestParseUtils.TestProcessStringExtASCII(199)" executed="True" result="Success" success="True" time="0.000" asserts="1" />
                          <test-case name="dylan.NET.UnitTests.TestParseUtils.TestProcessStringExtASCII(200)" executed="True" result="Success" success="True" time="0.000" asserts="1" />
                          <test-case name="dylan.NET.UnitTests.TestParseUtils.TestProcessStringExtASCII(201)" executed="True" result="Success" success="True" time="0.000" asserts="1" />
                          <test-case name="dylan.NET.UnitTests.TestParseUtils.TestProcessStringExtASCII(202)" executed="True" result="Success" success="True" time="0.000" asserts="1" />
                          <test-case name="dylan.NET.UnitTests.TestParseUtils.TestProcessStringExtASCII(203)" executed="True" result="Success" success="True" time="0.000" asserts="1" />
                          <test-case name="dylan.NET.UnitTests.TestParseUtils.TestProcessStringExtASCII(204)" executed="True" result="Success" success="True" time="0.000" asserts="1" />
                          <test-case name="dylan.NET.UnitTests.TestParseUtils.TestProcessStringExtASCII(205)" executed="True" result="Success" success="True" time="0.000" asserts="1" />
                          <test-case name="dylan.NET.UnitTests.TestParseUtils.TestProcessStringExtASCII(206)" executed="True" result="Success" success="True" time="0.000" asserts="1" />
                          <test-case name="dylan.NET.UnitTests.TestParseUtils.TestProcessStringExtASCII(207)" executed="True" result="Success" success="True" time="0.000" asserts="1" />
                          <test-case name="dylan.NET.UnitTests.TestParseUtils.TestProcessStringExtASCII(208)" executed="True" result="Success" success="True" time="0.000" asserts="1" />
                          <test-case name="dylan.NET.UnitTests.TestParseUtils.TestProcessStringExtASCII(209)" executed="True" result="Success" success="True" time="0.000" asserts="1" />
                          <test-case name="dylan.NET.UnitTests.TestParseUtils.TestProcessStringExtASCII(210)" executed="True" result="Success" success="True" time="0.000" asserts="1" />
                          <test-case name="dylan.NET.UnitTests.TestParseUtils.TestProcessStringExtASCII(211)" executed="True" result="Success" success="True" time="0.000" asserts="1" />
                          <test-case name="dylan.NET.UnitTests.TestParseUtils.TestProcessStringExtASCII(212)" executed="True" result="Success" success="True" time="0.000" asserts="1" />
                          <test-case name="dylan.NET.UnitTests.TestParseUtils.TestProcessStringExtASCII(213)" executed="True" result="Success" success="True" time="0.000" asserts="1" />
                          <test-case name="dylan.NET.UnitTests.TestParseUtils.TestProcessStringExtASCII(214)" executed="True" result="Success" success="True" time="0.000" asserts="1" />
                          <test-case name="dylan.NET.UnitTests.TestParseUtils.TestProcessStringExtASCII(215)" executed="True" result="Success" success="True" time="0.000" asserts="1" />
                          <test-case name="dylan.NET.UnitTests.TestParseUtils.TestProcessStringExtASCII(216)" executed="True" result="Success" success="True" time="0.000" asserts="1" />
                          <test-case name="dylan.NET.UnitTests.TestParseUtils.TestProcessStringExtASCII(217)" executed="True" result="Success" success="True" time="0.000" asserts="1" />
                          <test-case name="dylan.NET.UnitTests.TestParseUtils.TestProcessStringExtASCII(218)" executed="True" result="Success" success="True" time="0.000" asserts="1" />
                          <test-case name="dylan.NET.UnitTests.TestParseUtils.TestProcessStringExtASCII(219)" executed="True" result="Success" success="True" time="0.000" asserts="1" />
                          <test-case name="dylan.NET.UnitTests.TestParseUtils.TestProcessStringExtASCII(220)" executed="True" result="Success" success="True" time="0.000" asserts="1" />
                          <test-case name="dylan.NET.UnitTests.TestParseUtils.TestProcessStringExtASCII(221)" executed="True" result="Success" success="True" time="0.000" asserts="1" />
                          <test-case name="dylan.NET.UnitTests.TestParseUtils.TestProcessStringExtASCII(222)" executed="True" result="Success" success="True" time="0.000" asserts="1" />
                          <test-case name="dylan.NET.UnitTests.TestParseUtils.TestProcessStringExtASCII(223)" executed="True" result="Success" success="True" time="0.000" asserts="1" />
                          <test-case name="dylan.NET.UnitTests.TestParseUtils.TestProcessStringExtASCII(224)" executed="True" result="Success" success="True" time="0.000" asserts="1" />
                          <test-case name="dylan.NET.UnitTests.TestParseUtils.TestProcessStringExtASCII(225)" executed="True" result="Success" success="True" time="0.000" asserts="1" />
                          <test-case name="dylan.NET.UnitTests.TestParseUtils.TestProcessStringExtASCII(226)" executed="True" result="Success" success="True" time="0.000" asserts="1" />
                          <test-case name="dylan.NET.UnitTests.TestParseUtils.TestProcessStringExtASCII(227)" executed="True" result="Success" success="True" time="0.000" asserts="1" />
                          <test-case name="dylan.NET.UnitTests.TestParseUtils.TestProcessStringExtASCII(228)" executed="True" result="Success" success="True" time="0.000" asserts="1" />
                          <test-case name="dylan.NET.UnitTests.TestParseUtils.TestProcessStringExtASCII(229)" executed="True" result="Success" success="True" time="0.000" asserts="1" />
                          <test-case name="dylan.NET.UnitTests.TestParseUtils.TestProcessStringExtASCII(230)" executed="True" result="Success" success="True" time="0.000" asserts="1" />
                          <test-case name="dylan.NET.UnitTests.TestParseUtils.TestProcessStringExtASCII(231)" executed="True" result="Success" success="True" time="0.000" asserts="1" />
                          <test-case name="dylan.NET.UnitTests.TestParseUtils.TestProcessStringExtASCII(232)" executed="True" result="Success" success="True" time="0.000" asserts="1" />
                          <test-case name="dylan.NET.UnitTests.TestParseUtils.TestProcessStringExtASCII(233)" executed="True" result="Success" success="True" time="0.000" asserts="1" />
                          <test-case name="dylan.NET.UnitTests.TestParseUtils.TestProcessStringExtASCII(234)" executed="True" result="Success" success="True" time="0.000" asserts="1" />
                          <test-case name="dylan.NET.UnitTests.TestParseUtils.TestProcessStringExtASCII(235)" executed="True" result="Success" success="True" time="0.000" asserts="1" />
                          <test-case name="dylan.NET.UnitTests.TestParseUtils.TestProcessStringExtASCII(236)" executed="True" result="Success" success="True" time="0.000" asserts="1" />
                          <test-case name="dylan.NET.UnitTests.TestParseUtils.TestProcessStringExtASCII(237)" executed="True" result="Success" success="True" time="0.000" asserts="1" />
                          <test-case name="dylan.NET.UnitTests.TestParseUtils.TestProcessStringExtASCII(238)" executed="True" result="Success" success="True" time="0.000" asserts="1" />
                          <test-case name="dylan.NET.UnitTests.TestParseUtils.TestProcessStringExtASCII(239)" executed="True" result="Success" success="True" time="0.000" asserts="1" />
                          <test-case name="dylan.NET.UnitTests.TestParseUtils.TestProcessStringExtASCII(240)" executed="True" result="Success" success="True" time="0.000" asserts="1" />
                          <test-case name="dylan.NET.UnitTests.TestParseUtils.TestProcessStringExtASCII(241)" executed="True" result="Success" success="True" time="0.000" asserts="1" />
                          <test-case name="dylan.NET.UnitTests.TestParseUtils.TestProcessStringExtASCII(242)" executed="True" result="Success" success="True" time="0.000" asserts="1" />
                          <test-case name="dylan.NET.UnitTests.TestParseUtils.TestProcessStringExtASCII(243)" executed="True" result="Success" success="True" time="0.000" asserts="1" />
                          <test-case name="dylan.NET.UnitTests.TestParseUtils.TestProcessStringExtASCII(244)" executed="True" result="Success" success="True" time="0.000" asserts="1" />
                          <test-case name="dylan.NET.UnitTests.TestParseUtils.TestProcessStringExtASCII(245)" executed="True" result="Success" success="True" time="0.000" asserts="1" />
                          <test-case name="dylan.NET.UnitTests.TestParseUtils.TestProcessStringExtASCII(246)" executed="True" result="Success" success="True" time="0.000" asserts="1" />
                          <test-case name="dylan.NET.UnitTests.TestParseUtils.TestProcessStringExtASCII(247)" executed="True" result="Success" success="True" time="0.000" asserts="1" />
                          <test-case name="dylan.NET.UnitTests.TestParseUtils.TestProcessStringExtASCII(248)" executed="True" result="Success" success="True" time="0.000" asserts="1" />
                          <test-case name="dylan.NET.UnitTests.TestParseUtils.TestProcessStringExtASCII(249)" executed="True" result="Success" success="True" time="0.000" asserts="1" />
                          <test-case name="dylan.NET.UnitTests.TestParseUtils.TestProcessStringExtASCII(250)" executed="True" result="Success" success="True" time="0.000" asserts="1" />
                          <test-case name="dylan.NET.UnitTests.TestParseUtils.TestProcessStringExtASCII(251)" executed="True" result="Success" success="True" time="0.000" asserts="1" />
                          <test-case name="dylan.NET.UnitTests.TestParseUtils.TestProcessStringExtASCII(252)" executed="True" result="Success" success="True" time="0.000" asserts="1" />
                          <test-case name="dylan.NET.UnitTests.TestParseUtils.TestProcessStringExtASCII(253)" executed="True" result="Success" success="True" time="0.000" asserts="1" />
                          <test-case name="dylan.NET.UnitTests.TestParseUtils.TestProcessStringExtASCII(254)" executed="True" result="Success" success="True" time="0.000" asserts="1" />
                          <test-case name="dylan.NET.UnitTests.TestParseUtils.TestProcessStringExtASCII(255)" executed="True" result="Success" success="True" time="0.000" asserts="1" />
                        </results>
                      </test-suite>
                      <test-case name="dylan.NET.UnitTests.TestParseUtils.TestProcessStringFF" executed="True" result="Success" success="True" time="0.000" asserts="1" />
                      <test-case name="dylan.NET.UnitTests.TestParseUtils.TestProcessStringLF" executed="True" result="Success" success="True" time="0.000" asserts="1" />
                      <test-case name="dylan.NET.UnitTests.TestParseUtils.TestProcessStringNUL" executed="True" result="Success" success="True" time="0.000" asserts="1" />
                      <test-case name="dylan.NET.UnitTests.TestParseUtils.TestProcessStringQ" executed="True" result="Success" success="True" time="0.000" asserts="1" />
                      <test-case name="dylan.NET.UnitTests.TestParseUtils.TestProcessStringS" executed="True" result="Success" success="True" time="0.000" asserts="1" />
                      <test-case name="dylan.NET.UnitTests.TestParseUtils.TestProcessStringTAB" executed="True" result="Success" success="True" time="0.000" asserts="1" />
                      <test-suite type="ParameterizedTest" name="TestProcessStringUTF16" executed="True" result="Success" success="True" time="0.313" asserts="0">
                        <results>
                          <test-case name="dylan.NET.UnitTests.TestParseUtils.TestProcessStringUTF16(36886)" executed="True" result="Success" success="True" time="0.000" asserts="1" />
                          <test-case name="dylan.NET.UnitTests.TestParseUtils.TestProcessStringUTF16(42984)" executed="True" result="Success" success="True" time="0.000" asserts="1" />
                          <test-case name="dylan.NET.UnitTests.TestParseUtils.TestProcessStringUTF16(143)" executed="True" result="Success" success="True" time="0.000" asserts="1" />
                          <test-case name="dylan.NET.UnitTests.TestParseUtils.TestProcessStringUTF16(30321)" executed="True" result="Success" success="True" time="0.000" asserts="1" />
                          <test-case name="dylan.NET.UnitTests.TestParseUtils.TestProcessStringUTF16(65167)" executed="True" result="Success" success="True" time="0.000" asserts="1" />
                          <test-case name="dylan.NET.UnitTests.TestParseUtils.TestProcessStringUTF16(38596)" executed="True" result="Success" success="True" time="0.000" asserts="1" />
                          <test-case name="dylan.NET.UnitTests.TestParseUtils.TestProcessStringUTF16(32527)" executed="True" result="Success" success="True" time="0.000" asserts="1" />
                          <test-case name="dylan.NET.UnitTests.TestParseUtils.TestProcessStringUTF16(5889)" executed="True" result="Success" success="True" time="0.000" asserts="1" />
                          <test-case name="dylan.NET.UnitTests.TestParseUtils.TestProcessStringUTF16(43456)" executed="True" result="Success" success="True" time="0.000" asserts="1" />
                          <test-case name="dylan.NET.UnitTests.TestParseUtils.TestProcessStringUTF16(20286)" executed="True" result="Success" success="True" time="0.000" asserts="1" />
                          <test-case name="dylan.NET.UnitTests.TestParseUtils.TestProcessStringUTF16(60571)" executed="True" result="Success" success="True" time="0.000" asserts="1" />
                          <test-case name="dylan.NET.UnitTests.TestParseUtils.TestProcessStringUTF16(40734)" executed="True" result="Success" success="True" time="0.000" asserts="1" />
                          <test-case name="dylan.NET.UnitTests.TestParseUtils.TestProcessStringUTF16(64828)" executed="True" result="Success" success="True" time="0.000" asserts="1" />
                          <test-case name="dylan.NET.UnitTests.TestParseUtils.TestProcessStringUTF16(64487)" executed="True" result="Success" success="True" time="0.000" asserts="1" />
                          <test-case name="dylan.NET.UnitTests.TestParseUtils.TestProcessStringUTF16(53756)" executed="True" result="Success" success="True" time="0.000" asserts="1" />
                          <test-case name="dylan.NET.UnitTests.TestParseUtils.TestProcessStringUTF16(32740)" executed="True" result="Success" success="True" time="0.000" asserts="1" />
                          <test-case name="dylan.NET.UnitTests.TestParseUtils.TestProcessStringUTF16(31311)" executed="True" result="Success" success="True" time="0.000" asserts="1" />
                          <test-case name="dylan.NET.UnitTests.TestParseUtils.TestProcessStringUTF16(47779)" executed="True" result="Success" success="True" time="0.000" asserts="1" />
                          <test-case name="dylan.NET.UnitTests.TestParseUtils.TestProcessStringUTF16(27931)" executed="True" result="Success" success="True" time="0.000" asserts="1" />
                          <test-case name="dylan.NET.UnitTests.TestParseUtils.TestProcessStringUTF16(12694)" executed="True" result="Success" success="True" time="0.000" asserts="1" />
                          <test-case name="dylan.NET.UnitTests.TestParseUtils.TestProcessStringUTF16(20017)" executed="True" result="Success" success="True" time="0.000" asserts="1" />
                          <test-case name="dylan.NET.UnitTests.TestParseUtils.TestProcessStringUTF16(18475)" executed="True" result="Success" success="True" time="0.000" asserts="1" />
                          <test-case name="dylan.NET.UnitTests.TestParseUtils.TestProcessStringUTF16(47581)" executed="True" result="Success" success="True" time="0.000" asserts="1" />
                          <test-case name="dylan.NET.UnitTests.TestParseUtils.TestProcessStringUTF16(33869)" executed="True" result="Success" success="True" time="0.000" asserts="1" />
                          <test-case name="dylan.NET.UnitTests.TestParseUtils.TestProcessStringUTF16(1828)" executed="True" result="Success" success="True" time="0.000" asserts="1" />
                          <test-case name="dylan.NET.UnitTests.TestParseUtils.TestProcessStringUTF16(19620)" executed="True" result="Success" success="True" time="0.000" asserts="1" />
                          <test-case name="dylan.NET.UnitTests.TestParseUtils.TestProcessStringUTF16(34844)" executed="True" result="Success" success="True" time="0.000" asserts="1" />
                          <test-case name="dylan.NET.UnitTests.TestParseUtils.TestProcessStringUTF16(27798)" executed="True" result="Success" success="True" time="0.000" asserts="1" />
                          <test-case name="dylan.NET.UnitTests.TestParseUtils.TestProcessStringUTF16(33283)" executed="True" result="Success" success="True" time="0.000" asserts="1" />
                          <test-case name="dylan.NET.UnitTests.TestParseUtils.TestProcessStringUTF16(2029)" executed="True" result="Success" success="True" time="0.000" asserts="1" />
                          <test-case name="dylan.NET.UnitTests.TestParseUtils.TestProcessStringUTF16(31650)" executed="True" result="Success" success="True" time="0.000" asserts="1" />
                          <test-case name="dylan.NET.UnitTests.TestParseUtils.TestProcessStringUTF16(27444)" executed="True" result="Success" success="True" time="0.000" asserts="1" />
                          <test-case name="dylan.NET.UnitTests.TestParseUtils.TestProcessStringUTF16(51826)" executed="True" result="Success" success="True" time="0.000" asserts="1" />
                          <test-case name="dylan.NET.UnitTests.TestParseUtils.TestProcessStringUTF16(10598)" executed="True" result="Success" success="True" time="0.000" asserts="1" />
                          <test-case name="dylan.NET.UnitTests.TestParseUtils.TestProcessStringUTF16(62158)" executed="True" result="Success" success="True" time="0.000" asserts="1" />
                          <test-case name="dylan.NET.UnitTests.TestParseUtils.TestProcessStringUTF16(47709)" executed="True" result="Success" success="True" time="0.000" asserts="1" />
                          <test-case name="dylan.NET.UnitTests.TestParseUtils.TestProcessStringUTF16(4582)" executed="True" result="Success" success="True" time="0.000" asserts="1" />
                          <test-case name="dylan.NET.UnitTests.TestParseUtils.TestProcessStringUTF16(38985)" executed="True" result="Success" success="True" time="0.000" asserts="1" />
                          <test-case name="dylan.NET.UnitTests.TestParseUtils.TestProcessStringUTF16(48706)" executed="True" result="Success" success="True" time="0.000" asserts="1" />
                          <test-case name="dylan.NET.UnitTests.TestParseUtils.TestProcessStringUTF16(32719)" executed="True" result="Success" success="True" time="0.000" asserts="1" />
                          <test-case name="dylan.NET.UnitTests.TestParseUtils.TestProcessStringUTF16(15990)" executed="True" result="Success" success="True" time="0.000" asserts="1" />
                          <test-case name="dylan.NET.UnitTests.TestParseUtils.TestProcessStringUTF16(42542)" executed="True" result="Success" success="True" time="0.000" asserts="1" />
                          <test-case name="dylan.NET.UnitTests.TestParseUtils.TestProcessStringUTF16(33381)" executed="True" result="Success" success="True" time="0.000" asserts="1" />
                          <test-case name="dylan.NET.UnitTests.TestParseUtils.TestProcessStringUTF16(31632)" executed="True" result="Success" success="True" time="0.000" asserts="1" />
                          <test-case name="dylan.NET.UnitTests.TestParseUtils.TestProcessStringUTF16(37127)" executed="True" result="Success" success="True" time="0.000" asserts="1" />
                          <test-case name="dylan.NET.UnitTests.TestParseUtils.TestProcessStringUTF16(8871)" executed="True" result="Success" success="True" time="0.000" asserts="1" />
                          <test-case name="dylan.NET.UnitTests.TestParseUtils.TestProcessStringUTF16(18964)" executed="True" result="Success" success="True" time="0.000" asserts="1" />
                          <test-case name="dylan.NET.UnitTests.TestParseUtils.TestProcessStringUTF16(36308)" executed="True" result="Success" success="True" time="0.000" asserts="1" />
                          <test-case name="dylan.NET.UnitTests.TestParseUtils.TestProcessStringUTF16(37579)" executed="True" result="Success" success="True" time="0.000" asserts="1" />
                          <test-case name="dylan.NET.UnitTests.TestParseUtils.TestProcessStringUTF16(24684)" executed="True" result="Success" success="True" time="0.000" asserts="1" />
                          <test-case name="dylan.NET.UnitTests.TestParseUtils.TestProcessStringUTF16(64454)" executed="True" result="Success" success="True" time="0.000" asserts="1" />
                          <test-case name="dylan.NET.UnitTests.TestParseUtils.TestProcessStringUTF16(32292)" executed="True" result="Success" success="True" time="0.000" asserts="1" />
                          <test-case name="dylan.NET.UnitTests.TestParseUtils.TestProcessStringUTF16(25140)" executed="True" result="Success" success="True" time="0.000" asserts="1" />
                          <test-case name="dylan.NET.UnitTests.TestParseUtils.TestProcessStringUTF16(59982)" executed="True" result="Success" success="True" time="0.000" asserts="1" />
                          <test-case name="dylan.NET.UnitTests.TestParseUtils.TestProcessStringUTF16(12678)" executed="True" result="Success" success="True" time="0.000" asserts="1" />
                          <test-case name="dylan.NET.UnitTests.TestParseUtils.TestProcessStringUTF16(9442)" executed="True" result="Success" success="True" time="0.000" asserts="1" />
                          <test-case name="dylan.NET.UnitTests.TestParseUtils.TestProcessStringUTF16(56693)" executed="True" result="Success" success="True" time="0.000" asserts="1" />
                          <test-case name="dylan.NET.UnitTests.TestParseUtils.TestProcessStringUTF16(55080)" executed="True" result="Success" success="True" time="0.000" asserts="1" />
                          <test-case name="dylan.NET.UnitTests.TestParseUtils.TestProcessStringUTF16(33698)" executed="True" result="Success" success="True" time="0.000" asserts="1" />
                          <test-case name="dylan.NET.UnitTests.TestParseUtils.TestProcessStringUTF16(17458)" executed="True" result="Success" success="True" time="0.000" asserts="1" />
                          <test-case name="dylan.NET.UnitTests.TestParseUtils.TestProcessStringUTF16(34013)" executed="True" result="Success" success="True" time="0.000" asserts="1" />
                          <test-case name="dylan.NET.UnitTests.TestParseUtils.TestProcessStringUTF16(59076)" executed="True" result="Success" success="True" time="0.000" asserts="1" />
                          <test-case name="dylan.NET.UnitTests.TestParseUtils.TestProcessStringUTF16(22718)" executed="True" result="Success" success="True" time="0.000" asserts="1" />
                          <test-case name="dylan.NET.UnitTests.TestParseUtils.TestProcessStringUTF16(10737)" executed="True" result="Success" success="True" time="0.000" asserts="1" />
                          <test-case name="dylan.NET.UnitTests.TestParseUtils.TestProcessStringUTF16(4295)" executed="True" result="Success" success="True" time="0.000" asserts="1" />
                          <test-case name="dylan.NET.UnitTests.TestParseUtils.TestProcessStringUTF16(18029)" executed="True" result="Success" success="True" time="0.000" asserts="1" />
                          <test-case name="dylan.NET.UnitTests.TestParseUtils.TestProcessStringUTF16(7353)" executed="True" result="Success" success="True" time="0.000" asserts="1" />
                          <test-case name="dylan.NET.UnitTests.TestParseUtils.TestProcessStringUTF16(33196)" executed="True" result="Success" success="True" time="0.000" asserts="1" />
                          <test-case name="dylan.NET.UnitTests.TestParseUtils.TestProcessStringUTF16(27359)" executed="True" result="Success" success="True" time="0.000" asserts="1" />
                          <test-case name="dylan.NET.UnitTests.TestParseUtils.TestProcessStringUTF16(44884)" executed="True" result="Success" success="True" time="0.000" asserts="1" />
                          <test-case name="dylan.NET.UnitTests.TestParseUtils.TestProcessStringUTF16(13775)" executed="True" result="Success" success="True" time="0.000" asserts="1" />
                          <test-case name="dylan.NET.UnitTests.TestParseUtils.TestProcessStringUTF16(60538)" executed="True" result="Success" success="True" time="0.000" asserts="1" />
                          <test-case name="dylan.NET.UnitTests.TestParseUtils.TestProcessStringUTF16(10199)" executed="True" result="Success" success="True" time="0.000" asserts="1" />
                          <test-case name="dylan.NET.UnitTests.TestParseUtils.TestProcessStringUTF16(3246)" executed="True" result="Success" success="True" time="0.000" asserts="1" />
                          <test-case name="dylan.NET.UnitTests.TestParseUtils.TestProcessStringUTF16(13774)" executed="True" result="Success" success="True" time="0.000" asserts="1" />
                          <test-case name="dylan.NET.UnitTests.TestParseUtils.TestProcessStringUTF16(53259)" executed="True" result="Success" success="True" time="0.000" asserts="1" />
                          <test-case name="dylan.NET.UnitTests.TestParseUtils.TestProcessStringUTF16(58870)" executed="True" result="Success" success="True" time="0.000" asserts="1" />
                          <test-case name="dylan.NET.UnitTests.TestParseUtils.TestProcessStringUTF16(53134)" executed="True" result="Success" success="True" time="0.000" asserts="1" />
                          <test-case name="dylan.NET.UnitTests.TestParseUtils.TestProcessStringUTF16(21190)" executed="True" result="Success" success="True" time="0.000" asserts="1" />
                          <test-case name="dylan.NET.UnitTests.TestParseUtils.TestProcessStringUTF16(57921)" executed="True" result="Success" success="True" time="0.000" asserts="1" />
                          <test-case name="dylan.NET.UnitTests.TestParseUtils.TestProcessStringUTF16(28461)" executed="True" result="Success" success="True" time="0.000" asserts="1" />
                          <test-case name="dylan.NET.UnitTests.TestParseUtils.TestProcessStringUTF16(45298)" executed="True" result="Success" success="True" time="0.000" asserts="1" />
                          <test-case name="dylan.NET.UnitTests.TestParseUtils.TestProcessStringUTF16(59635)" executed="True" result="Success" success="True" time="0.000" asserts="1" />
                          <test-case name="dylan.NET.UnitTests.TestParseUtils.TestProcessStringUTF16(15824)" executed="True" result="Success" success="True" time="0.000" asserts="1" />
                          <test-case name="dylan.NET.UnitTests.TestParseUtils.TestProcessStringUTF16(33550)" executed="True" result="Success" success="True" time="0.000" asserts="1" />
                          <test-case name="dylan.NET.UnitTests.TestParseUtils.TestProcessStringUTF16(38108)" executed="True" result="Success" success="True" time="0.000" asserts="1" />
                          <test-case name="dylan.NET.UnitTests.TestParseUtils.TestProcessStringUTF16(4726)" executed="True" result="Success" success="True" time="0.000" asserts="1" />
                          <test-case name="dylan.NET.UnitTests.TestParseUtils.TestProcessStringUTF16(41088)" executed="True" result="Success" success="True" time="0.000" asserts="1" />
                          <test-case name="dylan.NET.UnitTests.TestParseUtils.TestProcessStringUTF16(6302)" executed="True" result="Success" success="True" time="0.000" asserts="1" />
                          <test-case name="dylan.NET.UnitTests.TestParseUtils.TestProcessStringUTF16(44129)" executed="True" result="Success" success="True" time="0.000" asserts="1" />
                          <test-case name="dylan.NET.UnitTests.TestParseUtils.TestProcessStringUTF16(40355)" executed="True" result="Success" success="True" time="0.000" asserts="1" />
                          <test-case name="dylan.NET.UnitTests.TestParseUtils.TestProcessStringUTF16(36921)" executed="True" result="Success" success="True" time="0.000" asserts="1" />
                          <test-case name="dylan.NET.UnitTests.TestParseUtils.TestProcessStringUTF16(11625)" executed="True" result="Success" success="True" time="0.000" asserts="1" />
                          <test-case name="dylan.NET.UnitTests.TestParseUtils.TestProcessStringUTF16(3821)" executed="True" result="Success" success="True" time="0.000" asserts="1" />
                          <test-case name="dylan.NET.UnitTests.TestParseUtils.TestProcessStringUTF16(18943)" executed="True" result="Success" success="True" time="0.000" asserts="1" />
                          <test-case name="dylan.NET.UnitTests.TestParseUtils.TestProcessStringUTF16(20987)" executed="True" result="Success" success="True" time="0.000" asserts="1" />
                          <test-case name="dylan.NET.UnitTests.TestParseUtils.TestProcessStringUTF16(32343)" executed="True" result="Success" success="True" time="0.000" asserts="1" />
                          <test-case name="dylan.NET.UnitTests.TestParseUtils.TestProcessStringUTF16(30134)" executed="True" result="Success" success="True" time="0.000" asserts="1" />
                          <test-case name="dylan.NET.UnitTests.TestParseUtils.TestProcessStringUTF16(17857)" executed="True" result="Success" success="True" time="0.000" asserts="1" />
                          <test-case name="dylan.NET.UnitTests.TestParseUtils.TestProcessStringUTF16(49403)" executed="True" result="Success" success="True" time="0.000" asserts="1" />
                          <test-case name="dylan.NET.UnitTests.TestParseUtils.TestProcessStringUTF16(15536)" executed="True" result="Success" success="True" time="0.000" asserts="1" />
                          <test-case name="dylan.NET.UnitTests.TestParseUtils.TestProcessStringUTF16(31365)" executed="True" result="Success" success="True" time="0.000" asserts="1" />
                          <test-case name="dylan.NET.UnitTests.TestParseUtils.TestProcessStringUTF16(15117)" executed="True" result="Success" success="True" time="0.000" asserts="1" />
                          <test-case name="dylan.NET.UnitTests.TestParseUtils.TestProcessStringUTF16(45193)" executed="True" result="Success" success="True" time="0.000" asserts="1" />
                          <test-case name="dylan.NET.UnitTests.TestParseUtils.TestProcessStringUTF16(61757)" executed="True" result="Success" success="True" time="0.000" asserts="1" />
                          <test-case name="dylan.NET.UnitTests.TestParseUtils.TestProcessStringUTF16(19155)" executed="True" result="Success" success="True" time="0.000" asserts="1" />
                          <test-case name="dylan.NET.UnitTests.TestParseUtils.TestProcessStringUTF16(38192)" executed="True" result="Success" success="True" time="0.000" asserts="1" />
                          <test-case name="dylan.NET.UnitTests.TestParseUtils.TestProcessStringUTF16(9315)" executed="True" result="Success" success="True" time="0.000" asserts="1" />
                          <test-case name="dylan.NET.UnitTests.TestParseUtils.TestProcessStringUTF16(26432)" executed="True" result="Success" success="True" time="0.000" asserts="1" />
                          <test-case name="dylan.NET.UnitTests.TestParseUtils.TestProcessStringUTF16(40104)" executed="True" result="Success" success="True" time="0.000" asserts="1" />
                          <test-case name="dylan.NET.UnitTests.TestParseUtils.TestProcessStringUTF16(4716)" executed="True" result="Success" success="True" time="0.000" asserts="1" />
                          <test-case name="dylan.NET.UnitTests.TestParseUtils.TestProcessStringUTF16(15604)" executed="True" result="Success" success="True" time="0.000" asserts="1" />
                          <test-case name="dylan.NET.UnitTests.TestParseUtils.TestProcessStringUTF16(48777)" executed="True" result="Success" success="True" time="0.000" asserts="1" />
                          <test-case name="dylan.NET.UnitTests.TestParseUtils.TestProcessStringUTF16(55104)" executed="True" result="Success" success="True" time="0.000" asserts="1" />
                          <test-case name="dylan.NET.UnitTests.TestParseUtils.TestProcessStringUTF16(42637)" executed="True" result="Success" success="True" time="0.000" asserts="1" />
                          <test-case name="dylan.NET.UnitTests.TestParseUtils.TestProcessStringUTF16(62627)" executed="True" result="Success" success="True" time="0.000" asserts="1" />
                          <test-case name="dylan.NET.UnitTests.TestParseUtils.TestProcessStringUTF16(47451)" executed="True" result="Success" success="True" time="0.000" asserts="1" />
                          <test-case name="dylan.NET.UnitTests.TestParseUtils.TestProcessStringUTF16(18897)" executed="True" result="Success" success="True" time="0.000" asserts="1" />
                          <test-case name="dylan.NET.UnitTests.TestParseUtils.TestProcessStringUTF16(57329)" executed="True" result="Success" success="True" time="0.000" asserts="1" />
                          <test-case name="dylan.NET.UnitTests.TestParseUtils.TestProcessStringUTF16(48843)" executed="True" result="Success" success="True" time="0.000" asserts="1" />
                          <test-case name="dylan.NET.UnitTests.TestParseUtils.TestProcessStringUTF16(51221)" executed="True" result="Success" success="True" time="0.000" asserts="1" />
                          <test-case name="dylan.NET.UnitTests.TestParseUtils.TestProcessStringUTF16(42753)" executed="True" result="Success" success="True" time="0.000" asserts="1" />
                          <test-case name="dylan.NET.UnitTests.TestParseUtils.TestProcessStringUTF16(15339)" executed="True" result="Success" success="True" time="0.000" asserts="1" />
                          <test-case name="dylan.NET.UnitTests.TestParseUtils.TestProcessStringUTF16(43491)" executed="True" result="Success" success="True" time="0.000" asserts="1" />
                          <test-case name="dylan.NET.UnitTests.TestParseUtils.TestProcessStringUTF16(29348)" executed="True" result="Success" success="True" time="0.000" asserts="1" />
                          <test-case name="dylan.NET.UnitTests.TestParseUtils.TestProcessStringUTF16(47945)" executed="True" result="Success" success="True" time="0.000" asserts="1" />
                          <test-case name="dylan.NET.UnitTests.TestParseUtils.TestProcessStringUTF16(45421)" executed="True" result="Success" success="True" time="0.000" asserts="1" />
                          <test-case name="dylan.NET.UnitTests.TestParseUtils.TestProcessStringUTF16(30540)" executed="True" result="Success" success="True" time="0.000" asserts="1" />
                          <test-case name="dylan.NET.UnitTests.TestParseUtils.TestProcessStringUTF16(7024)" executed="True" result="Success" success="True" time="0.000" asserts="1" />
                          <test-case name="dylan.NET.UnitTests.TestParseUtils.TestProcessStringUTF16(60154)" executed="True" result="Success" success="True" time="0.000" asserts="1" />
                          <test-case name="dylan.NET.UnitTests.TestParseUtils.TestProcessStringUTF16(15067)" executed="True" result="Success" success="True" time="0.000" asserts="1" />
                          <test-case name="dylan.NET.UnitTests.TestParseUtils.TestProcessStringUTF16(49554)" executed="True" result="Success" success="True" time="0.000" asserts="1" />
                          <test-case name="dylan.NET.UnitTests.TestParseUtils.TestProcessStringUTF16(26702)" executed="True" result="Success" success="True" time="0.000" asserts="1" />
                          <test-case name="dylan.NET.UnitTests.TestParseUtils.TestProcessStringUTF16(46621)" executed="True" result="Success" success="True" time="0.000" asserts="1" />
                          <test-case name="dylan.NET.UnitTests.TestParseUtils.TestProcessStringUTF16(53204)" executed="True" result="Success" success="True" time="0.000" asserts="1" />
                          <test-case name="dylan.NET.UnitTests.TestParseUtils.TestProcessStringUTF16(12857)" executed="True" result="Success" success="True" time="0.000" asserts="1" />
                          <test-case name="dylan.NET.UnitTests.TestParseUtils.TestProcessStringUTF16(62056)" executed="True" result="Success" success="True" time="0.000" asserts="1" />
                          <test-case name="dylan.NET.UnitTests.TestParseUtils.TestProcessStringUTF16(4531)" executed="True" result="Success" success="True" time="0.000" asserts="1" />
                          <test-case name="dylan.NET.UnitTests.TestParseUtils.TestProcessStringUTF16(38721)" executed="True" result="Success" success="True" time="0.000" asserts="1" />
                          <test-case name="dylan.NET.UnitTests.TestParseUtils.TestProcessStringUTF16(36457)" executed="True" result="Success" success="True" time="0.000" asserts="1" />
                          <test-case name="dylan.NET.UnitTests.TestParseUtils.TestProcessStringUTF16(56192)" executed="True" result="Success" success="True" time="0.000" asserts="1" />
                          <test-case name="dylan.NET.UnitTests.TestParseUtils.TestProcessStringUTF16(51363)" executed="True" result="Success" success="True" time="0.000" asserts="1" />
                          <test-case name="dylan.NET.UnitTests.TestParseUtils.TestProcessStringUTF16(49294)" executed="True" result="Success" success="True" time="0.000" asserts="1" />
                          <test-case name="dylan.NET.UnitTests.TestParseUtils.TestProcessStringUTF16(22994)" executed="True" result="Success" success="True" time="0.000" asserts="1" />
                          <test-case name="dylan.NET.UnitTests.TestParseUtils.TestProcessStringUTF16(58442)" executed="True" result="Success" success="True" time="0.000" asserts="1" />
                          <test-case name="dylan.NET.UnitTests.TestParseUtils.TestProcessStringUTF16(63136)" executed="True" result="Success" success="True" time="0.000" asserts="1" />
                          <test-case name="dylan.NET.UnitTests.TestParseUtils.TestProcessStringUTF16(21581)" executed="True" result="Success" success="True" time="0.000" asserts="1" />
                          <test-case name="dylan.NET.UnitTests.TestParseUtils.TestProcessStringUTF16(33669)" executed="True" result="Success" success="True" time="0.000" asserts="1" />
                          <test-case name="dylan.NET.UnitTests.TestParseUtils.TestProcessStringUTF16(40007)" executed="True" result="Success" success="True" time="0.000" asserts="1" />
                          <test-case name="dylan.NET.UnitTests.TestParseUtils.TestProcessStringUTF16(36533)" executed="True" result="Success" success="True" time="0.000" asserts="1" />
                          <test-case name="dylan.NET.UnitTests.TestParseUtils.TestProcessStringUTF16(41101)" executed="True" result="Success" success="True" time="0.000" asserts="1" />
                          <test-case name="dylan.NET.UnitTests.TestParseUtils.TestProcessStringUTF16(1802)" executed="True" result="Success" success="True" time="0.000" asserts="1" />
                          <test-case name="dylan.NET.UnitTests.TestParseUtils.TestProcessStringUTF16(23110)" executed="True" result="Success" success="True" time="0.000" asserts="1" />
                          <test-case name="dylan.NET.UnitTests.TestParseUtils.TestProcessStringUTF16(23238)" executed="True" result="Success" success="True" time="0.000" asserts="1" />
                          <test-case name="dylan.NET.UnitTests.TestParseUtils.TestProcessStringUTF16(34336)" executed="True" result="Success" success="True" time="0.000" asserts="1" />
                          <test-case name="dylan.NET.UnitTests.TestParseUtils.TestProcessStringUTF16(31516)" executed="True" result="Success" success="True" time="0.000" asserts="1" />
                          <test-case name="dylan.NET.UnitTests.TestParseUtils.TestProcessStringUTF16(4663)" executed="True" result="Success" success="True" time="0.000" asserts="1" />
                          <test-case name="dylan.NET.UnitTests.TestParseUtils.TestProcessStringUTF16(34030)" executed="True" result="Success" success="True" time="0.000" asserts="1" />
                          <test-case name="dylan.NET.UnitTests.TestParseUtils.TestProcessStringUTF16(57523)" executed="True" result="Success" success="True" time="0.000" asserts="1" />
                          <test-case name="dylan.NET.UnitTests.TestParseUtils.TestProcessStringUTF16(48899)" executed="True" result="Success" success="True" time="0.000" asserts="1" />
                          <test-case name="dylan.NET.UnitTests.TestParseUtils.TestProcessStringUTF16(22634)" executed="True" result="Success" success="True" time="0.000" asserts="1" />
                          <test-case name="dylan.NET.UnitTests.TestParseUtils.TestProcessStringUTF16(33661)" executed="True" result="Success" success="True" time="0.000" asserts="1" />
                          <test-case name="dylan.NET.UnitTests.TestParseUtils.TestProcessStringUTF16(36128)" executed="True" result="Success" success="True" time="0.000" asserts="1" />
                          <test-case name="dylan.NET.UnitTests.TestParseUtils.TestProcessStringUTF16(55509)" executed="True" result="Success" success="True" time="0.000" asserts="1" />
                          <test-case name="dylan.NET.UnitTests.TestParseUtils.TestProcessStringUTF16(49446)" executed="True" result="Success" success="True" time="0.000" asserts="1" />
                          <test-case name="dylan.NET.UnitTests.TestParseUtils.TestProcessStringUTF16(18887)" executed="True" result="Success" success="True" time="0.000" asserts="1" />
                          <test-case name="dylan.NET.UnitTests.TestParseUtils.TestProcessStringUTF16(31844)" executed="True" result="Success" success="True" time="0.000" asserts="1" />
                          <test-case name="dylan.NET.UnitTests.TestParseUtils.TestProcessStringUTF16(25782)" executed="True" result="Success" success="True" time="0.000" asserts="1" />
                          <test-case name="dylan.NET.UnitTests.TestParseUtils.TestProcessStringUTF16(62196)" executed="True" result="Success" success="True" time="0.000" asserts="1" />
                          <test-case name="dylan.NET.UnitTests.TestParseUtils.TestProcessStringUTF16(45035)" executed="True" result="Success" success="True" time="0.000" asserts="1" />
                          <test-case name="dylan.NET.UnitTests.TestParseUtils.TestProcessStringUTF16(41045)" executed="True" result="Success" success="True" time="0.000" asserts="1" />
                          <test-case name="dylan.NET.UnitTests.TestParseUtils.TestProcessStringUTF16(13782)" executed="True" result="Success" success="True" time="0.000" asserts="1" />
                          <test-case name="dylan.NET.UnitTests.TestParseUtils.TestProcessStringUTF16(44424)" executed="True" result="Success" success="True" time="0.000" asserts="1" />
                          <test-case name="dylan.NET.UnitTests.TestParseUtils.TestProcessStringUTF16(20795)" executed="True" result="Success" success="True" time="0.000" asserts="1" />
                          <test-case name="dylan.NET.UnitTests.TestParseUtils.TestProcessStringUTF16(7742)" executed="True" result="Success" success="True" time="0.000" asserts="1" />
                          <test-case name="dylan.NET.UnitTests.TestParseUtils.TestProcessStringUTF16(49418)" executed="True" result="Success" success="True" time="0.000" asserts="1" />
                          <test-case name="dylan.NET.UnitTests.TestParseUtils.TestProcessStringUTF16(19643)" executed="True" result="Success" success="True" time="0.000" asserts="1" />
                          <test-case name="dylan.NET.UnitTests.TestParseUtils.TestProcessStringUTF16(57636)" executed="True" result="Success" success="True" time="0.000" asserts="1" />
                          <test-case name="dylan.NET.UnitTests.TestParseUtils.TestProcessStringUTF16(9155)" executed="True" result="Success" success="True" time="0.000" asserts="1" />
                          <test-case name="dylan.NET.UnitTests.TestParseUtils.TestProcessStringUTF16(63367)" executed="True" result="Success" success="True" time="0.000" asserts="1" />
                          <test-case name="dylan.NET.UnitTests.TestParseUtils.TestProcessStringUTF16(43281)" executed="True" result="Success" success="True" time="0.000" asserts="1" />
                          <test-case name="dylan.NET.UnitTests.TestParseUtils.TestProcessStringUTF16(11390)" executed="True" result="Success" success="True" time="0.000" asserts="1" />
                          <test-case name="dylan.NET.UnitTests.TestParseUtils.TestProcessStringUTF16(38551)" executed="True" result="Success" success="True" time="0.000" asserts="1" />
                          <test-case name="dylan.NET.UnitTests.TestParseUtils.TestProcessStringUTF16(23659)" executed="True" result="Success" success="True" time="0.000" asserts="1" />
                          <test-case name="dylan.NET.UnitTests.TestParseUtils.TestProcessStringUTF16(37519)" executed="True" result="Success" success="True" time="0.000" asserts="1" />
                          <test-case name="dylan.NET.UnitTests.TestParseUtils.TestProcessStringUTF16(46940)" executed="True" result="Success" success="True" time="0.000" asserts="1" />
                          <test-case name="dylan.NET.UnitTests.TestParseUtils.TestProcessStringUTF16(13426)" executed="True" result="Success" success="True" time="0.000" asserts="1" />
                          <test-case name="dylan.NET.UnitTests.TestParseUtils.TestProcessStringUTF16(36727)" executed="True" result="Success" success="True" time="0.000" asserts="1" />
                          <test-case name="dylan.NET.UnitTests.TestParseUtils.TestProcessStringUTF16(62709)" executed="True" result="Success" success="True" time="0.000" asserts="1" />
                          <test-case name="dylan.NET.UnitTests.TestParseUtils.TestProcessStringUTF16(34317)" executed="True" result="Success" success="True" time="0.000" asserts="1" />
                          <test-case name="dylan.NET.UnitTests.TestParseUtils.TestProcessStringUTF16(46548)" executed="True" result="Success" success="True" time="0.000" asserts="1" />
                          <test-case name="dylan.NET.UnitTests.TestParseUtils.TestProcessStringUTF16(36273)" executed="True" result="Success" success="True" time="0.000" asserts="1" />
                          <test-case name="dylan.NET.UnitTests.TestParseUtils.TestProcessStringUTF16(7870)" executed="True" result="Success" success="True" time="0.000" asserts="1" />
                          <test-case name="dylan.NET.UnitTests.TestParseUtils.TestProcessStringUTF16(59221)" executed="True" result="Success" success="True" time="0.000" asserts="1" />
                          <test-case name="dylan.NET.UnitTests.TestParseUtils.TestProcessStringUTF16(60946)" executed="True" result="Success" success="True" time="0.000" asserts="1" />
                          <test-case name="dylan.NET.UnitTests.TestParseUtils.TestProcessStringUTF16(42410)" executed="True" result="Success" success="True" time="0.000" asserts="1" />
                          <test-case name="dylan.NET.UnitTests.TestParseUtils.TestProcessStringUTF16(6939)" executed="True" result="Success" success="True" time="0.000" asserts="1" />
                          <test-case name="dylan.NET.UnitTests.TestParseUtils.TestProcessStringUTF16(28499)" executed="True" result="Success" success="True" time="0.000" asserts="1" />
                          <test-case name="dylan.NET.UnitTests.TestParseUtils.TestProcessStringUTF16(15252)" executed="True" result="Success" success="True" time="0.000" asserts="1" />
                          <test-case name="dylan.NET.UnitTests.TestParseUtils.TestProcessStringUTF16(9024)" executed="True" result="Success" success="True" time="0.000" asserts="1" />
                          <test-case name="dylan.NET.UnitTests.TestParseUtils.TestProcessStringUTF16(43493)" executed="True" result="Success" success="True" time="0.000" asserts="1" />
                          <test-case name="dylan.NET.UnitTests.TestParseUtils.TestProcessStringUTF16(29480)" executed="True" result="Success" success="True" time="0.000" asserts="1" />
                          <test-case name="dylan.NET.UnitTests.TestParseUtils.TestProcessStringUTF16(24513)" executed="True" result="Success" success="True" time="0.000" asserts="1" />
                          <test-case name="dylan.NET.UnitTests.TestParseUtils.TestProcessStringUTF16(42175)" executed="True" result="Success" success="True" time="0.000" asserts="1" />
                          <test-case name="dylan.NET.UnitTests.TestParseUtils.TestProcessStringUTF16(58786)" executed="True" result="Success" success="True" time="0.000" asserts="1" />
                          <test-case name="dylan.NET.UnitTests.TestParseUtils.TestProcessStringUTF16(29710)" executed="True" result="Success" success="True" time="0.000" asserts="1" />
                          <test-case name="dylan.NET.UnitTests.TestParseUtils.TestProcessStringUTF16(28785)" executed="True" result="Success" success="True" time="0.000" asserts="1" />
                          <test-case name="dylan.NET.UnitTests.TestParseUtils.TestProcessStringUTF16(64986)" executed="True" result="Success" success="True" time="0.000" asserts="1" />
                          <test-case name="dylan.NET.UnitTests.TestParseUtils.TestProcessStringUTF16(51253)" executed="True" result="Success" success="True" time="0.000" asserts="1" />
                          <test-case name="dylan.NET.UnitTests.TestParseUtils.TestProcessStringUTF16(52930)" executed="True" result="Success" success="True" time="0.000" asserts="1" />
                          <test-case name="dylan.NET.UnitTests.TestParseUtils.TestProcessStringUTF16(18089)" executed="True" result="Success" success="True" time="0.000" asserts="1" />
                          <test-case name="dylan.NET.UnitTests.TestParseUtils.TestProcessStringUTF16(33471)" executed="True" result="Success" success="True" time="0.000" asserts="1" />
                          <test-case name="dylan.NET.UnitTests.TestParseUtils.TestProcessStringUTF16(36856)" executed="True" result="Success" success="True" time="0.000" asserts="1" />
                          <test-case name="dylan.NET.UnitTests.TestParseUtils.TestProcessStringUTF16(23206)" executed="True" result="Success" success="True" time="0.000" asserts="1" />
                          <test-case name="dylan.NET.UnitTests.TestParseUtils.TestProcessStringUTF16(2351)" executed="True" result="Success" success="True" time="0.000" asserts="1" />
                          <test-case name="dylan.NET.UnitTests.TestParseUtils.TestProcessStringUTF16(51896)" executed="True" result="Success" success="True" time="0.000" asserts="1" />
                          <test-case name="dylan.NET.UnitTests.TestParseUtils.TestProcessStringUTF16(25791)" executed="True" result="Success" success="True" time="0.000" asserts="1" />
                          <test-case name="dylan.NET.UnitTests.TestParseUtils.TestProcessStringUTF16(42442)" executed="True" result="Success" success="True" time="0.000" asserts="1" />
                          <test-case name="dylan.NET.UnitTests.TestParseUtils.TestProcessStringUTF16(60098)" executed="True" result="Success" success="True" time="0.000" asserts="1" />
                          <test-case name="dylan.NET.UnitTests.TestParseUtils.TestProcessStringUTF16(7036)" executed="True" result="Success" success="True" time="0.000" asserts="1" />
                          <test-case name="dylan.NET.UnitTests.TestParseUtils.TestProcessStringUTF16(11947)" executed="True" result="Success" success="True" time="0.000" asserts="1" />
                          <test-case name="dylan.NET.UnitTests.TestParseUtils.TestProcessStringUTF16(3345)" executed="True" result="Success" success="True" time="0.000" asserts="1" />
                          <test-case name="dylan.NET.UnitTests.TestParseUtils.TestProcessStringUTF16(10530)" executed="True" result="Success" success="True" time="0.000" asserts="1" />
                          <test-case name="dylan.NET.UnitTests.TestParseUtils.TestProcessStringUTF16(53171)" executed="True" result="Success" success="True" time="0.000" asserts="1" />
                          <test-case name="dylan.NET.UnitTests.TestParseUtils.TestProcessStringUTF16(1542)" executed="True" result="Success" success="True" time="0.000" asserts="1" />
                          <test-case name="dylan.NET.UnitTests.TestParseUtils.TestProcessStringUTF16(11565)" executed="True" result="Success" success="True" time="0.000" asserts="1" />
                          <test-case name="dylan.NET.UnitTests.TestParseUtils.TestProcessStringUTF16(54803)" executed="True" result="Success" success="True" time="0.000" asserts="1" />
                          <test-case name="dylan.NET.UnitTests.TestParseUtils.TestProcessStringUTF16(2248)" executed="True" result="Success" success="True" time="0.000" asserts="1" />
                          <test-case name="dylan.NET.UnitTests.TestParseUtils.TestProcessStringUTF16(27543)" executed="True" result="Success" success="True" time="0.000" asserts="1" />
                          <test-case name="dylan.NET.UnitTests.TestParseUtils.TestProcessStringUTF16(43566)" executed="True" result="Success" success="True" time="0.000" asserts="1" />
                          <test-case name="dylan.NET.UnitTests.TestParseUtils.TestProcessStringUTF16(20632)" executed="True" result="Success" success="True" time="0.000" asserts="1" />
                          <test-case name="dylan.NET.UnitTests.TestParseUtils.TestProcessStringUTF16(20192)" executed="True" result="Success" success="True" time="0.000" asserts="1" />
                          <test-case name="dylan.NET.UnitTests.TestParseUtils.TestProcessStringUTF16(6382)" executed="True" result="Success" success="True" time="0.000" asserts="1" />
                          <test-case name="dylan.NET.UnitTests.TestParseUtils.TestProcessStringUTF16(21760)" executed="True" result="Success" success="True" time="0.000" asserts="1" />
                          <test-case name="dylan.NET.UnitTests.TestParseUtils.TestProcessStringUTF16(45277)" executed="True" result="Success" success="True" time="0.000" asserts="1" />
                          <test-case name="dylan.NET.UnitTests.TestParseUtils.TestProcessStringUTF16(9809)" executed="True" result="Success" success="True" time="0.000" asserts="1" />
                          <test-case name="dylan.NET.UnitTests.TestParseUtils.TestProcessStringUTF16(40069)" executed="True" result="Success" success="True" time="0.000" asserts="1" />
                          <test-case name="dylan.NET.UnitTests.TestParseUtils.TestProcessStringUTF16(15345)" executed="True" result="Success" success="True" time="0.000" asserts="1" />
                          <test-case name="dylan.NET.UnitTests.TestParseUtils.TestProcessStringUTF16(21307)" executed="True" result="Success" success="True" time="0.000" asserts="1" />
                          <test-case name="dylan.NET.UnitTests.TestParseUtils.TestProcessStringUTF16(51158)" executed="True" result="Success" success="True" time="0.000" asserts="1" />
                          <test-case name="dylan.NET.UnitTests.TestParseUtils.TestProcessStringUTF16(21149)" executed="True" result="Success" success="True" time="0.000" asserts="1" />
                          <test-case name="dylan.NET.UnitTests.TestParseUtils.TestProcessStringUTF16(36519)" executed="True" result="Success" success="True" time="0.000" asserts="1" />
                          <test-case name="dylan.NET.UnitTests.TestParseUtils.TestProcessStringUTF16(42164)" executed="True" result="Success" success="True" time="0.000" asserts="1" />
                          <test-case name="dylan.NET.UnitTests.TestParseUtils.TestProcessStringUTF16(55672)" executed="True" result="Success" success="True" time="0.000" asserts="1" />
                          <test-case name="dylan.NET.UnitTests.TestParseUtils.TestProcessStringUTF16(22370)" executed="True" result="Success" success="True" time="0.000" asserts="1" />
                          <test-case name="dylan.NET.UnitTests.TestParseUtils.TestProcessStringUTF16(43203)" executed="True" result="Success" success="True" time="0.000" asserts="1" />
                          <test-case name="dylan.NET.UnitTests.TestParseUtils.TestProcessStringUTF16(25742)" executed="True" result="Success" success="True" time="0.000" asserts="1" />
                          <test-case name="dylan.NET.UnitTests.TestParseUtils.TestProcessStringUTF16(20233)" executed="True" result="Success" success="True" time="0.000" asserts="1" />
                          <test-case name="dylan.NET.UnitTests.TestParseUtils.TestProcessStringUTF16(57678)" executed="True" result="Success" success="True" time="0.000" asserts="1" />
                          <test-case name="dylan.NET.UnitTests.TestParseUtils.TestProcessStringUTF16(49381)" executed="True" result="Success" success="True" time="0.000" asserts="1" />
                          <test-case name="dylan.NET.UnitTests.TestParseUtils.TestProcessStringUTF16(53141)" executed="True" result="Success" success="True" time="0.000" asserts="1" />
                          <test-case name="dylan.NET.UnitTests.TestParseUtils.TestProcessStringUTF16(4691)" executed="True" result="Success" success="True" time="0.000" asserts="1" />
                          <test-case name="dylan.NET.UnitTests.TestParseUtils.TestProcessStringUTF16(955)" executed="True" result="Success" success="True" time="0.000" asserts="1" />
                          <test-case name="dylan.NET.UnitTests.TestParseUtils.TestProcessStringUTF16(37220)" executed="True" result="Success" success="True" time="0.000" asserts="1" />
                          <test-case name="dylan.NET.UnitTests.TestParseUtils.TestProcessStringUTF16(53926)" executed="True" result="Success" success="True" time="0.000" asserts="1" />
                          <test-case name="dylan.NET.UnitTests.TestParseUtils.TestProcessStringUTF16(23301)" executed="True" result="Success" success="True" time="0.000" asserts="1" />
                          <test-case name="dylan.NET.UnitTests.TestParseUtils.TestProcessStringUTF16(23098)" executed="True" result="Success" success="True" time="0.000" asserts="1" />
                          <test-case name="dylan.NET.UnitTests.TestParseUtils.TestProcessStringUTF16(2753)" executed="True" result="Success" success="True" time="0.000" asserts="1" />
                          <test-case name="dylan.NET.UnitTests.TestParseUtils.TestProcessStringUTF16(62433)" executed="True" result="Success" success="True" time="0.000" asserts="1" />
                          <test-case name="dylan.NET.UnitTests.TestParseUtils.TestProcessStringUTF16(48977)" executed="True" result="Success" success="True" time="0.000" asserts="1" />
                          <test-case name="dylan.NET.UnitTests.TestParseUtils.TestProcessStringUTF16(55175)" executed="True" result="Success" success="True" time="0.000" asserts="1" />
                          <test-case name="dylan.NET.UnitTests.TestParseUtils.TestProcessStringUTF16(13440)" executed="True" result="Success" success="True" time="0.000" asserts="1" />
                          <test-case name="dylan.NET.UnitTests.TestParseUtils.TestProcessStringUTF16(43678)" executed="True" result="Success" success="True" time="0.000" asserts="1" />
                          <test-case name="dylan.NET.UnitTests.TestParseUtils.TestProcessStringUTF16(95)" executed="True" result="Success" success="True" time="0.000" asserts="1" />
                          <test-case name="dylan.NET.UnitTests.TestParseUtils.TestProcessStringUTF16(31780)" executed="True" result="Success" success="True" time="0.000" asserts="1" />
                          <test-case name="dylan.NET.UnitTests.TestParseUtils.TestProcessStringUTF16(47105)" executed="True" result="Success" success="True" time="0.000" asserts="1" />
                          <test-case name="dylan.NET.UnitTests.TestParseUtils.TestProcessStringUTF16(56842)" executed="True" result="Success" success="True" time="0.000" asserts="1" />
                          <test-case name="dylan.NET.UnitTests.TestParseUtils.TestProcessStringUTF16(46718)" executed="True" result="Success" success="True" time="0.000" asserts="1" />
                          <test-case name="dylan.NET.UnitTests.TestParseUtils.TestProcessStringUTF16(836)" executed="True" result="Success" success="True" time="0.000" asserts="1" />
                          <test-case name="dylan.NET.UnitTests.TestParseUtils.TestProcessStringUTF16(24682)" executed="True" result="Success" success="True" time="0.000" asserts="1" />
                          <test-case name="dylan.NET.UnitTests.TestParseUtils.TestProcessStringUTF16(26153)" executed="True" result="Success" success="True" time="0.000" asserts="1" />
                          <test-case name="dylan.NET.UnitTests.TestParseUtils.TestProcessStringUTF16(5557)" executed="True" result="Success" success="True" time="0.000" asserts="1" />
                          <test-case name="dylan.NET.UnitTests.TestParseUtils.TestProcessStringUTF16(50298)" executed="True" result="Success" success="True" time="0.000" asserts="1" />
                          <test-case name="dylan.NET.UnitTests.TestParseUtils.TestProcessStringUTF16(10716)" executed="True" result="Success" success="True" time="0.000" asserts="1" />
                          <test-case name="dylan.NET.UnitTests.TestParseUtils.TestProcessStringUTF16(19430)" executed="True" result="Success" success="True" time="0.000" asserts="1" />
                          <test-case name="dylan.NET.UnitTests.TestParseUtils.TestProcessStringUTF16(7256)" executed="True" result="Success" success="True" time="0.000" asserts="1" />
                          <test-case name="dylan.NET.UnitTests.TestParseUtils.TestProcessStringUTF16(2389)" executed="True" result="Success" success="True" time="0.000" asserts="1" />
                          <test-case name="dylan.NET.UnitTests.TestParseUtils.TestProcessStringUTF16(38844)" executed="True" result="Success" success="True" time="0.000" asserts="1" />
                          <test-case name="dylan.NET.UnitTests.TestParseUtils.TestProcessStringUTF16(64780)" executed="True" result="Success" success="True" time="0.000" asserts="1" />
                          <test-case name="dylan.NET.UnitTests.TestParseUtils.TestProcessStringUTF16(43776)" executed="True" result="Success" success="True" time="0.000" asserts="1" />
                          <test-case name="dylan.NET.UnitTests.TestParseUtils.TestProcessStringUTF16(54001)" executed="True" result="Success" success="True" time="0.000" asserts="1" />
                          <test-case name="dylan.NET.UnitTests.TestParseUtils.TestProcessStringUTF16(52050)" executed="True" result="Success" success="True" time="0.000" asserts="1" />
                          <test-case name="dylan.NET.UnitTests.TestParseUtils.TestProcessStringUTF16(5350)" executed="True" result="Success" success="True" time="0.000" asserts="1" />
                          <test-case name="dylan.NET.UnitTests.TestParseUtils.TestProcessStringUTF16(44101)" executed="True" result="Success" success="True" time="0.000" asserts="1" />
                          <test-case name="dylan.NET.UnitTests.TestParseUtils.TestProcessStringUTF16(53925)" executed="True" result="Success" success="True" time="0.000" asserts="1" />
                          <test-case name="dylan.NET.UnitTests.TestParseUtils.TestProcessStringUTF16(7191)" executed="True" result="Success" success="True" time="0.000" asserts="1" />
                          <test-case name="dylan.NET.UnitTests.TestParseUtils.TestProcessStringUTF16(42048)" executed="True" result="Success" success="True" time="0.000" asserts="1" />
                          <test-case name="dylan.NET.UnitTests.TestParseUtils.TestProcessStringUTF16(6286)" executed="True" result="Success" success="True" time="0.000" asserts="1" />
                          <test-case name="dylan.NET.UnitTests.TestParseUtils.TestProcessStringUTF16(55514)" executed="True" result="Success" success="True" time="0.000" asserts="1" />
                          <test-case name="dylan.NET.UnitTests.TestParseUtils.TestProcessStringUTF16(63707)" executed="True" result="Success" success="True" time="0.000" asserts="1" />
                          <test-case name="dylan.NET.UnitTests.TestParseUtils.TestProcessStringUTF16(18502)" executed="True" result="Success" success="True" time="0.000" asserts="1" />
                          <test-case name="dylan.NET.UnitTests.TestParseUtils.TestProcessStringUTF16(58886)" executed="True" result="Success" success="True" time="0.000" asserts="1" />
                          <test-case name="dylan.NET.UnitTests.TestParseUtils.TestProcessStringUTF16(14509)" executed="True" result="Success" success="True" time="0.000" asserts="1" />
                          <test-case name="dylan.NET.UnitTests.TestParseUtils.TestProcessStringUTF16(62160)" executed="True" result="Success" success="True" time="0.000" asserts="1" />
                          <test-case name="dylan.NET.UnitTests.TestParseUtils.TestProcessStringUTF16(25004)" executed="True" result="Success" success="True" time="0.000" asserts="1" />
                          <test-case name="dylan.NET.UnitTests.TestParseUtils.TestProcessStringUTF16(15591)" executed="True" result="Success" success="True" time="0.000" asserts="1" />
                          <test-case name="dylan.NET.UnitTests.TestParseUtils.TestProcessStringUTF16(51755)" executed="True" result="Success" success="True" time="0.000" asserts="1" />
                          <test-case name="dylan.NET.UnitTests.TestParseUtils.TestProcessStringUTF16(31447)" executed="True" result="Success" success="True" time="0.000" asserts="1" />
                          <test-case name="dylan.NET.UnitTests.TestParseUtils.TestProcessStringUTF16(36242)" executed="True" result="Success" success="True" time="0.000" asserts="1" />
                          <test-case name="dylan.NET.UnitTests.TestParseUtils.TestProcessStringUTF16(15113)" executed="True" result="Success" success="True" time="0.000" asserts="1" />
                          <test-case name="dylan.NET.UnitTests.TestParseUtils.TestProcessStringUTF16(40813)" executed="True" result="Success" success="True" time="0.000" asserts="1" />
                          <test-case name="dylan.NET.UnitTests.TestParseUtils.TestProcessStringUTF16(52433)" executed="True" result="Success" success="True" time="0.000" asserts="1" />
                          <test-case name="dylan.NET.UnitTests.TestParseUtils.TestProcessStringUTF16(20988)" executed="True" result="Success" success="True" time="0.000" asserts="1" />
                          <test-case name="dylan.NET.UnitTests.TestParseUtils.TestProcessStringUTF16(13902)" executed="True" result="Success" success="True" time="0.000" asserts="1" />
                          <test-case name="dylan.NET.UnitTests.TestParseUtils.TestProcessStringUTF16(60914)" executed="True" result="Success" success="True" time="0.000" asserts="1" />
                          <test-case name="dylan.NET.UnitTests.TestParseUtils.TestProcessStringUTF16(1091)" executed="True" result="Success" success="True" time="0.000" asserts="1" />
                          <test-case name="dylan.NET.UnitTests.TestParseUtils.TestProcessStringUTF16(64875)" executed="True" result="Success" success="True" time="0.000" asserts="1" />
                          <test-case name="dylan.NET.UnitTests.TestParseUtils.TestProcessStringUTF16(22388)" executed="True" result="Success" success="True" time="0.000" asserts="1" />
                          <test-case name="dylan.NET.UnitTests.TestParseUtils.TestProcessStringUTF16(48830)" executed="True" result="Success" success="True" time="0.000" asserts="1" />
                          <test-case name="dylan.NET.UnitTests.TestParseUtils.TestProcessStringUTF16(46734)" executed="True" result="Success" success="True" time="0.000" asserts="1" />
                          <test-case name="dylan.NET.UnitTests.TestParseUtils.TestProcessStringUTF16(46787)" executed="True" result="Success" success="True" time="0.000" asserts="1" />
                          <test-case name="dylan.NET.UnitTests.TestParseUtils.TestProcessStringUTF16(16811)" executed="True" result="Success" success="True" time="0.000" asserts="1" />
                          <test-case name="dylan.NET.UnitTests.TestParseUtils.TestProcessStringUTF16(12773)" executed="True" result="Success" success="True" time="0.000" asserts="1" />
                          <test-case name="dylan.NET.UnitTests.TestParseUtils.TestProcessStringUTF16(64260)" executed="True" result="Success" success="True" time="0.000" asserts="1" />
                          <test-case name="dylan.NET.UnitTests.TestParseUtils.TestProcessStringUTF16(30474)" executed="True" result="Success" success="True" time="0.000" asserts="1" />
                          <test-case name="dylan.NET.UnitTests.TestParseUtils.TestProcessStringUTF16(61824)" executed="True" result="Success" success="True" time="0.000" asserts="1" />
                          <test-case name="dylan.NET.UnitTests.TestParseUtils.TestProcessStringUTF16(64466)" executed="True" result="Success" success="True" time="0.000" asserts="1" />
                          <test-case name="dylan.NET.UnitTests.TestParseUtils.TestProcessStringUTF16(47053)" executed="True" result="Success" success="True" time="0.000" asserts="1" />
                          <test-case name="dylan.NET.UnitTests.TestParseUtils.TestProcessStringUTF16(40625)" executed="True" result="Success" success="True" time="0.000" asserts="1" />
                          <test-case name="dylan.NET.UnitTests.TestParseUtils.TestProcessStringUTF16(16188)" executed="True" result="Success" success="True" time="0.000" asserts="1" />
                          <test-case name="dylan.NET.UnitTests.TestParseUtils.TestProcessStringUTF16(60884)" executed="True" result="Success" success="True" time="0.000" asserts="1" />
                          <test-case name="dylan.NET.UnitTests.TestParseUtils.TestProcessStringUTF16(25394)" executed="True" result="Success" success="True" time="0.000" asserts="1" />
                          <test-case name="dylan.NET.UnitTests.TestParseUtils.TestProcessStringUTF16(10475)" executed="True" result="Success" success="True" time="0.000" asserts="1" />
                          <test-case name="dylan.NET.UnitTests.TestParseUtils.TestProcessStringUTF16(51257)" executed="True" result="Success" success="True" time="0.000" asserts="1" />
                          <test-case name="dylan.NET.UnitTests.TestParseUtils.TestProcessStringUTF16(49404)" executed="True" result="Success" success="True" time="0.000" asserts="1" />
                          <test-case name="dylan.NET.UnitTests.TestParseUtils.TestProcessStringUTF16(39254)" executed="True" result="Success" success="True" time="0.000" asserts="1" />
                          <test-case name="dylan.NET.UnitTests.TestParseUtils.TestProcessStringUTF16(50104)" executed="True" result="Success" success="True" time="0.000" asserts="1" />
                          <test-case name="dylan.NET.UnitTests.TestParseUtils.TestProcessStringUTF16(36395)" executed="True" result="Success" success="True" time="0.000" asserts="1" />
                          <test-case name="dylan.NET.UnitTests.TestParseUtils.TestProcessStringUTF16(15337)" executed="True" result="Success" success="True" time="0.000" asserts="1" />
                          <test-case name="dylan.NET.UnitTests.TestParseUtils.TestProcessStringUTF16(18338)" executed="True" result="Success" success="True" time="0.000" asserts="1" />
                          <test-case name="dylan.NET.UnitTests.TestParseUtils.TestProcessStringUTF16(7915)" executed="True" result="Success" success="True" time="0.000" asserts="1" />
                          <test-case name="dylan.NET.UnitTests.TestParseUtils.TestProcessStringUTF16(45536)" executed="True" result="Success" success="True" time="0.000" asserts="1" />
                          <test-case name="dylan.NET.UnitTests.TestParseUtils.TestProcessStringUTF16(55549)" executed="True" result="Success" success="True" time="0.000" asserts="1" />
                          <test-case name="dylan.NET.UnitTests.TestParseUtils.TestProcessStringUTF16(18045)" executed="True" result="Success" success="True" time="0.000" asserts="1" />
                          <test-case name="dylan.NET.UnitTests.TestParseUtils.TestProcessStringUTF16(62523)" executed="True" result="Success" success="True" time="0.000" asserts="1" />
                          <test-case name="dylan.NET.UnitTests.TestParseUtils.TestProcessStringUTF16(37190)" executed="True" result="Success" success="True" time="0.000" asserts="1" />
                          <test-case name="dylan.NET.UnitTests.TestParseUtils.TestProcessStringUTF16(39276)" executed="True" result="Success" success="True" time="0.000" asserts="1" />
                          <test-case name="dylan.NET.UnitTests.TestParseUtils.TestProcessStringUTF16(6624)" executed="True" result="Success" success="True" time="0.000" asserts="1" />
                          <test-case name="dylan.NET.UnitTests.TestParseUtils.TestProcessStringUTF16(13627)" executed="True" result="Success" success="True" time="0.000" asserts="1" />
                          <test-case name="dylan.NET.UnitTests.TestParseUtils.TestProcessStringUTF16(57635)" executed="True" result="Success" success="True" time="0.000" asserts="1" />
                          <test-case name="dylan.NET.UnitTests.TestParseUtils.TestProcessStringUTF16(8260)" executed="True" result="Success" success="True" time="0.000" asserts="1" />
                          <test-case name="dylan.NET.UnitTests.TestParseUtils.TestProcessStringUTF16(60530)" executed="True" result="Success" success="True" time="0.000" asserts="1" />
                          <test-case name="dylan.NET.UnitTests.TestParseUtils.TestProcessStringUTF16(31196)" executed="True" result="Success" success="True" time="0.000" asserts="1" />
                          <test-case name="dylan.NET.UnitTests.TestParseUtils.TestProcessStringUTF16(39325)" executed="True" result="Success" success="True" time="0.000" asserts="1" />
                          <test-case name="dylan.NET.UnitTests.TestParseUtils.TestProcessStringUTF16(2823)" executed="True" result="Success" success="True" time="0.000" asserts="1" />
                          <test-case name="dylan.NET.UnitTests.TestParseUtils.TestProcessStringUTF16(58642)" executed="True" result="Success" success="True" time="0.000" asserts="1" />
                          <test-case name="dylan.NET.UnitTests.TestParseUtils.TestProcessStringUTF16(48410)" executed="True" result="Success" success="True" time="0.000" asserts="1" />
                          <test-case name="dylan.NET.UnitTests.TestParseUtils.TestProcessStringUTF16(28786)" executed="True" result="Success" success="True" time="0.000" asserts="1" />
                          <test-case name="dylan.NET.UnitTests.TestParseUtils.TestProcessStringUTF16(12755)" executed="True" result="Success" success="True" time="0.000" asserts="1" />
                          <test-case name="dylan.NET.UnitTests.TestParseUtils.TestProcessStringUTF16(51285)" executed="True" result="Success" success="True" time="0.000" asserts="1" />
                          <test-case name="dylan.NET.UnitTests.TestParseUtils.TestProcessStringUTF16(31022)" executed="True" result="Success" success="True" time="0.000" asserts="1" />
                          <test-case name="dylan.NET.UnitTests.TestParseUtils.TestProcessStringUTF16(15359)" executed="True" result="Success" success="True" time="0.000" asserts="1" />
                          <test-case name="dylan.NET.UnitTests.TestParseUtils.TestProcessStringUTF16(16110)" executed="True" result="Success" success="True" time="0.000" asserts="1" />
                          <test-case name="dylan.NET.UnitTests.TestParseUtils.TestProcessStringUTF16(17903)" executed="True" result="Success" success="True" time="0.000" asserts="1" />
                          <test-case name="dylan.NET.UnitTests.TestParseUtils.TestProcessStringUTF16(7197)" executed="True" result="Success" success="True" time="0.000" asserts="1" />
                          <test-case name="dylan.NET.UnitTests.TestParseUtils.TestProcessStringUTF16(60811)" executed="True" result="Success" success="True" time="0.000" asserts="1" />
                          <test-case name="dylan.NET.UnitTests.TestParseUtils.TestProcessStringUTF16(62419)" executed="True" result="Success" success="True" time="0.000" asserts="1" />
                          <test-case name="dylan.NET.UnitTests.TestParseUtils.TestProcessStringUTF16(2943)" executed="True" result="Success" success="True" time="0.000" asserts="1" />
                          <test-case name="dylan.NET.UnitTests.TestParseUtils.TestProcessStringUTF16(16914)" executed="True" result="Success" success="True" time="0.000" asserts="1" />
                          <test-case name="dylan.NET.UnitTests.TestParseUtils.TestProcessStringUTF16(23724)" executed="True" result="Success" success="True" time="0.000" asserts="1" />
                          <test-case name="dylan.NET.UnitTests.TestParseUtils.TestProcessStringUTF16(27350)" executed="True" result="Success" success="True" time="0.000" asserts="1" />
                          <test-case name="dylan.NET.UnitTests.TestParseUtils.TestProcessStringUTF16(58251)" executed="True" result="Success" success="True" time="0.000" asserts="1" />
                          <test-case name="dylan.NET.UnitTests.TestParseUtils.TestProcessStringUTF16(8761)" executed="True" result="Success" success="True" time="0.000" asserts="1" />
                          <test-case name="dylan.NET.UnitTests.TestParseUtils.TestProcessStringUTF16(56729)" executed="True" result="Success" success="True" time="0.000" asserts="1" />
                          <test-case name="dylan.NET.UnitTests.TestParseUtils.TestProcessStringUTF16(38474)" executed="True" result="Success" success="True" time="0.000" asserts="1" />
                          <test-case name="dylan.NET.UnitTests.TestParseUtils.TestProcessStringUTF16(51792)" executed="True" result="Success" success="True" time="0.000" asserts="1" />
                          <test-case name="dylan.NET.UnitTests.TestParseUtils.TestProcessStringUTF16(51150)" executed="True" result="Success" success="True" time="0.000" asserts="1" />
                          <test-case name="dylan.NET.UnitTests.TestParseUtils.TestProcessStringUTF16(38982)" executed="True" result="Success" success="True" time="0.000" asserts="1" />
                          <test-case name="dylan.NET.UnitTests.TestParseUtils.TestProcessStringUTF16(61437)" executed="True" result="Success" success="True" time="0.000" asserts="1" />
                          <test-case name="dylan.NET.UnitTests.TestParseUtils.TestProcessStringUTF16(37367)" executed="True" result="Success" success="True" time="0.000" asserts="1" />
                          <test-case name="dylan.NET.UnitTests.TestParseUtils.TestProcessStringUTF16(13414)" executed="True" result="Success" success="True" time="0.000" asserts="1" />
                          <test-case name="dylan.NET.UnitTests.TestParseUtils.TestProcessStringUTF16(35679)" executed="True" result="Success" success="True" time="0.000" asserts="1" />
                          <test-case name="dylan.NET.UnitTests.TestParseUtils.TestProcessStringUTF16(34297)" executed="True" result="Success" success="True" time="0.000" asserts="1" />
                          <test-case name="dylan.NET.UnitTests.TestParseUtils.TestProcessStringUTF16(54875)" executed="True" result="Success" success="True" time="0.000" asserts="1" />
                          <test-case name="dylan.NET.UnitTests.TestParseUtils.TestProcessStringUTF16(50701)" executed="True" result="Success" success="True" time="0.000" asserts="1" />
                          <test-case name="dylan.NET.UnitTests.TestParseUtils.TestProcessStringUTF16(45524)" executed="True" result="Success" success="True" time="0.000" asserts="1" />
                          <test-case name="dylan.NET.UnitTests.TestParseUtils.TestProcessStringUTF16(9284)" executed="True" result="Success" success="True" time="0.000" asserts="1" />
                          <test-case name="dylan.NET.UnitTests.TestParseUtils.TestProcessStringUTF16(58106)" executed="True" result="Success" success="True" time="0.000" asserts="1" />
                          <test-case name="dylan.NET.UnitTests.TestParseUtils.TestProcessStringUTF16(44059)" executed="True" result="Success" success="True" time="0.000" asserts="1" />
                          <test-case name="dylan.NET.UnitTests.TestParseUtils.TestProcessStringUTF16(54127)" executed="True" result="Success" success="True" time="0.000" asserts="1" />
                          <test-case name="dylan.NET.UnitTests.TestParseUtils.TestProcessStringUTF16(42370)" executed="True" result="Success" success="True" time="0.000" asserts="1" />
                          <test-case name="dylan.NET.UnitTests.TestParseUtils.TestProcessStringUTF16(47161)" executed="True" result="Success" success="True" time="0.000" asserts="1" />
                          <test-case name="dylan.NET.UnitTests.TestParseUtils.TestProcessStringUTF16(19481)" executed="True" result="Success" success="True" time="0.000" asserts="1" />
                          <test-case name="dylan.NET.UnitTests.TestParseUtils.TestProcessStringUTF16(57147)" executed="True" result="Success" success="True" time="0.000" asserts="1" />
                          <test-case name="dylan.NET.UnitTests.TestParseUtils.TestProcessStringUTF16(56523)" executed="True" result="Success" success="True" time="0.000" asserts="1" />
                          <test-case name="dylan.NET.UnitTests.TestParseUtils.TestProcessStringUTF16(15199)" executed="True" result="Success" success="True" time="0.000" asserts="1" />
                          <test-case name="dylan.NET.UnitTests.TestParseUtils.TestProcessStringUTF16(36775)" executed="True" result="Success" success="True" time="0.000" asserts="1" />
                          <test-case name="dylan.NET.UnitTests.TestParseUtils.TestProcessStringUTF16(64355)" executed="True" result="Success" success="True" time="0.000" asserts="1" />
                          <test-case name="dylan.NET.UnitTests.TestParseUtils.TestProcessStringUTF16(45105)" executed="True" result="Success" success="True" time="0.000" asserts="1" />
                          <test-case name="dylan.NET.UnitTests.TestParseUtils.TestProcessStringUTF16(10730)" executed="True" result="Success" success="True" time="0.000" asserts="1" />
                          <test-case name="dylan.NET.UnitTests.TestParseUtils.TestProcessStringUTF16(51575)" executed="True" result="Success" success="True" time="0.000" asserts="1" />
                          <test-case name="dylan.NET.UnitTests.TestParseUtils.TestProcessStringUTF16(293)" executed="True" result="Success" success="True" time="0.000" asserts="1" />
                          <test-case name="dylan.NET.UnitTests.TestParseUtils.TestProcessStringUTF16(10721)" executed="True" result="Success" success="True" time="0.000" asserts="1" />
                          <test-case name="dylan.NET.UnitTests.TestParseUtils.TestProcessStringUTF16(41795)" executed="True" result="Success" success="True" time="0.000" asserts="1" />
                          <test-case name="dylan.NET.UnitTests.TestParseUtils.TestProcessStringUTF16(44221)" executed="True" result="Success" success="True" time="0.000" asserts="1" />
                          <test-case name="dylan.NET.UnitTests.TestParseUtils.TestProcessStringUTF16(38115)" executed="True" result="Success" success="True" time="0.000" asserts="1" />
                          <test-case name="dylan.NET.UnitTests.TestParseUtils.TestProcessStringUTF16(26233)" executed="True" result="Success" success="True" time="0.000" asserts="1" />
                          <test-case name="dylan.NET.UnitTests.TestParseUtils.TestProcessStringUTF16(41855)" executed="True" result="Success" success="True" time="0.000" asserts="1" />
                          <test-case name="dylan.NET.UnitTests.TestParseUtils.TestProcessStringUTF16(54159)" executed="True" result="Success" success="True" time="0.000" asserts="1" />
                          <test-case name="dylan.NET.UnitTests.TestParseUtils.TestProcessStringUTF16(22833)" executed="True" result="Success" success="True" time="0.000" asserts="1" />
                          <test-case name="dylan.NET.UnitTests.TestParseUtils.TestProcessStringUTF16(49357)" executed="True" result="Success" success="True" time="0.000" asserts="1" />
                          <test-case name="dylan.NET.UnitTests.TestParseUtils.TestProcessStringUTF16(55838)" executed="True" result="Success" success="True" time="0.000" asserts="1" />
                          <test-case name="dylan.NET.UnitTests.TestParseUtils.TestProcessStringUTF16(50261)" executed="True" result="Success" success="True" time="0.000" asserts="1" />
                          <test-case name="dylan.NET.UnitTests.TestParseUtils.TestProcessStringUTF16(24163)" executed="True" result="Success" success="True" time="0.000" asserts="1" />
                          <test-case name="dylan.NET.UnitTests.TestParseUtils.TestProcessStringUTF16(8914)" executed="True" result="Success" success="True" time="0.000" asserts="1" />
                          <test-case name="dylan.NET.UnitTests.TestParseUtils.TestProcessStringUTF16(49395)" executed="True" result="Success" success="True" time="0.000" asserts="1" />
                          <test-case name="dylan.NET.UnitTests.TestParseUtils.TestProcessStringUTF16(61413)" executed="True" result="Success" success="True" time="0.000" asserts="1" />
                          <test-case name="dylan.NET.UnitTests.TestParseUtils.TestProcessStringUTF16(24497)" executed="True" result="Success" success="True" time="0.000" asserts="1" />
                          <test-case name="dylan.NET.UnitTests.TestParseUtils.TestProcessStringUTF16(26915)" executed="True" result="Success" success="True" time="0.000" asserts="1" />
                          <test-case name="dylan.NET.UnitTests.TestParseUtils.TestProcessStringUTF16(57533)" executed="True" result="Success" success="True" time="0.000" asserts="1" />
                          <test-case name="dylan.NET.UnitTests.TestParseUtils.TestProcessStringUTF16(24036)" executed="True" result="Success" success="True" time="0.000" asserts="1" />
                          <test-case name="dylan.NET.UnitTests.TestParseUtils.TestProcessStringUTF16(63598)" executed="True" result="Success" success="True" time="0.000" asserts="1" />
                          <test-case name="dylan.NET.UnitTests.TestParseUtils.TestProcessStringUTF16(23372)" executed="True" result="Success" success="True" time="0.000" asserts="1" />
                          <test-case name="dylan.NET.UnitTests.TestParseUtils.TestProcessStringUTF16(6183)" executed="True" result="Success" success="True" time="0.000" asserts="1" />
                          <test-case name="dylan.NET.UnitTests.TestParseUtils.TestProcessStringUTF16(37684)" executed="True" result="Success" success="True" time="0.000" asserts="1" />
                          <test-case name="dylan.NET.UnitTests.TestParseUtils.TestProcessStringUTF16(27057)" executed="True" result="Success" success="True" time="0.000" asserts="1" />
                          <test-case name="dylan.NET.UnitTests.TestParseUtils.TestProcessStringUTF16(47529)" executed="True" result="Success" success="True" time="0.000" asserts="1" />
                          <test-case name="dylan.NET.UnitTests.TestParseUtils.TestProcessStringUTF16(32501)" executed="True" result="Success" success="True" time="0.000" asserts="1" />
                          <test-case name="dylan.NET.UnitTests.TestParseUtils.TestProcessStringUTF16(12507)" executed="True" result="Success" success="True" time="0.000" asserts="1" />
                          <test-case name="dylan.NET.UnitTests.TestParseUtils.TestProcessStringUTF16(358)" executed="True" result="Success" success="True" time="0.000" asserts="1" />
                          <test-case name="dylan.NET.UnitTests.TestParseUtils.TestProcessStringUTF16(25559)" executed="True" result="Success" success="True" time="0.001" asserts="1" />
                          <test-case name="dylan.NET.UnitTests.TestParseUtils.TestProcessStringUTF16(9294)" executed="True" result="Success" success="True" time="0.000" asserts="1" />
                          <test-case name="dylan.NET.UnitTests.TestParseUtils.TestProcessStringUTF16(50358)" executed="True" result="Success" success="True" time="0.000" asserts="1" />
                          <test-case name="dylan.NET.UnitTests.TestParseUtils.TestProcessStringUTF16(38604)" executed="True" result="Success" success="True" time="0.000" asserts="1" />
                          <test-case name="dylan.NET.UnitTests.TestParseUtils.TestProcessStringUTF16(53544)" executed="True" result="Success" success="True" time="0.000" asserts="1" />
                          <test-case name="dylan.NET.UnitTests.TestParseUtils.TestProcessStringUTF16(23110)" executed="True" result="Success" success="True" time="0.000" asserts="1" />
                          <test-case name="dylan.NET.UnitTests.TestParseUtils.TestProcessStringUTF16(50953)" executed="True" result="Success" success="True" time="0.000" asserts="1" />
                          <test-case name="dylan.NET.UnitTests.TestParseUtils.TestProcessStringUTF16(10133)" executed="True" result="Success" success="True" time="0.000" asserts="1" />
                          <test-case name="dylan.NET.UnitTests.TestParseUtils.TestProcessStringUTF16(45961)" executed="True" result="Success" success="True" time="0.000" asserts="1" />
                          <test-case name="dylan.NET.UnitTests.TestParseUtils.TestProcessStringUTF16(1305)" executed="True" result="Success" success="True" time="0.000" asserts="1" />
                          <test-case name="dylan.NET.UnitTests.TestParseUtils.TestProcessStringUTF16(49645)" executed="True" result="Success" success="True" time="0.000" asserts="1" />
                          <test-case name="dylan.NET.UnitTests.TestParseUtils.TestProcessStringUTF16(50322)" executed="True" result="Success" success="True" time="0.000" asserts="1" />
                          <test-case name="dylan.NET.UnitTests.TestParseUtils.TestProcessStringUTF16(31190)" executed="True" result="Success" success="True" time="0.000" asserts="1" />
                          <test-case name="dylan.NET.UnitTests.TestParseUtils.TestProcessStringUTF16(52061)" executed="True" result="Success" success="True" time="0.000" asserts="1" />
                          <test-case name="dylan.NET.UnitTests.TestParseUtils.TestProcessStringUTF16(30090)" executed="True" result="Success" success="True" time="0.000" asserts="1" />
                          <test-case name="dylan.NET.UnitTests.TestParseUtils.TestProcessStringUTF16(44306)" executed="True" result="Success" success="True" time="0.000" asserts="1" />
                          <test-case name="dylan.NET.UnitTests.TestParseUtils.TestProcessStringUTF16(23789)" executed="True" result="Success" success="True" time="0.000" asserts="1" />
                          <test-case name="dylan.NET.UnitTests.TestParseUtils.TestProcessStringUTF16(13297)" executed="True" result="Success" success="True" time="0.000" asserts="1" />
                          <test-case name="dylan.NET.UnitTests.TestParseUtils.TestProcessStringUTF16(19463)" executed="True" result="Success" success="True" time="0.000" asserts="1" />
                          <test-case name="dylan.NET.UnitTests.TestParseUtils.TestProcessStringUTF16(29465)" executed="True" result="Success" success="True" time="0.000" asserts="1" />
                          <test-case name="dylan.NET.UnitTests.TestParseUtils.TestProcessStringUTF16(33205)" executed="True" result="Success" success="True" time="0.000" asserts="1" />
                          <test-case name="dylan.NET.UnitTests.TestParseUtils.TestProcessStringUTF16(4274)" executed="True" result="Success" success="True" time="0.000" asserts="1" />
                          <test-case name="dylan.NET.UnitTests.TestParseUtils.TestProcessStringUTF16(51847)" executed="True" result="Success" success="True" time="0.000" asserts="1" />
                          <test-case name="dylan.NET.UnitTests.TestParseUtils.TestProcessStringUTF16(44747)" executed="True" result="Success" success="True" time="0.000" asserts="1" />
                          <test-case name="dylan.NET.UnitTests.TestParseUtils.TestProcessStringUTF16(50706)" executed="True" result="Success" success="True" time="0.000" asserts="1" />
                          <test-case name="dylan.NET.UnitTests.TestParseUtils.TestProcessStringUTF16(42281)" executed="True" result="Success" success="True" time="0.000" asserts="1" />
                          <test-case name="dylan.NET.UnitTests.TestParseUtils.TestProcessStringUTF16(15469)" executed="True" result="Success" success="True" time="0.000" asserts="1" />
                          <test-case name="dylan.NET.UnitTests.TestParseUtils.TestProcessStringUTF16(37652)" executed="True" result="Success" success="True" time="0.000" asserts="1" />
                          <test-case name="dylan.NET.UnitTests.TestParseUtils.TestProcessStringUTF16(53785)" executed="True" result="Success" success="True" time="0.000" asserts="1" />
                          <test-case name="dylan.NET.UnitTests.TestParseUtils.TestProcessStringUTF16(21110)" executed="True" result="Success" success="True" time="0.000" asserts="1" />
                          <test-case name="dylan.NET.UnitTests.TestParseUtils.TestProcessStringUTF16(52697)" executed="True" result="Success" success="True" time="0.000" asserts="1" />
                          <test-case name="dylan.NET.UnitTests.TestParseUtils.TestProcessStringUTF16(16099)" executed="True" result="Success" success="True" time="0.000" asserts="1" />
                          <test-case name="dylan.NET.UnitTests.TestParseUtils.TestProcessStringUTF16(61429)" executed="True" result="Success" success="True" time="0.000" asserts="1" />
                          <test-case name="dylan.NET.UnitTests.TestParseUtils.TestProcessStringUTF16(52853)" executed="True" result="Success" success="True" time="0.000" asserts="1" />
                          <test-case name="dylan.NET.UnitTests.TestParseUtils.TestProcessStringUTF16(38722)" executed="True" result="Success" success="True" time="0.000" asserts="1" />
                          <test-case name="dylan.NET.UnitTests.TestParseUtils.TestProcessStringUTF16(64570)" executed="True" result="Success" success="True" time="0.000" asserts="1" />
                          <test-case name="dylan.NET.UnitTests.TestParseUtils.TestProcessStringUTF16(24647)" executed="True" result="Success" success="True" time="0.000" asserts="1" />
                          <test-case name="dylan.NET.UnitTests.TestParseUtils.TestProcessStringUTF16(63735)" executed="True" result="Success" success="True" time="0.000" asserts="1" />
                          <test-case name="dylan.NET.UnitTests.TestParseUtils.TestProcessStringUTF16(59607)" executed="True" result="Success" success="True" time="0.000" asserts="1" />
                          <test-case name="dylan.NET.UnitTests.TestParseUtils.TestProcessStringUTF16(30142)" executed="True" result="Success" success="True" time="0.000" asserts="1" />
                          <test-case name="dylan.NET.UnitTests.TestParseUtils.TestProcessStringUTF16(25606)" executed="True" result="Success" success="True" time="0.000" asserts="1" />
                          <test-case name="dylan.NET.UnitTests.TestParseUtils.TestProcessStringUTF16(48116)" executed="True" result="Success" success="True" time="0.000" asserts="1" />
                          <test-case name="dylan.NET.UnitTests.TestParseUtils.TestProcessStringUTF16(5033)" executed="True" result="Success" success="True" time="0.000" asserts="1" />
                          <test-case name="dylan.NET.UnitTests.TestParseUtils.TestProcessStringUTF16(62984)" executed="True" result="Success" success="True" time="0.000" asserts="1" />
                          <test-case name="dylan.NET.UnitTests.TestParseUtils.TestProcessStringUTF16(24328)" executed="True" result="Success" success="True" time="0.000" asserts="1" />
                          <test-case name="dylan.NET.UnitTests.TestParseUtils.TestProcessStringUTF16(19762)" executed="True" result="Success" success="True" time="0.000" asserts="1" />
                          <test-case name="dylan.NET.UnitTests.TestParseUtils.TestProcessStringUTF16(11751)" executed="True" result="Success" success="True" time="0.000" asserts="1" />
                          <test-case name="dylan.NET.UnitTests.TestParseUtils.TestProcessStringUTF16(44159)" executed="True" result="Success" success="True" time="0.000" asserts="1" />
                          <test-case name="dylan.NET.UnitTests.TestParseUtils.TestProcessStringUTF16(21012)" executed="True" result="Success" success="True" time="0.000" asserts="1" />
                          <test-case name="dylan.NET.UnitTests.TestParseUtils.TestProcessStringUTF16(60938)" executed="True" result="Success" success="True" time="0.000" asserts="1" />
                          <test-case name="dylan.NET.UnitTests.TestParseUtils.TestProcessStringUTF16(11587)" executed="True" result="Success" success="True" time="0.000" asserts="1" />
                          <test-case name="dylan.NET.UnitTests.TestParseUtils.TestProcessStringUTF16(9876)" executed="True" result="Success" success="True" time="0.000" asserts="1" />
                          <test-case name="dylan.NET.UnitTests.TestParseUtils.TestProcessStringUTF16(44250)" executed="True" result="Success" success="True" time="0.000" asserts="1" />
                          <test-case name="dylan.NET.UnitTests.TestParseUtils.TestProcessStringUTF16(56931)" executed="True" result="Success" success="True" time="0.000" asserts="1" />
                          <test-case name="dylan.NET.UnitTests.TestParseUtils.TestProcessStringUTF16(13196)" executed="True" result="Success" success="True" time="0.000" asserts="1" />
                          <test-case name="dylan.NET.UnitTests.TestParseUtils.TestProcessStringUTF16(9459)" executed="True" result="Success" success="True" time="0.000" asserts="1" />
                          <test-case name="dylan.NET.UnitTests.TestParseUtils.TestProcessStringUTF16(13399)" executed="True" result="Success" success="True" time="0.000" asserts="1" />
                          <test-case name="dylan.NET.UnitTests.TestParseUtils.TestProcessStringUTF16(63040)" executed="True" result="Success" success="True" time="0.000" asserts="1" />
                          <test-case name="dylan.NET.UnitTests.TestParseUtils.TestProcessStringUTF16(65416)" executed="True" result="Success" success="True" time="0.000" asserts="1" />
                          <test-case name="dylan.NET.UnitTests.TestParseUtils.TestProcessStringUTF16(54509)" executed="True" result="Success" success="True" time="0.000" asserts="1" />
                          <test-case name="dylan.NET.UnitTests.TestParseUtils.TestProcessStringUTF16(63998)" executed="True" result="Success" success="True" time="0.000" asserts="1" />
                          <test-case name="dylan.NET.UnitTests.TestParseUtils.TestProcessStringUTF16(52752)" executed="True" result="Success" success="True" time="0.000" asserts="1" />
                          <test-case name="dylan.NET.UnitTests.TestParseUtils.TestProcessStringUTF16(16060)" executed="True" result="Success" success="True" time="0.000" asserts="1" />
                          <test-case name="dylan.NET.UnitTests.TestParseUtils.TestProcessStringUTF16(15818)" executed="True" result="Success" success="True" time="0.000" asserts="1" />
                          <test-case name="dylan.NET.UnitTests.TestParseUtils.TestProcessStringUTF16(41234)" executed="True" result="Success" success="True" time="0.000" asserts="1" />
                          <test-case name="dylan.NET.UnitTests.TestParseUtils.TestProcessStringUTF16(1529)" executed="True" result="Success" success="True" time="0.000" asserts="1" />
                          <test-case name="dylan.NET.UnitTests.TestParseUtils.TestProcessStringUTF16(45288)" executed="True" result="Success" success="True" time="0.000" asserts="1" />
                          <test-case name="dylan.NET.UnitTests.TestParseUtils.TestProcessStringUTF16(33741)" executed="True" result="Success" success="True" time="0.000" asserts="1" />
                          <test-case name="dylan.NET.UnitTests.TestParseUtils.TestProcessStringUTF16(27733)" executed="True" result="Success" success="True" time="0.000" asserts="1" />
                          <test-case name="dylan.NET.UnitTests.TestParseUtils.TestProcessStringUTF16(10328)" executed="True" result="Success" success="True" time="0.000" asserts="1" />
                          <test-case name="dylan.NET.UnitTests.TestParseUtils.TestProcessStringUTF16(32555)" executed="True" result="Success" success="True" time="0.000" asserts="1" />
                          <test-case name="dylan.NET.UnitTests.TestParseUtils.TestProcessStringUTF16(45164)" executed="True" result="Success" success="True" time="0.000" asserts="1" />
                          <test-case name="dylan.NET.UnitTests.TestParseUtils.TestProcessStringUTF16(57819)" executed="True" result="Success" success="True" time="0.000" asserts="1" />
                          <test-case name="dylan.NET.UnitTests.TestParseUtils.TestProcessStringUTF16(24060)" executed="True" result="Success" success="True" time="0.000" asserts="1" />
                          <test-case name="dylan.NET.UnitTests.TestParseUtils.TestProcessStringUTF16(17878)" executed="True" result="Success" success="True" time="0.000" asserts="1" />
                          <test-case name="dylan.NET.UnitTests.TestParseUtils.TestProcessStringUTF16(23328)" executed="True" result="Success" success="True" time="0.000" asserts="1" />
                          <test-case name="dylan.NET.UnitTests.TestParseUtils.TestProcessStringUTF16(25559)" executed="True" result="Success" success="True" time="0.000" asserts="1" />
                          <test-case name="dylan.NET.UnitTests.TestParseUtils.TestProcessStringUTF16(60451)" executed="True" result="Success" success="True" time="0.000" asserts="1" />
                          <test-case name="dylan.NET.UnitTests.TestParseUtils.TestProcessStringUTF16(31551)" executed="True" result="Success" success="True" time="0.000" asserts="1" />
                          <test-case name="dylan.NET.UnitTests.TestParseUtils.TestProcessStringUTF16(41246)" executed="True" result="Success" success="True" time="0.000" asserts="1" />
                        </results>
                      </test-suite>
                      <test-case name="dylan.NET.UnitTests.TestParseUtils.TestProcessStringVT" executed="True" result="Success" success="True" time="0.000" asserts="1" />
                      <test-case name="dylan.NET.UnitTests.TestParseUtils.TestProcessStringX1" executed="True" result="Success" success="True" time="0.000" asserts="1" />
                      <test-case name="dylan.NET.UnitTests.TestParseUtils.TestProcessStringX2" executed="True" result="Success" success="True" time="0.000" asserts="1" />
                      <test-case name="dylan.NET.UnitTests.TestParseUtils.TestProcessStringX3" executed="True" result="Success" success="True" time="0.000" asserts="1" />
                      <test-case name="dylan.NET.UnitTests.TestParseUtils.TestProcessStringX4" executed="True" result="Success" success="True" time="0.000" asserts="1" />
                      <test-case name="dylan.NET.UnitTests.TestParseUtils.TestStringParser2dsCQ" executed="True" result="Success" success="True" time="0.013" asserts="1" />
                      <test-case name="dylan.NET.UnitTests.TestParseUtils.TestStringParserCQ" executed="True" result="Success" success="True" time="0.000" asserts="1" />
                      <test-case name="dylan.NET.UnitTests.TestParseUtils.TestStringParserNoQ" executed="True" result="Success" success="True" time="0.000" asserts="1" />
                      <test-case name="dylan.NET.UnitTests.TestParseUtils.TestStringParserQ" executed="True" result="Success" success="True" time="0.000" asserts="1" />
                    </results>
                  </test-suite>
                  <test-suite type="TestFixture" name="TestStreamUtils" executed="True" result="Success" success="True" time="0.015" asserts="0">
                    <results>
                      <test-case name="dylan.NET.UnitTests.TestStreamUtils.TestCloseInS" executed="True" result="Success" success="True" time="0.003" asserts="1" />
                      <test-case name="dylan.NET.UnitTests.TestStreamUtils.TestCloseOutS" executed="True" result="Success" success="True" time="0.000" asserts="1" />
                      <test-case name="dylan.NET.UnitTests.TestStreamUtils.TestInitInS" executed="True" result="Success" success="True" time="0.000" asserts="1" />
                      <test-case name="dylan.NET.UnitTests.TestStreamUtils.TestInitOutS" executed="True" result="Success" success="True" time="0.000" asserts="1" />
                      <test-case name="dylan.NET.UnitTests.TestStreamUtils.TestReadLine" executed="True" result="Success" success="True" time="0.003" asserts="1" />
                      <test-case name="dylan.NET.UnitTests.TestStreamUtils.TestWrite" executed="True" result="Success" success="True" time="0.000" asserts="1" />
                      <test-case name="dylan.NET.UnitTests.TestStreamUtils.TestWriteErrorExcp" executed="True" result="Success" success="True" time="0.002" asserts="0" />
                      <test-case name="dylan.NET.UnitTests.TestStreamUtils.TestWriteErrorMsg" executed="True" result="Success" success="True" time="0.000" asserts="1" />
                      <test-case name="dylan.NET.UnitTests.TestStreamUtils.TestWriteLine" executed="True" result="Success" success="True" time="0.000" asserts="1" />
                      <test-case name="dylan.NET.UnitTests.TestStreamUtils.TestWriteWarnMsg" executed="True" result="Success" success="True" time="0.000" asserts="1" />
                    </results>
                  </test-suite>
                </results>
              </test-suite>
            </results>
          </test-suite>
        </results>
      </test-suite>
    </results>
  </test-suite>
</test-results>