<?xml version="1.0" encoding="utf-8" standalone="no"?>
<!--This file represents the results of running a test suite-->
<test-results name="/var/www/Code/dylannet/dylandotnet/compiler/unit/unit.dll" total="785" errors="0" failures="0" not-run="0" inconclusive="0" ignored="0" skipped="0" invalid="0" date="2013-03-02" time="19:24:16">
  <environment nunit-version="2.6.0.0" clr-version="4.0.30319.17020" os-version="Unix 3.8.0.9" platform="Unix" cwd="/var/www/Code/dylannet/dylandotnet/compiler/unit" machine-name="ubuntu-server" user="dylan" user-domain="ubuntu-server" />
  <culture-info current-culture="en-GB" current-uiculture="en-GB" />
  <test-suite type="Assembly" name="/var/www/Code/dylannet/dylandotnet/compiler/unit/unit.dll" executed="True" result="Success" success="True" time="0.713" asserts="0">
    <results>
      <test-suite type="Namespace" name="dylan" executed="True" result="Success" success="True" time="0.707" asserts="0">
        <results>
          <test-suite type="Namespace" name="NET" executed="True" result="Success" success="True" time="0.707" asserts="0">
            <results>
              <test-suite type="Namespace" name="UnitTests" executed="True" result="Success" success="True" time="0.707" asserts="0">
                <results>
                  <test-suite type="TestFixture" name="TestParseUtils" executed="True" result="Success" success="True" time="0.654" asserts="0">
                    <results>
                      <test-case name="dylan.NET.UnitTests.TestParseUtils.TestProcessStringA" executed="True" result="Success" success="True" time="0.013" asserts="1" />
                      <test-case name="dylan.NET.UnitTests.TestParseUtils.TestProcessStringBS" executed="True" result="Success" success="True" time="0.000" asserts="1" />
                      <test-case name="dylan.NET.UnitTests.TestParseUtils.TestProcessStringBSL" executed="True" result="Success" success="True" time="0.000" asserts="1" />
                      <test-case name="dylan.NET.UnitTests.TestParseUtils.TestProcessStringCR" executed="True" result="Success" success="True" time="0.000" asserts="1" />
                      <test-suite type="ParameterizedTest" name="TestProcessStringExtASCII" executed="True" result="Success" success="True" time="0.204" asserts="0">
                        <results>
                          <test-case name="dylan.NET.UnitTests.TestParseUtils.TestProcessStringExtASCII(0)" executed="True" result="Success" success="True" time="0.002" asserts="1" />
                          <test-case name="dylan.NET.UnitTests.TestParseUtils.TestProcessStringExtASCII(1)" executed="True" result="Success" success="True" time="0.000" asserts="1" />
                          <test-case name="dylan.NET.UnitTests.TestParseUtils.TestProcessStringExtASCII(2)" executed="True" result="Success" success="True" time="0.000" asserts="1" />
                          <test-case name="dylan.NET.UnitTests.TestParseUtils.TestProcessStringExtASCII(3)" executed="True" result="Success" success="True" time="0.000" asserts="1" />
                          <test-case name="dylan.NET.UnitTests.TestParseUtils.TestProcessStringExtASCII(4)" executed="True" result="Success" success="True" time="0.000" asserts="1" />
                          <test-case name="dylan.NET.UnitTests.TestParseUtils.TestProcessStringExtASCII(5)" executed="True" result="Success" success="True" time="0.000" asserts="1" />
                          <test-case name="dylan.NET.UnitTests.TestParseUtils.TestProcessStringExtASCII(6)" executed="True" result="Success" success="True" time="0.000" asserts="1" />
                          <test-case name="dylan.NET.UnitTests.TestParseUtils.TestProcessStringExtASCII(7)" executed="True" result="Success" success="True" time="0.000" asserts="1" />
                          <test-case name="dylan.NET.UnitTests.TestParseUtils.TestProcessStringExtASCII(8)" executed="True" result="Success" success="True" time="0.000" asserts="1" />
                          <test-case name="dylan.NET.UnitTests.TestParseUtils.TestProcessStringExtASCII(9)" executed="True" result="Success" success="True" time="0.000" asserts="1" />
                          <test-case name="dylan.NET.UnitTests.TestParseUtils.TestProcessStringExtASCII(10)" executed="True" result="Success" success="True" time="0.000" asserts="1" />
                          <test-case name="dylan.NET.UnitTests.TestParseUtils.TestProcessStringExtASCII(11)" executed="True" result="Success" success="True" time="0.000" asserts="1" />
                          <test-case name="dylan.NET.UnitTests.TestParseUtils.TestProcessStringExtASCII(12)" executed="True" result="Success" success="True" time="0.000" asserts="1" />
                          <test-case name="dylan.NET.UnitTests.TestParseUtils.TestProcessStringExtASCII(13)" executed="True" result="Success" success="True" time="0.000" asserts="1" />
                          <test-case name="dylan.NET.UnitTests.TestParseUtils.TestProcessStringExtASCII(14)" executed="True" result="Success" success="True" time="0.000" asserts="1" />
                          <test-case name="dylan.NET.UnitTests.TestParseUtils.TestProcessStringExtASCII(15)" executed="True" result="Success" success="True" time="0.000" asserts="1" />
                          <test-case name="dylan.NET.UnitTests.TestParseUtils.TestProcessStringExtASCII(16)" executed="True" result="Success" success="True" time="0.000" asserts="1" />
                          <test-case name="dylan.NET.UnitTests.TestParseUtils.TestProcessStringExtASCII(17)" executed="True" result="Success" success="True" time="0.000" asserts="1" />
                          <test-case name="dylan.NET.UnitTests.TestParseUtils.TestProcessStringExtASCII(18)" executed="True" result="Success" success="True" time="0.000" asserts="1" />
                          <test-case name="dylan.NET.UnitTests.TestParseUtils.TestProcessStringExtASCII(19)" executed="True" result="Success" success="True" time="0.000" asserts="1" />
                          <test-case name="dylan.NET.UnitTests.TestParseUtils.TestProcessStringExtASCII(20)" executed="True" result="Success" success="True" time="0.000" asserts="1" />
                          <test-case name="dylan.NET.UnitTests.TestParseUtils.TestProcessStringExtASCII(21)" executed="True" result="Success" success="True" time="0.000" asserts="1" />
                          <test-case name="dylan.NET.UnitTests.TestParseUtils.TestProcessStringExtASCII(22)" executed="True" result="Success" success="True" time="0.000" asserts="1" />
                          <test-case name="dylan.NET.UnitTests.TestParseUtils.TestProcessStringExtASCII(23)" executed="True" result="Success" success="True" time="0.000" asserts="1" />
                          <test-case name="dylan.NET.UnitTests.TestParseUtils.TestProcessStringExtASCII(24)" executed="True" result="Success" success="True" time="0.000" asserts="1" />
                          <test-case name="dylan.NET.UnitTests.TestParseUtils.TestProcessStringExtASCII(25)" executed="True" result="Success" success="True" time="0.000" asserts="1" />
                          <test-case name="dylan.NET.UnitTests.TestParseUtils.TestProcessStringExtASCII(26)" executed="True" result="Success" success="True" time="0.000" asserts="1" />
                          <test-case name="dylan.NET.UnitTests.TestParseUtils.TestProcessStringExtASCII(27)" executed="True" result="Success" success="True" time="0.000" asserts="1" />
                          <test-case name="dylan.NET.UnitTests.TestParseUtils.TestProcessStringExtASCII(28)" executed="True" result="Success" success="True" time="0.000" asserts="1" />
                          <test-case name="dylan.NET.UnitTests.TestParseUtils.TestProcessStringExtASCII(29)" executed="True" result="Success" success="True" time="0.000" asserts="1" />
                          <test-case name="dylan.NET.UnitTests.TestParseUtils.TestProcessStringExtASCII(30)" executed="True" result="Success" success="True" time="0.000" asserts="1" />
                          <test-case name="dylan.NET.UnitTests.TestParseUtils.TestProcessStringExtASCII(31)" executed="True" result="Success" success="True" time="0.000" asserts="1" />
                          <test-case name="dylan.NET.UnitTests.TestParseUtils.TestProcessStringExtASCII(32)" executed="True" result="Success" success="True" time="0.000" asserts="1" />
                          <test-case name="dylan.NET.UnitTests.TestParseUtils.TestProcessStringExtASCII(33)" executed="True" result="Success" success="True" time="0.000" asserts="1" />
                          <test-case name="dylan.NET.UnitTests.TestParseUtils.TestProcessStringExtASCII(34)" executed="True" result="Success" success="True" time="0.000" asserts="1" />
                          <test-case name="dylan.NET.UnitTests.TestParseUtils.TestProcessStringExtASCII(35)" executed="True" result="Success" success="True" time="0.000" asserts="1" />
                          <test-case name="dylan.NET.UnitTests.TestParseUtils.TestProcessStringExtASCII(36)" executed="True" result="Success" success="True" time="0.000" asserts="1" />
                          <test-case name="dylan.NET.UnitTests.TestParseUtils.TestProcessStringExtASCII(37)" executed="True" result="Success" success="True" time="0.000" asserts="1" />
                          <test-case name="dylan.NET.UnitTests.TestParseUtils.TestProcessStringExtASCII(38)" executed="True" result="Success" success="True" time="0.000" asserts="1" />
                          <test-case name="dylan.NET.UnitTests.TestParseUtils.TestProcessStringExtASCII(39)" executed="True" result="Success" success="True" time="0.000" asserts="1" />
                          <test-case name="dylan.NET.UnitTests.TestParseUtils.TestProcessStringExtASCII(40)" executed="True" result="Success" success="True" time="0.000" asserts="1" />
                          <test-case name="dylan.NET.UnitTests.TestParseUtils.TestProcessStringExtASCII(41)" executed="True" result="Success" success="True" time="0.000" asserts="1" />
                          <test-case name="dylan.NET.UnitTests.TestParseUtils.TestProcessStringExtASCII(42)" executed="True" result="Success" success="True" time="0.000" asserts="1" />
                          <test-case name="dylan.NET.UnitTests.TestParseUtils.TestProcessStringExtASCII(43)" executed="True" result="Success" success="True" time="0.000" asserts="1" />
                          <test-case name="dylan.NET.UnitTests.TestParseUtils.TestProcessStringExtASCII(44)" executed="True" result="Success" success="True" time="0.000" asserts="1" />
                          <test-case name="dylan.NET.UnitTests.TestParseUtils.TestProcessStringExtASCII(45)" executed="True" result="Success" success="True" time="0.000" asserts="1" />
                          <test-case name="dylan.NET.UnitTests.TestParseUtils.TestProcessStringExtASCII(46)" executed="True" result="Success" success="True" time="0.000" asserts="1" />
                          <test-case name="dylan.NET.UnitTests.TestParseUtils.TestProcessStringExtASCII(47)" executed="True" result="Success" success="True" time="0.000" asserts="1" />
                          <test-case name="dylan.NET.UnitTests.TestParseUtils.TestProcessStringExtASCII(48)" executed="True" result="Success" success="True" time="0.000" asserts="1" />
                          <test-case name="dylan.NET.UnitTests.TestParseUtils.TestProcessStringExtASCII(49)" executed="True" result="Success" success="True" time="0.000" asserts="1" />
                          <test-case name="dylan.NET.UnitTests.TestParseUtils.TestProcessStringExtASCII(50)" executed="True" result="Success" success="True" time="0.000" asserts="1" />
                          <test-case name="dylan.NET.UnitTests.TestParseUtils.TestProcessStringExtASCII(51)" executed="True" result="Success" success="True" time="0.000" asserts="1" />
                          <test-case name="dylan.NET.UnitTests.TestParseUtils.TestProcessStringExtASCII(52)" executed="True" result="Success" success="True" time="0.000" asserts="1" />
                          <test-case name="dylan.NET.UnitTests.TestParseUtils.TestProcessStringExtASCII(53)" executed="True" result="Success" success="True" time="0.000" asserts="1" />
                          <test-case name="dylan.NET.UnitTests.TestParseUtils.TestProcessStringExtASCII(54)" executed="True" result="Success" success="True" time="0.000" asserts="1" />
                          <test-case name="dylan.NET.UnitTests.TestParseUtils.TestProcessStringExtASCII(55)" executed="True" result="Success" success="True" time="0.000" asserts="1" />
                          <test-case name="dylan.NET.UnitTests.TestParseUtils.TestProcessStringExtASCII(56)" executed="True" result="Success" success="True" time="0.000" asserts="1" />
                          <test-case name="dylan.NET.UnitTests.TestParseUtils.TestProcessStringExtASCII(57)" executed="True" result="Success" success="True" time="0.000" asserts="1" />
                          <test-case name="dylan.NET.UnitTests.TestParseUtils.TestProcessStringExtASCII(58)" executed="True" result="Success" success="True" time="0.000" asserts="1" />
                          <test-case name="dylan.NET.UnitTests.TestParseUtils.TestProcessStringExtASCII(59)" executed="True" result="Success" success="True" time="0.000" asserts="1" />
                          <test-case name="dylan.NET.UnitTests.TestParseUtils.TestProcessStringExtASCII(60)" executed="True" result="Success" success="True" time="0.000" asserts="1" />
                          <test-case name="dylan.NET.UnitTests.TestParseUtils.TestProcessStringExtASCII(61)" executed="True" result="Success" success="True" time="0.000" asserts="1" />
                          <test-case name="dylan.NET.UnitTests.TestParseUtils.TestProcessStringExtASCII(62)" executed="True" result="Success" success="True" time="0.000" asserts="1" />
                          <test-case name="dylan.NET.UnitTests.TestParseUtils.TestProcessStringExtASCII(63)" executed="True" result="Success" success="True" time="0.000" asserts="1" />
                          <test-case name="dylan.NET.UnitTests.TestParseUtils.TestProcessStringExtASCII(64)" executed="True" result="Success" success="True" time="0.000" asserts="1" />
                          <test-case name="dylan.NET.UnitTests.TestParseUtils.TestProcessStringExtASCII(65)" executed="True" result="Success" success="True" time="0.000" asserts="1" />
                          <test-case name="dylan.NET.UnitTests.TestParseUtils.TestProcessStringExtASCII(66)" executed="True" result="Success" success="True" time="0.000" asserts="1" />
                          <test-case name="dylan.NET.UnitTests.TestParseUtils.TestProcessStringExtASCII(67)" executed="True" result="Success" success="True" time="0.000" asserts="1" />
                          <test-case name="dylan.NET.UnitTests.TestParseUtils.TestProcessStringExtASCII(68)" executed="True" result="Success" success="True" time="0.000" asserts="1" />
                          <test-case name="dylan.NET.UnitTests.TestParseUtils.TestProcessStringExtASCII(69)" executed="True" result="Success" success="True" time="0.000" asserts="1" />
                          <test-case name="dylan.NET.UnitTests.TestParseUtils.TestProcessStringExtASCII(70)" executed="True" result="Success" success="True" time="0.000" asserts="1" />
                          <test-case name="dylan.NET.UnitTests.TestParseUtils.TestProcessStringExtASCII(71)" executed="True" result="Success" success="True" time="0.000" asserts="1" />
                          <test-case name="dylan.NET.UnitTests.TestParseUtils.TestProcessStringExtASCII(72)" executed="True" result="Success" success="True" time="0.000" asserts="1" />
                          <test-case name="dylan.NET.UnitTests.TestParseUtils.TestProcessStringExtASCII(73)" executed="True" result="Success" success="True" time="0.000" asserts="1" />
                          <test-case name="dylan.NET.UnitTests.TestParseUtils.TestProcessStringExtASCII(74)" executed="True" result="Success" success="True" time="0.000" asserts="1" />
                          <test-case name="dylan.NET.UnitTests.TestParseUtils.TestProcessStringExtASCII(75)" executed="True" result="Success" success="True" time="0.000" asserts="1" />
                          <test-case name="dylan.NET.UnitTests.TestParseUtils.TestProcessStringExtASCII(76)" executed="True" result="Success" success="True" time="0.000" asserts="1" />
                          <test-case name="dylan.NET.UnitTests.TestParseUtils.TestProcessStringExtASCII(77)" executed="True" result="Success" success="True" time="0.000" asserts="1" />
                          <test-case name="dylan.NET.UnitTests.TestParseUtils.TestProcessStringExtASCII(78)" executed="True" result="Success" success="True" time="0.000" asserts="1" />
                          <test-case name="dylan.NET.UnitTests.TestParseUtils.TestProcessStringExtASCII(79)" executed="True" result="Success" success="True" time="0.000" asserts="1" />
                          <test-case name="dylan.NET.UnitTests.TestParseUtils.TestProcessStringExtASCII(80)" executed="True" result="Success" success="True" time="0.000" asserts="1" />
                          <test-case name="dylan.NET.UnitTests.TestParseUtils.TestProcessStringExtASCII(81)" executed="True" result="Success" success="True" time="0.000" asserts="1" />
                          <test-case name="dylan.NET.UnitTests.TestParseUtils.TestProcessStringExtASCII(82)" executed="True" result="Success" success="True" time="0.000" asserts="1" />
                          <test-case name="dylan.NET.UnitTests.TestParseUtils.TestProcessStringExtASCII(83)" executed="True" result="Success" success="True" time="0.000" asserts="1" />
                          <test-case name="dylan.NET.UnitTests.TestParseUtils.TestProcessStringExtASCII(84)" executed="True" result="Success" success="True" time="0.000" asserts="1" />
                          <test-case name="dylan.NET.UnitTests.TestParseUtils.TestProcessStringExtASCII(85)" executed="True" result="Success" success="True" time="0.000" asserts="1" />
                          <test-case name="dylan.NET.UnitTests.TestParseUtils.TestProcessStringExtASCII(86)" executed="True" result="Success" success="True" time="0.000" asserts="1" />
                          <test-case name="dylan.NET.UnitTests.TestParseUtils.TestProcessStringExtASCII(87)" executed="True" result="Success" success="True" time="0.000" asserts="1" />
                          <test-case name="dylan.NET.UnitTests.TestParseUtils.TestProcessStringExtASCII(88)" executed="True" result="Success" success="True" time="0.000" asserts="1" />
                          <test-case name="dylan.NET.UnitTests.TestParseUtils.TestProcessStringExtASCII(89)" executed="True" result="Success" success="True" time="0.000" asserts="1" />
                          <test-case name="dylan.NET.UnitTests.TestParseUtils.TestProcessStringExtASCII(90)" executed="True" result="Success" success="True" time="0.000" asserts="1" />
                          <test-case name="dylan.NET.UnitTests.TestParseUtils.TestProcessStringExtASCII(91)" executed="True" result="Success" success="True" time="0.000" asserts="1" />
                          <test-case name="dylan.NET.UnitTests.TestParseUtils.TestProcessStringExtASCII(92)" executed="True" result="Success" success="True" time="0.000" asserts="1" />
                          <test-case name="dylan.NET.UnitTests.TestParseUtils.TestProcessStringExtASCII(93)" executed="True" result="Success" success="True" time="0.000" asserts="1" />
                          <test-case name="dylan.NET.UnitTests.TestParseUtils.TestProcessStringExtASCII(94)" executed="True" result="Success" success="True" time="0.000" asserts="1" />
                          <test-case name="dylan.NET.UnitTests.TestParseUtils.TestProcessStringExtASCII(95)" executed="True" result="Success" success="True" time="0.000" asserts="1" />
                          <test-case name="dylan.NET.UnitTests.TestParseUtils.TestProcessStringExtASCII(96)" executed="True" result="Success" success="True" time="0.000" asserts="1" />
                          <test-case name="dylan.NET.UnitTests.TestParseUtils.TestProcessStringExtASCII(97)" executed="True" result="Success" success="True" time="0.000" asserts="1" />
                          <test-case name="dylan.NET.UnitTests.TestParseUtils.TestProcessStringExtASCII(98)" executed="True" result="Success" success="True" time="0.000" asserts="1" />
                          <test-case name="dylan.NET.UnitTests.TestParseUtils.TestProcessStringExtASCII(99)" executed="True" result="Success" success="True" time="0.000" asserts="1" />
                          <test-case name="dylan.NET.UnitTests.TestParseUtils.TestProcessStringExtASCII(100)" executed="True" result="Success" success="True" time="0.000" asserts="1" />
                          <test-case name="dylan.NET.UnitTests.TestParseUtils.TestProcessStringExtASCII(101)" executed="True" result="Success" success="True" time="0.000" asserts="1" />
                          <test-case name="dylan.NET.UnitTests.TestParseUtils.TestProcessStringExtASCII(102)" executed="True" result="Success" success="True" time="0.000" asserts="1" />
                          <test-case name="dylan.NET.UnitTests.TestParseUtils.TestProcessStringExtASCII(103)" executed="True" result="Success" success="True" time="0.000" asserts="1" />
                          <test-case name="dylan.NET.UnitTests.TestParseUtils.TestProcessStringExtASCII(104)" executed="True" result="Success" success="True" time="0.000" asserts="1" />
                          <test-case name="dylan.NET.UnitTests.TestParseUtils.TestProcessStringExtASCII(105)" executed="True" result="Success" success="True" time="0.000" asserts="1" />
                          <test-case name="dylan.NET.UnitTests.TestParseUtils.TestProcessStringExtASCII(106)" executed="True" result="Success" success="True" time="0.000" asserts="1" />
                          <test-case name="dylan.NET.UnitTests.TestParseUtils.TestProcessStringExtASCII(107)" executed="True" result="Success" success="True" time="0.000" asserts="1" />
                          <test-case name="dylan.NET.UnitTests.TestParseUtils.TestProcessStringExtASCII(108)" executed="True" result="Success" success="True" time="0.000" asserts="1" />
                          <test-case name="dylan.NET.UnitTests.TestParseUtils.TestProcessStringExtASCII(109)" executed="True" result="Success" success="True" time="0.000" asserts="1" />
                          <test-case name="dylan.NET.UnitTests.TestParseUtils.TestProcessStringExtASCII(110)" executed="True" result="Success" success="True" time="0.000" asserts="1" />
                          <test-case name="dylan.NET.UnitTests.TestParseUtils.TestProcessStringExtASCII(111)" executed="True" result="Success" success="True" time="0.000" asserts="1" />
                          <test-case name="dylan.NET.UnitTests.TestParseUtils.TestProcessStringExtASCII(112)" executed="True" result="Success" success="True" time="0.000" asserts="1" />
                          <test-case name="dylan.NET.UnitTests.TestParseUtils.TestProcessStringExtASCII(113)" executed="True" result="Success" success="True" time="0.000" asserts="1" />
                          <test-case name="dylan.NET.UnitTests.TestParseUtils.TestProcessStringExtASCII(114)" executed="True" result="Success" success="True" time="0.000" asserts="1" />
                          <test-case name="dylan.NET.UnitTests.TestParseUtils.TestProcessStringExtASCII(115)" executed="True" result="Success" success="True" time="0.000" asserts="1" />
                          <test-case name="dylan.NET.UnitTests.TestParseUtils.TestProcessStringExtASCII(116)" executed="True" result="Success" success="True" time="0.000" asserts="1" />
                          <test-case name="dylan.NET.UnitTests.TestParseUtils.TestProcessStringExtASCII(117)" executed="True" result="Success" success="True" time="0.000" asserts="1" />
                          <test-case name="dylan.NET.UnitTests.TestParseUtils.TestProcessStringExtASCII(118)" executed="True" result="Success" success="True" time="0.000" asserts="1" />
                          <test-case name="dylan.NET.UnitTests.TestParseUtils.TestProcessStringExtASCII(119)" executed="True" result="Success" success="True" time="0.000" asserts="1" />
                          <test-case name="dylan.NET.UnitTests.TestParseUtils.TestProcessStringExtASCII(120)" executed="True" result="Success" success="True" time="0.000" asserts="1" />
                          <test-case name="dylan.NET.UnitTests.TestParseUtils.TestProcessStringExtASCII(121)" executed="True" result="Success" success="True" time="0.000" asserts="1" />
                          <test-case name="dylan.NET.UnitTests.TestParseUtils.TestProcessStringExtASCII(122)" executed="True" result="Success" success="True" time="0.000" asserts="1" />
                          <test-case name="dylan.NET.UnitTests.TestParseUtils.TestProcessStringExtASCII(123)" executed="True" result="Success" success="True" time="0.000" asserts="1" />
                          <test-case name="dylan.NET.UnitTests.TestParseUtils.TestProcessStringExtASCII(124)" executed="True" result="Success" success="True" time="0.000" asserts="1" />
                          <test-case name="dylan.NET.UnitTests.TestParseUtils.TestProcessStringExtASCII(125)" executed="True" result="Success" success="True" time="0.000" asserts="1" />
                          <test-case name="dylan.NET.UnitTests.TestParseUtils.TestProcessStringExtASCII(126)" executed="True" result="Success" success="True" time="0.000" asserts="1" />
                          <test-case name="dylan.NET.UnitTests.TestParseUtils.TestProcessStringExtASCII(127)" executed="True" result="Success" success="True" time="0.000" asserts="1" />
                          <test-case name="dylan.NET.UnitTests.TestParseUtils.TestProcessStringExtASCII(128)" executed="True" result="Success" success="True" time="0.000" asserts="1" />
                          <test-case name="dylan.NET.UnitTests.TestParseUtils.TestProcessStringExtASCII(129)" executed="True" result="Success" success="True" time="0.000" asserts="1" />
                          <test-case name="dylan.NET.UnitTests.TestParseUtils.TestProcessStringExtASCII(130)" executed="True" result="Success" success="True" time="0.000" asserts="1" />
                          <test-case name="dylan.NET.UnitTests.TestParseUtils.TestProcessStringExtASCII(131)" executed="True" result="Success" success="True" time="0.000" asserts="1" />
                          <test-case name="dylan.NET.UnitTests.TestParseUtils.TestProcessStringExtASCII(132)" executed="True" result="Success" success="True" time="0.000" asserts="1" />
                          <test-case name="dylan.NET.UnitTests.TestParseUtils.TestProcessStringExtASCII(133)" executed="True" result="Success" success="True" time="0.000" asserts="1" />
                          <test-case name="dylan.NET.UnitTests.TestParseUtils.TestProcessStringExtASCII(134)" executed="True" result="Success" success="True" time="0.000" asserts="1" />
                          <test-case name="dylan.NET.UnitTests.TestParseUtils.TestProcessStringExtASCII(135)" executed="True" result="Success" success="True" time="0.000" asserts="1" />
                          <test-case name="dylan.NET.UnitTests.TestParseUtils.TestProcessStringExtASCII(136)" executed="True" result="Success" success="True" time="0.000" asserts="1" />
                          <test-case name="dylan.NET.UnitTests.TestParseUtils.TestProcessStringExtASCII(137)" executed="True" result="Success" success="True" time="0.000" asserts="1" />
                          <test-case name="dylan.NET.UnitTests.TestParseUtils.TestProcessStringExtASCII(138)" executed="True" result="Success" success="True" time="0.000" asserts="1" />
                          <test-case name="dylan.NET.UnitTests.TestParseUtils.TestProcessStringExtASCII(139)" executed="True" result="Success" success="True" time="0.000" asserts="1" />
                          <test-case name="dylan.NET.UnitTests.TestParseUtils.TestProcessStringExtASCII(140)" executed="True" result="Success" success="True" time="0.000" asserts="1" />
                          <test-case name="dylan.NET.UnitTests.TestParseUtils.TestProcessStringExtASCII(141)" executed="True" result="Success" success="True" time="0.000" asserts="1" />
                          <test-case name="dylan.NET.UnitTests.TestParseUtils.TestProcessStringExtASCII(142)" executed="True" result="Success" success="True" time="0.000" asserts="1" />
                          <test-case name="dylan.NET.UnitTests.TestParseUtils.TestProcessStringExtASCII(143)" executed="True" result="Success" success="True" time="0.000" asserts="1" />
                          <test-case name="dylan.NET.UnitTests.TestParseUtils.TestProcessStringExtASCII(144)" executed="True" result="Success" success="True" time="0.000" asserts="1" />
                          <test-case name="dylan.NET.UnitTests.TestParseUtils.TestProcessStringExtASCII(145)" executed="True" result="Success" success="True" time="0.000" asserts="1" />
                          <test-case name="dylan.NET.UnitTests.TestParseUtils.TestProcessStringExtASCII(146)" executed="True" result="Success" success="True" time="0.000" asserts="1" />
                          <test-case name="dylan.NET.UnitTests.TestParseUtils.TestProcessStringExtASCII(147)" executed="True" result="Success" success="True" time="0.000" asserts="1" />
                          <test-case name="dylan.NET.UnitTests.TestParseUtils.TestProcessStringExtASCII(148)" executed="True" result="Success" success="True" time="0.000" asserts="1" />
                          <test-case name="dylan.NET.UnitTests.TestParseUtils.TestProcessStringExtASCII(149)" executed="True" result="Success" success="True" time="0.000" asserts="1" />
                          <test-case name="dylan.NET.UnitTests.TestParseUtils.TestProcessStringExtASCII(150)" executed="True" result="Success" success="True" time="0.000" asserts="1" />
                          <test-case name="dylan.NET.UnitTests.TestParseUtils.TestProcessStringExtASCII(151)" executed="True" result="Success" success="True" time="0.000" asserts="1" />
                          <test-case name="dylan.NET.UnitTests.TestParseUtils.TestProcessStringExtASCII(152)" executed="True" result="Success" success="True" time="0.000" asserts="1" />
                          <test-case name="dylan.NET.UnitTests.TestParseUtils.TestProcessStringExtASCII(153)" executed="True" result="Success" success="True" time="0.000" asserts="1" />
                          <test-case name="dylan.NET.UnitTests.TestParseUtils.TestProcessStringExtASCII(154)" executed="True" result="Success" success="True" time="0.000" asserts="1" />
                          <test-case name="dylan.NET.UnitTests.TestParseUtils.TestProcessStringExtASCII(155)" executed="True" result="Success" success="True" time="0.000" asserts="1" />
                          <test-case name="dylan.NET.UnitTests.TestParseUtils.TestProcessStringExtASCII(156)" executed="True" result="Success" success="True" time="0.000" asserts="1" />
                          <test-case name="dylan.NET.UnitTests.TestParseUtils.TestProcessStringExtASCII(157)" executed="True" result="Success" success="True" time="0.000" asserts="1" />
                          <test-case name="dylan.NET.UnitTests.TestParseUtils.TestProcessStringExtASCII(158)" executed="True" result="Success" success="True" time="0.000" asserts="1" />
                          <test-case name="dylan.NET.UnitTests.TestParseUtils.TestProcessStringExtASCII(159)" executed="True" result="Success" success="True" time="0.000" asserts="1" />
                          <test-case name="dylan.NET.UnitTests.TestParseUtils.TestProcessStringExtASCII(160)" executed="True" result="Success" success="True" time="0.000" asserts="1" />
                          <test-case name="dylan.NET.UnitTests.TestParseUtils.TestProcessStringExtASCII(161)" executed="True" result="Success" success="True" time="0.000" asserts="1" />
                          <test-case name="dylan.NET.UnitTests.TestParseUtils.TestProcessStringExtASCII(162)" executed="True" result="Success" success="True" time="0.000" asserts="1" />
                          <test-case name="dylan.NET.UnitTests.TestParseUtils.TestProcessStringExtASCII(163)" executed="True" result="Success" success="True" time="0.000" asserts="1" />
                          <test-case name="dylan.NET.UnitTests.TestParseUtils.TestProcessStringExtASCII(164)" executed="True" result="Success" success="True" time="0.000" asserts="1" />
                          <test-case name="dylan.NET.UnitTests.TestParseUtils.TestProcessStringExtASCII(165)" executed="True" result="Success" success="True" time="0.000" asserts="1" />
                          <test-case name="dylan.NET.UnitTests.TestParseUtils.TestProcessStringExtASCII(166)" executed="True" result="Success" success="True" time="0.000" asserts="1" />
                          <test-case name="dylan.NET.UnitTests.TestParseUtils.TestProcessStringExtASCII(167)" executed="True" result="Success" success="True" time="0.000" asserts="1" />
                          <test-case name="dylan.NET.UnitTests.TestParseUtils.TestProcessStringExtASCII(168)" executed="True" result="Success" success="True" time="0.000" asserts="1" />
                          <test-case name="dylan.NET.UnitTests.TestParseUtils.TestProcessStringExtASCII(169)" executed="True" result="Success" success="True" time="0.000" asserts="1" />
                          <test-case name="dylan.NET.UnitTests.TestParseUtils.TestProcessStringExtASCII(170)" executed="True" result="Success" success="True" time="0.000" asserts="1" />
                          <test-case name="dylan.NET.UnitTests.TestParseUtils.TestProcessStringExtASCII(171)" executed="True" result="Success" success="True" time="0.000" asserts="1" />
                          <test-case name="dylan.NET.UnitTests.TestParseUtils.TestProcessStringExtASCII(172)" executed="True" result="Success" success="True" time="0.000" asserts="1" />
                          <test-case name="dylan.NET.UnitTests.TestParseUtils.TestProcessStringExtASCII(173)" executed="True" result="Success" success="True" time="0.000" asserts="1" />
                          <test-case name="dylan.NET.UnitTests.TestParseUtils.TestProcessStringExtASCII(174)" executed="True" result="Success" success="True" time="0.000" asserts="1" />
                          <test-case name="dylan.NET.UnitTests.TestParseUtils.TestProcessStringExtASCII(175)" executed="True" result="Success" success="True" time="0.000" asserts="1" />
                          <test-case name="dylan.NET.UnitTests.TestParseUtils.TestProcessStringExtASCII(176)" executed="True" result="Success" success="True" time="0.000" asserts="1" />
                          <test-case name="dylan.NET.UnitTests.TestParseUtils.TestProcessStringExtASCII(177)" executed="True" result="Success" success="True" time="0.000" asserts="1" />
                          <test-case name="dylan.NET.UnitTests.TestParseUtils.TestProcessStringExtASCII(178)" executed="True" result="Success" success="True" time="0.000" asserts="1" />
                          <test-case name="dylan.NET.UnitTests.TestParseUtils.TestProcessStringExtASCII(179)" executed="True" result="Success" success="True" time="0.000" asserts="1" />
                          <test-case name="dylan.NET.UnitTests.TestParseUtils.TestProcessStringExtASCII(180)" executed="True" result="Success" success="True" time="0.000" asserts="1" />
                          <test-case name="dylan.NET.UnitTests.TestParseUtils.TestProcessStringExtASCII(181)" executed="True" result="Success" success="True" time="0.000" asserts="1" />
                          <test-case name="dylan.NET.UnitTests.TestParseUtils.TestProcessStringExtASCII(182)" executed="True" result="Success" success="True" time="0.000" asserts="1" />
                          <test-case name="dylan.NET.UnitTests.TestParseUtils.TestProcessStringExtASCII(183)" executed="True" result="Success" success="True" time="0.000" asserts="1" />
                          <test-case name="dylan.NET.UnitTests.TestParseUtils.TestProcessStringExtASCII(184)" executed="True" result="Success" success="True" time="0.000" asserts="1" />
                          <test-case name="dylan.NET.UnitTests.TestParseUtils.TestProcessStringExtASCII(185)" executed="True" result="Success" success="True" time="0.000" asserts="1" />
                          <test-case name="dylan.NET.UnitTests.TestParseUtils.TestProcessStringExtASCII(186)" executed="True" result="Success" success="True" time="0.000" asserts="1" />
                          <test-case name="dylan.NET.UnitTests.TestParseUtils.TestProcessStringExtASCII(187)" executed="True" result="Success" success="True" time="0.000" asserts="1" />
                          <test-case name="dylan.NET.UnitTests.TestParseUtils.TestProcessStringExtASCII(188)" executed="True" result="Success" success="True" time="0.000" asserts="1" />
                          <test-case name="dylan.NET.UnitTests.TestParseUtils.TestProcessStringExtASCII(189)" executed="True" result="Success" success="True" time="0.000" asserts="1" />
                          <test-case name="dylan.NET.UnitTests.TestParseUtils.TestProcessStringExtASCII(190)" executed="True" result="Success" success="True" time="0.000" asserts="1" />
                          <test-case name="dylan.NET.UnitTests.TestParseUtils.TestProcessStringExtASCII(191)" executed="True" result="Success" success="True" time="0.000" asserts="1" />
                          <test-case name="dylan.NET.UnitTests.TestParseUtils.TestProcessStringExtASCII(192)" executed="True" result="Success" success="True" time="0.000" asserts="1" />
                          <test-case name="dylan.NET.UnitTests.TestParseUtils.TestProcessStringExtASCII(193)" executed="True" result="Success" success="True" time="0.000" asserts="1" />
                          <test-case name="dylan.NET.UnitTests.TestParseUtils.TestProcessStringExtASCII(194)" executed="True" result="Success" success="True" time="0.000" asserts="1" />
                          <test-case name="dylan.NET.UnitTests.TestParseUtils.TestProcessStringExtASCII(195)" executed="True" result="Success" success="True" time="0.000" asserts="1" />
                          <test-case name="dylan.NET.UnitTests.TestParseUtils.TestProcessStringExtASCII(196)" executed="True" result="Success" success="True" time="0.000" asserts="1" />
                          <test-case name="dylan.NET.UnitTests.TestParseUtils.TestProcessStringExtASCII(197)" executed="True" result="Success" success="True" time="0.000" asserts="1" />
                          <test-case name="dylan.NET.UnitTests.TestParseUtils.TestProcessStringExtASCII(198)" executed="True" result="Success" success="True" time="0.000" asserts="1" />
                          <test-case name="dylan.NET.UnitTests.TestParseUtils.TestProcessStringExtASCII(199)" executed="True" result="Success" success="True" time="0.000" asserts="1" />
                          <test-case name="dylan.NET.UnitTests.TestParseUtils.TestProcessStringExtASCII(200)" executed="True" result="Success" success="True" time="0.000" asserts="1" />
                          <test-case name="dylan.NET.UnitTests.TestParseUtils.TestProcessStringExtASCII(201)" executed="True" result="Success" success="True" time="0.000" asserts="1" />
                          <test-case name="dylan.NET.UnitTests.TestParseUtils.TestProcessStringExtASCII(202)" executed="True" result="Success" success="True" time="0.000" asserts="1" />
                          <test-case name="dylan.NET.UnitTests.TestParseUtils.TestProcessStringExtASCII(203)" executed="True" result="Success" success="True" time="0.000" asserts="1" />
                          <test-case name="dylan.NET.UnitTests.TestParseUtils.TestProcessStringExtASCII(204)" executed="True" result="Success" success="True" time="0.000" asserts="1" />
                          <test-case name="dylan.NET.UnitTests.TestParseUtils.TestProcessStringExtASCII(205)" executed="True" result="Success" success="True" time="0.000" asserts="1" />
                          <test-case name="dylan.NET.UnitTests.TestParseUtils.TestProcessStringExtASCII(206)" executed="True" result="Success" success="True" time="0.000" asserts="1" />
                          <test-case name="dylan.NET.UnitTests.TestParseUtils.TestProcessStringExtASCII(207)" executed="True" result="Success" success="True" time="0.000" asserts="1" />
                          <test-case name="dylan.NET.UnitTests.TestParseUtils.TestProcessStringExtASCII(208)" executed="True" result="Success" success="True" time="0.000" asserts="1" />
                          <test-case name="dylan.NET.UnitTests.TestParseUtils.TestProcessStringExtASCII(209)" executed="True" result="Success" success="True" time="0.002" asserts="1" />
                          <test-case name="dylan.NET.UnitTests.TestParseUtils.TestProcessStringExtASCII(210)" executed="True" result="Success" success="True" time="0.000" asserts="1" />
                          <test-case name="dylan.NET.UnitTests.TestParseUtils.TestProcessStringExtASCII(211)" executed="True" result="Success" success="True" time="0.000" asserts="1" />
                          <test-case name="dylan.NET.UnitTests.TestParseUtils.TestProcessStringExtASCII(212)" executed="True" result="Success" success="True" time="0.000" asserts="1" />
                          <test-case name="dylan.NET.UnitTests.TestParseUtils.TestProcessStringExtASCII(213)" executed="True" result="Success" success="True" time="0.000" asserts="1" />
                          <test-case name="dylan.NET.UnitTests.TestParseUtils.TestProcessStringExtASCII(214)" executed="True" result="Success" success="True" time="0.000" asserts="1" />
                          <test-case name="dylan.NET.UnitTests.TestParseUtils.TestProcessStringExtASCII(215)" executed="True" result="Success" success="True" time="0.000" asserts="1" />
                          <test-case name="dylan.NET.UnitTests.TestParseUtils.TestProcessStringExtASCII(216)" executed="True" result="Success" success="True" time="0.000" asserts="1" />
                          <test-case name="dylan.NET.UnitTests.TestParseUtils.TestProcessStringExtASCII(217)" executed="True" result="Success" success="True" time="0.000" asserts="1" />
                          <test-case name="dylan.NET.UnitTests.TestParseUtils.TestProcessStringExtASCII(218)" executed="True" result="Success" success="True" time="0.000" asserts="1" />
                          <test-case name="dylan.NET.UnitTests.TestParseUtils.TestProcessStringExtASCII(219)" executed="True" result="Success" success="True" time="0.000" asserts="1" />
                          <test-case name="dylan.NET.UnitTests.TestParseUtils.TestProcessStringExtASCII(220)" executed="True" result="Success" success="True" time="0.000" asserts="1" />
                          <test-case name="dylan.NET.UnitTests.TestParseUtils.TestProcessStringExtASCII(221)" executed="True" result="Success" success="True" time="0.000" asserts="1" />
                          <test-case name="dylan.NET.UnitTests.TestParseUtils.TestProcessStringExtASCII(222)" executed="True" result="Success" success="True" time="0.000" asserts="1" />
                          <test-case name="dylan.NET.UnitTests.TestParseUtils.TestProcessStringExtASCII(223)" executed="True" result="Success" success="True" time="0.000" asserts="1" />
                          <test-case name="dylan.NET.UnitTests.TestParseUtils.TestProcessStringExtASCII(224)" executed="True" result="Success" success="True" time="0.000" asserts="1" />
                          <test-case name="dylan.NET.UnitTests.TestParseUtils.TestProcessStringExtASCII(225)" executed="True" result="Success" success="True" time="0.000" asserts="1" />
                          <test-case name="dylan.NET.UnitTests.TestParseUtils.TestProcessStringExtASCII(226)" executed="True" result="Success" success="True" time="0.000" asserts="1" />
                          <test-case name="dylan.NET.UnitTests.TestParseUtils.TestProcessStringExtASCII(227)" executed="True" result="Success" success="True" time="0.000" asserts="1" />
                          <test-case name="dylan.NET.UnitTests.TestParseUtils.TestProcessStringExtASCII(228)" executed="True" result="Success" success="True" time="0.000" asserts="1" />
                          <test-case name="dylan.NET.UnitTests.TestParseUtils.TestProcessStringExtASCII(229)" executed="True" result="Success" success="True" time="0.000" asserts="1" />
                          <test-case name="dylan.NET.UnitTests.TestParseUtils.TestProcessStringExtASCII(230)" executed="True" result="Success" success="True" time="0.000" asserts="1" />
                          <test-case name="dylan.NET.UnitTests.TestParseUtils.TestProcessStringExtASCII(231)" executed="True" result="Success" success="True" time="0.000" asserts="1" />
                          <test-case name="dylan.NET.UnitTests.TestParseUtils.TestProcessStringExtASCII(232)" executed="True" result="Success" success="True" time="0.000" asserts="1" />
                          <test-case name="dylan.NET.UnitTests.TestParseUtils.TestProcessStringExtASCII(233)" executed="True" result="Success" success="True" time="0.000" asserts="1" />
                          <test-case name="dylan.NET.UnitTests.TestParseUtils.TestProcessStringExtASCII(234)" executed="True" result="Success" success="True" time="0.000" asserts="1" />
                          <test-case name="dylan.NET.UnitTests.TestParseUtils.TestProcessStringExtASCII(235)" executed="True" result="Success" success="True" time="0.000" asserts="1" />
                          <test-case name="dylan.NET.UnitTests.TestParseUtils.TestProcessStringExtASCII(236)" executed="True" result="Success" success="True" time="0.000" asserts="1" />
                          <test-case name="dylan.NET.UnitTests.TestParseUtils.TestProcessStringExtASCII(237)" executed="True" result="Success" success="True" time="0.000" asserts="1" />
                          <test-case name="dylan.NET.UnitTests.TestParseUtils.TestProcessStringExtASCII(238)" executed="True" result="Success" success="True" time="0.000" asserts="1" />
                          <test-case name="dylan.NET.UnitTests.TestParseUtils.TestProcessStringExtASCII(239)" executed="True" result="Success" success="True" time="0.000" asserts="1" />
                          <test-case name="dylan.NET.UnitTests.TestParseUtils.TestProcessStringExtASCII(240)" executed="True" result="Success" success="True" time="0.000" asserts="1" />
                          <test-case name="dylan.NET.UnitTests.TestParseUtils.TestProcessStringExtASCII(241)" executed="True" result="Success" success="True" time="0.000" asserts="1" />
                          <test-case name="dylan.NET.UnitTests.TestParseUtils.TestProcessStringExtASCII(242)" executed="True" result="Success" success="True" time="0.000" asserts="1" />
                          <test-case name="dylan.NET.UnitTests.TestParseUtils.TestProcessStringExtASCII(243)" executed="True" result="Success" success="True" time="0.000" asserts="1" />
                          <test-case name="dylan.NET.UnitTests.TestParseUtils.TestProcessStringExtASCII(244)" executed="True" result="Success" success="True" time="0.000" asserts="1" />
                          <test-case name="dylan.NET.UnitTests.TestParseUtils.TestProcessStringExtASCII(245)" executed="True" result="Success" success="True" time="0.000" asserts="1" />
                          <test-case name="dylan.NET.UnitTests.TestParseUtils.TestProcessStringExtASCII(246)" executed="True" result="Success" success="True" time="0.000" asserts="1" />
                          <test-case name="dylan.NET.UnitTests.TestParseUtils.TestProcessStringExtASCII(247)" executed="True" result="Success" success="True" time="0.000" asserts="1" />
                          <test-case name="dylan.NET.UnitTests.TestParseUtils.TestProcessStringExtASCII(248)" executed="True" result="Success" success="True" time="0.000" asserts="1" />
                          <test-case name="dylan.NET.UnitTests.TestParseUtils.TestProcessStringExtASCII(249)" executed="True" result="Success" success="True" time="0.000" asserts="1" />
                          <test-case name="dylan.NET.UnitTests.TestParseUtils.TestProcessStringExtASCII(250)" executed="True" result="Success" success="True" time="0.000" asserts="1" />
                          <test-case name="dylan.NET.UnitTests.TestParseUtils.TestProcessStringExtASCII(251)" executed="True" result="Success" success="True" time="0.000" asserts="1" />
                          <test-case name="dylan.NET.UnitTests.TestParseUtils.TestProcessStringExtASCII(252)" executed="True" result="Success" success="True" time="0.000" asserts="1" />
                          <test-case name="dylan.NET.UnitTests.TestParseUtils.TestProcessStringExtASCII(253)" executed="True" result="Success" success="True" time="0.000" asserts="1" />
                          <test-case name="dylan.NET.UnitTests.TestParseUtils.TestProcessStringExtASCII(254)" executed="True" result="Success" success="True" time="0.000" asserts="1" />
                          <test-case name="dylan.NET.UnitTests.TestParseUtils.TestProcessStringExtASCII(255)" executed="True" result="Success" success="True" time="0.000" asserts="1" />
                        </results>
                      </test-suite>
                      <test-case name="dylan.NET.UnitTests.TestParseUtils.TestProcessStringFF" executed="True" result="Success" success="True" time="0.000" asserts="1" />
                      <test-case name="dylan.NET.UnitTests.TestParseUtils.TestProcessStringLF" executed="True" result="Success" success="True" time="0.000" asserts="1" />
                      <test-case name="dylan.NET.UnitTests.TestParseUtils.TestProcessStringNUL" executed="True" result="Success" success="True" time="0.000" asserts="1" />
                      <test-case name="dylan.NET.UnitTests.TestParseUtils.TestProcessStringQ" executed="True" result="Success" success="True" time="0.000" asserts="1" />
                      <test-case name="dylan.NET.UnitTests.TestParseUtils.TestProcessStringS" executed="True" result="Success" success="True" time="0.000" asserts="1" />
                      <test-case name="dylan.NET.UnitTests.TestParseUtils.TestProcessStringTAB" executed="True" result="Success" success="True" time="0.000" asserts="1" />
                      <test-suite type="ParameterizedTest" name="TestProcessStringUTF16" executed="True" result="Success" success="True" time="0.340" asserts="0">
                        <results>
                          <test-case name="dylan.NET.UnitTests.TestParseUtils.TestProcessStringUTF16(24226)" executed="True" result="Success" success="True" time="0.000" asserts="1" />
                          <test-case name="dylan.NET.UnitTests.TestParseUtils.TestProcessStringUTF16(42327)" executed="True" result="Success" success="True" time="0.000" asserts="1" />
                          <test-case name="dylan.NET.UnitTests.TestParseUtils.TestProcessStringUTF16(20085)" executed="True" result="Success" success="True" time="0.000" asserts="1" />
                          <test-case name="dylan.NET.UnitTests.TestParseUtils.TestProcessStringUTF16(26185)" executed="True" result="Success" success="True" time="0.000" asserts="1" />
                          <test-case name="dylan.NET.UnitTests.TestParseUtils.TestProcessStringUTF16(15665)" executed="True" result="Success" success="True" time="0.000" asserts="1" />
                          <test-case name="dylan.NET.UnitTests.TestParseUtils.TestProcessStringUTF16(40502)" executed="True" result="Success" success="True" time="0.000" asserts="1" />
                          <test-case name="dylan.NET.UnitTests.TestParseUtils.TestProcessStringUTF16(52636)" executed="True" result="Success" success="True" time="0.000" asserts="1" />
                          <test-case name="dylan.NET.UnitTests.TestParseUtils.TestProcessStringUTF16(63058)" executed="True" result="Success" success="True" time="0.000" asserts="1" />
                          <test-case name="dylan.NET.UnitTests.TestParseUtils.TestProcessStringUTF16(9849)" executed="True" result="Success" success="True" time="0.000" asserts="1" />
                          <test-case name="dylan.NET.UnitTests.TestParseUtils.TestProcessStringUTF16(61729)" executed="True" result="Success" success="True" time="0.000" asserts="1" />
                          <test-case name="dylan.NET.UnitTests.TestParseUtils.TestProcessStringUTF16(34995)" executed="True" result="Success" success="True" time="0.000" asserts="1" />
                          <test-case name="dylan.NET.UnitTests.TestParseUtils.TestProcessStringUTF16(50564)" executed="True" result="Success" success="True" time="0.000" asserts="1" />
                          <test-case name="dylan.NET.UnitTests.TestParseUtils.TestProcessStringUTF16(48275)" executed="True" result="Success" success="True" time="0.000" asserts="1" />
                          <test-case name="dylan.NET.UnitTests.TestParseUtils.TestProcessStringUTF16(56482)" executed="True" result="Success" success="True" time="0.000" asserts="1" />
                          <test-case name="dylan.NET.UnitTests.TestParseUtils.TestProcessStringUTF16(56566)" executed="True" result="Success" success="True" time="0.000" asserts="1" />
                          <test-case name="dylan.NET.UnitTests.TestParseUtils.TestProcessStringUTF16(45832)" executed="True" result="Success" success="True" time="0.000" asserts="1" />
                          <test-case name="dylan.NET.UnitTests.TestParseUtils.TestProcessStringUTF16(19826)" executed="True" result="Success" success="True" time="0.000" asserts="1" />
                          <test-case name="dylan.NET.UnitTests.TestParseUtils.TestProcessStringUTF16(7316)" executed="True" result="Success" success="True" time="0.000" asserts="1" />
                          <test-case name="dylan.NET.UnitTests.TestParseUtils.TestProcessStringUTF16(4812)" executed="True" result="Success" success="True" time="0.000" asserts="1" />
                          <test-case name="dylan.NET.UnitTests.TestParseUtils.TestProcessStringUTF16(62728)" executed="True" result="Success" success="True" time="0.000" asserts="1" />
                          <test-case name="dylan.NET.UnitTests.TestParseUtils.TestProcessStringUTF16(21756)" executed="True" result="Success" success="True" time="0.000" asserts="1" />
                          <test-case name="dylan.NET.UnitTests.TestParseUtils.TestProcessStringUTF16(59020)" executed="True" result="Success" success="True" time="0.000" asserts="1" />
                          <test-case name="dylan.NET.UnitTests.TestParseUtils.TestProcessStringUTF16(42301)" executed="True" result="Success" success="True" time="0.000" asserts="1" />
                          <test-case name="dylan.NET.UnitTests.TestParseUtils.TestProcessStringUTF16(30326)" executed="True" result="Success" success="True" time="0.000" asserts="1" />
                          <test-case name="dylan.NET.UnitTests.TestParseUtils.TestProcessStringUTF16(45002)" executed="True" result="Success" success="True" time="0.000" asserts="1" />
                          <test-case name="dylan.NET.UnitTests.TestParseUtils.TestProcessStringUTF16(31338)" executed="True" result="Success" success="True" time="0.000" asserts="1" />
                          <test-case name="dylan.NET.UnitTests.TestParseUtils.TestProcessStringUTF16(26889)" executed="True" result="Success" success="True" time="0.000" asserts="1" />
                          <test-case name="dylan.NET.UnitTests.TestParseUtils.TestProcessStringUTF16(42419)" executed="True" result="Success" success="True" time="0.000" asserts="1" />
                          <test-case name="dylan.NET.UnitTests.TestParseUtils.TestProcessStringUTF16(6255)" executed="True" result="Success" success="True" time="0.000" asserts="1" />
                          <test-case name="dylan.NET.UnitTests.TestParseUtils.TestProcessStringUTF16(14742)" executed="True" result="Success" success="True" time="0.000" asserts="1" />
                          <test-case name="dylan.NET.UnitTests.TestParseUtils.TestProcessStringUTF16(23967)" executed="True" result="Success" success="True" time="0.000" asserts="1" />
                          <test-case name="dylan.NET.UnitTests.TestParseUtils.TestProcessStringUTF16(55915)" executed="True" result="Success" success="True" time="0.000" asserts="1" />
                          <test-case name="dylan.NET.UnitTests.TestParseUtils.TestProcessStringUTF16(15223)" executed="True" result="Success" success="True" time="0.000" asserts="1" />
                          <test-case name="dylan.NET.UnitTests.TestParseUtils.TestProcessStringUTF16(34367)" executed="True" result="Success" success="True" time="0.000" asserts="1" />
                          <test-case name="dylan.NET.UnitTests.TestParseUtils.TestProcessStringUTF16(6848)" executed="True" result="Success" success="True" time="0.000" asserts="1" />
                          <test-case name="dylan.NET.UnitTests.TestParseUtils.TestProcessStringUTF16(42246)" executed="True" result="Success" success="True" time="0.000" asserts="1" />
                          <test-case name="dylan.NET.UnitTests.TestParseUtils.TestProcessStringUTF16(4859)" executed="True" result="Success" success="True" time="0.000" asserts="1" />
                          <test-case name="dylan.NET.UnitTests.TestParseUtils.TestProcessStringUTF16(21774)" executed="True" result="Success" success="True" time="0.000" asserts="1" />
                          <test-case name="dylan.NET.UnitTests.TestParseUtils.TestProcessStringUTF16(30544)" executed="True" result="Success" success="True" time="0.000" asserts="1" />
                          <test-case name="dylan.NET.UnitTests.TestParseUtils.TestProcessStringUTF16(319)" executed="True" result="Success" success="True" time="0.000" asserts="1" />
                          <test-case name="dylan.NET.UnitTests.TestParseUtils.TestProcessStringUTF16(57892)" executed="True" result="Success" success="True" time="0.000" asserts="1" />
                          <test-case name="dylan.NET.UnitTests.TestParseUtils.TestProcessStringUTF16(62369)" executed="True" result="Success" success="True" time="0.000" asserts="1" />
                          <test-case name="dylan.NET.UnitTests.TestParseUtils.TestProcessStringUTF16(30200)" executed="True" result="Success" success="True" time="0.000" asserts="1" />
                          <test-case name="dylan.NET.UnitTests.TestParseUtils.TestProcessStringUTF16(35246)" executed="True" result="Success" success="True" time="0.000" asserts="1" />
                          <test-case name="dylan.NET.UnitTests.TestParseUtils.TestProcessStringUTF16(39242)" executed="True" result="Success" success="True" time="0.000" asserts="1" />
                          <test-case name="dylan.NET.UnitTests.TestParseUtils.TestProcessStringUTF16(33807)" executed="True" result="Success" success="True" time="0.000" asserts="1" />
                          <test-case name="dylan.NET.UnitTests.TestParseUtils.TestProcessStringUTF16(23040)" executed="True" result="Success" success="True" time="0.000" asserts="1" />
                          <test-case name="dylan.NET.UnitTests.TestParseUtils.TestProcessStringUTF16(2016)" executed="True" result="Success" success="True" time="0.000" asserts="1" />
                          <test-case name="dylan.NET.UnitTests.TestParseUtils.TestProcessStringUTF16(65042)" executed="True" result="Success" success="True" time="0.000" asserts="1" />
                          <test-case name="dylan.NET.UnitTests.TestParseUtils.TestProcessStringUTF16(62739)" executed="True" result="Success" success="True" time="0.000" asserts="1" />
                          <test-case name="dylan.NET.UnitTests.TestParseUtils.TestProcessStringUTF16(40672)" executed="True" result="Success" success="True" time="0.000" asserts="1" />
                          <test-case name="dylan.NET.UnitTests.TestParseUtils.TestProcessStringUTF16(25581)" executed="True" result="Success" success="True" time="0.000" asserts="1" />
                          <test-case name="dylan.NET.UnitTests.TestParseUtils.TestProcessStringUTF16(6313)" executed="True" result="Success" success="True" time="0.000" asserts="1" />
                          <test-case name="dylan.NET.UnitTests.TestParseUtils.TestProcessStringUTF16(64193)" executed="True" result="Success" success="True" time="0.000" asserts="1" />
                          <test-case name="dylan.NET.UnitTests.TestParseUtils.TestProcessStringUTF16(54566)" executed="True" result="Success" success="True" time="0.000" asserts="1" />
                          <test-case name="dylan.NET.UnitTests.TestParseUtils.TestProcessStringUTF16(33845)" executed="True" result="Success" success="True" time="0.000" asserts="1" />
                          <test-case name="dylan.NET.UnitTests.TestParseUtils.TestProcessStringUTF16(27103)" executed="True" result="Success" success="True" time="0.000" asserts="1" />
                          <test-case name="dylan.NET.UnitTests.TestParseUtils.TestProcessStringUTF16(51253)" executed="True" result="Success" success="True" time="0.000" asserts="1" />
                          <test-case name="dylan.NET.UnitTests.TestParseUtils.TestProcessStringUTF16(19336)" executed="True" result="Success" success="True" time="0.000" asserts="1" />
                          <test-case name="dylan.NET.UnitTests.TestParseUtils.TestProcessStringUTF16(38953)" executed="True" result="Success" success="True" time="0.000" asserts="1" />
                          <test-case name="dylan.NET.UnitTests.TestParseUtils.TestProcessStringUTF16(35643)" executed="True" result="Success" success="True" time="0.000" asserts="1" />
                          <test-case name="dylan.NET.UnitTests.TestParseUtils.TestProcessStringUTF16(30861)" executed="True" result="Success" success="True" time="0.000" asserts="1" />
                          <test-case name="dylan.NET.UnitTests.TestParseUtils.TestProcessStringUTF16(32514)" executed="True" result="Success" success="True" time="0.000" asserts="1" />
                          <test-case name="dylan.NET.UnitTests.TestParseUtils.TestProcessStringUTF16(9529)" executed="True" result="Success" success="True" time="0.000" asserts="1" />
                          <test-case name="dylan.NET.UnitTests.TestParseUtils.TestProcessStringUTF16(3837)" executed="True" result="Success" success="True" time="0.000" asserts="1" />
                          <test-case name="dylan.NET.UnitTests.TestParseUtils.TestProcessStringUTF16(38161)" executed="True" result="Success" success="True" time="0.000" asserts="1" />
                          <test-case name="dylan.NET.UnitTests.TestParseUtils.TestProcessStringUTF16(20363)" executed="True" result="Success" success="True" time="0.000" asserts="1" />
                          <test-case name="dylan.NET.UnitTests.TestParseUtils.TestProcessStringUTF16(13029)" executed="True" result="Success" success="True" time="0.000" asserts="1" />
                          <test-case name="dylan.NET.UnitTests.TestParseUtils.TestProcessStringUTF16(17239)" executed="True" result="Success" success="True" time="0.000" asserts="1" />
                          <test-case name="dylan.NET.UnitTests.TestParseUtils.TestProcessStringUTF16(22758)" executed="True" result="Success" success="True" time="0.000" asserts="1" />
                          <test-case name="dylan.NET.UnitTests.TestParseUtils.TestProcessStringUTF16(22791)" executed="True" result="Success" success="True" time="0.000" asserts="1" />
                          <test-case name="dylan.NET.UnitTests.TestParseUtils.TestProcessStringUTF16(17809)" executed="True" result="Success" success="True" time="0.000" asserts="1" />
                          <test-case name="dylan.NET.UnitTests.TestParseUtils.TestProcessStringUTF16(7809)" executed="True" result="Success" success="True" time="0.000" asserts="1" />
                          <test-case name="dylan.NET.UnitTests.TestParseUtils.TestProcessStringUTF16(7607)" executed="True" result="Success" success="True" time="0.000" asserts="1" />
                          <test-case name="dylan.NET.UnitTests.TestParseUtils.TestProcessStringUTF16(22056)" executed="True" result="Success" success="True" time="0.000" asserts="1" />
                          <test-case name="dylan.NET.UnitTests.TestParseUtils.TestProcessStringUTF16(61710)" executed="True" result="Success" success="True" time="0.000" asserts="1" />
                          <test-case name="dylan.NET.UnitTests.TestParseUtils.TestProcessStringUTF16(52706)" executed="True" result="Success" success="True" time="0.000" asserts="1" />
                          <test-case name="dylan.NET.UnitTests.TestParseUtils.TestProcessStringUTF16(43643)" executed="True" result="Success" success="True" time="0.000" asserts="1" />
                          <test-case name="dylan.NET.UnitTests.TestParseUtils.TestProcessStringUTF16(41294)" executed="True" result="Success" success="True" time="0.000" asserts="1" />
                          <test-case name="dylan.NET.UnitTests.TestParseUtils.TestProcessStringUTF16(11157)" executed="True" result="Success" success="True" time="0.000" asserts="1" />
                          <test-case name="dylan.NET.UnitTests.TestParseUtils.TestProcessStringUTF16(4234)" executed="True" result="Success" success="True" time="0.000" asserts="1" />
                          <test-case name="dylan.NET.UnitTests.TestParseUtils.TestProcessStringUTF16(41171)" executed="True" result="Success" success="True" time="0.000" asserts="1" />
                          <test-case name="dylan.NET.UnitTests.TestParseUtils.TestProcessStringUTF16(23082)" executed="True" result="Success" success="True" time="0.000" asserts="1" />
                          <test-case name="dylan.NET.UnitTests.TestParseUtils.TestProcessStringUTF16(32836)" executed="True" result="Success" success="True" time="0.000" asserts="1" />
                          <test-case name="dylan.NET.UnitTests.TestParseUtils.TestProcessStringUTF16(44634)" executed="True" result="Success" success="True" time="0.000" asserts="1" />
                          <test-case name="dylan.NET.UnitTests.TestParseUtils.TestProcessStringUTF16(58640)" executed="True" result="Success" success="True" time="0.000" asserts="1" />
                          <test-case name="dylan.NET.UnitTests.TestParseUtils.TestProcessStringUTF16(23401)" executed="True" result="Success" success="True" time="0.000" asserts="1" />
                          <test-case name="dylan.NET.UnitTests.TestParseUtils.TestProcessStringUTF16(5694)" executed="True" result="Success" success="True" time="0.000" asserts="1" />
                          <test-case name="dylan.NET.UnitTests.TestParseUtils.TestProcessStringUTF16(30529)" executed="True" result="Success" success="True" time="0.000" asserts="1" />
                          <test-case name="dylan.NET.UnitTests.TestParseUtils.TestProcessStringUTF16(34222)" executed="True" result="Success" success="True" time="0.000" asserts="1" />
                          <test-case name="dylan.NET.UnitTests.TestParseUtils.TestProcessStringUTF16(21883)" executed="True" result="Success" success="True" time="0.000" asserts="1" />
                          <test-case name="dylan.NET.UnitTests.TestParseUtils.TestProcessStringUTF16(57365)" executed="True" result="Success" success="True" time="0.000" asserts="1" />
                          <test-case name="dylan.NET.UnitTests.TestParseUtils.TestProcessStringUTF16(4534)" executed="True" result="Success" success="True" time="0.000" asserts="1" />
                          <test-case name="dylan.NET.UnitTests.TestParseUtils.TestProcessStringUTF16(7785)" executed="True" result="Success" success="True" time="0.000" asserts="1" />
                          <test-case name="dylan.NET.UnitTests.TestParseUtils.TestProcessStringUTF16(43063)" executed="True" result="Success" success="True" time="0.000" asserts="1" />
                          <test-case name="dylan.NET.UnitTests.TestParseUtils.TestProcessStringUTF16(40082)" executed="True" result="Success" success="True" time="0.000" asserts="1" />
                          <test-case name="dylan.NET.UnitTests.TestParseUtils.TestProcessStringUTF16(54560)" executed="True" result="Success" success="True" time="0.000" asserts="1" />
                          <test-case name="dylan.NET.UnitTests.TestParseUtils.TestProcessStringUTF16(22592)" executed="True" result="Success" success="True" time="0.000" asserts="1" />
                          <test-case name="dylan.NET.UnitTests.TestParseUtils.TestProcessStringUTF16(13190)" executed="True" result="Success" success="True" time="0.000" asserts="1" />
                          <test-case name="dylan.NET.UnitTests.TestParseUtils.TestProcessStringUTF16(43067)" executed="True" result="Success" success="True" time="0.000" asserts="1" />
                          <test-case name="dylan.NET.UnitTests.TestParseUtils.TestProcessStringUTF16(46636)" executed="True" result="Success" success="True" time="0.000" asserts="1" />
                          <test-case name="dylan.NET.UnitTests.TestParseUtils.TestProcessStringUTF16(44932)" executed="True" result="Success" success="True" time="0.000" asserts="1" />
                          <test-case name="dylan.NET.UnitTests.TestParseUtils.TestProcessStringUTF16(26257)" executed="True" result="Success" success="True" time="0.000" asserts="1" />
                          <test-case name="dylan.NET.UnitTests.TestParseUtils.TestProcessStringUTF16(53885)" executed="True" result="Success" success="True" time="0.000" asserts="1" />
                          <test-case name="dylan.NET.UnitTests.TestParseUtils.TestProcessStringUTF16(58504)" executed="True" result="Success" success="True" time="0.000" asserts="1" />
                          <test-case name="dylan.NET.UnitTests.TestParseUtils.TestProcessStringUTF16(65035)" executed="True" result="Success" success="True" time="0.000" asserts="1" />
                          <test-case name="dylan.NET.UnitTests.TestParseUtils.TestProcessStringUTF16(2498)" executed="True" result="Success" success="True" time="0.000" asserts="1" />
                          <test-case name="dylan.NET.UnitTests.TestParseUtils.TestProcessStringUTF16(39011)" executed="True" result="Success" success="True" time="0.000" asserts="1" />
                          <test-case name="dylan.NET.UnitTests.TestParseUtils.TestProcessStringUTF16(19558)" executed="True" result="Success" success="True" time="0.000" asserts="1" />
                          <test-case name="dylan.NET.UnitTests.TestParseUtils.TestProcessStringUTF16(61461)" executed="True" result="Success" success="True" time="0.000" asserts="1" />
                          <test-case name="dylan.NET.UnitTests.TestParseUtils.TestProcessStringUTF16(10444)" executed="True" result="Success" success="True" time="0.000" asserts="1" />
                          <test-case name="dylan.NET.UnitTests.TestParseUtils.TestProcessStringUTF16(21408)" executed="True" result="Success" success="True" time="0.000" asserts="1" />
                          <test-case name="dylan.NET.UnitTests.TestParseUtils.TestProcessStringUTF16(20723)" executed="True" result="Success" success="True" time="0.000" asserts="1" />
                          <test-case name="dylan.NET.UnitTests.TestParseUtils.TestProcessStringUTF16(50648)" executed="True" result="Success" success="True" time="0.000" asserts="1" />
                          <test-case name="dylan.NET.UnitTests.TestParseUtils.TestProcessStringUTF16(17070)" executed="True" result="Success" success="True" time="0.000" asserts="1" />
                          <test-case name="dylan.NET.UnitTests.TestParseUtils.TestProcessStringUTF16(43812)" executed="True" result="Success" success="True" time="0.000" asserts="1" />
                          <test-case name="dylan.NET.UnitTests.TestParseUtils.TestProcessStringUTF16(26327)" executed="True" result="Success" success="True" time="0.000" asserts="1" />
                          <test-case name="dylan.NET.UnitTests.TestParseUtils.TestProcessStringUTF16(24729)" executed="True" result="Success" success="True" time="0.000" asserts="1" />
                          <test-case name="dylan.NET.UnitTests.TestParseUtils.TestProcessStringUTF16(32000)" executed="True" result="Success" success="True" time="0.000" asserts="1" />
                          <test-case name="dylan.NET.UnitTests.TestParseUtils.TestProcessStringUTF16(29290)" executed="True" result="Success" success="True" time="0.000" asserts="1" />
                          <test-case name="dylan.NET.UnitTests.TestParseUtils.TestProcessStringUTF16(49135)" executed="True" result="Success" success="True" time="0.000" asserts="1" />
                          <test-case name="dylan.NET.UnitTests.TestParseUtils.TestProcessStringUTF16(63305)" executed="True" result="Success" success="True" time="0.000" asserts="1" />
                          <test-case name="dylan.NET.UnitTests.TestParseUtils.TestProcessStringUTF16(65373)" executed="True" result="Success" success="True" time="0.000" asserts="1" />
                          <test-case name="dylan.NET.UnitTests.TestParseUtils.TestProcessStringUTF16(39707)" executed="True" result="Success" success="True" time="0.000" asserts="1" />
                          <test-case name="dylan.NET.UnitTests.TestParseUtils.TestProcessStringUTF16(41657)" executed="True" result="Success" success="True" time="0.000" asserts="1" />
                          <test-case name="dylan.NET.UnitTests.TestParseUtils.TestProcessStringUTF16(43393)" executed="True" result="Success" success="True" time="0.000" asserts="1" />
                          <test-case name="dylan.NET.UnitTests.TestParseUtils.TestProcessStringUTF16(57087)" executed="True" result="Success" success="True" time="0.000" asserts="1" />
                          <test-case name="dylan.NET.UnitTests.TestParseUtils.TestProcessStringUTF16(19458)" executed="True" result="Success" success="True" time="0.000" asserts="1" />
                          <test-case name="dylan.NET.UnitTests.TestParseUtils.TestProcessStringUTF16(14638)" executed="True" result="Success" success="True" time="0.000" asserts="1" />
                          <test-case name="dylan.NET.UnitTests.TestParseUtils.TestProcessStringUTF16(22555)" executed="True" result="Success" success="True" time="0.000" asserts="1" />
                          <test-case name="dylan.NET.UnitTests.TestParseUtils.TestProcessStringUTF16(59212)" executed="True" result="Success" success="True" time="0.000" asserts="1" />
                          <test-case name="dylan.NET.UnitTests.TestParseUtils.TestProcessStringUTF16(13695)" executed="True" result="Success" success="True" time="0.000" asserts="1" />
                          <test-case name="dylan.NET.UnitTests.TestParseUtils.TestProcessStringUTF16(24084)" executed="True" result="Success" success="True" time="0.000" asserts="1" />
                          <test-case name="dylan.NET.UnitTests.TestParseUtils.TestProcessStringUTF16(45368)" executed="True" result="Success" success="True" time="0.000" asserts="1" />
                          <test-case name="dylan.NET.UnitTests.TestParseUtils.TestProcessStringUTF16(712)" executed="True" result="Success" success="True" time="0.000" asserts="1" />
                          <test-case name="dylan.NET.UnitTests.TestParseUtils.TestProcessStringUTF16(48360)" executed="True" result="Success" success="True" time="0.000" asserts="1" />
                          <test-case name="dylan.NET.UnitTests.TestParseUtils.TestProcessStringUTF16(20448)" executed="True" result="Success" success="True" time="0.000" asserts="1" />
                          <test-case name="dylan.NET.UnitTests.TestParseUtils.TestProcessStringUTF16(37969)" executed="True" result="Success" success="True" time="0.000" asserts="1" />
                          <test-case name="dylan.NET.UnitTests.TestParseUtils.TestProcessStringUTF16(15766)" executed="True" result="Success" success="True" time="0.000" asserts="1" />
                          <test-case name="dylan.NET.UnitTests.TestParseUtils.TestProcessStringUTF16(822)" executed="True" result="Success" success="True" time="0.000" asserts="1" />
                          <test-case name="dylan.NET.UnitTests.TestParseUtils.TestProcessStringUTF16(32313)" executed="True" result="Success" success="True" time="0.000" asserts="1" />
                          <test-case name="dylan.NET.UnitTests.TestParseUtils.TestProcessStringUTF16(64207)" executed="True" result="Success" success="True" time="0.000" asserts="1" />
                          <test-case name="dylan.NET.UnitTests.TestParseUtils.TestProcessStringUTF16(39228)" executed="True" result="Success" success="True" time="0.000" asserts="1" />
                          <test-case name="dylan.NET.UnitTests.TestParseUtils.TestProcessStringUTF16(1239)" executed="True" result="Success" success="True" time="0.000" asserts="1" />
                          <test-case name="dylan.NET.UnitTests.TestParseUtils.TestProcessStringUTF16(50622)" executed="True" result="Success" success="True" time="0.000" asserts="1" />
                          <test-case name="dylan.NET.UnitTests.TestParseUtils.TestProcessStringUTF16(24112)" executed="True" result="Success" success="True" time="0.000" asserts="1" />
                          <test-case name="dylan.NET.UnitTests.TestParseUtils.TestProcessStringUTF16(57526)" executed="True" result="Success" success="True" time="0.000" asserts="1" />
                          <test-case name="dylan.NET.UnitTests.TestParseUtils.TestProcessStringUTF16(30362)" executed="True" result="Success" success="True" time="0.000" asserts="1" />
                          <test-case name="dylan.NET.UnitTests.TestParseUtils.TestProcessStringUTF16(31662)" executed="True" result="Success" success="True" time="0.000" asserts="1" />
                          <test-case name="dylan.NET.UnitTests.TestParseUtils.TestProcessStringUTF16(65204)" executed="True" result="Success" success="True" time="0.000" asserts="1" />
                          <test-case name="dylan.NET.UnitTests.TestParseUtils.TestProcessStringUTF16(48530)" executed="True" result="Success" success="True" time="0.000" asserts="1" />
                          <test-case name="dylan.NET.UnitTests.TestParseUtils.TestProcessStringUTF16(35101)" executed="True" result="Success" success="True" time="0.000" asserts="1" />
                          <test-case name="dylan.NET.UnitTests.TestParseUtils.TestProcessStringUTF16(7954)" executed="True" result="Success" success="True" time="0.000" asserts="1" />
                          <test-case name="dylan.NET.UnitTests.TestParseUtils.TestProcessStringUTF16(56169)" executed="True" result="Success" success="True" time="0.000" asserts="1" />
                          <test-case name="dylan.NET.UnitTests.TestParseUtils.TestProcessStringUTF16(49390)" executed="True" result="Success" success="True" time="0.000" asserts="1" />
                          <test-case name="dylan.NET.UnitTests.TestParseUtils.TestProcessStringUTF16(32940)" executed="True" result="Success" success="True" time="0.000" asserts="1" />
                          <test-case name="dylan.NET.UnitTests.TestParseUtils.TestProcessStringUTF16(20847)" executed="True" result="Success" success="True" time="0.000" asserts="1" />
                          <test-case name="dylan.NET.UnitTests.TestParseUtils.TestProcessStringUTF16(46424)" executed="True" result="Success" success="True" time="0.000" asserts="1" />
                          <test-case name="dylan.NET.UnitTests.TestParseUtils.TestProcessStringUTF16(53172)" executed="True" result="Success" success="True" time="0.000" asserts="1" />
                          <test-case name="dylan.NET.UnitTests.TestParseUtils.TestProcessStringUTF16(10143)" executed="True" result="Success" success="True" time="0.000" asserts="1" />
                          <test-case name="dylan.NET.UnitTests.TestParseUtils.TestProcessStringUTF16(44587)" executed="True" result="Success" success="True" time="0.000" asserts="1" />
                          <test-case name="dylan.NET.UnitTests.TestParseUtils.TestProcessStringUTF16(30064)" executed="True" result="Success" success="True" time="0.000" asserts="1" />
                          <test-case name="dylan.NET.UnitTests.TestParseUtils.TestProcessStringUTF16(23244)" executed="True" result="Success" success="True" time="0.000" asserts="1" />
                          <test-case name="dylan.NET.UnitTests.TestParseUtils.TestProcessStringUTF16(18736)" executed="True" result="Success" success="True" time="0.000" asserts="1" />
                          <test-case name="dylan.NET.UnitTests.TestParseUtils.TestProcessStringUTF16(29147)" executed="True" result="Success" success="True" time="0.000" asserts="1" />
                          <test-case name="dylan.NET.UnitTests.TestParseUtils.TestProcessStringUTF16(11772)" executed="True" result="Success" success="True" time="0.000" asserts="1" />
                          <test-case name="dylan.NET.UnitTests.TestParseUtils.TestProcessStringUTF16(47715)" executed="True" result="Success" success="True" time="0.000" asserts="1" />
                          <test-case name="dylan.NET.UnitTests.TestParseUtils.TestProcessStringUTF16(19483)" executed="True" result="Success" success="True" time="0.000" asserts="1" />
                          <test-case name="dylan.NET.UnitTests.TestParseUtils.TestProcessStringUTF16(26)" executed="True" result="Success" success="True" time="0.000" asserts="1" />
                          <test-case name="dylan.NET.UnitTests.TestParseUtils.TestProcessStringUTF16(58492)" executed="True" result="Success" success="True" time="0.000" asserts="1" />
                          <test-case name="dylan.NET.UnitTests.TestParseUtils.TestProcessStringUTF16(51821)" executed="True" result="Success" success="True" time="0.000" asserts="1" />
                          <test-case name="dylan.NET.UnitTests.TestParseUtils.TestProcessStringUTF16(61499)" executed="True" result="Success" success="True" time="0.000" asserts="1" />
                          <test-case name="dylan.NET.UnitTests.TestParseUtils.TestProcessStringUTF16(58601)" executed="True" result="Success" success="True" time="0.000" asserts="1" />
                          <test-case name="dylan.NET.UnitTests.TestParseUtils.TestProcessStringUTF16(32331)" executed="True" result="Success" success="True" time="0.000" asserts="1" />
                          <test-case name="dylan.NET.UnitTests.TestParseUtils.TestProcessStringUTF16(46295)" executed="True" result="Success" success="True" time="0.000" asserts="1" />
                          <test-case name="dylan.NET.UnitTests.TestParseUtils.TestProcessStringUTF16(14033)" executed="True" result="Success" success="True" time="0.000" asserts="1" />
                          <test-case name="dylan.NET.UnitTests.TestParseUtils.TestProcessStringUTF16(55350)" executed="True" result="Success" success="True" time="0.000" asserts="1" />
                          <test-case name="dylan.NET.UnitTests.TestParseUtils.TestProcessStringUTF16(9203)" executed="True" result="Success" success="True" time="0.000" asserts="1" />
                          <test-case name="dylan.NET.UnitTests.TestParseUtils.TestProcessStringUTF16(55851)" executed="True" result="Success" success="True" time="0.000" asserts="1" />
                          <test-case name="dylan.NET.UnitTests.TestParseUtils.TestProcessStringUTF16(8716)" executed="True" result="Success" success="True" time="0.000" asserts="1" />
                          <test-case name="dylan.NET.UnitTests.TestParseUtils.TestProcessStringUTF16(22546)" executed="True" result="Success" success="True" time="0.000" asserts="1" />
                          <test-case name="dylan.NET.UnitTests.TestParseUtils.TestProcessStringUTF16(10662)" executed="True" result="Success" success="True" time="0.000" asserts="1" />
                          <test-case name="dylan.NET.UnitTests.TestParseUtils.TestProcessStringUTF16(31821)" executed="True" result="Success" success="True" time="0.000" asserts="1" />
                          <test-case name="dylan.NET.UnitTests.TestParseUtils.TestProcessStringUTF16(4494)" executed="True" result="Success" success="True" time="0.000" asserts="1" />
                          <test-case name="dylan.NET.UnitTests.TestParseUtils.TestProcessStringUTF16(43503)" executed="True" result="Success" success="True" time="0.000" asserts="1" />
                          <test-case name="dylan.NET.UnitTests.TestParseUtils.TestProcessStringUTF16(29147)" executed="True" result="Success" success="True" time="0.000" asserts="1" />
                          <test-case name="dylan.NET.UnitTests.TestParseUtils.TestProcessStringUTF16(55985)" executed="True" result="Success" success="True" time="0.000" asserts="1" />
                          <test-case name="dylan.NET.UnitTests.TestParseUtils.TestProcessStringUTF16(5348)" executed="True" result="Success" success="True" time="0.000" asserts="1" />
                          <test-case name="dylan.NET.UnitTests.TestParseUtils.TestProcessStringUTF16(16220)" executed="True" result="Success" success="True" time="0.000" asserts="1" />
                          <test-case name="dylan.NET.UnitTests.TestParseUtils.TestProcessStringUTF16(54475)" executed="True" result="Success" success="True" time="0.000" asserts="1" />
                          <test-case name="dylan.NET.UnitTests.TestParseUtils.TestProcessStringUTF16(645)" executed="True" result="Success" success="True" time="0.000" asserts="1" />
                          <test-case name="dylan.NET.UnitTests.TestParseUtils.TestProcessStringUTF16(964)" executed="True" result="Success" success="True" time="0.000" asserts="1" />
                          <test-case name="dylan.NET.UnitTests.TestParseUtils.TestProcessStringUTF16(37942)" executed="True" result="Success" success="True" time="0.000" asserts="1" />
                          <test-case name="dylan.NET.UnitTests.TestParseUtils.TestProcessStringUTF16(22809)" executed="True" result="Success" success="True" time="0.000" asserts="1" />
                          <test-case name="dylan.NET.UnitTests.TestParseUtils.TestProcessStringUTF16(14535)" executed="True" result="Success" success="True" time="0.000" asserts="1" />
                          <test-case name="dylan.NET.UnitTests.TestParseUtils.TestProcessStringUTF16(36348)" executed="True" result="Success" success="True" time="0.000" asserts="1" />
                          <test-case name="dylan.NET.UnitTests.TestParseUtils.TestProcessStringUTF16(5605)" executed="True" result="Success" success="True" time="0.000" asserts="1" />
                          <test-case name="dylan.NET.UnitTests.TestParseUtils.TestProcessStringUTF16(6897)" executed="True" result="Success" success="True" time="0.000" asserts="1" />
                          <test-case name="dylan.NET.UnitTests.TestParseUtils.TestProcessStringUTF16(20479)" executed="True" result="Success" success="True" time="0.000" asserts="1" />
                          <test-case name="dylan.NET.UnitTests.TestParseUtils.TestProcessStringUTF16(36588)" executed="True" result="Success" success="True" time="0.000" asserts="1" />
                          <test-case name="dylan.NET.UnitTests.TestParseUtils.TestProcessStringUTF16(34296)" executed="True" result="Success" success="True" time="0.000" asserts="1" />
                          <test-case name="dylan.NET.UnitTests.TestParseUtils.TestProcessStringUTF16(48322)" executed="True" result="Success" success="True" time="0.000" asserts="1" />
                          <test-case name="dylan.NET.UnitTests.TestParseUtils.TestProcessStringUTF16(40045)" executed="True" result="Success" success="True" time="0.000" asserts="1" />
                          <test-case name="dylan.NET.UnitTests.TestParseUtils.TestProcessStringUTF16(22945)" executed="True" result="Success" success="True" time="0.000" asserts="1" />
                          <test-case name="dylan.NET.UnitTests.TestParseUtils.TestProcessStringUTF16(42658)" executed="True" result="Success" success="True" time="0.000" asserts="1" />
                          <test-case name="dylan.NET.UnitTests.TestParseUtils.TestProcessStringUTF16(37867)" executed="True" result="Success" success="True" time="0.000" asserts="1" />
                          <test-case name="dylan.NET.UnitTests.TestParseUtils.TestProcessStringUTF16(3280)" executed="True" result="Success" success="True" time="0.000" asserts="1" />
                          <test-case name="dylan.NET.UnitTests.TestParseUtils.TestProcessStringUTF16(3460)" executed="True" result="Success" success="True" time="0.000" asserts="1" />
                          <test-case name="dylan.NET.UnitTests.TestParseUtils.TestProcessStringUTF16(12666)" executed="True" result="Success" success="True" time="0.000" asserts="1" />
                          <test-case name="dylan.NET.UnitTests.TestParseUtils.TestProcessStringUTF16(20242)" executed="True" result="Success" success="True" time="0.000" asserts="1" />
                          <test-case name="dylan.NET.UnitTests.TestParseUtils.TestProcessStringUTF16(42490)" executed="True" result="Success" success="True" time="0.000" asserts="1" />
                          <test-case name="dylan.NET.UnitTests.TestParseUtils.TestProcessStringUTF16(15499)" executed="True" result="Success" success="True" time="0.000" asserts="1" />
                          <test-case name="dylan.NET.UnitTests.TestParseUtils.TestProcessStringUTF16(30204)" executed="True" result="Success" success="True" time="0.000" asserts="1" />
                          <test-case name="dylan.NET.UnitTests.TestParseUtils.TestProcessStringUTF16(64232)" executed="True" result="Success" success="True" time="0.000" asserts="1" />
                          <test-case name="dylan.NET.UnitTests.TestParseUtils.TestProcessStringUTF16(9498)" executed="True" result="Success" success="True" time="0.000" asserts="1" />
                          <test-case name="dylan.NET.UnitTests.TestParseUtils.TestProcessStringUTF16(43622)" executed="True" result="Success" success="True" time="0.000" asserts="1" />
                          <test-case name="dylan.NET.UnitTests.TestParseUtils.TestProcessStringUTF16(57656)" executed="True" result="Success" success="True" time="0.000" asserts="1" />
                          <test-case name="dylan.NET.UnitTests.TestParseUtils.TestProcessStringUTF16(435)" executed="True" result="Success" success="True" time="0.000" asserts="1" />
                          <test-case name="dylan.NET.UnitTests.TestParseUtils.TestProcessStringUTF16(4200)" executed="True" result="Success" success="True" time="0.000" asserts="1" />
                          <test-case name="dylan.NET.UnitTests.TestParseUtils.TestProcessStringUTF16(58333)" executed="True" result="Success" success="True" time="0.000" asserts="1" />
                          <test-case name="dylan.NET.UnitTests.TestParseUtils.TestProcessStringUTF16(6166)" executed="True" result="Success" success="True" time="0.000" asserts="1" />
                          <test-case name="dylan.NET.UnitTests.TestParseUtils.TestProcessStringUTF16(40818)" executed="True" result="Success" success="True" time="0.000" asserts="1" />
                          <test-case name="dylan.NET.UnitTests.TestParseUtils.TestProcessStringUTF16(64538)" executed="True" result="Success" success="True" time="0.001" asserts="1" />
                          <test-case name="dylan.NET.UnitTests.TestParseUtils.TestProcessStringUTF16(28972)" executed="True" result="Success" success="True" time="0.000" asserts="1" />
                          <test-case name="dylan.NET.UnitTests.TestParseUtils.TestProcessStringUTF16(24195)" executed="True" result="Success" success="True" time="0.000" asserts="1" />
                          <test-case name="dylan.NET.UnitTests.TestParseUtils.TestProcessStringUTF16(3498)" executed="True" result="Success" success="True" time="0.000" asserts="1" />
                          <test-case name="dylan.NET.UnitTests.TestParseUtils.TestProcessStringUTF16(21454)" executed="True" result="Success" success="True" time="0.000" asserts="1" />
                          <test-case name="dylan.NET.UnitTests.TestParseUtils.TestProcessStringUTF16(35655)" executed="True" result="Success" success="True" time="0.000" asserts="1" />
                          <test-case name="dylan.NET.UnitTests.TestParseUtils.TestProcessStringUTF16(55208)" executed="True" result="Success" success="True" time="0.000" asserts="1" />
                          <test-case name="dylan.NET.UnitTests.TestParseUtils.TestProcessStringUTF16(8427)" executed="True" result="Success" success="True" time="0.000" asserts="1" />
                          <test-case name="dylan.NET.UnitTests.TestParseUtils.TestProcessStringUTF16(10753)" executed="True" result="Success" success="True" time="0.000" asserts="1" />
                          <test-case name="dylan.NET.UnitTests.TestParseUtils.TestProcessStringUTF16(51890)" executed="True" result="Success" success="True" time="0.000" asserts="1" />
                          <test-case name="dylan.NET.UnitTests.TestParseUtils.TestProcessStringUTF16(62072)" executed="True" result="Success" success="True" time="0.000" asserts="1" />
                          <test-case name="dylan.NET.UnitTests.TestParseUtils.TestProcessStringUTF16(35609)" executed="True" result="Success" success="True" time="0.000" asserts="1" />
                          <test-case name="dylan.NET.UnitTests.TestParseUtils.TestProcessStringUTF16(31761)" executed="True" result="Success" success="True" time="0.000" asserts="1" />
                          <test-case name="dylan.NET.UnitTests.TestParseUtils.TestProcessStringUTF16(7047)" executed="True" result="Success" success="True" time="0.000" asserts="1" />
                          <test-case name="dylan.NET.UnitTests.TestParseUtils.TestProcessStringUTF16(45993)" executed="True" result="Success" success="True" time="0.000" asserts="1" />
                          <test-case name="dylan.NET.UnitTests.TestParseUtils.TestProcessStringUTF16(33123)" executed="True" result="Success" success="True" time="0.000" asserts="1" />
                          <test-case name="dylan.NET.UnitTests.TestParseUtils.TestProcessStringUTF16(60531)" executed="True" result="Success" success="True" time="0.000" asserts="1" />
                          <test-case name="dylan.NET.UnitTests.TestParseUtils.TestProcessStringUTF16(65415)" executed="True" result="Success" success="True" time="0.000" asserts="1" />
                          <test-case name="dylan.NET.UnitTests.TestParseUtils.TestProcessStringUTF16(37025)" executed="True" result="Success" success="True" time="0.000" asserts="1" />
                          <test-case name="dylan.NET.UnitTests.TestParseUtils.TestProcessStringUTF16(55550)" executed="True" result="Success" success="True" time="0.000" asserts="1" />
                          <test-case name="dylan.NET.UnitTests.TestParseUtils.TestProcessStringUTF16(1147)" executed="True" result="Success" success="True" time="0.000" asserts="1" />
                          <test-case name="dylan.NET.UnitTests.TestParseUtils.TestProcessStringUTF16(23421)" executed="True" result="Success" success="True" time="0.000" asserts="1" />
                          <test-case name="dylan.NET.UnitTests.TestParseUtils.TestProcessStringUTF16(48308)" executed="True" result="Success" success="True" time="0.000" asserts="1" />
                          <test-case name="dylan.NET.UnitTests.TestParseUtils.TestProcessStringUTF16(25362)" executed="True" result="Success" success="True" time="0.000" asserts="1" />
                          <test-case name="dylan.NET.UnitTests.TestParseUtils.TestProcessStringUTF16(1961)" executed="True" result="Success" success="True" time="0.000" asserts="1" />
                          <test-case name="dylan.NET.UnitTests.TestParseUtils.TestProcessStringUTF16(8969)" executed="True" result="Success" success="True" time="0.000" asserts="1" />
                          <test-case name="dylan.NET.UnitTests.TestParseUtils.TestProcessStringUTF16(64148)" executed="True" result="Success" success="True" time="0.000" asserts="1" />
                          <test-case name="dylan.NET.UnitTests.TestParseUtils.TestProcessStringUTF16(11037)" executed="True" result="Success" success="True" time="0.000" asserts="1" />
                          <test-case name="dylan.NET.UnitTests.TestParseUtils.TestProcessStringUTF16(14894)" executed="True" result="Success" success="True" time="0.000" asserts="1" />
                          <test-case name="dylan.NET.UnitTests.TestParseUtils.TestProcessStringUTF16(35484)" executed="True" result="Success" success="True" time="0.000" asserts="1" />
                          <test-case name="dylan.NET.UnitTests.TestParseUtils.TestProcessStringUTF16(17223)" executed="True" result="Success" success="True" time="0.000" asserts="1" />
                          <test-case name="dylan.NET.UnitTests.TestParseUtils.TestProcessStringUTF16(12052)" executed="True" result="Success" success="True" time="0.000" asserts="1" />
                          <test-case name="dylan.NET.UnitTests.TestParseUtils.TestProcessStringUTF16(25835)" executed="True" result="Success" success="True" time="0.000" asserts="1" />
                          <test-case name="dylan.NET.UnitTests.TestParseUtils.TestProcessStringUTF16(47941)" executed="True" result="Success" success="True" time="0.000" asserts="1" />
                          <test-case name="dylan.NET.UnitTests.TestParseUtils.TestProcessStringUTF16(51785)" executed="True" result="Success" success="True" time="0.000" asserts="1" />
                          <test-case name="dylan.NET.UnitTests.TestParseUtils.TestProcessStringUTF16(4436)" executed="True" result="Success" success="True" time="0.000" asserts="1" />
                          <test-case name="dylan.NET.UnitTests.TestParseUtils.TestProcessStringUTF16(56719)" executed="True" result="Success" success="True" time="0.000" asserts="1" />
                          <test-case name="dylan.NET.UnitTests.TestParseUtils.TestProcessStringUTF16(35610)" executed="True" result="Success" success="True" time="0.000" asserts="1" />
                          <test-case name="dylan.NET.UnitTests.TestParseUtils.TestProcessStringUTF16(57408)" executed="True" result="Success" success="True" time="0.000" asserts="1" />
                          <test-case name="dylan.NET.UnitTests.TestParseUtils.TestProcessStringUTF16(35691)" executed="True" result="Success" success="True" time="0.000" asserts="1" />
                          <test-case name="dylan.NET.UnitTests.TestParseUtils.TestProcessStringUTF16(8464)" executed="True" result="Success" success="True" time="0.000" asserts="1" />
                          <test-case name="dylan.NET.UnitTests.TestParseUtils.TestProcessStringUTF16(12785)" executed="True" result="Success" success="True" time="0.000" asserts="1" />
                          <test-case name="dylan.NET.UnitTests.TestParseUtils.TestProcessStringUTF16(48751)" executed="True" result="Success" success="True" time="0.000" asserts="1" />
                          <test-case name="dylan.NET.UnitTests.TestParseUtils.TestProcessStringUTF16(52475)" executed="True" result="Success" success="True" time="0.000" asserts="1" />
                          <test-case name="dylan.NET.UnitTests.TestParseUtils.TestProcessStringUTF16(14351)" executed="True" result="Success" success="True" time="0.000" asserts="1" />
                          <test-case name="dylan.NET.UnitTests.TestParseUtils.TestProcessStringUTF16(6782)" executed="True" result="Success" success="True" time="0.000" asserts="1" />
                          <test-case name="dylan.NET.UnitTests.TestParseUtils.TestProcessStringUTF16(15924)" executed="True" result="Success" success="True" time="0.000" asserts="1" />
                          <test-case name="dylan.NET.UnitTests.TestParseUtils.TestProcessStringUTF16(49670)" executed="True" result="Success" success="True" time="0.000" asserts="1" />
                          <test-case name="dylan.NET.UnitTests.TestParseUtils.TestProcessStringUTF16(41661)" executed="True" result="Success" success="True" time="0.000" asserts="1" />
                          <test-case name="dylan.NET.UnitTests.TestParseUtils.TestProcessStringUTF16(48686)" executed="True" result="Success" success="True" time="0.000" asserts="1" />
                          <test-case name="dylan.NET.UnitTests.TestParseUtils.TestProcessStringUTF16(1821)" executed="True" result="Success" success="True" time="0.000" asserts="1" />
                          <test-case name="dylan.NET.UnitTests.TestParseUtils.TestProcessStringUTF16(58698)" executed="True" result="Success" success="True" time="0.000" asserts="1" />
                          <test-case name="dylan.NET.UnitTests.TestParseUtils.TestProcessStringUTF16(43439)" executed="True" result="Success" success="True" time="0.000" asserts="1" />
                          <test-case name="dylan.NET.UnitTests.TestParseUtils.TestProcessStringUTF16(36217)" executed="True" result="Success" success="True" time="0.000" asserts="1" />
                          <test-case name="dylan.NET.UnitTests.TestParseUtils.TestProcessStringUTF16(23594)" executed="True" result="Success" success="True" time="0.000" asserts="1" />
                          <test-case name="dylan.NET.UnitTests.TestParseUtils.TestProcessStringUTF16(52486)" executed="True" result="Success" success="True" time="0.000" asserts="1" />
                          <test-case name="dylan.NET.UnitTests.TestParseUtils.TestProcessStringUTF16(3137)" executed="True" result="Success" success="True" time="0.000" asserts="1" />
                          <test-case name="dylan.NET.UnitTests.TestParseUtils.TestProcessStringUTF16(41789)" executed="True" result="Success" success="True" time="0.000" asserts="1" />
                          <test-case name="dylan.NET.UnitTests.TestParseUtils.TestProcessStringUTF16(17248)" executed="True" result="Success" success="True" time="0.000" asserts="1" />
                          <test-case name="dylan.NET.UnitTests.TestParseUtils.TestProcessStringUTF16(17018)" executed="True" result="Success" success="True" time="0.000" asserts="1" />
                          <test-case name="dylan.NET.UnitTests.TestParseUtils.TestProcessStringUTF16(44471)" executed="True" result="Success" success="True" time="0.000" asserts="1" />
                          <test-case name="dylan.NET.UnitTests.TestParseUtils.TestProcessStringUTF16(19597)" executed="True" result="Success" success="True" time="0.000" asserts="1" />
                          <test-case name="dylan.NET.UnitTests.TestParseUtils.TestProcessStringUTF16(16553)" executed="True" result="Success" success="True" time="0.000" asserts="1" />
                          <test-case name="dylan.NET.UnitTests.TestParseUtils.TestProcessStringUTF16(40596)" executed="True" result="Success" success="True" time="0.000" asserts="1" />
                          <test-case name="dylan.NET.UnitTests.TestParseUtils.TestProcessStringUTF16(43426)" executed="True" result="Success" success="True" time="0.000" asserts="1" />
                          <test-case name="dylan.NET.UnitTests.TestParseUtils.TestProcessStringUTF16(49286)" executed="True" result="Success" success="True" time="0.000" asserts="1" />
                          <test-case name="dylan.NET.UnitTests.TestParseUtils.TestProcessStringUTF16(52392)" executed="True" result="Success" success="True" time="0.000" asserts="1" />
                          <test-case name="dylan.NET.UnitTests.TestParseUtils.TestProcessStringUTF16(44821)" executed="True" result="Success" success="True" time="0.000" asserts="1" />
                          <test-case name="dylan.NET.UnitTests.TestParseUtils.TestProcessStringUTF16(58230)" executed="True" result="Success" success="True" time="0.000" asserts="1" />
                          <test-case name="dylan.NET.UnitTests.TestParseUtils.TestProcessStringUTF16(39211)" executed="True" result="Success" success="True" time="0.000" asserts="1" />
                          <test-case name="dylan.NET.UnitTests.TestParseUtils.TestProcessStringUTF16(17199)" executed="True" result="Success" success="True" time="0.000" asserts="1" />
                          <test-case name="dylan.NET.UnitTests.TestParseUtils.TestProcessStringUTF16(10860)" executed="True" result="Success" success="True" time="0.000" asserts="1" />
                          <test-case name="dylan.NET.UnitTests.TestParseUtils.TestProcessStringUTF16(23754)" executed="True" result="Success" success="True" time="0.000" asserts="1" />
                          <test-case name="dylan.NET.UnitTests.TestParseUtils.TestProcessStringUTF16(53873)" executed="True" result="Success" success="True" time="0.000" asserts="1" />
                          <test-case name="dylan.NET.UnitTests.TestParseUtils.TestProcessStringUTF16(53728)" executed="True" result="Success" success="True" time="0.000" asserts="1" />
                          <test-case name="dylan.NET.UnitTests.TestParseUtils.TestProcessStringUTF16(7984)" executed="True" result="Success" success="True" time="0.000" asserts="1" />
                          <test-case name="dylan.NET.UnitTests.TestParseUtils.TestProcessStringUTF16(45517)" executed="True" result="Success" success="True" time="0.000" asserts="1" />
                          <test-case name="dylan.NET.UnitTests.TestParseUtils.TestProcessStringUTF16(12091)" executed="True" result="Success" success="True" time="0.000" asserts="1" />
                          <test-case name="dylan.NET.UnitTests.TestParseUtils.TestProcessStringUTF16(1767)" executed="True" result="Success" success="True" time="0.000" asserts="1" />
                          <test-case name="dylan.NET.UnitTests.TestParseUtils.TestProcessStringUTF16(15009)" executed="True" result="Success" success="True" time="0.000" asserts="1" />
                          <test-case name="dylan.NET.UnitTests.TestParseUtils.TestProcessStringUTF16(5832)" executed="True" result="Success" success="True" time="0.000" asserts="1" />
                          <test-case name="dylan.NET.UnitTests.TestParseUtils.TestProcessStringUTF16(22359)" executed="True" result="Success" success="True" time="0.000" asserts="1" />
                          <test-case name="dylan.NET.UnitTests.TestParseUtils.TestProcessStringUTF16(59324)" executed="True" result="Success" success="True" time="0.000" asserts="1" />
                          <test-case name="dylan.NET.UnitTests.TestParseUtils.TestProcessStringUTF16(63411)" executed="True" result="Success" success="True" time="0.000" asserts="1" />
                          <test-case name="dylan.NET.UnitTests.TestParseUtils.TestProcessStringUTF16(56548)" executed="True" result="Success" success="True" time="0.000" asserts="1" />
                          <test-case name="dylan.NET.UnitTests.TestParseUtils.TestProcessStringUTF16(63161)" executed="True" result="Success" success="True" time="0.000" asserts="1" />
                          <test-case name="dylan.NET.UnitTests.TestParseUtils.TestProcessStringUTF16(61033)" executed="True" result="Success" success="True" time="0.000" asserts="1" />
                          <test-case name="dylan.NET.UnitTests.TestParseUtils.TestProcessStringUTF16(50773)" executed="True" result="Success" success="True" time="0.000" asserts="1" />
                          <test-case name="dylan.NET.UnitTests.TestParseUtils.TestProcessStringUTF16(4515)" executed="True" result="Success" success="True" time="0.000" asserts="1" />
                          <test-case name="dylan.NET.UnitTests.TestParseUtils.TestProcessStringUTF16(2498)" executed="True" result="Success" success="True" time="0.000" asserts="1" />
                          <test-case name="dylan.NET.UnitTests.TestParseUtils.TestProcessStringUTF16(17578)" executed="True" result="Success" success="True" time="0.000" asserts="1" />
                          <test-case name="dylan.NET.UnitTests.TestParseUtils.TestProcessStringUTF16(11898)" executed="True" result="Success" success="True" time="0.000" asserts="1" />
                          <test-case name="dylan.NET.UnitTests.TestParseUtils.TestProcessStringUTF16(42915)" executed="True" result="Success" success="True" time="0.000" asserts="1" />
                          <test-case name="dylan.NET.UnitTests.TestParseUtils.TestProcessStringUTF16(18197)" executed="True" result="Success" success="True" time="0.000" asserts="1" />
                          <test-case name="dylan.NET.UnitTests.TestParseUtils.TestProcessStringUTF16(18492)" executed="True" result="Success" success="True" time="0.000" asserts="1" />
                          <test-case name="dylan.NET.UnitTests.TestParseUtils.TestProcessStringUTF16(63138)" executed="True" result="Success" success="True" time="0.000" asserts="1" />
                          <test-case name="dylan.NET.UnitTests.TestParseUtils.TestProcessStringUTF16(54566)" executed="True" result="Success" success="True" time="0.000" asserts="1" />
                          <test-case name="dylan.NET.UnitTests.TestParseUtils.TestProcessStringUTF16(60413)" executed="True" result="Success" success="True" time="0.000" asserts="1" />
                          <test-case name="dylan.NET.UnitTests.TestParseUtils.TestProcessStringUTF16(64282)" executed="True" result="Success" success="True" time="0.000" asserts="1" />
                          <test-case name="dylan.NET.UnitTests.TestParseUtils.TestProcessStringUTF16(6366)" executed="True" result="Success" success="True" time="0.000" asserts="1" />
                          <test-case name="dylan.NET.UnitTests.TestParseUtils.TestProcessStringUTF16(26799)" executed="True" result="Success" success="True" time="0.000" asserts="1" />
                          <test-case name="dylan.NET.UnitTests.TestParseUtils.TestProcessStringUTF16(3833)" executed="True" result="Success" success="True" time="0.000" asserts="1" />
                          <test-case name="dylan.NET.UnitTests.TestParseUtils.TestProcessStringUTF16(47902)" executed="True" result="Success" success="True" time="0.000" asserts="1" />
                          <test-case name="dylan.NET.UnitTests.TestParseUtils.TestProcessStringUTF16(26652)" executed="True" result="Success" success="True" time="0.000" asserts="1" />
                          <test-case name="dylan.NET.UnitTests.TestParseUtils.TestProcessStringUTF16(42854)" executed="True" result="Success" success="True" time="0.000" asserts="1" />
                          <test-case name="dylan.NET.UnitTests.TestParseUtils.TestProcessStringUTF16(44997)" executed="True" result="Success" success="True" time="0.000" asserts="1" />
                          <test-case name="dylan.NET.UnitTests.TestParseUtils.TestProcessStringUTF16(64908)" executed="True" result="Success" success="True" time="0.000" asserts="1" />
                          <test-case name="dylan.NET.UnitTests.TestParseUtils.TestProcessStringUTF16(45563)" executed="True" result="Success" success="True" time="0.000" asserts="1" />
                          <test-case name="dylan.NET.UnitTests.TestParseUtils.TestProcessStringUTF16(45203)" executed="True" result="Success" success="True" time="0.000" asserts="1" />
                          <test-case name="dylan.NET.UnitTests.TestParseUtils.TestProcessStringUTF16(25968)" executed="True" result="Success" success="True" time="0.000" asserts="1" />
                          <test-case name="dylan.NET.UnitTests.TestParseUtils.TestProcessStringUTF16(56988)" executed="True" result="Success" success="True" time="0.000" asserts="1" />
                          <test-case name="dylan.NET.UnitTests.TestParseUtils.TestProcessStringUTF16(17899)" executed="True" result="Success" success="True" time="0.000" asserts="1" />
                          <test-case name="dylan.NET.UnitTests.TestParseUtils.TestProcessStringUTF16(37273)" executed="True" result="Success" success="True" time="0.000" asserts="1" />
                          <test-case name="dylan.NET.UnitTests.TestParseUtils.TestProcessStringUTF16(14749)" executed="True" result="Success" success="True" time="0.000" asserts="1" />
                          <test-case name="dylan.NET.UnitTests.TestParseUtils.TestProcessStringUTF16(64974)" executed="True" result="Success" success="True" time="0.000" asserts="1" />
                          <test-case name="dylan.NET.UnitTests.TestParseUtils.TestProcessStringUTF16(32572)" executed="True" result="Success" success="True" time="0.000" asserts="1" />
                          <test-case name="dylan.NET.UnitTests.TestParseUtils.TestProcessStringUTF16(42217)" executed="True" result="Success" success="True" time="0.000" asserts="1" />
                          <test-case name="dylan.NET.UnitTests.TestParseUtils.TestProcessStringUTF16(63890)" executed="True" result="Success" success="True" time="0.000" asserts="1" />
                          <test-case name="dylan.NET.UnitTests.TestParseUtils.TestProcessStringUTF16(22104)" executed="True" result="Success" success="True" time="0.000" asserts="1" />
                          <test-case name="dylan.NET.UnitTests.TestParseUtils.TestProcessStringUTF16(45822)" executed="True" result="Success" success="True" time="0.000" asserts="1" />
                          <test-case name="dylan.NET.UnitTests.TestParseUtils.TestProcessStringUTF16(60255)" executed="True" result="Success" success="True" time="0.000" asserts="1" />
                          <test-case name="dylan.NET.UnitTests.TestParseUtils.TestProcessStringUTF16(57514)" executed="True" result="Success" success="True" time="0.000" asserts="1" />
                          <test-case name="dylan.NET.UnitTests.TestParseUtils.TestProcessStringUTF16(46073)" executed="True" result="Success" success="True" time="0.000" asserts="1" />
                          <test-case name="dylan.NET.UnitTests.TestParseUtils.TestProcessStringUTF16(51863)" executed="True" result="Success" success="True" time="0.000" asserts="1" />
                          <test-case name="dylan.NET.UnitTests.TestParseUtils.TestProcessStringUTF16(12411)" executed="True" result="Success" success="True" time="0.000" asserts="1" />
                          <test-case name="dylan.NET.UnitTests.TestParseUtils.TestProcessStringUTF16(13366)" executed="True" result="Success" success="True" time="0.000" asserts="1" />
                          <test-case name="dylan.NET.UnitTests.TestParseUtils.TestProcessStringUTF16(28492)" executed="True" result="Success" success="True" time="0.000" asserts="1" />
                          <test-case name="dylan.NET.UnitTests.TestParseUtils.TestProcessStringUTF16(62637)" executed="True" result="Success" success="True" time="0.000" asserts="1" />
                          <test-case name="dylan.NET.UnitTests.TestParseUtils.TestProcessStringUTF16(11019)" executed="True" result="Success" success="True" time="0.000" asserts="1" />
                          <test-case name="dylan.NET.UnitTests.TestParseUtils.TestProcessStringUTF16(8730)" executed="True" result="Success" success="True" time="0.000" asserts="1" />
                          <test-case name="dylan.NET.UnitTests.TestParseUtils.TestProcessStringUTF16(8610)" executed="True" result="Success" success="True" time="0.000" asserts="1" />
                          <test-case name="dylan.NET.UnitTests.TestParseUtils.TestProcessStringUTF16(65489)" executed="True" result="Success" success="True" time="0.000" asserts="1" />
                          <test-case name="dylan.NET.UnitTests.TestParseUtils.TestProcessStringUTF16(32422)" executed="True" result="Success" success="True" time="0.000" asserts="1" />
                          <test-case name="dylan.NET.UnitTests.TestParseUtils.TestProcessStringUTF16(41334)" executed="True" result="Success" success="True" time="0.000" asserts="1" />
                          <test-case name="dylan.NET.UnitTests.TestParseUtils.TestProcessStringUTF16(23555)" executed="True" result="Success" success="True" time="0.000" asserts="1" />
                          <test-case name="dylan.NET.UnitTests.TestParseUtils.TestProcessStringUTF16(53467)" executed="True" result="Success" success="True" time="0.000" asserts="1" />
                          <test-case name="dylan.NET.UnitTests.TestParseUtils.TestProcessStringUTF16(50620)" executed="True" result="Success" success="True" time="0.000" asserts="1" />
                          <test-case name="dylan.NET.UnitTests.TestParseUtils.TestProcessStringUTF16(44574)" executed="True" result="Success" success="True" time="0.000" asserts="1" />
                          <test-case name="dylan.NET.UnitTests.TestParseUtils.TestProcessStringUTF16(63971)" executed="True" result="Success" success="True" time="0.000" asserts="1" />
                          <test-case name="dylan.NET.UnitTests.TestParseUtils.TestProcessStringUTF16(23976)" executed="True" result="Success" success="True" time="0.000" asserts="1" />
                          <test-case name="dylan.NET.UnitTests.TestParseUtils.TestProcessStringUTF16(20943)" executed="True" result="Success" success="True" time="0.000" asserts="1" />
                          <test-case name="dylan.NET.UnitTests.TestParseUtils.TestProcessStringUTF16(62677)" executed="True" result="Success" success="True" time="0.000" asserts="1" />
                          <test-case name="dylan.NET.UnitTests.TestParseUtils.TestProcessStringUTF16(28669)" executed="True" result="Success" success="True" time="0.000" asserts="1" />
                          <test-case name="dylan.NET.UnitTests.TestParseUtils.TestProcessStringUTF16(24228)" executed="True" result="Success" success="True" time="0.000" asserts="1" />
                          <test-case name="dylan.NET.UnitTests.TestParseUtils.TestProcessStringUTF16(7777)" executed="True" result="Success" success="True" time="0.000" asserts="1" />
                          <test-case name="dylan.NET.UnitTests.TestParseUtils.TestProcessStringUTF16(25599)" executed="True" result="Success" success="True" time="0.000" asserts="1" />
                          <test-case name="dylan.NET.UnitTests.TestParseUtils.TestProcessStringUTF16(31359)" executed="True" result="Success" success="True" time="0.000" asserts="1" />
                          <test-case name="dylan.NET.UnitTests.TestParseUtils.TestProcessStringUTF16(56586)" executed="True" result="Success" success="True" time="0.000" asserts="1" />
                          <test-case name="dylan.NET.UnitTests.TestParseUtils.TestProcessStringUTF16(5786)" executed="True" result="Success" success="True" time="0.000" asserts="1" />
                          <test-case name="dylan.NET.UnitTests.TestParseUtils.TestProcessStringUTF16(5126)" executed="True" result="Success" success="True" time="0.000" asserts="1" />
                          <test-case name="dylan.NET.UnitTests.TestParseUtils.TestProcessStringUTF16(34646)" executed="True" result="Success" success="True" time="0.000" asserts="1" />
                          <test-case name="dylan.NET.UnitTests.TestParseUtils.TestProcessStringUTF16(57463)" executed="True" result="Success" success="True" time="0.000" asserts="1" />
                          <test-case name="dylan.NET.UnitTests.TestParseUtils.TestProcessStringUTF16(49394)" executed="True" result="Success" success="True" time="0.000" asserts="1" />
                          <test-case name="dylan.NET.UnitTests.TestParseUtils.TestProcessStringUTF16(55551)" executed="True" result="Success" success="True" time="0.000" asserts="1" />
                          <test-case name="dylan.NET.UnitTests.TestParseUtils.TestProcessStringUTF16(63290)" executed="True" result="Success" success="True" time="0.000" asserts="1" />
                          <test-case name="dylan.NET.UnitTests.TestParseUtils.TestProcessStringUTF16(26845)" executed="True" result="Success" success="True" time="0.000" asserts="1" />
                          <test-case name="dylan.NET.UnitTests.TestParseUtils.TestProcessStringUTF16(36945)" executed="True" result="Success" success="True" time="0.000" asserts="1" />
                          <test-case name="dylan.NET.UnitTests.TestParseUtils.TestProcessStringUTF16(6568)" executed="True" result="Success" success="True" time="0.000" asserts="1" />
                          <test-case name="dylan.NET.UnitTests.TestParseUtils.TestProcessStringUTF16(3096)" executed="True" result="Success" success="True" time="0.000" asserts="1" />
                          <test-case name="dylan.NET.UnitTests.TestParseUtils.TestProcessStringUTF16(54921)" executed="True" result="Success" success="True" time="0.000" asserts="1" />
                          <test-case name="dylan.NET.UnitTests.TestParseUtils.TestProcessStringUTF16(59912)" executed="True" result="Success" success="True" time="0.000" asserts="1" />
                          <test-case name="dylan.NET.UnitTests.TestParseUtils.TestProcessStringUTF16(20334)" executed="True" result="Success" success="True" time="0.000" asserts="1" />
                          <test-case name="dylan.NET.UnitTests.TestParseUtils.TestProcessStringUTF16(47126)" executed="True" result="Success" success="True" time="0.000" asserts="1" />
                          <test-case name="dylan.NET.UnitTests.TestParseUtils.TestProcessStringUTF16(21227)" executed="True" result="Success" success="True" time="0.000" asserts="1" />
                          <test-case name="dylan.NET.UnitTests.TestParseUtils.TestProcessStringUTF16(5024)" executed="True" result="Success" success="True" time="0.000" asserts="1" />
                          <test-case name="dylan.NET.UnitTests.TestParseUtils.TestProcessStringUTF16(59845)" executed="True" result="Success" success="True" time="0.000" asserts="1" />
                          <test-case name="dylan.NET.UnitTests.TestParseUtils.TestProcessStringUTF16(54764)" executed="True" result="Success" success="True" time="0.000" asserts="1" />
                          <test-case name="dylan.NET.UnitTests.TestParseUtils.TestProcessStringUTF16(13045)" executed="True" result="Success" success="True" time="0.000" asserts="1" />
                          <test-case name="dylan.NET.UnitTests.TestParseUtils.TestProcessStringUTF16(6971)" executed="True" result="Success" success="True" time="0.000" asserts="1" />
                          <test-case name="dylan.NET.UnitTests.TestParseUtils.TestProcessStringUTF16(39374)" executed="True" result="Success" success="True" time="0.000" asserts="1" />
                          <test-case name="dylan.NET.UnitTests.TestParseUtils.TestProcessStringUTF16(1213)" executed="True" result="Success" success="True" time="0.000" asserts="1" />
                          <test-case name="dylan.NET.UnitTests.TestParseUtils.TestProcessStringUTF16(51166)" executed="True" result="Success" success="True" time="0.000" asserts="1" />
                          <test-case name="dylan.NET.UnitTests.TestParseUtils.TestProcessStringUTF16(58104)" executed="True" result="Success" success="True" time="0.000" asserts="1" />
                          <test-case name="dylan.NET.UnitTests.TestParseUtils.TestProcessStringUTF16(16978)" executed="True" result="Success" success="True" time="0.000" asserts="1" />
                          <test-case name="dylan.NET.UnitTests.TestParseUtils.TestProcessStringUTF16(11175)" executed="True" result="Success" success="True" time="0.000" asserts="1" />
                          <test-case name="dylan.NET.UnitTests.TestParseUtils.TestProcessStringUTF16(2791)" executed="True" result="Success" success="True" time="0.000" asserts="1" />
                          <test-case name="dylan.NET.UnitTests.TestParseUtils.TestProcessStringUTF16(8120)" executed="True" result="Success" success="True" time="0.000" asserts="1" />
                          <test-case name="dylan.NET.UnitTests.TestParseUtils.TestProcessStringUTF16(56057)" executed="True" result="Success" success="True" time="0.000" asserts="1" />
                          <test-case name="dylan.NET.UnitTests.TestParseUtils.TestProcessStringUTF16(54107)" executed="True" result="Success" success="True" time="0.000" asserts="1" />
                          <test-case name="dylan.NET.UnitTests.TestParseUtils.TestProcessStringUTF16(51101)" executed="True" result="Success" success="True" time="0.000" asserts="1" />
                          <test-case name="dylan.NET.UnitTests.TestParseUtils.TestProcessStringUTF16(41955)" executed="True" result="Success" success="True" time="0.000" asserts="1" />
                          <test-case name="dylan.NET.UnitTests.TestParseUtils.TestProcessStringUTF16(21924)" executed="True" result="Success" success="True" time="0.000" asserts="1" />
                          <test-case name="dylan.NET.UnitTests.TestParseUtils.TestProcessStringUTF16(59541)" executed="True" result="Success" success="True" time="0.000" asserts="1" />
                          <test-case name="dylan.NET.UnitTests.TestParseUtils.TestProcessStringUTF16(21632)" executed="True" result="Success" success="True" time="0.000" asserts="1" />
                          <test-case name="dylan.NET.UnitTests.TestParseUtils.TestProcessStringUTF16(14353)" executed="True" result="Success" success="True" time="0.000" asserts="1" />
                          <test-case name="dylan.NET.UnitTests.TestParseUtils.TestProcessStringUTF16(53811)" executed="True" result="Success" success="True" time="0.000" asserts="1" />
                          <test-case name="dylan.NET.UnitTests.TestParseUtils.TestProcessStringUTF16(18363)" executed="True" result="Success" success="True" time="0.000" asserts="1" />
                          <test-case name="dylan.NET.UnitTests.TestParseUtils.TestProcessStringUTF16(11195)" executed="True" result="Success" success="True" time="0.000" asserts="1" />
                          <test-case name="dylan.NET.UnitTests.TestParseUtils.TestProcessStringUTF16(36310)" executed="True" result="Success" success="True" time="0.000" asserts="1" />
                          <test-case name="dylan.NET.UnitTests.TestParseUtils.TestProcessStringUTF16(29245)" executed="True" result="Success" success="True" time="0.000" asserts="1" />
                          <test-case name="dylan.NET.UnitTests.TestParseUtils.TestProcessStringUTF16(64238)" executed="True" result="Success" success="True" time="0.000" asserts="1" />
                          <test-case name="dylan.NET.UnitTests.TestParseUtils.TestProcessStringUTF16(37574)" executed="True" result="Success" success="True" time="0.000" asserts="1" />
                          <test-case name="dylan.NET.UnitTests.TestParseUtils.TestProcessStringUTF16(37602)" executed="True" result="Success" success="True" time="0.000" asserts="1" />
                          <test-case name="dylan.NET.UnitTests.TestParseUtils.TestProcessStringUTF16(24597)" executed="True" result="Success" success="True" time="0.000" asserts="1" />
                          <test-case name="dylan.NET.UnitTests.TestParseUtils.TestProcessStringUTF16(22762)" executed="True" result="Success" success="True" time="0.000" asserts="1" />
                          <test-case name="dylan.NET.UnitTests.TestParseUtils.TestProcessStringUTF16(35312)" executed="True" result="Success" success="True" time="0.000" asserts="1" />
                          <test-case name="dylan.NET.UnitTests.TestParseUtils.TestProcessStringUTF16(4572)" executed="True" result="Success" success="True" time="0.000" asserts="1" />
                          <test-case name="dylan.NET.UnitTests.TestParseUtils.TestProcessStringUTF16(11691)" executed="True" result="Success" success="True" time="0.000" asserts="1" />
                          <test-case name="dylan.NET.UnitTests.TestParseUtils.TestProcessStringUTF16(13052)" executed="True" result="Success" success="True" time="0.000" asserts="1" />
                          <test-case name="dylan.NET.UnitTests.TestParseUtils.TestProcessStringUTF16(4985)" executed="True" result="Success" success="True" time="0.000" asserts="1" />
                          <test-case name="dylan.NET.UnitTests.TestParseUtils.TestProcessStringUTF16(17479)" executed="True" result="Success" success="True" time="0.000" asserts="1" />
                          <test-case name="dylan.NET.UnitTests.TestParseUtils.TestProcessStringUTF16(40837)" executed="True" result="Success" success="True" time="0.000" asserts="1" />
                          <test-case name="dylan.NET.UnitTests.TestParseUtils.TestProcessStringUTF16(2478)" executed="True" result="Success" success="True" time="0.000" asserts="1" />
                          <test-case name="dylan.NET.UnitTests.TestParseUtils.TestProcessStringUTF16(20219)" executed="True" result="Success" success="True" time="0.000" asserts="1" />
                          <test-case name="dylan.NET.UnitTests.TestParseUtils.TestProcessStringUTF16(28705)" executed="True" result="Success" success="True" time="0.000" asserts="1" />
                          <test-case name="dylan.NET.UnitTests.TestParseUtils.TestProcessStringUTF16(12722)" executed="True" result="Success" success="True" time="0.000" asserts="1" />
                          <test-case name="dylan.NET.UnitTests.TestParseUtils.TestProcessStringUTF16(63457)" executed="True" result="Success" success="True" time="0.000" asserts="1" />
                          <test-case name="dylan.NET.UnitTests.TestParseUtils.TestProcessStringUTF16(27761)" executed="True" result="Success" success="True" time="0.000" asserts="1" />
                          <test-case name="dylan.NET.UnitTests.TestParseUtils.TestProcessStringUTF16(41198)" executed="True" result="Success" success="True" time="0.000" asserts="1" />
                          <test-case name="dylan.NET.UnitTests.TestParseUtils.TestProcessStringUTF16(9479)" executed="True" result="Success" success="True" time="0.000" asserts="1" />
                          <test-case name="dylan.NET.UnitTests.TestParseUtils.TestProcessStringUTF16(8481)" executed="True" result="Success" success="True" time="0.000" asserts="1" />
                          <test-case name="dylan.NET.UnitTests.TestParseUtils.TestProcessStringUTF16(25750)" executed="True" result="Success" success="True" time="0.000" asserts="1" />
                          <test-case name="dylan.NET.UnitTests.TestParseUtils.TestProcessStringUTF16(35793)" executed="True" result="Success" success="True" time="0.000" asserts="1" />
                          <test-case name="dylan.NET.UnitTests.TestParseUtils.TestProcessStringUTF16(39385)" executed="True" result="Success" success="True" time="0.000" asserts="1" />
                          <test-case name="dylan.NET.UnitTests.TestParseUtils.TestProcessStringUTF16(56218)" executed="True" result="Success" success="True" time="0.000" asserts="1" />
                          <test-case name="dylan.NET.UnitTests.TestParseUtils.TestProcessStringUTF16(22337)" executed="True" result="Success" success="True" time="0.000" asserts="1" />
                          <test-case name="dylan.NET.UnitTests.TestParseUtils.TestProcessStringUTF16(48266)" executed="True" result="Success" success="True" time="0.000" asserts="1" />
                          <test-case name="dylan.NET.UnitTests.TestParseUtils.TestProcessStringUTF16(22528)" executed="True" result="Success" success="True" time="0.000" asserts="1" />
                          <test-case name="dylan.NET.UnitTests.TestParseUtils.TestProcessStringUTF16(63999)" executed="True" result="Success" success="True" time="0.000" asserts="1" />
                          <test-case name="dylan.NET.UnitTests.TestParseUtils.TestProcessStringUTF16(35246)" executed="True" result="Success" success="True" time="0.000" asserts="1" />
                          <test-case name="dylan.NET.UnitTests.TestParseUtils.TestProcessStringUTF16(55272)" executed="True" result="Success" success="True" time="0.000" asserts="1" />
                          <test-case name="dylan.NET.UnitTests.TestParseUtils.TestProcessStringUTF16(43073)" executed="True" result="Success" success="True" time="0.000" asserts="1" />
                          <test-case name="dylan.NET.UnitTests.TestParseUtils.TestProcessStringUTF16(65528)" executed="True" result="Success" success="True" time="0.000" asserts="1" />
                          <test-case name="dylan.NET.UnitTests.TestParseUtils.TestProcessStringUTF16(1985)" executed="True" result="Success" success="True" time="0.000" asserts="1" />
                          <test-case name="dylan.NET.UnitTests.TestParseUtils.TestProcessStringUTF16(21895)" executed="True" result="Success" success="True" time="0.000" asserts="1" />
                          <test-case name="dylan.NET.UnitTests.TestParseUtils.TestProcessStringUTF16(25911)" executed="True" result="Success" success="True" time="0.000" asserts="1" />
                          <test-case name="dylan.NET.UnitTests.TestParseUtils.TestProcessStringUTF16(48688)" executed="True" result="Success" success="True" time="0.000" asserts="1" />
                          <test-case name="dylan.NET.UnitTests.TestParseUtils.TestProcessStringUTF16(37884)" executed="True" result="Success" success="True" time="0.000" asserts="1" />
                          <test-case name="dylan.NET.UnitTests.TestParseUtils.TestProcessStringUTF16(53807)" executed="True" result="Success" success="True" time="0.000" asserts="1" />
                          <test-case name="dylan.NET.UnitTests.TestParseUtils.TestProcessStringUTF16(63988)" executed="True" result="Success" success="True" time="0.000" asserts="1" />
                          <test-case name="dylan.NET.UnitTests.TestParseUtils.TestProcessStringUTF16(4869)" executed="True" result="Success" success="True" time="0.000" asserts="1" />
                          <test-case name="dylan.NET.UnitTests.TestParseUtils.TestProcessStringUTF16(45893)" executed="True" result="Success" success="True" time="0.000" asserts="1" />
                          <test-case name="dylan.NET.UnitTests.TestParseUtils.TestProcessStringUTF16(14859)" executed="True" result="Success" success="True" time="0.000" asserts="1" />
                          <test-case name="dylan.NET.UnitTests.TestParseUtils.TestProcessStringUTF16(44628)" executed="True" result="Success" success="True" time="0.000" asserts="1" />
                          <test-case name="dylan.NET.UnitTests.TestParseUtils.TestProcessStringUTF16(42619)" executed="True" result="Success" success="True" time="0.000" asserts="1" />
                          <test-case name="dylan.NET.UnitTests.TestParseUtils.TestProcessStringUTF16(16205)" executed="True" result="Success" success="True" time="0.000" asserts="1" />
                          <test-case name="dylan.NET.UnitTests.TestParseUtils.TestProcessStringUTF16(51665)" executed="True" result="Success" success="True" time="0.000" asserts="1" />
                          <test-case name="dylan.NET.UnitTests.TestParseUtils.TestProcessStringUTF16(20155)" executed="True" result="Success" success="True" time="0.000" asserts="1" />
                          <test-case name="dylan.NET.UnitTests.TestParseUtils.TestProcessStringUTF16(30948)" executed="True" result="Success" success="True" time="0.000" asserts="1" />
                          <test-case name="dylan.NET.UnitTests.TestParseUtils.TestProcessStringUTF16(57550)" executed="True" result="Success" success="True" time="0.000" asserts="1" />
                          <test-case name="dylan.NET.UnitTests.TestParseUtils.TestProcessStringUTF16(5545)" executed="True" result="Success" success="True" time="0.000" asserts="1" />
                          <test-case name="dylan.NET.UnitTests.TestParseUtils.TestProcessStringUTF16(61369)" executed="True" result="Success" success="True" time="0.000" asserts="1" />
                          <test-case name="dylan.NET.UnitTests.TestParseUtils.TestProcessStringUTF16(12730)" executed="True" result="Success" success="True" time="0.000" asserts="1" />
                          <test-case name="dylan.NET.UnitTests.TestParseUtils.TestProcessStringUTF16(1063)" executed="True" result="Success" success="True" time="0.000" asserts="1" />
                          <test-case name="dylan.NET.UnitTests.TestParseUtils.TestProcessStringUTF16(39507)" executed="True" result="Success" success="True" time="0.000" asserts="1" />
                          <test-case name="dylan.NET.UnitTests.TestParseUtils.TestProcessStringUTF16(21164)" executed="True" result="Success" success="True" time="0.000" asserts="1" />
                          <test-case name="dylan.NET.UnitTests.TestParseUtils.TestProcessStringUTF16(37581)" executed="True" result="Success" success="True" time="0.000" asserts="1" />
                          <test-case name="dylan.NET.UnitTests.TestParseUtils.TestProcessStringUTF16(35617)" executed="True" result="Success" success="True" time="0.000" asserts="1" />
                          <test-case name="dylan.NET.UnitTests.TestParseUtils.TestProcessStringUTF16(2702)" executed="True" result="Success" success="True" time="0.000" asserts="1" />
                          <test-case name="dylan.NET.UnitTests.TestParseUtils.TestProcessStringUTF16(62386)" executed="True" result="Success" success="True" time="0.000" asserts="1" />
                          <test-case name="dylan.NET.UnitTests.TestParseUtils.TestProcessStringUTF16(52159)" executed="True" result="Success" success="True" time="0.000" asserts="1" />
                          <test-case name="dylan.NET.UnitTests.TestParseUtils.TestProcessStringUTF16(32222)" executed="True" result="Success" success="True" time="0.000" asserts="1" />
                          <test-case name="dylan.NET.UnitTests.TestParseUtils.TestProcessStringUTF16(23418)" executed="True" result="Success" success="True" time="0.000" asserts="1" />
                          <test-case name="dylan.NET.UnitTests.TestParseUtils.TestProcessStringUTF16(14599)" executed="True" result="Success" success="True" time="0.000" asserts="1" />
                          <test-case name="dylan.NET.UnitTests.TestParseUtils.TestProcessStringUTF16(116)" executed="True" result="Success" success="True" time="0.000" asserts="1" />
                          <test-case name="dylan.NET.UnitTests.TestParseUtils.TestProcessStringUTF16(37121)" executed="True" result="Success" success="True" time="0.000" asserts="1" />
                          <test-case name="dylan.NET.UnitTests.TestParseUtils.TestProcessStringUTF16(25977)" executed="True" result="Success" success="True" time="0.000" asserts="1" />
                          <test-case name="dylan.NET.UnitTests.TestParseUtils.TestProcessStringUTF16(23384)" executed="True" result="Success" success="True" time="0.000" asserts="1" />
                          <test-case name="dylan.NET.UnitTests.TestParseUtils.TestProcessStringUTF16(43134)" executed="True" result="Success" success="True" time="0.000" asserts="1" />
                          <test-case name="dylan.NET.UnitTests.TestParseUtils.TestProcessStringUTF16(12500)" executed="True" result="Success" success="True" time="0.000" asserts="1" />
                          <test-case name="dylan.NET.UnitTests.TestParseUtils.TestProcessStringUTF16(26591)" executed="True" result="Success" success="True" time="0.000" asserts="1" />
                          <test-case name="dylan.NET.UnitTests.TestParseUtils.TestProcessStringUTF16(43302)" executed="True" result="Success" success="True" time="0.000" asserts="1" />
                          <test-case name="dylan.NET.UnitTests.TestParseUtils.TestProcessStringUTF16(62348)" executed="True" result="Success" success="True" time="0.000" asserts="1" />
                          <test-case name="dylan.NET.UnitTests.TestParseUtils.TestProcessStringUTF16(49182)" executed="True" result="Success" success="True" time="0.000" asserts="1" />
                          <test-case name="dylan.NET.UnitTests.TestParseUtils.TestProcessStringUTF16(3933)" executed="True" result="Success" success="True" time="0.000" asserts="1" />
                          <test-case name="dylan.NET.UnitTests.TestParseUtils.TestProcessStringUTF16(12647)" executed="True" result="Success" success="True" time="0.000" asserts="1" />
                          <test-case name="dylan.NET.UnitTests.TestParseUtils.TestProcessStringUTF16(13019)" executed="True" result="Success" success="True" time="0.000" asserts="1" />
                          <test-case name="dylan.NET.UnitTests.TestParseUtils.TestProcessStringUTF16(34729)" executed="True" result="Success" success="True" time="0.000" asserts="1" />
                          <test-case name="dylan.NET.UnitTests.TestParseUtils.TestProcessStringUTF16(65413)" executed="True" result="Success" success="True" time="0.000" asserts="1" />
                          <test-case name="dylan.NET.UnitTests.TestParseUtils.TestProcessStringUTF16(35054)" executed="True" result="Success" success="True" time="0.000" asserts="1" />
                          <test-case name="dylan.NET.UnitTests.TestParseUtils.TestProcessStringUTF16(50291)" executed="True" result="Success" success="True" time="0.000" asserts="1" />
                          <test-case name="dylan.NET.UnitTests.TestParseUtils.TestProcessStringUTF16(12649)" executed="True" result="Success" success="True" time="0.000" asserts="1" />
                          <test-case name="dylan.NET.UnitTests.TestParseUtils.TestProcessStringUTF16(19826)" executed="True" result="Success" success="True" time="0.000" asserts="1" />
                          <test-case name="dylan.NET.UnitTests.TestParseUtils.TestProcessStringUTF16(1612)" executed="True" result="Success" success="True" time="0.000" asserts="1" />
                          <test-case name="dylan.NET.UnitTests.TestParseUtils.TestProcessStringUTF16(48621)" executed="True" result="Success" success="True" time="0.000" asserts="1" />
                          <test-case name="dylan.NET.UnitTests.TestParseUtils.TestProcessStringUTF16(23050)" executed="True" result="Success" success="True" time="0.000" asserts="1" />
                          <test-case name="dylan.NET.UnitTests.TestParseUtils.TestProcessStringUTF16(19655)" executed="True" result="Success" success="True" time="0.000" asserts="1" />
                          <test-case name="dylan.NET.UnitTests.TestParseUtils.TestProcessStringUTF16(50928)" executed="True" result="Success" success="True" time="0.000" asserts="1" />
                        </results>
                      </test-suite>
                      <test-case name="dylan.NET.UnitTests.TestParseUtils.TestProcessStringVT" executed="True" result="Success" success="True" time="0.000" asserts="1" />
                      <test-case name="dylan.NET.UnitTests.TestParseUtils.TestProcessStringX1" executed="True" result="Success" success="True" time="0.000" asserts="1" />
                      <test-case name="dylan.NET.UnitTests.TestParseUtils.TestProcessStringX2" executed="True" result="Success" success="True" time="0.000" asserts="1" />
                      <test-case name="dylan.NET.UnitTests.TestParseUtils.TestProcessStringX3" executed="True" result="Success" success="True" time="0.000" asserts="1" />
                      <test-case name="dylan.NET.UnitTests.TestParseUtils.TestProcessStringX4" executed="True" result="Success" success="True" time="0.000" asserts="1" />
                      <test-case name="dylan.NET.UnitTests.TestParseUtils.TestStringParser2dsCQ" executed="True" result="Success" success="True" time="0.016" asserts="1" />
                      <test-case name="dylan.NET.UnitTests.TestParseUtils.TestStringParserCQ" executed="True" result="Success" success="True" time="0.000" asserts="1" />
                      <test-case name="dylan.NET.UnitTests.TestParseUtils.TestStringParserNoQ" executed="True" result="Success" success="True" time="0.000" asserts="1" />
                      <test-case name="dylan.NET.UnitTests.TestParseUtils.TestStringParserQ" executed="True" result="Success" success="True" time="0.000" asserts="1" />
                    </results>
                  </test-suite>
                  <test-suite type="TestFixture" name="TestStreamUtils" executed="True" result="Success" success="True" time="0.014" asserts="0">
                    <results>
                      <test-case name="dylan.NET.UnitTests.TestStreamUtils.TestCloseInS" executed="True" result="Success" success="True" time="0.002" asserts="1" />
                      <test-case name="dylan.NET.UnitTests.TestStreamUtils.TestCloseOutS" executed="True" result="Success" success="True" time="0.000" asserts="1" />
                      <test-case name="dylan.NET.UnitTests.TestStreamUtils.TestInitInS" executed="True" result="Success" success="True" time="0.000" asserts="1" />
                      <test-case name="dylan.NET.UnitTests.TestStreamUtils.TestInitOutS" executed="True" result="Success" success="True" time="0.000" asserts="1" />
                      <test-case name="dylan.NET.UnitTests.TestStreamUtils.TestReadLine" executed="True" result="Success" success="True" time="0.003" asserts="1" />
                      <test-case name="dylan.NET.UnitTests.TestStreamUtils.TestWrite" executed="True" result="Success" success="True" time="0.001" asserts="1" />
                      <test-case name="dylan.NET.UnitTests.TestStreamUtils.TestWriteErrorExcp" executed="True" result="Success" success="True" time="0.002" asserts="0" />
                      <test-case name="dylan.NET.UnitTests.TestStreamUtils.TestWriteErrorMsg" executed="True" result="Success" success="True" time="0.000" asserts="1" />
                      <test-case name="dylan.NET.UnitTests.TestStreamUtils.TestWriteLine" executed="True" result="Success" success="True" time="0.000" asserts="1" />
                      <test-case name="dylan.NET.UnitTests.TestStreamUtils.TestWriteWarnMsg" executed="True" result="Success" success="True" time="0.000" asserts="1" />
                    </results>
                  </test-suite>
                </results>
              </test-suite>
            </results>
          </test-suite>
        </results>
      </test-suite>
    </results>
  </test-suite>
</test-results>