<?xml version="1.0" encoding="utf-8" standalone="no"?>
<!--This file represents the results of running a test suite-->
<test-results name="/var/www/Code/dylannet/dylandotnet/compiler/unit/unit.dll" total="786" errors="0" failures="0" not-run="0" inconclusive="0" ignored="0" skipped="0" invalid="0" date="2013-03-06" time="16:43:55">
  <environment nunit-version="2.6.0.0" clr-version="4.0.30319.17020" os-version="Unix 3.8.0.11" platform="Unix" cwd="/var/www/Code/dylannet/dylandotnet/compiler/unit" machine-name="ubuntu-server" user="dylan" user-domain="ubuntu-server" />
  <culture-info current-culture="en-GB" current-uiculture="en-GB" />
  <test-suite type="Assembly" name="/var/www/Code/dylannet/dylandotnet/compiler/unit/unit.dll" executed="True" result="Success" success="True" time="0.643" asserts="0">
    <results>
      <test-suite type="Namespace" name="dylan" executed="True" result="Success" success="True" time="0.637" asserts="0">
        <results>
          <test-suite type="Namespace" name="NET" executed="True" result="Success" success="True" time="0.637" asserts="0">
            <results>
              <test-suite type="Namespace" name="UnitTests" executed="True" result="Success" success="True" time="0.636" asserts="0">
                <results>
                  <test-suite type="TestFixture" name="TestParseUtils" executed="True" result="Success" success="True" time="0.583" asserts="0">
                    <results>
                      <test-case name="dylan.NET.UnitTests.TestParseUtils.TestProcessStringA" executed="True" result="Success" success="True" time="0.010" asserts="1" />
                      <test-case name="dylan.NET.UnitTests.TestParseUtils.TestProcessStringBS" executed="True" result="Success" success="True" time="0.000" asserts="1" />
                      <test-case name="dylan.NET.UnitTests.TestParseUtils.TestProcessStringBSL" executed="True" result="Success" success="True" time="0.000" asserts="1" />
                      <test-case name="dylan.NET.UnitTests.TestParseUtils.TestProcessStringCR" executed="True" result="Success" success="True" time="0.000" asserts="1" />
                      <test-suite type="ParameterizedTest" name="TestProcessStringExtASCII" executed="True" result="Success" success="True" time="0.164" asserts="0">
                        <results>
                          <test-case name="dylan.NET.UnitTests.TestParseUtils.TestProcessStringExtASCII(0)" executed="True" result="Success" success="True" time="0.002" asserts="1" />
                          <test-case name="dylan.NET.UnitTests.TestParseUtils.TestProcessStringExtASCII(1)" executed="True" result="Success" success="True" time="0.000" asserts="1" />
                          <test-case name="dylan.NET.UnitTests.TestParseUtils.TestProcessStringExtASCII(2)" executed="True" result="Success" success="True" time="0.000" asserts="1" />
                          <test-case name="dylan.NET.UnitTests.TestParseUtils.TestProcessStringExtASCII(3)" executed="True" result="Success" success="True" time="0.000" asserts="1" />
                          <test-case name="dylan.NET.UnitTests.TestParseUtils.TestProcessStringExtASCII(4)" executed="True" result="Success" success="True" time="0.000" asserts="1" />
                          <test-case name="dylan.NET.UnitTests.TestParseUtils.TestProcessStringExtASCII(5)" executed="True" result="Success" success="True" time="0.000" asserts="1" />
                          <test-case name="dylan.NET.UnitTests.TestParseUtils.TestProcessStringExtASCII(6)" executed="True" result="Success" success="True" time="0.000" asserts="1" />
                          <test-case name="dylan.NET.UnitTests.TestParseUtils.TestProcessStringExtASCII(7)" executed="True" result="Success" success="True" time="0.000" asserts="1" />
                          <test-case name="dylan.NET.UnitTests.TestParseUtils.TestProcessStringExtASCII(8)" executed="True" result="Success" success="True" time="0.000" asserts="1" />
                          <test-case name="dylan.NET.UnitTests.TestParseUtils.TestProcessStringExtASCII(9)" executed="True" result="Success" success="True" time="0.000" asserts="1" />
                          <test-case name="dylan.NET.UnitTests.TestParseUtils.TestProcessStringExtASCII(10)" executed="True" result="Success" success="True" time="0.000" asserts="1" />
                          <test-case name="dylan.NET.UnitTests.TestParseUtils.TestProcessStringExtASCII(11)" executed="True" result="Success" success="True" time="0.000" asserts="1" />
                          <test-case name="dylan.NET.UnitTests.TestParseUtils.TestProcessStringExtASCII(12)" executed="True" result="Success" success="True" time="0.000" asserts="1" />
                          <test-case name="dylan.NET.UnitTests.TestParseUtils.TestProcessStringExtASCII(13)" executed="True" result="Success" success="True" time="0.000" asserts="1" />
                          <test-case name="dylan.NET.UnitTests.TestParseUtils.TestProcessStringExtASCII(14)" executed="True" result="Success" success="True" time="0.000" asserts="1" />
                          <test-case name="dylan.NET.UnitTests.TestParseUtils.TestProcessStringExtASCII(15)" executed="True" result="Success" success="True" time="0.000" asserts="1" />
                          <test-case name="dylan.NET.UnitTests.TestParseUtils.TestProcessStringExtASCII(16)" executed="True" result="Success" success="True" time="0.000" asserts="1" />
                          <test-case name="dylan.NET.UnitTests.TestParseUtils.TestProcessStringExtASCII(17)" executed="True" result="Success" success="True" time="0.000" asserts="1" />
                          <test-case name="dylan.NET.UnitTests.TestParseUtils.TestProcessStringExtASCII(18)" executed="True" result="Success" success="True" time="0.000" asserts="1" />
                          <test-case name="dylan.NET.UnitTests.TestParseUtils.TestProcessStringExtASCII(19)" executed="True" result="Success" success="True" time="0.000" asserts="1" />
                          <test-case name="dylan.NET.UnitTests.TestParseUtils.TestProcessStringExtASCII(20)" executed="True" result="Success" success="True" time="0.000" asserts="1" />
                          <test-case name="dylan.NET.UnitTests.TestParseUtils.TestProcessStringExtASCII(21)" executed="True" result="Success" success="True" time="0.000" asserts="1" />
                          <test-case name="dylan.NET.UnitTests.TestParseUtils.TestProcessStringExtASCII(22)" executed="True" result="Success" success="True" time="0.000" asserts="1" />
                          <test-case name="dylan.NET.UnitTests.TestParseUtils.TestProcessStringExtASCII(23)" executed="True" result="Success" success="True" time="0.000" asserts="1" />
                          <test-case name="dylan.NET.UnitTests.TestParseUtils.TestProcessStringExtASCII(24)" executed="True" result="Success" success="True" time="0.000" asserts="1" />
                          <test-case name="dylan.NET.UnitTests.TestParseUtils.TestProcessStringExtASCII(25)" executed="True" result="Success" success="True" time="0.000" asserts="1" />
                          <test-case name="dylan.NET.UnitTests.TestParseUtils.TestProcessStringExtASCII(26)" executed="True" result="Success" success="True" time="0.000" asserts="1" />
                          <test-case name="dylan.NET.UnitTests.TestParseUtils.TestProcessStringExtASCII(27)" executed="True" result="Success" success="True" time="0.000" asserts="1" />
                          <test-case name="dylan.NET.UnitTests.TestParseUtils.TestProcessStringExtASCII(28)" executed="True" result="Success" success="True" time="0.000" asserts="1" />
                          <test-case name="dylan.NET.UnitTests.TestParseUtils.TestProcessStringExtASCII(29)" executed="True" result="Success" success="True" time="0.000" asserts="1" />
                          <test-case name="dylan.NET.UnitTests.TestParseUtils.TestProcessStringExtASCII(30)" executed="True" result="Success" success="True" time="0.000" asserts="1" />
                          <test-case name="dylan.NET.UnitTests.TestParseUtils.TestProcessStringExtASCII(31)" executed="True" result="Success" success="True" time="0.000" asserts="1" />
                          <test-case name="dylan.NET.UnitTests.TestParseUtils.TestProcessStringExtASCII(32)" executed="True" result="Success" success="True" time="0.000" asserts="1" />
                          <test-case name="dylan.NET.UnitTests.TestParseUtils.TestProcessStringExtASCII(33)" executed="True" result="Success" success="True" time="0.000" asserts="1" />
                          <test-case name="dylan.NET.UnitTests.TestParseUtils.TestProcessStringExtASCII(34)" executed="True" result="Success" success="True" time="0.000" asserts="1" />
                          <test-case name="dylan.NET.UnitTests.TestParseUtils.TestProcessStringExtASCII(35)" executed="True" result="Success" success="True" time="0.000" asserts="1" />
                          <test-case name="dylan.NET.UnitTests.TestParseUtils.TestProcessStringExtASCII(36)" executed="True" result="Success" success="True" time="0.000" asserts="1" />
                          <test-case name="dylan.NET.UnitTests.TestParseUtils.TestProcessStringExtASCII(37)" executed="True" result="Success" success="True" time="0.000" asserts="1" />
                          <test-case name="dylan.NET.UnitTests.TestParseUtils.TestProcessStringExtASCII(38)" executed="True" result="Success" success="True" time="0.000" asserts="1" />
                          <test-case name="dylan.NET.UnitTests.TestParseUtils.TestProcessStringExtASCII(39)" executed="True" result="Success" success="True" time="0.000" asserts="1" />
                          <test-case name="dylan.NET.UnitTests.TestParseUtils.TestProcessStringExtASCII(40)" executed="True" result="Success" success="True" time="0.000" asserts="1" />
                          <test-case name="dylan.NET.UnitTests.TestParseUtils.TestProcessStringExtASCII(41)" executed="True" result="Success" success="True" time="0.000" asserts="1" />
                          <test-case name="dylan.NET.UnitTests.TestParseUtils.TestProcessStringExtASCII(42)" executed="True" result="Success" success="True" time="0.000" asserts="1" />
                          <test-case name="dylan.NET.UnitTests.TestParseUtils.TestProcessStringExtASCII(43)" executed="True" result="Success" success="True" time="0.000" asserts="1" />
                          <test-case name="dylan.NET.UnitTests.TestParseUtils.TestProcessStringExtASCII(44)" executed="True" result="Success" success="True" time="0.000" asserts="1" />
                          <test-case name="dylan.NET.UnitTests.TestParseUtils.TestProcessStringExtASCII(45)" executed="True" result="Success" success="True" time="0.000" asserts="1" />
                          <test-case name="dylan.NET.UnitTests.TestParseUtils.TestProcessStringExtASCII(46)" executed="True" result="Success" success="True" time="0.000" asserts="1" />
                          <test-case name="dylan.NET.UnitTests.TestParseUtils.TestProcessStringExtASCII(47)" executed="True" result="Success" success="True" time="0.000" asserts="1" />
                          <test-case name="dylan.NET.UnitTests.TestParseUtils.TestProcessStringExtASCII(48)" executed="True" result="Success" success="True" time="0.000" asserts="1" />
                          <test-case name="dylan.NET.UnitTests.TestParseUtils.TestProcessStringExtASCII(49)" executed="True" result="Success" success="True" time="0.000" asserts="1" />
                          <test-case name="dylan.NET.UnitTests.TestParseUtils.TestProcessStringExtASCII(50)" executed="True" result="Success" success="True" time="0.000" asserts="1" />
                          <test-case name="dylan.NET.UnitTests.TestParseUtils.TestProcessStringExtASCII(51)" executed="True" result="Success" success="True" time="0.000" asserts="1" />
                          <test-case name="dylan.NET.UnitTests.TestParseUtils.TestProcessStringExtASCII(52)" executed="True" result="Success" success="True" time="0.000" asserts="1" />
                          <test-case name="dylan.NET.UnitTests.TestParseUtils.TestProcessStringExtASCII(53)" executed="True" result="Success" success="True" time="0.000" asserts="1" />
                          <test-case name="dylan.NET.UnitTests.TestParseUtils.TestProcessStringExtASCII(54)" executed="True" result="Success" success="True" time="0.000" asserts="1" />
                          <test-case name="dylan.NET.UnitTests.TestParseUtils.TestProcessStringExtASCII(55)" executed="True" result="Success" success="True" time="0.000" asserts="1" />
                          <test-case name="dylan.NET.UnitTests.TestParseUtils.TestProcessStringExtASCII(56)" executed="True" result="Success" success="True" time="0.000" asserts="1" />
                          <test-case name="dylan.NET.UnitTests.TestParseUtils.TestProcessStringExtASCII(57)" executed="True" result="Success" success="True" time="0.000" asserts="1" />
                          <test-case name="dylan.NET.UnitTests.TestParseUtils.TestProcessStringExtASCII(58)" executed="True" result="Success" success="True" time="0.000" asserts="1" />
                          <test-case name="dylan.NET.UnitTests.TestParseUtils.TestProcessStringExtASCII(59)" executed="True" result="Success" success="True" time="0.000" asserts="1" />
                          <test-case name="dylan.NET.UnitTests.TestParseUtils.TestProcessStringExtASCII(60)" executed="True" result="Success" success="True" time="0.000" asserts="1" />
                          <test-case name="dylan.NET.UnitTests.TestParseUtils.TestProcessStringExtASCII(61)" executed="True" result="Success" success="True" time="0.000" asserts="1" />
                          <test-case name="dylan.NET.UnitTests.TestParseUtils.TestProcessStringExtASCII(62)" executed="True" result="Success" success="True" time="0.000" asserts="1" />
                          <test-case name="dylan.NET.UnitTests.TestParseUtils.TestProcessStringExtASCII(63)" executed="True" result="Success" success="True" time="0.000" asserts="1" />
                          <test-case name="dylan.NET.UnitTests.TestParseUtils.TestProcessStringExtASCII(64)" executed="True" result="Success" success="True" time="0.000" asserts="1" />
                          <test-case name="dylan.NET.UnitTests.TestParseUtils.TestProcessStringExtASCII(65)" executed="True" result="Success" success="True" time="0.000" asserts="1" />
                          <test-case name="dylan.NET.UnitTests.TestParseUtils.TestProcessStringExtASCII(66)" executed="True" result="Success" success="True" time="0.000" asserts="1" />
                          <test-case name="dylan.NET.UnitTests.TestParseUtils.TestProcessStringExtASCII(67)" executed="True" result="Success" success="True" time="0.000" asserts="1" />
                          <test-case name="dylan.NET.UnitTests.TestParseUtils.TestProcessStringExtASCII(68)" executed="True" result="Success" success="True" time="0.000" asserts="1" />
                          <test-case name="dylan.NET.UnitTests.TestParseUtils.TestProcessStringExtASCII(69)" executed="True" result="Success" success="True" time="0.000" asserts="1" />
                          <test-case name="dylan.NET.UnitTests.TestParseUtils.TestProcessStringExtASCII(70)" executed="True" result="Success" success="True" time="0.000" asserts="1" />
                          <test-case name="dylan.NET.UnitTests.TestParseUtils.TestProcessStringExtASCII(71)" executed="True" result="Success" success="True" time="0.000" asserts="1" />
                          <test-case name="dylan.NET.UnitTests.TestParseUtils.TestProcessStringExtASCII(72)" executed="True" result="Success" success="True" time="0.000" asserts="1" />
                          <test-case name="dylan.NET.UnitTests.TestParseUtils.TestProcessStringExtASCII(73)" executed="True" result="Success" success="True" time="0.000" asserts="1" />
                          <test-case name="dylan.NET.UnitTests.TestParseUtils.TestProcessStringExtASCII(74)" executed="True" result="Success" success="True" time="0.000" asserts="1" />
                          <test-case name="dylan.NET.UnitTests.TestParseUtils.TestProcessStringExtASCII(75)" executed="True" result="Success" success="True" time="0.000" asserts="1" />
                          <test-case name="dylan.NET.UnitTests.TestParseUtils.TestProcessStringExtASCII(76)" executed="True" result="Success" success="True" time="0.000" asserts="1" />
                          <test-case name="dylan.NET.UnitTests.TestParseUtils.TestProcessStringExtASCII(77)" executed="True" result="Success" success="True" time="0.000" asserts="1" />
                          <test-case name="dylan.NET.UnitTests.TestParseUtils.TestProcessStringExtASCII(78)" executed="True" result="Success" success="True" time="0.000" asserts="1" />
                          <test-case name="dylan.NET.UnitTests.TestParseUtils.TestProcessStringExtASCII(79)" executed="True" result="Success" success="True" time="0.000" asserts="1" />
                          <test-case name="dylan.NET.UnitTests.TestParseUtils.TestProcessStringExtASCII(80)" executed="True" result="Success" success="True" time="0.000" asserts="1" />
                          <test-case name="dylan.NET.UnitTests.TestParseUtils.TestProcessStringExtASCII(81)" executed="True" result="Success" success="True" time="0.000" asserts="1" />
                          <test-case name="dylan.NET.UnitTests.TestParseUtils.TestProcessStringExtASCII(82)" executed="True" result="Success" success="True" time="0.000" asserts="1" />
                          <test-case name="dylan.NET.UnitTests.TestParseUtils.TestProcessStringExtASCII(83)" executed="True" result="Success" success="True" time="0.000" asserts="1" />
                          <test-case name="dylan.NET.UnitTests.TestParseUtils.TestProcessStringExtASCII(84)" executed="True" result="Success" success="True" time="0.000" asserts="1" />
                          <test-case name="dylan.NET.UnitTests.TestParseUtils.TestProcessStringExtASCII(85)" executed="True" result="Success" success="True" time="0.000" asserts="1" />
                          <test-case name="dylan.NET.UnitTests.TestParseUtils.TestProcessStringExtASCII(86)" executed="True" result="Success" success="True" time="0.000" asserts="1" />
                          <test-case name="dylan.NET.UnitTests.TestParseUtils.TestProcessStringExtASCII(87)" executed="True" result="Success" success="True" time="0.000" asserts="1" />
                          <test-case name="dylan.NET.UnitTests.TestParseUtils.TestProcessStringExtASCII(88)" executed="True" result="Success" success="True" time="0.000" asserts="1" />
                          <test-case name="dylan.NET.UnitTests.TestParseUtils.TestProcessStringExtASCII(89)" executed="True" result="Success" success="True" time="0.000" asserts="1" />
                          <test-case name="dylan.NET.UnitTests.TestParseUtils.TestProcessStringExtASCII(90)" executed="True" result="Success" success="True" time="0.000" asserts="1" />
                          <test-case name="dylan.NET.UnitTests.TestParseUtils.TestProcessStringExtASCII(91)" executed="True" result="Success" success="True" time="0.000" asserts="1" />
                          <test-case name="dylan.NET.UnitTests.TestParseUtils.TestProcessStringExtASCII(92)" executed="True" result="Success" success="True" time="0.000" asserts="1" />
                          <test-case name="dylan.NET.UnitTests.TestParseUtils.TestProcessStringExtASCII(93)" executed="True" result="Success" success="True" time="0.000" asserts="1" />
                          <test-case name="dylan.NET.UnitTests.TestParseUtils.TestProcessStringExtASCII(94)" executed="True" result="Success" success="True" time="0.000" asserts="1" />
                          <test-case name="dylan.NET.UnitTests.TestParseUtils.TestProcessStringExtASCII(95)" executed="True" result="Success" success="True" time="0.000" asserts="1" />
                          <test-case name="dylan.NET.UnitTests.TestParseUtils.TestProcessStringExtASCII(96)" executed="True" result="Success" success="True" time="0.000" asserts="1" />
                          <test-case name="dylan.NET.UnitTests.TestParseUtils.TestProcessStringExtASCII(97)" executed="True" result="Success" success="True" time="0.000" asserts="1" />
                          <test-case name="dylan.NET.UnitTests.TestParseUtils.TestProcessStringExtASCII(98)" executed="True" result="Success" success="True" time="0.000" asserts="1" />
                          <test-case name="dylan.NET.UnitTests.TestParseUtils.TestProcessStringExtASCII(99)" executed="True" result="Success" success="True" time="0.000" asserts="1" />
                          <test-case name="dylan.NET.UnitTests.TestParseUtils.TestProcessStringExtASCII(100)" executed="True" result="Success" success="True" time="0.000" asserts="1" />
                          <test-case name="dylan.NET.UnitTests.TestParseUtils.TestProcessStringExtASCII(101)" executed="True" result="Success" success="True" time="0.000" asserts="1" />
                          <test-case name="dylan.NET.UnitTests.TestParseUtils.TestProcessStringExtASCII(102)" executed="True" result="Success" success="True" time="0.000" asserts="1" />
                          <test-case name="dylan.NET.UnitTests.TestParseUtils.TestProcessStringExtASCII(103)" executed="True" result="Success" success="True" time="0.000" asserts="1" />
                          <test-case name="dylan.NET.UnitTests.TestParseUtils.TestProcessStringExtASCII(104)" executed="True" result="Success" success="True" time="0.000" asserts="1" />
                          <test-case name="dylan.NET.UnitTests.TestParseUtils.TestProcessStringExtASCII(105)" executed="True" result="Success" success="True" time="0.000" asserts="1" />
                          <test-case name="dylan.NET.UnitTests.TestParseUtils.TestProcessStringExtASCII(106)" executed="True" result="Success" success="True" time="0.000" asserts="1" />
                          <test-case name="dylan.NET.UnitTests.TestParseUtils.TestProcessStringExtASCII(107)" executed="True" result="Success" success="True" time="0.000" asserts="1" />
                          <test-case name="dylan.NET.UnitTests.TestParseUtils.TestProcessStringExtASCII(108)" executed="True" result="Success" success="True" time="0.000" asserts="1" />
                          <test-case name="dylan.NET.UnitTests.TestParseUtils.TestProcessStringExtASCII(109)" executed="True" result="Success" success="True" time="0.000" asserts="1" />
                          <test-case name="dylan.NET.UnitTests.TestParseUtils.TestProcessStringExtASCII(110)" executed="True" result="Success" success="True" time="0.000" asserts="1" />
                          <test-case name="dylan.NET.UnitTests.TestParseUtils.TestProcessStringExtASCII(111)" executed="True" result="Success" success="True" time="0.000" asserts="1" />
                          <test-case name="dylan.NET.UnitTests.TestParseUtils.TestProcessStringExtASCII(112)" executed="True" result="Success" success="True" time="0.000" asserts="1" />
                          <test-case name="dylan.NET.UnitTests.TestParseUtils.TestProcessStringExtASCII(113)" executed="True" result="Success" success="True" time="0.000" asserts="1" />
                          <test-case name="dylan.NET.UnitTests.TestParseUtils.TestProcessStringExtASCII(114)" executed="True" result="Success" success="True" time="0.000" asserts="1" />
                          <test-case name="dylan.NET.UnitTests.TestParseUtils.TestProcessStringExtASCII(115)" executed="True" result="Success" success="True" time="0.000" asserts="1" />
                          <test-case name="dylan.NET.UnitTests.TestParseUtils.TestProcessStringExtASCII(116)" executed="True" result="Success" success="True" time="0.000" asserts="1" />
                          <test-case name="dylan.NET.UnitTests.TestParseUtils.TestProcessStringExtASCII(117)" executed="True" result="Success" success="True" time="0.000" asserts="1" />
                          <test-case name="dylan.NET.UnitTests.TestParseUtils.TestProcessStringExtASCII(118)" executed="True" result="Success" success="True" time="0.000" asserts="1" />
                          <test-case name="dylan.NET.UnitTests.TestParseUtils.TestProcessStringExtASCII(119)" executed="True" result="Success" success="True" time="0.000" asserts="1" />
                          <test-case name="dylan.NET.UnitTests.TestParseUtils.TestProcessStringExtASCII(120)" executed="True" result="Success" success="True" time="0.000" asserts="1" />
                          <test-case name="dylan.NET.UnitTests.TestParseUtils.TestProcessStringExtASCII(121)" executed="True" result="Success" success="True" time="0.000" asserts="1" />
                          <test-case name="dylan.NET.UnitTests.TestParseUtils.TestProcessStringExtASCII(122)" executed="True" result="Success" success="True" time="0.000" asserts="1" />
                          <test-case name="dylan.NET.UnitTests.TestParseUtils.TestProcessStringExtASCII(123)" executed="True" result="Success" success="True" time="0.000" asserts="1" />
                          <test-case name="dylan.NET.UnitTests.TestParseUtils.TestProcessStringExtASCII(124)" executed="True" result="Success" success="True" time="0.000" asserts="1" />
                          <test-case name="dylan.NET.UnitTests.TestParseUtils.TestProcessStringExtASCII(125)" executed="True" result="Success" success="True" time="0.000" asserts="1" />
                          <test-case name="dylan.NET.UnitTests.TestParseUtils.TestProcessStringExtASCII(126)" executed="True" result="Success" success="True" time="0.000" asserts="1" />
                          <test-case name="dylan.NET.UnitTests.TestParseUtils.TestProcessStringExtASCII(127)" executed="True" result="Success" success="True" time="0.000" asserts="1" />
                          <test-case name="dylan.NET.UnitTests.TestParseUtils.TestProcessStringExtASCII(128)" executed="True" result="Success" success="True" time="0.000" asserts="1" />
                          <test-case name="dylan.NET.UnitTests.TestParseUtils.TestProcessStringExtASCII(129)" executed="True" result="Success" success="True" time="0.000" asserts="1" />
                          <test-case name="dylan.NET.UnitTests.TestParseUtils.TestProcessStringExtASCII(130)" executed="True" result="Success" success="True" time="0.000" asserts="1" />
                          <test-case name="dylan.NET.UnitTests.TestParseUtils.TestProcessStringExtASCII(131)" executed="True" result="Success" success="True" time="0.000" asserts="1" />
                          <test-case name="dylan.NET.UnitTests.TestParseUtils.TestProcessStringExtASCII(132)" executed="True" result="Success" success="True" time="0.000" asserts="1" />
                          <test-case name="dylan.NET.UnitTests.TestParseUtils.TestProcessStringExtASCII(133)" executed="True" result="Success" success="True" time="0.000" asserts="1" />
                          <test-case name="dylan.NET.UnitTests.TestParseUtils.TestProcessStringExtASCII(134)" executed="True" result="Success" success="True" time="0.000" asserts="1" />
                          <test-case name="dylan.NET.UnitTests.TestParseUtils.TestProcessStringExtASCII(135)" executed="True" result="Success" success="True" time="0.000" asserts="1" />
                          <test-case name="dylan.NET.UnitTests.TestParseUtils.TestProcessStringExtASCII(136)" executed="True" result="Success" success="True" time="0.000" asserts="1" />
                          <test-case name="dylan.NET.UnitTests.TestParseUtils.TestProcessStringExtASCII(137)" executed="True" result="Success" success="True" time="0.000" asserts="1" />
                          <test-case name="dylan.NET.UnitTests.TestParseUtils.TestProcessStringExtASCII(138)" executed="True" result="Success" success="True" time="0.000" asserts="1" />
                          <test-case name="dylan.NET.UnitTests.TestParseUtils.TestProcessStringExtASCII(139)" executed="True" result="Success" success="True" time="0.000" asserts="1" />
                          <test-case name="dylan.NET.UnitTests.TestParseUtils.TestProcessStringExtASCII(140)" executed="True" result="Success" success="True" time="0.000" asserts="1" />
                          <test-case name="dylan.NET.UnitTests.TestParseUtils.TestProcessStringExtASCII(141)" executed="True" result="Success" success="True" time="0.000" asserts="1" />
                          <test-case name="dylan.NET.UnitTests.TestParseUtils.TestProcessStringExtASCII(142)" executed="True" result="Success" success="True" time="0.000" asserts="1" />
                          <test-case name="dylan.NET.UnitTests.TestParseUtils.TestProcessStringExtASCII(143)" executed="True" result="Success" success="True" time="0.000" asserts="1" />
                          <test-case name="dylan.NET.UnitTests.TestParseUtils.TestProcessStringExtASCII(144)" executed="True" result="Success" success="True" time="0.000" asserts="1" />
                          <test-case name="dylan.NET.UnitTests.TestParseUtils.TestProcessStringExtASCII(145)" executed="True" result="Success" success="True" time="0.000" asserts="1" />
                          <test-case name="dylan.NET.UnitTests.TestParseUtils.TestProcessStringExtASCII(146)" executed="True" result="Success" success="True" time="0.000" asserts="1" />
                          <test-case name="dylan.NET.UnitTests.TestParseUtils.TestProcessStringExtASCII(147)" executed="True" result="Success" success="True" time="0.000" asserts="1" />
                          <test-case name="dylan.NET.UnitTests.TestParseUtils.TestProcessStringExtASCII(148)" executed="True" result="Success" success="True" time="0.000" asserts="1" />
                          <test-case name="dylan.NET.UnitTests.TestParseUtils.TestProcessStringExtASCII(149)" executed="True" result="Success" success="True" time="0.000" asserts="1" />
                          <test-case name="dylan.NET.UnitTests.TestParseUtils.TestProcessStringExtASCII(150)" executed="True" result="Success" success="True" time="0.000" asserts="1" />
                          <test-case name="dylan.NET.UnitTests.TestParseUtils.TestProcessStringExtASCII(151)" executed="True" result="Success" success="True" time="0.000" asserts="1" />
                          <test-case name="dylan.NET.UnitTests.TestParseUtils.TestProcessStringExtASCII(152)" executed="True" result="Success" success="True" time="0.000" asserts="1" />
                          <test-case name="dylan.NET.UnitTests.TestParseUtils.TestProcessStringExtASCII(153)" executed="True" result="Success" success="True" time="0.000" asserts="1" />
                          <test-case name="dylan.NET.UnitTests.TestParseUtils.TestProcessStringExtASCII(154)" executed="True" result="Success" success="True" time="0.000" asserts="1" />
                          <test-case name="dylan.NET.UnitTests.TestParseUtils.TestProcessStringExtASCII(155)" executed="True" result="Success" success="True" time="0.000" asserts="1" />
                          <test-case name="dylan.NET.UnitTests.TestParseUtils.TestProcessStringExtASCII(156)" executed="True" result="Success" success="True" time="0.000" asserts="1" />
                          <test-case name="dylan.NET.UnitTests.TestParseUtils.TestProcessStringExtASCII(157)" executed="True" result="Success" success="True" time="0.000" asserts="1" />
                          <test-case name="dylan.NET.UnitTests.TestParseUtils.TestProcessStringExtASCII(158)" executed="True" result="Success" success="True" time="0.000" asserts="1" />
                          <test-case name="dylan.NET.UnitTests.TestParseUtils.TestProcessStringExtASCII(159)" executed="True" result="Success" success="True" time="0.000" asserts="1" />
                          <test-case name="dylan.NET.UnitTests.TestParseUtils.TestProcessStringExtASCII(160)" executed="True" result="Success" success="True" time="0.000" asserts="1" />
                          <test-case name="dylan.NET.UnitTests.TestParseUtils.TestProcessStringExtASCII(161)" executed="True" result="Success" success="True" time="0.000" asserts="1" />
                          <test-case name="dylan.NET.UnitTests.TestParseUtils.TestProcessStringExtASCII(162)" executed="True" result="Success" success="True" time="0.000" asserts="1" />
                          <test-case name="dylan.NET.UnitTests.TestParseUtils.TestProcessStringExtASCII(163)" executed="True" result="Success" success="True" time="0.000" asserts="1" />
                          <test-case name="dylan.NET.UnitTests.TestParseUtils.TestProcessStringExtASCII(164)" executed="True" result="Success" success="True" time="0.000" asserts="1" />
                          <test-case name="dylan.NET.UnitTests.TestParseUtils.TestProcessStringExtASCII(165)" executed="True" result="Success" success="True" time="0.000" asserts="1" />
                          <test-case name="dylan.NET.UnitTests.TestParseUtils.TestProcessStringExtASCII(166)" executed="True" result="Success" success="True" time="0.001" asserts="1" />
                          <test-case name="dylan.NET.UnitTests.TestParseUtils.TestProcessStringExtASCII(167)" executed="True" result="Success" success="True" time="0.000" asserts="1" />
                          <test-case name="dylan.NET.UnitTests.TestParseUtils.TestProcessStringExtASCII(168)" executed="True" result="Success" success="True" time="0.000" asserts="1" />
                          <test-case name="dylan.NET.UnitTests.TestParseUtils.TestProcessStringExtASCII(169)" executed="True" result="Success" success="True" time="0.000" asserts="1" />
                          <test-case name="dylan.NET.UnitTests.TestParseUtils.TestProcessStringExtASCII(170)" executed="True" result="Success" success="True" time="0.000" asserts="1" />
                          <test-case name="dylan.NET.UnitTests.TestParseUtils.TestProcessStringExtASCII(171)" executed="True" result="Success" success="True" time="0.000" asserts="1" />
                          <test-case name="dylan.NET.UnitTests.TestParseUtils.TestProcessStringExtASCII(172)" executed="True" result="Success" success="True" time="0.000" asserts="1" />
                          <test-case name="dylan.NET.UnitTests.TestParseUtils.TestProcessStringExtASCII(173)" executed="True" result="Success" success="True" time="0.000" asserts="1" />
                          <test-case name="dylan.NET.UnitTests.TestParseUtils.TestProcessStringExtASCII(174)" executed="True" result="Success" success="True" time="0.000" asserts="1" />
                          <test-case name="dylan.NET.UnitTests.TestParseUtils.TestProcessStringExtASCII(175)" executed="True" result="Success" success="True" time="0.000" asserts="1" />
                          <test-case name="dylan.NET.UnitTests.TestParseUtils.TestProcessStringExtASCII(176)" executed="True" result="Success" success="True" time="0.000" asserts="1" />
                          <test-case name="dylan.NET.UnitTests.TestParseUtils.TestProcessStringExtASCII(177)" executed="True" result="Success" success="True" time="0.000" asserts="1" />
                          <test-case name="dylan.NET.UnitTests.TestParseUtils.TestProcessStringExtASCII(178)" executed="True" result="Success" success="True" time="0.000" asserts="1" />
                          <test-case name="dylan.NET.UnitTests.TestParseUtils.TestProcessStringExtASCII(179)" executed="True" result="Success" success="True" time="0.000" asserts="1" />
                          <test-case name="dylan.NET.UnitTests.TestParseUtils.TestProcessStringExtASCII(180)" executed="True" result="Success" success="True" time="0.000" asserts="1" />
                          <test-case name="dylan.NET.UnitTests.TestParseUtils.TestProcessStringExtASCII(181)" executed="True" result="Success" success="True" time="0.000" asserts="1" />
                          <test-case name="dylan.NET.UnitTests.TestParseUtils.TestProcessStringExtASCII(182)" executed="True" result="Success" success="True" time="0.000" asserts="1" />
                          <test-case name="dylan.NET.UnitTests.TestParseUtils.TestProcessStringExtASCII(183)" executed="True" result="Success" success="True" time="0.000" asserts="1" />
                          <test-case name="dylan.NET.UnitTests.TestParseUtils.TestProcessStringExtASCII(184)" executed="True" result="Success" success="True" time="0.000" asserts="1" />
                          <test-case name="dylan.NET.UnitTests.TestParseUtils.TestProcessStringExtASCII(185)" executed="True" result="Success" success="True" time="0.000" asserts="1" />
                          <test-case name="dylan.NET.UnitTests.TestParseUtils.TestProcessStringExtASCII(186)" executed="True" result="Success" success="True" time="0.000" asserts="1" />
                          <test-case name="dylan.NET.UnitTests.TestParseUtils.TestProcessStringExtASCII(187)" executed="True" result="Success" success="True" time="0.000" asserts="1" />
                          <test-case name="dylan.NET.UnitTests.TestParseUtils.TestProcessStringExtASCII(188)" executed="True" result="Success" success="True" time="0.000" asserts="1" />
                          <test-case name="dylan.NET.UnitTests.TestParseUtils.TestProcessStringExtASCII(189)" executed="True" result="Success" success="True" time="0.000" asserts="1" />
                          <test-case name="dylan.NET.UnitTests.TestParseUtils.TestProcessStringExtASCII(190)" executed="True" result="Success" success="True" time="0.000" asserts="1" />
                          <test-case name="dylan.NET.UnitTests.TestParseUtils.TestProcessStringExtASCII(191)" executed="True" result="Success" success="True" time="0.000" asserts="1" />
                          <test-case name="dylan.NET.UnitTests.TestParseUtils.TestProcessStringExtASCII(192)" executed="True" result="Success" success="True" time="0.000" asserts="1" />
                          <test-case name="dylan.NET.UnitTests.TestParseUtils.TestProcessStringExtASCII(193)" executed="True" result="Success" success="True" time="0.000" asserts="1" />
                          <test-case name="dylan.NET.UnitTests.TestParseUtils.TestProcessStringExtASCII(194)" executed="True" result="Success" success="True" time="0.000" asserts="1" />
                          <test-case name="dylan.NET.UnitTests.TestParseUtils.TestProcessStringExtASCII(195)" executed="True" result="Success" success="True" time="0.000" asserts="1" />
                          <test-case name="dylan.NET.UnitTests.TestParseUtils.TestProcessStringExtASCII(196)" executed="True" result="Success" success="True" time="0.000" asserts="1" />
                          <test-case name="dylan.NET.UnitTests.TestParseUtils.TestProcessStringExtASCII(197)" executed="True" result="Success" success="True" time="0.000" asserts="1" />
                          <test-case name="dylan.NET.UnitTests.TestParseUtils.TestProcessStringExtASCII(198)" executed="True" result="Success" success="True" time="0.000" asserts="1" />
                          <test-case name="dylan.NET.UnitTests.TestParseUtils.TestProcessStringExtASCII(199)" executed="True" result="Success" success="True" time="0.000" asserts="1" />
                          <test-case name="dylan.NET.UnitTests.TestParseUtils.TestProcessStringExtASCII(200)" executed="True" result="Success" success="True" time="0.000" asserts="1" />
                          <test-case name="dylan.NET.UnitTests.TestParseUtils.TestProcessStringExtASCII(201)" executed="True" result="Success" success="True" time="0.000" asserts="1" />
                          <test-case name="dylan.NET.UnitTests.TestParseUtils.TestProcessStringExtASCII(202)" executed="True" result="Success" success="True" time="0.000" asserts="1" />
                          <test-case name="dylan.NET.UnitTests.TestParseUtils.TestProcessStringExtASCII(203)" executed="True" result="Success" success="True" time="0.000" asserts="1" />
                          <test-case name="dylan.NET.UnitTests.TestParseUtils.TestProcessStringExtASCII(204)" executed="True" result="Success" success="True" time="0.000" asserts="1" />
                          <test-case name="dylan.NET.UnitTests.TestParseUtils.TestProcessStringExtASCII(205)" executed="True" result="Success" success="True" time="0.000" asserts="1" />
                          <test-case name="dylan.NET.UnitTests.TestParseUtils.TestProcessStringExtASCII(206)" executed="True" result="Success" success="True" time="0.000" asserts="1" />
                          <test-case name="dylan.NET.UnitTests.TestParseUtils.TestProcessStringExtASCII(207)" executed="True" result="Success" success="True" time="0.000" asserts="1" />
                          <test-case name="dylan.NET.UnitTests.TestParseUtils.TestProcessStringExtASCII(208)" executed="True" result="Success" success="True" time="0.000" asserts="1" />
                          <test-case name="dylan.NET.UnitTests.TestParseUtils.TestProcessStringExtASCII(209)" executed="True" result="Success" success="True" time="0.000" asserts="1" />
                          <test-case name="dylan.NET.UnitTests.TestParseUtils.TestProcessStringExtASCII(210)" executed="True" result="Success" success="True" time="0.000" asserts="1" />
                          <test-case name="dylan.NET.UnitTests.TestParseUtils.TestProcessStringExtASCII(211)" executed="True" result="Success" success="True" time="0.000" asserts="1" />
                          <test-case name="dylan.NET.UnitTests.TestParseUtils.TestProcessStringExtASCII(212)" executed="True" result="Success" success="True" time="0.000" asserts="1" />
                          <test-case name="dylan.NET.UnitTests.TestParseUtils.TestProcessStringExtASCII(213)" executed="True" result="Success" success="True" time="0.000" asserts="1" />
                          <test-case name="dylan.NET.UnitTests.TestParseUtils.TestProcessStringExtASCII(214)" executed="True" result="Success" success="True" time="0.000" asserts="1" />
                          <test-case name="dylan.NET.UnitTests.TestParseUtils.TestProcessStringExtASCII(215)" executed="True" result="Success" success="True" time="0.000" asserts="1" />
                          <test-case name="dylan.NET.UnitTests.TestParseUtils.TestProcessStringExtASCII(216)" executed="True" result="Success" success="True" time="0.000" asserts="1" />
                          <test-case name="dylan.NET.UnitTests.TestParseUtils.TestProcessStringExtASCII(217)" executed="True" result="Success" success="True" time="0.000" asserts="1" />
                          <test-case name="dylan.NET.UnitTests.TestParseUtils.TestProcessStringExtASCII(218)" executed="True" result="Success" success="True" time="0.000" asserts="1" />
                          <test-case name="dylan.NET.UnitTests.TestParseUtils.TestProcessStringExtASCII(219)" executed="True" result="Success" success="True" time="0.000" asserts="1" />
                          <test-case name="dylan.NET.UnitTests.TestParseUtils.TestProcessStringExtASCII(220)" executed="True" result="Success" success="True" time="0.000" asserts="1" />
                          <test-case name="dylan.NET.UnitTests.TestParseUtils.TestProcessStringExtASCII(221)" executed="True" result="Success" success="True" time="0.000" asserts="1" />
                          <test-case name="dylan.NET.UnitTests.TestParseUtils.TestProcessStringExtASCII(222)" executed="True" result="Success" success="True" time="0.000" asserts="1" />
                          <test-case name="dylan.NET.UnitTests.TestParseUtils.TestProcessStringExtASCII(223)" executed="True" result="Success" success="True" time="0.000" asserts="1" />
                          <test-case name="dylan.NET.UnitTests.TestParseUtils.TestProcessStringExtASCII(224)" executed="True" result="Success" success="True" time="0.000" asserts="1" />
                          <test-case name="dylan.NET.UnitTests.TestParseUtils.TestProcessStringExtASCII(225)" executed="True" result="Success" success="True" time="0.000" asserts="1" />
                          <test-case name="dylan.NET.UnitTests.TestParseUtils.TestProcessStringExtASCII(226)" executed="True" result="Success" success="True" time="0.000" asserts="1" />
                          <test-case name="dylan.NET.UnitTests.TestParseUtils.TestProcessStringExtASCII(227)" executed="True" result="Success" success="True" time="0.000" asserts="1" />
                          <test-case name="dylan.NET.UnitTests.TestParseUtils.TestProcessStringExtASCII(228)" executed="True" result="Success" success="True" time="0.000" asserts="1" />
                          <test-case name="dylan.NET.UnitTests.TestParseUtils.TestProcessStringExtASCII(229)" executed="True" result="Success" success="True" time="0.000" asserts="1" />
                          <test-case name="dylan.NET.UnitTests.TestParseUtils.TestProcessStringExtASCII(230)" executed="True" result="Success" success="True" time="0.000" asserts="1" />
                          <test-case name="dylan.NET.UnitTests.TestParseUtils.TestProcessStringExtASCII(231)" executed="True" result="Success" success="True" time="0.000" asserts="1" />
                          <test-case name="dylan.NET.UnitTests.TestParseUtils.TestProcessStringExtASCII(232)" executed="True" result="Success" success="True" time="0.000" asserts="1" />
                          <test-case name="dylan.NET.UnitTests.TestParseUtils.TestProcessStringExtASCII(233)" executed="True" result="Success" success="True" time="0.000" asserts="1" />
                          <test-case name="dylan.NET.UnitTests.TestParseUtils.TestProcessStringExtASCII(234)" executed="True" result="Success" success="True" time="0.000" asserts="1" />
                          <test-case name="dylan.NET.UnitTests.TestParseUtils.TestProcessStringExtASCII(235)" executed="True" result="Success" success="True" time="0.000" asserts="1" />
                          <test-case name="dylan.NET.UnitTests.TestParseUtils.TestProcessStringExtASCII(236)" executed="True" result="Success" success="True" time="0.000" asserts="1" />
                          <test-case name="dylan.NET.UnitTests.TestParseUtils.TestProcessStringExtASCII(237)" executed="True" result="Success" success="True" time="0.000" asserts="1" />
                          <test-case name="dylan.NET.UnitTests.TestParseUtils.TestProcessStringExtASCII(238)" executed="True" result="Success" success="True" time="0.000" asserts="1" />
                          <test-case name="dylan.NET.UnitTests.TestParseUtils.TestProcessStringExtASCII(239)" executed="True" result="Success" success="True" time="0.000" asserts="1" />
                          <test-case name="dylan.NET.UnitTests.TestParseUtils.TestProcessStringExtASCII(240)" executed="True" result="Success" success="True" time="0.000" asserts="1" />
                          <test-case name="dylan.NET.UnitTests.TestParseUtils.TestProcessStringExtASCII(241)" executed="True" result="Success" success="True" time="0.000" asserts="1" />
                          <test-case name="dylan.NET.UnitTests.TestParseUtils.TestProcessStringExtASCII(242)" executed="True" result="Success" success="True" time="0.000" asserts="1" />
                          <test-case name="dylan.NET.UnitTests.TestParseUtils.TestProcessStringExtASCII(243)" executed="True" result="Success" success="True" time="0.000" asserts="1" />
                          <test-case name="dylan.NET.UnitTests.TestParseUtils.TestProcessStringExtASCII(244)" executed="True" result="Success" success="True" time="0.000" asserts="1" />
                          <test-case name="dylan.NET.UnitTests.TestParseUtils.TestProcessStringExtASCII(245)" executed="True" result="Success" success="True" time="0.000" asserts="1" />
                          <test-case name="dylan.NET.UnitTests.TestParseUtils.TestProcessStringExtASCII(246)" executed="True" result="Success" success="True" time="0.000" asserts="1" />
                          <test-case name="dylan.NET.UnitTests.TestParseUtils.TestProcessStringExtASCII(247)" executed="True" result="Success" success="True" time="0.000" asserts="1" />
                          <test-case name="dylan.NET.UnitTests.TestParseUtils.TestProcessStringExtASCII(248)" executed="True" result="Success" success="True" time="0.000" asserts="1" />
                          <test-case name="dylan.NET.UnitTests.TestParseUtils.TestProcessStringExtASCII(249)" executed="True" result="Success" success="True" time="0.000" asserts="1" />
                          <test-case name="dylan.NET.UnitTests.TestParseUtils.TestProcessStringExtASCII(250)" executed="True" result="Success" success="True" time="0.000" asserts="1" />
                          <test-case name="dylan.NET.UnitTests.TestParseUtils.TestProcessStringExtASCII(251)" executed="True" result="Success" success="True" time="0.000" asserts="1" />
                          <test-case name="dylan.NET.UnitTests.TestParseUtils.TestProcessStringExtASCII(252)" executed="True" result="Success" success="True" time="0.000" asserts="1" />
                          <test-case name="dylan.NET.UnitTests.TestParseUtils.TestProcessStringExtASCII(253)" executed="True" result="Success" success="True" time="0.000" asserts="1" />
                          <test-case name="dylan.NET.UnitTests.TestParseUtils.TestProcessStringExtASCII(254)" executed="True" result="Success" success="True" time="0.000" asserts="1" />
                          <test-case name="dylan.NET.UnitTests.TestParseUtils.TestProcessStringExtASCII(255)" executed="True" result="Success" success="True" time="0.000" asserts="1" />
                        </results>
                      </test-suite>
                      <test-case name="dylan.NET.UnitTests.TestParseUtils.TestProcessStringFF" executed="True" result="Success" success="True" time="0.000" asserts="1" />
                      <test-case name="dylan.NET.UnitTests.TestParseUtils.TestProcessStringLF" executed="True" result="Success" success="True" time="0.000" asserts="1" />
                      <test-case name="dylan.NET.UnitTests.TestParseUtils.TestProcessStringNUL" executed="True" result="Success" success="True" time="0.000" asserts="1" />
                      <test-case name="dylan.NET.UnitTests.TestParseUtils.TestProcessStringQ" executed="True" result="Success" success="True" time="0.000" asserts="1" />
                      <test-case name="dylan.NET.UnitTests.TestParseUtils.TestProcessStringS" executed="True" result="Success" success="True" time="0.000" asserts="1" />
                      <test-case name="dylan.NET.UnitTests.TestParseUtils.TestProcessStringTAB" executed="True" result="Success" success="True" time="0.000" asserts="1" />
                      <test-suite type="ParameterizedTest" name="TestProcessStringUTF16" executed="True" result="Success" success="True" time="0.331" asserts="0">
                        <results>
                          <test-case name="dylan.NET.UnitTests.TestParseUtils.TestProcessStringUTF16(4315)" executed="True" result="Success" success="True" time="0.000" asserts="1" />
                          <test-case name="dylan.NET.UnitTests.TestParseUtils.TestProcessStringUTF16(38370)" executed="True" result="Success" success="True" time="0.000" asserts="1" />
                          <test-case name="dylan.NET.UnitTests.TestParseUtils.TestProcessStringUTF16(13987)" executed="True" result="Success" success="True" time="0.000" asserts="1" />
                          <test-case name="dylan.NET.UnitTests.TestParseUtils.TestProcessStringUTF16(14307)" executed="True" result="Success" success="True" time="0.000" asserts="1" />
                          <test-case name="dylan.NET.UnitTests.TestParseUtils.TestProcessStringUTF16(36778)" executed="True" result="Success" success="True" time="0.000" asserts="1" />
                          <test-case name="dylan.NET.UnitTests.TestParseUtils.TestProcessStringUTF16(48678)" executed="True" result="Success" success="True" time="0.000" asserts="1" />
                          <test-case name="dylan.NET.UnitTests.TestParseUtils.TestProcessStringUTF16(27598)" executed="True" result="Success" success="True" time="0.000" asserts="1" />
                          <test-case name="dylan.NET.UnitTests.TestParseUtils.TestProcessStringUTF16(50166)" executed="True" result="Success" success="True" time="0.000" asserts="1" />
                          <test-case name="dylan.NET.UnitTests.TestParseUtils.TestProcessStringUTF16(14105)" executed="True" result="Success" success="True" time="0.000" asserts="1" />
                          <test-case name="dylan.NET.UnitTests.TestParseUtils.TestProcessStringUTF16(7193)" executed="True" result="Success" success="True" time="0.000" asserts="1" />
                          <test-case name="dylan.NET.UnitTests.TestParseUtils.TestProcessStringUTF16(33925)" executed="True" result="Success" success="True" time="0.000" asserts="1" />
                          <test-case name="dylan.NET.UnitTests.TestParseUtils.TestProcessStringUTF16(12413)" executed="True" result="Success" success="True" time="0.000" asserts="1" />
                          <test-case name="dylan.NET.UnitTests.TestParseUtils.TestProcessStringUTF16(33457)" executed="True" result="Success" success="True" time="0.000" asserts="1" />
                          <test-case name="dylan.NET.UnitTests.TestParseUtils.TestProcessStringUTF16(45617)" executed="True" result="Success" success="True" time="0.000" asserts="1" />
                          <test-case name="dylan.NET.UnitTests.TestParseUtils.TestProcessStringUTF16(55615)" executed="True" result="Success" success="True" time="0.000" asserts="1" />
                          <test-case name="dylan.NET.UnitTests.TestParseUtils.TestProcessStringUTF16(27413)" executed="True" result="Success" success="True" time="0.000" asserts="1" />
                          <test-case name="dylan.NET.UnitTests.TestParseUtils.TestProcessStringUTF16(22834)" executed="True" result="Success" success="True" time="0.000" asserts="1" />
                          <test-case name="dylan.NET.UnitTests.TestParseUtils.TestProcessStringUTF16(24239)" executed="True" result="Success" success="True" time="0.000" asserts="1" />
                          <test-case name="dylan.NET.UnitTests.TestParseUtils.TestProcessStringUTF16(28111)" executed="True" result="Success" success="True" time="0.000" asserts="1" />
                          <test-case name="dylan.NET.UnitTests.TestParseUtils.TestProcessStringUTF16(2983)" executed="True" result="Success" success="True" time="0.000" asserts="1" />
                          <test-case name="dylan.NET.UnitTests.TestParseUtils.TestProcessStringUTF16(56134)" executed="True" result="Success" success="True" time="0.000" asserts="1" />
                          <test-case name="dylan.NET.UnitTests.TestParseUtils.TestProcessStringUTF16(38228)" executed="True" result="Success" success="True" time="0.000" asserts="1" />
                          <test-case name="dylan.NET.UnitTests.TestParseUtils.TestProcessStringUTF16(30626)" executed="True" result="Success" success="True" time="0.000" asserts="1" />
                          <test-case name="dylan.NET.UnitTests.TestParseUtils.TestProcessStringUTF16(43179)" executed="True" result="Success" success="True" time="0.000" asserts="1" />
                          <test-case name="dylan.NET.UnitTests.TestParseUtils.TestProcessStringUTF16(52476)" executed="True" result="Success" success="True" time="0.000" asserts="1" />
                          <test-case name="dylan.NET.UnitTests.TestParseUtils.TestProcessStringUTF16(15579)" executed="True" result="Success" success="True" time="0.000" asserts="1" />
                          <test-case name="dylan.NET.UnitTests.TestParseUtils.TestProcessStringUTF16(1447)" executed="True" result="Success" success="True" time="0.000" asserts="1" />
                          <test-case name="dylan.NET.UnitTests.TestParseUtils.TestProcessStringUTF16(34648)" executed="True" result="Success" success="True" time="0.000" asserts="1" />
                          <test-case name="dylan.NET.UnitTests.TestParseUtils.TestProcessStringUTF16(36428)" executed="True" result="Success" success="True" time="0.000" asserts="1" />
                          <test-case name="dylan.NET.UnitTests.TestParseUtils.TestProcessStringUTF16(5606)" executed="True" result="Success" success="True" time="0.000" asserts="1" />
                          <test-case name="dylan.NET.UnitTests.TestParseUtils.TestProcessStringUTF16(57743)" executed="True" result="Success" success="True" time="0.000" asserts="1" />
                          <test-case name="dylan.NET.UnitTests.TestParseUtils.TestProcessStringUTF16(56089)" executed="True" result="Success" success="True" time="0.000" asserts="1" />
                          <test-case name="dylan.NET.UnitTests.TestParseUtils.TestProcessStringUTF16(64764)" executed="True" result="Success" success="True" time="0.000" asserts="1" />
                          <test-case name="dylan.NET.UnitTests.TestParseUtils.TestProcessStringUTF16(9813)" executed="True" result="Success" success="True" time="0.000" asserts="1" />
                          <test-case name="dylan.NET.UnitTests.TestParseUtils.TestProcessStringUTF16(57825)" executed="True" result="Success" success="True" time="0.000" asserts="1" />
                          <test-case name="dylan.NET.UnitTests.TestParseUtils.TestProcessStringUTF16(55611)" executed="True" result="Success" success="True" time="0.000" asserts="1" />
                          <test-case name="dylan.NET.UnitTests.TestParseUtils.TestProcessStringUTF16(53147)" executed="True" result="Success" success="True" time="0.000" asserts="1" />
                          <test-case name="dylan.NET.UnitTests.TestParseUtils.TestProcessStringUTF16(51715)" executed="True" result="Success" success="True" time="0.000" asserts="1" />
                          <test-case name="dylan.NET.UnitTests.TestParseUtils.TestProcessStringUTF16(28686)" executed="True" result="Success" success="True" time="0.000" asserts="1" />
                          <test-case name="dylan.NET.UnitTests.TestParseUtils.TestProcessStringUTF16(2129)" executed="True" result="Success" success="True" time="0.000" asserts="1" />
                          <test-case name="dylan.NET.UnitTests.TestParseUtils.TestProcessStringUTF16(19802)" executed="True" result="Success" success="True" time="0.000" asserts="1" />
                          <test-case name="dylan.NET.UnitTests.TestParseUtils.TestProcessStringUTF16(51931)" executed="True" result="Success" success="True" time="0.000" asserts="1" />
                          <test-case name="dylan.NET.UnitTests.TestParseUtils.TestProcessStringUTF16(57544)" executed="True" result="Success" success="True" time="0.000" asserts="1" />
                          <test-case name="dylan.NET.UnitTests.TestParseUtils.TestProcessStringUTF16(13736)" executed="True" result="Success" success="True" time="0.000" asserts="1" />
                          <test-case name="dylan.NET.UnitTests.TestParseUtils.TestProcessStringUTF16(2824)" executed="True" result="Success" success="True" time="0.000" asserts="1" />
                          <test-case name="dylan.NET.UnitTests.TestParseUtils.TestProcessStringUTF16(26948)" executed="True" result="Success" success="True" time="0.000" asserts="1" />
                          <test-case name="dylan.NET.UnitTests.TestParseUtils.TestProcessStringUTF16(30510)" executed="True" result="Success" success="True" time="0.000" asserts="1" />
                          <test-case name="dylan.NET.UnitTests.TestParseUtils.TestProcessStringUTF16(46093)" executed="True" result="Success" success="True" time="0.000" asserts="1" />
                          <test-case name="dylan.NET.UnitTests.TestParseUtils.TestProcessStringUTF16(63560)" executed="True" result="Success" success="True" time="0.000" asserts="1" />
                          <test-case name="dylan.NET.UnitTests.TestParseUtils.TestProcessStringUTF16(27556)" executed="True" result="Success" success="True" time="0.000" asserts="1" />
                          <test-case name="dylan.NET.UnitTests.TestParseUtils.TestProcessStringUTF16(41193)" executed="True" result="Success" success="True" time="0.000" asserts="1" />
                          <test-case name="dylan.NET.UnitTests.TestParseUtils.TestProcessStringUTF16(32287)" executed="True" result="Success" success="True" time="0.000" asserts="1" />
                          <test-case name="dylan.NET.UnitTests.TestParseUtils.TestProcessStringUTF16(42006)" executed="True" result="Success" success="True" time="0.000" asserts="1" />
                          <test-case name="dylan.NET.UnitTests.TestParseUtils.TestProcessStringUTF16(27033)" executed="True" result="Success" success="True" time="0.000" asserts="1" />
                          <test-case name="dylan.NET.UnitTests.TestParseUtils.TestProcessStringUTF16(58835)" executed="True" result="Success" success="True" time="0.000" asserts="1" />
                          <test-case name="dylan.NET.UnitTests.TestParseUtils.TestProcessStringUTF16(13761)" executed="True" result="Success" success="True" time="0.000" asserts="1" />
                          <test-case name="dylan.NET.UnitTests.TestParseUtils.TestProcessStringUTF16(39141)" executed="True" result="Success" success="True" time="0.000" asserts="1" />
                          <test-case name="dylan.NET.UnitTests.TestParseUtils.TestProcessStringUTF16(4174)" executed="True" result="Success" success="True" time="0.000" asserts="1" />
                          <test-case name="dylan.NET.UnitTests.TestParseUtils.TestProcessStringUTF16(22017)" executed="True" result="Success" success="True" time="0.000" asserts="1" />
                          <test-case name="dylan.NET.UnitTests.TestParseUtils.TestProcessStringUTF16(46701)" executed="True" result="Success" success="True" time="0.000" asserts="1" />
                          <test-case name="dylan.NET.UnitTests.TestParseUtils.TestProcessStringUTF16(61065)" executed="True" result="Success" success="True" time="0.000" asserts="1" />
                          <test-case name="dylan.NET.UnitTests.TestParseUtils.TestProcessStringUTF16(41418)" executed="True" result="Success" success="True" time="0.000" asserts="1" />
                          <test-case name="dylan.NET.UnitTests.TestParseUtils.TestProcessStringUTF16(21479)" executed="True" result="Success" success="True" time="0.000" asserts="1" />
                          <test-case name="dylan.NET.UnitTests.TestParseUtils.TestProcessStringUTF16(11975)" executed="True" result="Success" success="True" time="0.000" asserts="1" />
                          <test-case name="dylan.NET.UnitTests.TestParseUtils.TestProcessStringUTF16(52926)" executed="True" result="Success" success="True" time="0.000" asserts="1" />
                          <test-case name="dylan.NET.UnitTests.TestParseUtils.TestProcessStringUTF16(47529)" executed="True" result="Success" success="True" time="0.000" asserts="1" />
                          <test-case name="dylan.NET.UnitTests.TestParseUtils.TestProcessStringUTF16(20403)" executed="True" result="Success" success="True" time="0.000" asserts="1" />
                          <test-case name="dylan.NET.UnitTests.TestParseUtils.TestProcessStringUTF16(19721)" executed="True" result="Success" success="True" time="0.000" asserts="1" />
                          <test-case name="dylan.NET.UnitTests.TestParseUtils.TestProcessStringUTF16(42792)" executed="True" result="Success" success="True" time="0.000" asserts="1" />
                          <test-case name="dylan.NET.UnitTests.TestParseUtils.TestProcessStringUTF16(28667)" executed="True" result="Success" success="True" time="0.000" asserts="1" />
                          <test-case name="dylan.NET.UnitTests.TestParseUtils.TestProcessStringUTF16(62437)" executed="True" result="Success" success="True" time="0.000" asserts="1" />
                          <test-case name="dylan.NET.UnitTests.TestParseUtils.TestProcessStringUTF16(42275)" executed="True" result="Success" success="True" time="0.000" asserts="1" />
                          <test-case name="dylan.NET.UnitTests.TestParseUtils.TestProcessStringUTF16(26214)" executed="True" result="Success" success="True" time="0.000" asserts="1" />
                          <test-case name="dylan.NET.UnitTests.TestParseUtils.TestProcessStringUTF16(555)" executed="True" result="Success" success="True" time="0.000" asserts="1" />
                          <test-case name="dylan.NET.UnitTests.TestParseUtils.TestProcessStringUTF16(27324)" executed="True" result="Success" success="True" time="0.000" asserts="1" />
                          <test-case name="dylan.NET.UnitTests.TestParseUtils.TestProcessStringUTF16(23846)" executed="True" result="Success" success="True" time="0.000" asserts="1" />
                          <test-case name="dylan.NET.UnitTests.TestParseUtils.TestProcessStringUTF16(61757)" executed="True" result="Success" success="True" time="0.000" asserts="1" />
                          <test-case name="dylan.NET.UnitTests.TestParseUtils.TestProcessStringUTF16(3592)" executed="True" result="Success" success="True" time="0.000" asserts="1" />
                          <test-case name="dylan.NET.UnitTests.TestParseUtils.TestProcessStringUTF16(49878)" executed="True" result="Success" success="True" time="0.000" asserts="1" />
                          <test-case name="dylan.NET.UnitTests.TestParseUtils.TestProcessStringUTF16(38715)" executed="True" result="Success" success="True" time="0.000" asserts="1" />
                          <test-case name="dylan.NET.UnitTests.TestParseUtils.TestProcessStringUTF16(41973)" executed="True" result="Success" success="True" time="0.000" asserts="1" />
                          <test-case name="dylan.NET.UnitTests.TestParseUtils.TestProcessStringUTF16(62807)" executed="True" result="Success" success="True" time="0.000" asserts="1" />
                          <test-case name="dylan.NET.UnitTests.TestParseUtils.TestProcessStringUTF16(12631)" executed="True" result="Success" success="True" time="0.000" asserts="1" />
                          <test-case name="dylan.NET.UnitTests.TestParseUtils.TestProcessStringUTF16(55261)" executed="True" result="Success" success="True" time="0.000" asserts="1" />
                          <test-case name="dylan.NET.UnitTests.TestParseUtils.TestProcessStringUTF16(10075)" executed="True" result="Success" success="True" time="0.000" asserts="1" />
                          <test-case name="dylan.NET.UnitTests.TestParseUtils.TestProcessStringUTF16(16325)" executed="True" result="Success" success="True" time="0.000" asserts="1" />
                          <test-case name="dylan.NET.UnitTests.TestParseUtils.TestProcessStringUTF16(34609)" executed="True" result="Success" success="True" time="0.000" asserts="1" />
                          <test-case name="dylan.NET.UnitTests.TestParseUtils.TestProcessStringUTF16(52788)" executed="True" result="Success" success="True" time="0.000" asserts="1" />
                          <test-case name="dylan.NET.UnitTests.TestParseUtils.TestProcessStringUTF16(22421)" executed="True" result="Success" success="True" time="0.000" asserts="1" />
                          <test-case name="dylan.NET.UnitTests.TestParseUtils.TestProcessStringUTF16(10295)" executed="True" result="Success" success="True" time="0.000" asserts="1" />
                          <test-case name="dylan.NET.UnitTests.TestParseUtils.TestProcessStringUTF16(35208)" executed="True" result="Success" success="True" time="0.000" asserts="1" />
                          <test-case name="dylan.NET.UnitTests.TestParseUtils.TestProcessStringUTF16(33425)" executed="True" result="Success" success="True" time="0.000" asserts="1" />
                          <test-case name="dylan.NET.UnitTests.TestParseUtils.TestProcessStringUTF16(8922)" executed="True" result="Success" success="True" time="0.000" asserts="1" />
                          <test-case name="dylan.NET.UnitTests.TestParseUtils.TestProcessStringUTF16(18)" executed="True" result="Success" success="True" time="0.000" asserts="1" />
                          <test-case name="dylan.NET.UnitTests.TestParseUtils.TestProcessStringUTF16(5226)" executed="True" result="Success" success="True" time="0.000" asserts="1" />
                          <test-case name="dylan.NET.UnitTests.TestParseUtils.TestProcessStringUTF16(43061)" executed="True" result="Success" success="True" time="0.000" asserts="1" />
                          <test-case name="dylan.NET.UnitTests.TestParseUtils.TestProcessStringUTF16(25716)" executed="True" result="Success" success="True" time="0.000" asserts="1" />
                          <test-case name="dylan.NET.UnitTests.TestParseUtils.TestProcessStringUTF16(56989)" executed="True" result="Success" success="True" time="0.000" asserts="1" />
                          <test-case name="dylan.NET.UnitTests.TestParseUtils.TestProcessStringUTF16(51946)" executed="True" result="Success" success="True" time="0.000" asserts="1" />
                          <test-case name="dylan.NET.UnitTests.TestParseUtils.TestProcessStringUTF16(44512)" executed="True" result="Success" success="True" time="0.000" asserts="1" />
                          <test-case name="dylan.NET.UnitTests.TestParseUtils.TestProcessStringUTF16(30726)" executed="True" result="Success" success="True" time="0.000" asserts="1" />
                          <test-case name="dylan.NET.UnitTests.TestParseUtils.TestProcessStringUTF16(26918)" executed="True" result="Success" success="True" time="0.000" asserts="1" />
                          <test-case name="dylan.NET.UnitTests.TestParseUtils.TestProcessStringUTF16(61749)" executed="True" result="Success" success="True" time="0.000" asserts="1" />
                          <test-case name="dylan.NET.UnitTests.TestParseUtils.TestProcessStringUTF16(24845)" executed="True" result="Success" success="True" time="0.000" asserts="1" />
                          <test-case name="dylan.NET.UnitTests.TestParseUtils.TestProcessStringUTF16(51117)" executed="True" result="Success" success="True" time="0.000" asserts="1" />
                          <test-case name="dylan.NET.UnitTests.TestParseUtils.TestProcessStringUTF16(43921)" executed="True" result="Success" success="True" time="0.000" asserts="1" />
                          <test-case name="dylan.NET.UnitTests.TestParseUtils.TestProcessStringUTF16(19656)" executed="True" result="Success" success="True" time="0.000" asserts="1" />
                          <test-case name="dylan.NET.UnitTests.TestParseUtils.TestProcessStringUTF16(52279)" executed="True" result="Success" success="True" time="0.000" asserts="1" />
                          <test-case name="dylan.NET.UnitTests.TestParseUtils.TestProcessStringUTF16(16958)" executed="True" result="Success" success="True" time="0.000" asserts="1" />
                          <test-case name="dylan.NET.UnitTests.TestParseUtils.TestProcessStringUTF16(42510)" executed="True" result="Success" success="True" time="0.000" asserts="1" />
                          <test-case name="dylan.NET.UnitTests.TestParseUtils.TestProcessStringUTF16(44686)" executed="True" result="Success" success="True" time="0.000" asserts="1" />
                          <test-case name="dylan.NET.UnitTests.TestParseUtils.TestProcessStringUTF16(51887)" executed="True" result="Success" success="True" time="0.000" asserts="1" />
                          <test-case name="dylan.NET.UnitTests.TestParseUtils.TestProcessStringUTF16(47287)" executed="True" result="Success" success="True" time="0.000" asserts="1" />
                          <test-case name="dylan.NET.UnitTests.TestParseUtils.TestProcessStringUTF16(11722)" executed="True" result="Success" success="True" time="0.000" asserts="1" />
                          <test-case name="dylan.NET.UnitTests.TestParseUtils.TestProcessStringUTF16(11493)" executed="True" result="Success" success="True" time="0.000" asserts="1" />
                          <test-case name="dylan.NET.UnitTests.TestParseUtils.TestProcessStringUTF16(27639)" executed="True" result="Success" success="True" time="0.000" asserts="1" />
                          <test-case name="dylan.NET.UnitTests.TestParseUtils.TestProcessStringUTF16(32495)" executed="True" result="Success" success="True" time="0.000" asserts="1" />
                          <test-case name="dylan.NET.UnitTests.TestParseUtils.TestProcessStringUTF16(21460)" executed="True" result="Success" success="True" time="0.000" asserts="1" />
                          <test-case name="dylan.NET.UnitTests.TestParseUtils.TestProcessStringUTF16(6749)" executed="True" result="Success" success="True" time="0.000" asserts="1" />
                          <test-case name="dylan.NET.UnitTests.TestParseUtils.TestProcessStringUTF16(9864)" executed="True" result="Success" success="True" time="0.000" asserts="1" />
                          <test-case name="dylan.NET.UnitTests.TestParseUtils.TestProcessStringUTF16(21812)" executed="True" result="Success" success="True" time="0.000" asserts="1" />
                          <test-case name="dylan.NET.UnitTests.TestParseUtils.TestProcessStringUTF16(28949)" executed="True" result="Success" success="True" time="0.000" asserts="1" />
                          <test-case name="dylan.NET.UnitTests.TestParseUtils.TestProcessStringUTF16(33309)" executed="True" result="Success" success="True" time="0.000" asserts="1" />
                          <test-case name="dylan.NET.UnitTests.TestParseUtils.TestProcessStringUTF16(63814)" executed="True" result="Success" success="True" time="0.000" asserts="1" />
                          <test-case name="dylan.NET.UnitTests.TestParseUtils.TestProcessStringUTF16(63476)" executed="True" result="Success" success="True" time="0.000" asserts="1" />
                          <test-case name="dylan.NET.UnitTests.TestParseUtils.TestProcessStringUTF16(35519)" executed="True" result="Success" success="True" time="0.000" asserts="1" />
                          <test-case name="dylan.NET.UnitTests.TestParseUtils.TestProcessStringUTF16(46060)" executed="True" result="Success" success="True" time="0.000" asserts="1" />
                          <test-case name="dylan.NET.UnitTests.TestParseUtils.TestProcessStringUTF16(1368)" executed="True" result="Success" success="True" time="0.000" asserts="1" />
                          <test-case name="dylan.NET.UnitTests.TestParseUtils.TestProcessStringUTF16(14972)" executed="True" result="Success" success="True" time="0.000" asserts="1" />
                          <test-case name="dylan.NET.UnitTests.TestParseUtils.TestProcessStringUTF16(48938)" executed="True" result="Success" success="True" time="0.000" asserts="1" />
                          <test-case name="dylan.NET.UnitTests.TestParseUtils.TestProcessStringUTF16(4190)" executed="True" result="Success" success="True" time="0.000" asserts="1" />
                          <test-case name="dylan.NET.UnitTests.TestParseUtils.TestProcessStringUTF16(9477)" executed="True" result="Success" success="True" time="0.000" asserts="1" />
                          <test-case name="dylan.NET.UnitTests.TestParseUtils.TestProcessStringUTF16(52169)" executed="True" result="Success" success="True" time="0.000" asserts="1" />
                          <test-case name="dylan.NET.UnitTests.TestParseUtils.TestProcessStringUTF16(7368)" executed="True" result="Success" success="True" time="0.000" asserts="1" />
                          <test-case name="dylan.NET.UnitTests.TestParseUtils.TestProcessStringUTF16(59563)" executed="True" result="Success" success="True" time="0.000" asserts="1" />
                          <test-case name="dylan.NET.UnitTests.TestParseUtils.TestProcessStringUTF16(55621)" executed="True" result="Success" success="True" time="0.000" asserts="1" />
                          <test-case name="dylan.NET.UnitTests.TestParseUtils.TestProcessStringUTF16(15519)" executed="True" result="Success" success="True" time="0.000" asserts="1" />
                          <test-case name="dylan.NET.UnitTests.TestParseUtils.TestProcessStringUTF16(909)" executed="True" result="Success" success="True" time="0.000" asserts="1" />
                          <test-case name="dylan.NET.UnitTests.TestParseUtils.TestProcessStringUTF16(43768)" executed="True" result="Success" success="True" time="0.000" asserts="1" />
                          <test-case name="dylan.NET.UnitTests.TestParseUtils.TestProcessStringUTF16(47970)" executed="True" result="Success" success="True" time="0.000" asserts="1" />
                          <test-case name="dylan.NET.UnitTests.TestParseUtils.TestProcessStringUTF16(49364)" executed="True" result="Success" success="True" time="0.000" asserts="1" />
                          <test-case name="dylan.NET.UnitTests.TestParseUtils.TestProcessStringUTF16(13148)" executed="True" result="Success" success="True" time="0.000" asserts="1" />
                          <test-case name="dylan.NET.UnitTests.TestParseUtils.TestProcessStringUTF16(46039)" executed="True" result="Success" success="True" time="0.000" asserts="1" />
                          <test-case name="dylan.NET.UnitTests.TestParseUtils.TestProcessStringUTF16(12557)" executed="True" result="Success" success="True" time="0.000" asserts="1" />
                          <test-case name="dylan.NET.UnitTests.TestParseUtils.TestProcessStringUTF16(54017)" executed="True" result="Success" success="True" time="0.000" asserts="1" />
                          <test-case name="dylan.NET.UnitTests.TestParseUtils.TestProcessStringUTF16(6258)" executed="True" result="Success" success="True" time="0.000" asserts="1" />
                          <test-case name="dylan.NET.UnitTests.TestParseUtils.TestProcessStringUTF16(116)" executed="True" result="Success" success="True" time="0.000" asserts="1" />
                          <test-case name="dylan.NET.UnitTests.TestParseUtils.TestProcessStringUTF16(10642)" executed="True" result="Success" success="True" time="0.000" asserts="1" />
                          <test-case name="dylan.NET.UnitTests.TestParseUtils.TestProcessStringUTF16(2077)" executed="True" result="Success" success="True" time="0.000" asserts="1" />
                          <test-case name="dylan.NET.UnitTests.TestParseUtils.TestProcessStringUTF16(35241)" executed="True" result="Success" success="True" time="0.000" asserts="1" />
                          <test-case name="dylan.NET.UnitTests.TestParseUtils.TestProcessStringUTF16(62535)" executed="True" result="Success" success="True" time="0.000" asserts="1" />
                          <test-case name="dylan.NET.UnitTests.TestParseUtils.TestProcessStringUTF16(24348)" executed="True" result="Success" success="True" time="0.000" asserts="1" />
                          <test-case name="dylan.NET.UnitTests.TestParseUtils.TestProcessStringUTF16(42016)" executed="True" result="Success" success="True" time="0.000" asserts="1" />
                          <test-case name="dylan.NET.UnitTests.TestParseUtils.TestProcessStringUTF16(3008)" executed="True" result="Success" success="True" time="0.000" asserts="1" />
                          <test-case name="dylan.NET.UnitTests.TestParseUtils.TestProcessStringUTF16(40322)" executed="True" result="Success" success="True" time="0.000" asserts="1" />
                          <test-case name="dylan.NET.UnitTests.TestParseUtils.TestProcessStringUTF16(21248)" executed="True" result="Success" success="True" time="0.000" asserts="1" />
                          <test-case name="dylan.NET.UnitTests.TestParseUtils.TestProcessStringUTF16(40284)" executed="True" result="Success" success="True" time="0.000" asserts="1" />
                          <test-case name="dylan.NET.UnitTests.TestParseUtils.TestProcessStringUTF16(54381)" executed="True" result="Success" success="True" time="0.000" asserts="1" />
                          <test-case name="dylan.NET.UnitTests.TestParseUtils.TestProcessStringUTF16(30816)" executed="True" result="Success" success="True" time="0.000" asserts="1" />
                          <test-case name="dylan.NET.UnitTests.TestParseUtils.TestProcessStringUTF16(61031)" executed="True" result="Success" success="True" time="0.000" asserts="1" />
                          <test-case name="dylan.NET.UnitTests.TestParseUtils.TestProcessStringUTF16(28401)" executed="True" result="Success" success="True" time="0.000" asserts="1" />
                          <test-case name="dylan.NET.UnitTests.TestParseUtils.TestProcessStringUTF16(18746)" executed="True" result="Success" success="True" time="0.000" asserts="1" />
                          <test-case name="dylan.NET.UnitTests.TestParseUtils.TestProcessStringUTF16(8511)" executed="True" result="Success" success="True" time="0.000" asserts="1" />
                          <test-case name="dylan.NET.UnitTests.TestParseUtils.TestProcessStringUTF16(34522)" executed="True" result="Success" success="True" time="0.000" asserts="1" />
                          <test-case name="dylan.NET.UnitTests.TestParseUtils.TestProcessStringUTF16(58680)" executed="True" result="Success" success="True" time="0.000" asserts="1" />
                          <test-case name="dylan.NET.UnitTests.TestParseUtils.TestProcessStringUTF16(31537)" executed="True" result="Success" success="True" time="0.000" asserts="1" />
                          <test-case name="dylan.NET.UnitTests.TestParseUtils.TestProcessStringUTF16(5848)" executed="True" result="Success" success="True" time="0.000" asserts="1" />
                          <test-case name="dylan.NET.UnitTests.TestParseUtils.TestProcessStringUTF16(34730)" executed="True" result="Success" success="True" time="0.000" asserts="1" />
                          <test-case name="dylan.NET.UnitTests.TestParseUtils.TestProcessStringUTF16(23239)" executed="True" result="Success" success="True" time="0.000" asserts="1" />
                          <test-case name="dylan.NET.UnitTests.TestParseUtils.TestProcessStringUTF16(5234)" executed="True" result="Success" success="True" time="0.000" asserts="1" />
                          <test-case name="dylan.NET.UnitTests.TestParseUtils.TestProcessStringUTF16(27523)" executed="True" result="Success" success="True" time="0.000" asserts="1" />
                          <test-case name="dylan.NET.UnitTests.TestParseUtils.TestProcessStringUTF16(21853)" executed="True" result="Success" success="True" time="0.000" asserts="1" />
                          <test-case name="dylan.NET.UnitTests.TestParseUtils.TestProcessStringUTF16(19383)" executed="True" result="Success" success="True" time="0.000" asserts="1" />
                          <test-case name="dylan.NET.UnitTests.TestParseUtils.TestProcessStringUTF16(37042)" executed="True" result="Success" success="True" time="0.000" asserts="1" />
                          <test-case name="dylan.NET.UnitTests.TestParseUtils.TestProcessStringUTF16(12863)" executed="True" result="Success" success="True" time="0.000" asserts="1" />
                          <test-case name="dylan.NET.UnitTests.TestParseUtils.TestProcessStringUTF16(62999)" executed="True" result="Success" success="True" time="0.000" asserts="1" />
                          <test-case name="dylan.NET.UnitTests.TestParseUtils.TestProcessStringUTF16(52467)" executed="True" result="Success" success="True" time="0.000" asserts="1" />
                          <test-case name="dylan.NET.UnitTests.TestParseUtils.TestProcessStringUTF16(30301)" executed="True" result="Success" success="True" time="0.000" asserts="1" />
                          <test-case name="dylan.NET.UnitTests.TestParseUtils.TestProcessStringUTF16(23492)" executed="True" result="Success" success="True" time="0.000" asserts="1" />
                          <test-case name="dylan.NET.UnitTests.TestParseUtils.TestProcessStringUTF16(42227)" executed="True" result="Success" success="True" time="0.000" asserts="1" />
                          <test-case name="dylan.NET.UnitTests.TestParseUtils.TestProcessStringUTF16(60770)" executed="True" result="Success" success="True" time="0.000" asserts="1" />
                          <test-case name="dylan.NET.UnitTests.TestParseUtils.TestProcessStringUTF16(57214)" executed="True" result="Success" success="True" time="0.000" asserts="1" />
                          <test-case name="dylan.NET.UnitTests.TestParseUtils.TestProcessStringUTF16(36086)" executed="True" result="Success" success="True" time="0.000" asserts="1" />
                          <test-case name="dylan.NET.UnitTests.TestParseUtils.TestProcessStringUTF16(19476)" executed="True" result="Success" success="True" time="0.000" asserts="1" />
                          <test-case name="dylan.NET.UnitTests.TestParseUtils.TestProcessStringUTF16(20536)" executed="True" result="Success" success="True" time="0.000" asserts="1" />
                          <test-case name="dylan.NET.UnitTests.TestParseUtils.TestProcessStringUTF16(50978)" executed="True" result="Success" success="True" time="0.000" asserts="1" />
                          <test-case name="dylan.NET.UnitTests.TestParseUtils.TestProcessStringUTF16(966)" executed="True" result="Success" success="True" time="0.000" asserts="1" />
                          <test-case name="dylan.NET.UnitTests.TestParseUtils.TestProcessStringUTF16(17646)" executed="True" result="Success" success="True" time="0.000" asserts="1" />
                          <test-case name="dylan.NET.UnitTests.TestParseUtils.TestProcessStringUTF16(14222)" executed="True" result="Success" success="True" time="0.000" asserts="1" />
                          <test-case name="dylan.NET.UnitTests.TestParseUtils.TestProcessStringUTF16(28025)" executed="True" result="Success" success="True" time="0.000" asserts="1" />
                          <test-case name="dylan.NET.UnitTests.TestParseUtils.TestProcessStringUTF16(49772)" executed="True" result="Success" success="True" time="0.000" asserts="1" />
                          <test-case name="dylan.NET.UnitTests.TestParseUtils.TestProcessStringUTF16(46323)" executed="True" result="Success" success="True" time="0.000" asserts="1" />
                          <test-case name="dylan.NET.UnitTests.TestParseUtils.TestProcessStringUTF16(43204)" executed="True" result="Success" success="True" time="0.000" asserts="1" />
                          <test-case name="dylan.NET.UnitTests.TestParseUtils.TestProcessStringUTF16(38533)" executed="True" result="Success" success="True" time="0.000" asserts="1" />
                          <test-case name="dylan.NET.UnitTests.TestParseUtils.TestProcessStringUTF16(20447)" executed="True" result="Success" success="True" time="0.000" asserts="1" />
                          <test-case name="dylan.NET.UnitTests.TestParseUtils.TestProcessStringUTF16(27511)" executed="True" result="Success" success="True" time="0.000" asserts="1" />
                          <test-case name="dylan.NET.UnitTests.TestParseUtils.TestProcessStringUTF16(59300)" executed="True" result="Success" success="True" time="0.000" asserts="1" />
                          <test-case name="dylan.NET.UnitTests.TestParseUtils.TestProcessStringUTF16(8996)" executed="True" result="Success" success="True" time="0.000" asserts="1" />
                          <test-case name="dylan.NET.UnitTests.TestParseUtils.TestProcessStringUTF16(65228)" executed="True" result="Success" success="True" time="0.000" asserts="1" />
                          <test-case name="dylan.NET.UnitTests.TestParseUtils.TestProcessStringUTF16(56552)" executed="True" result="Success" success="True" time="0.000" asserts="1" />
                          <test-case name="dylan.NET.UnitTests.TestParseUtils.TestProcessStringUTF16(19326)" executed="True" result="Success" success="True" time="0.000" asserts="1" />
                          <test-case name="dylan.NET.UnitTests.TestParseUtils.TestProcessStringUTF16(35349)" executed="True" result="Success" success="True" time="0.000" asserts="1" />
                          <test-case name="dylan.NET.UnitTests.TestParseUtils.TestProcessStringUTF16(52684)" executed="True" result="Success" success="True" time="0.000" asserts="1" />
                          <test-case name="dylan.NET.UnitTests.TestParseUtils.TestProcessStringUTF16(25384)" executed="True" result="Success" success="True" time="0.000" asserts="1" />
                          <test-case name="dylan.NET.UnitTests.TestParseUtils.TestProcessStringUTF16(40006)" executed="True" result="Success" success="True" time="0.000" asserts="1" />
                          <test-case name="dylan.NET.UnitTests.TestParseUtils.TestProcessStringUTF16(5321)" executed="True" result="Success" success="True" time="0.000" asserts="1" />
                          <test-case name="dylan.NET.UnitTests.TestParseUtils.TestProcessStringUTF16(53796)" executed="True" result="Success" success="True" time="0.000" asserts="1" />
                          <test-case name="dylan.NET.UnitTests.TestParseUtils.TestProcessStringUTF16(22540)" executed="True" result="Success" success="True" time="0.000" asserts="1" />
                          <test-case name="dylan.NET.UnitTests.TestParseUtils.TestProcessStringUTF16(48006)" executed="True" result="Success" success="True" time="0.000" asserts="1" />
                          <test-case name="dylan.NET.UnitTests.TestParseUtils.TestProcessStringUTF16(54878)" executed="True" result="Success" success="True" time="0.000" asserts="1" />
                          <test-case name="dylan.NET.UnitTests.TestParseUtils.TestProcessStringUTF16(20282)" executed="True" result="Success" success="True" time="0.000" asserts="1" />
                          <test-case name="dylan.NET.UnitTests.TestParseUtils.TestProcessStringUTF16(22637)" executed="True" result="Success" success="True" time="0.000" asserts="1" />
                          <test-case name="dylan.NET.UnitTests.TestParseUtils.TestProcessStringUTF16(40158)" executed="True" result="Success" success="True" time="0.000" asserts="1" />
                          <test-case name="dylan.NET.UnitTests.TestParseUtils.TestProcessStringUTF16(2791)" executed="True" result="Success" success="True" time="0.000" asserts="1" />
                          <test-case name="dylan.NET.UnitTests.TestParseUtils.TestProcessStringUTF16(11258)" executed="True" result="Success" success="True" time="0.000" asserts="1" />
                          <test-case name="dylan.NET.UnitTests.TestParseUtils.TestProcessStringUTF16(47612)" executed="True" result="Success" success="True" time="0.000" asserts="1" />
                          <test-case name="dylan.NET.UnitTests.TestParseUtils.TestProcessStringUTF16(41077)" executed="True" result="Success" success="True" time="0.000" asserts="1" />
                          <test-case name="dylan.NET.UnitTests.TestParseUtils.TestProcessStringUTF16(35512)" executed="True" result="Success" success="True" time="0.000" asserts="1" />
                          <test-case name="dylan.NET.UnitTests.TestParseUtils.TestProcessStringUTF16(14075)" executed="True" result="Success" success="True" time="0.000" asserts="1" />
                          <test-case name="dylan.NET.UnitTests.TestParseUtils.TestProcessStringUTF16(31169)" executed="True" result="Success" success="True" time="0.000" asserts="1" />
                          <test-case name="dylan.NET.UnitTests.TestParseUtils.TestProcessStringUTF16(37772)" executed="True" result="Success" success="True" time="0.000" asserts="1" />
                          <test-case name="dylan.NET.UnitTests.TestParseUtils.TestProcessStringUTF16(62386)" executed="True" result="Success" success="True" time="0.000" asserts="1" />
                          <test-case name="dylan.NET.UnitTests.TestParseUtils.TestProcessStringUTF16(35037)" executed="True" result="Success" success="True" time="0.000" asserts="1" />
                          <test-case name="dylan.NET.UnitTests.TestParseUtils.TestProcessStringUTF16(32221)" executed="True" result="Success" success="True" time="0.000" asserts="1" />
                          <test-case name="dylan.NET.UnitTests.TestParseUtils.TestProcessStringUTF16(51443)" executed="True" result="Success" success="True" time="0.000" asserts="1" />
                          <test-case name="dylan.NET.UnitTests.TestParseUtils.TestProcessStringUTF16(57708)" executed="True" result="Success" success="True" time="0.000" asserts="1" />
                          <test-case name="dylan.NET.UnitTests.TestParseUtils.TestProcessStringUTF16(34703)" executed="True" result="Success" success="True" time="0.000" asserts="1" />
                          <test-case name="dylan.NET.UnitTests.TestParseUtils.TestProcessStringUTF16(59533)" executed="True" result="Success" success="True" time="0.000" asserts="1" />
                          <test-case name="dylan.NET.UnitTests.TestParseUtils.TestProcessStringUTF16(62571)" executed="True" result="Success" success="True" time="0.000" asserts="1" />
                          <test-case name="dylan.NET.UnitTests.TestParseUtils.TestProcessStringUTF16(7542)" executed="True" result="Success" success="True" time="0.000" asserts="1" />
                          <test-case name="dylan.NET.UnitTests.TestParseUtils.TestProcessStringUTF16(9202)" executed="True" result="Success" success="True" time="0.000" asserts="1" />
                          <test-case name="dylan.NET.UnitTests.TestParseUtils.TestProcessStringUTF16(29927)" executed="True" result="Success" success="True" time="0.000" asserts="1" />
                          <test-case name="dylan.NET.UnitTests.TestParseUtils.TestProcessStringUTF16(47829)" executed="True" result="Success" success="True" time="0.000" asserts="1" />
                          <test-case name="dylan.NET.UnitTests.TestParseUtils.TestProcessStringUTF16(34149)" executed="True" result="Success" success="True" time="0.000" asserts="1" />
                          <test-case name="dylan.NET.UnitTests.TestParseUtils.TestProcessStringUTF16(21945)" executed="True" result="Success" success="True" time="0.000" asserts="1" />
                          <test-case name="dylan.NET.UnitTests.TestParseUtils.TestProcessStringUTF16(38132)" executed="True" result="Success" success="True" time="0.000" asserts="1" />
                          <test-case name="dylan.NET.UnitTests.TestParseUtils.TestProcessStringUTF16(17056)" executed="True" result="Success" success="True" time="0.000" asserts="1" />
                          <test-case name="dylan.NET.UnitTests.TestParseUtils.TestProcessStringUTF16(33295)" executed="True" result="Success" success="True" time="0.000" asserts="1" />
                          <test-case name="dylan.NET.UnitTests.TestParseUtils.TestProcessStringUTF16(8217)" executed="True" result="Success" success="True" time="0.000" asserts="1" />
                          <test-case name="dylan.NET.UnitTests.TestParseUtils.TestProcessStringUTF16(38459)" executed="True" result="Success" success="True" time="0.000" asserts="1" />
                          <test-case name="dylan.NET.UnitTests.TestParseUtils.TestProcessStringUTF16(9901)" executed="True" result="Success" success="True" time="0.000" asserts="1" />
                          <test-case name="dylan.NET.UnitTests.TestParseUtils.TestProcessStringUTF16(30988)" executed="True" result="Success" success="True" time="0.000" asserts="1" />
                          <test-case name="dylan.NET.UnitTests.TestParseUtils.TestProcessStringUTF16(3570)" executed="True" result="Success" success="True" time="0.000" asserts="1" />
                          <test-case name="dylan.NET.UnitTests.TestParseUtils.TestProcessStringUTF16(48588)" executed="True" result="Success" success="True" time="0.000" asserts="1" />
                          <test-case name="dylan.NET.UnitTests.TestParseUtils.TestProcessStringUTF16(55787)" executed="True" result="Success" success="True" time="0.000" asserts="1" />
                          <test-case name="dylan.NET.UnitTests.TestParseUtils.TestProcessStringUTF16(52920)" executed="True" result="Success" success="True" time="0.000" asserts="1" />
                          <test-case name="dylan.NET.UnitTests.TestParseUtils.TestProcessStringUTF16(11286)" executed="True" result="Success" success="True" time="0.000" asserts="1" />
                          <test-case name="dylan.NET.UnitTests.TestParseUtils.TestProcessStringUTF16(10982)" executed="True" result="Success" success="True" time="0.000" asserts="1" />
                          <test-case name="dylan.NET.UnitTests.TestParseUtils.TestProcessStringUTF16(52625)" executed="True" result="Success" success="True" time="0.000" asserts="1" />
                          <test-case name="dylan.NET.UnitTests.TestParseUtils.TestProcessStringUTF16(28273)" executed="True" result="Success" success="True" time="0.000" asserts="1" />
                          <test-case name="dylan.NET.UnitTests.TestParseUtils.TestProcessStringUTF16(58342)" executed="True" result="Success" success="True" time="0.000" asserts="1" />
                          <test-case name="dylan.NET.UnitTests.TestParseUtils.TestProcessStringUTF16(65301)" executed="True" result="Success" success="True" time="0.000" asserts="1" />
                          <test-case name="dylan.NET.UnitTests.TestParseUtils.TestProcessStringUTF16(11959)" executed="True" result="Success" success="True" time="0.000" asserts="1" />
                          <test-case name="dylan.NET.UnitTests.TestParseUtils.TestProcessStringUTF16(57685)" executed="True" result="Success" success="True" time="0.000" asserts="1" />
                          <test-case name="dylan.NET.UnitTests.TestParseUtils.TestProcessStringUTF16(47349)" executed="True" result="Success" success="True" time="0.000" asserts="1" />
                          <test-case name="dylan.NET.UnitTests.TestParseUtils.TestProcessStringUTF16(54934)" executed="True" result="Success" success="True" time="0.000" asserts="1" />
                          <test-case name="dylan.NET.UnitTests.TestParseUtils.TestProcessStringUTF16(53054)" executed="True" result="Success" success="True" time="0.000" asserts="1" />
                          <test-case name="dylan.NET.UnitTests.TestParseUtils.TestProcessStringUTF16(18535)" executed="True" result="Success" success="True" time="0.000" asserts="1" />
                          <test-case name="dylan.NET.UnitTests.TestParseUtils.TestProcessStringUTF16(3439)" executed="True" result="Success" success="True" time="0.000" asserts="1" />
                          <test-case name="dylan.NET.UnitTests.TestParseUtils.TestProcessStringUTF16(1873)" executed="True" result="Success" success="True" time="0.000" asserts="1" />
                          <test-case name="dylan.NET.UnitTests.TestParseUtils.TestProcessStringUTF16(53800)" executed="True" result="Success" success="True" time="0.000" asserts="1" />
                          <test-case name="dylan.NET.UnitTests.TestParseUtils.TestProcessStringUTF16(20501)" executed="True" result="Success" success="True" time="0.000" asserts="1" />
                          <test-case name="dylan.NET.UnitTests.TestParseUtils.TestProcessStringUTF16(14322)" executed="True" result="Success" success="True" time="0.000" asserts="1" />
                          <test-case name="dylan.NET.UnitTests.TestParseUtils.TestProcessStringUTF16(9547)" executed="True" result="Success" success="True" time="0.000" asserts="1" />
                          <test-case name="dylan.NET.UnitTests.TestParseUtils.TestProcessStringUTF16(44977)" executed="True" result="Success" success="True" time="0.000" asserts="1" />
                          <test-case name="dylan.NET.UnitTests.TestParseUtils.TestProcessStringUTF16(54829)" executed="True" result="Success" success="True" time="0.000" asserts="1" />
                          <test-case name="dylan.NET.UnitTests.TestParseUtils.TestProcessStringUTF16(19066)" executed="True" result="Success" success="True" time="0.000" asserts="1" />
                          <test-case name="dylan.NET.UnitTests.TestParseUtils.TestProcessStringUTF16(57105)" executed="True" result="Success" success="True" time="0.000" asserts="1" />
                          <test-case name="dylan.NET.UnitTests.TestParseUtils.TestProcessStringUTF16(12538)" executed="True" result="Success" success="True" time="0.000" asserts="1" />
                          <test-case name="dylan.NET.UnitTests.TestParseUtils.TestProcessStringUTF16(23873)" executed="True" result="Success" success="True" time="0.000" asserts="1" />
                          <test-case name="dylan.NET.UnitTests.TestParseUtils.TestProcessStringUTF16(36325)" executed="True" result="Success" success="True" time="0.000" asserts="1" />
                          <test-case name="dylan.NET.UnitTests.TestParseUtils.TestProcessStringUTF16(30094)" executed="True" result="Success" success="True" time="0.000" asserts="1" />
                          <test-case name="dylan.NET.UnitTests.TestParseUtils.TestProcessStringUTF16(48422)" executed="True" result="Success" success="True" time="0.000" asserts="1" />
                          <test-case name="dylan.NET.UnitTests.TestParseUtils.TestProcessStringUTF16(51337)" executed="True" result="Success" success="True" time="0.000" asserts="1" />
                          <test-case name="dylan.NET.UnitTests.TestParseUtils.TestProcessStringUTF16(38361)" executed="True" result="Success" success="True" time="0.000" asserts="1" />
                          <test-case name="dylan.NET.UnitTests.TestParseUtils.TestProcessStringUTF16(38006)" executed="True" result="Success" success="True" time="0.000" asserts="1" />
                          <test-case name="dylan.NET.UnitTests.TestParseUtils.TestProcessStringUTF16(50427)" executed="True" result="Success" success="True" time="0.000" asserts="1" />
                          <test-case name="dylan.NET.UnitTests.TestParseUtils.TestProcessStringUTF16(42886)" executed="True" result="Success" success="True" time="0.000" asserts="1" />
                          <test-case name="dylan.NET.UnitTests.TestParseUtils.TestProcessStringUTF16(50407)" executed="True" result="Success" success="True" time="0.000" asserts="1" />
                          <test-case name="dylan.NET.UnitTests.TestParseUtils.TestProcessStringUTF16(62043)" executed="True" result="Success" success="True" time="0.000" asserts="1" />
                          <test-case name="dylan.NET.UnitTests.TestParseUtils.TestProcessStringUTF16(4653)" executed="True" result="Success" success="True" time="0.000" asserts="1" />
                          <test-case name="dylan.NET.UnitTests.TestParseUtils.TestProcessStringUTF16(16167)" executed="True" result="Success" success="True" time="0.000" asserts="1" />
                          <test-case name="dylan.NET.UnitTests.TestParseUtils.TestProcessStringUTF16(56094)" executed="True" result="Success" success="True" time="0.000" asserts="1" />
                          <test-case name="dylan.NET.UnitTests.TestParseUtils.TestProcessStringUTF16(60698)" executed="True" result="Success" success="True" time="0.000" asserts="1" />
                          <test-case name="dylan.NET.UnitTests.TestParseUtils.TestProcessStringUTF16(19277)" executed="True" result="Success" success="True" time="0.000" asserts="1" />
                          <test-case name="dylan.NET.UnitTests.TestParseUtils.TestProcessStringUTF16(54236)" executed="True" result="Success" success="True" time="0.000" asserts="1" />
                          <test-case name="dylan.NET.UnitTests.TestParseUtils.TestProcessStringUTF16(15604)" executed="True" result="Success" success="True" time="0.000" asserts="1" />
                          <test-case name="dylan.NET.UnitTests.TestParseUtils.TestProcessStringUTF16(38282)" executed="True" result="Success" success="True" time="0.000" asserts="1" />
                          <test-case name="dylan.NET.UnitTests.TestParseUtils.TestProcessStringUTF16(54707)" executed="True" result="Success" success="True" time="0.000" asserts="1" />
                          <test-case name="dylan.NET.UnitTests.TestParseUtils.TestProcessStringUTF16(32651)" executed="True" result="Success" success="True" time="0.000" asserts="1" />
                          <test-case name="dylan.NET.UnitTests.TestParseUtils.TestProcessStringUTF16(19065)" executed="True" result="Success" success="True" time="0.000" asserts="1" />
                          <test-case name="dylan.NET.UnitTests.TestParseUtils.TestProcessStringUTF16(25485)" executed="True" result="Success" success="True" time="0.000" asserts="1" />
                          <test-case name="dylan.NET.UnitTests.TestParseUtils.TestProcessStringUTF16(20757)" executed="True" result="Success" success="True" time="0.000" asserts="1" />
                          <test-case name="dylan.NET.UnitTests.TestParseUtils.TestProcessStringUTF16(49879)" executed="True" result="Success" success="True" time="0.000" asserts="1" />
                          <test-case name="dylan.NET.UnitTests.TestParseUtils.TestProcessStringUTF16(2133)" executed="True" result="Success" success="True" time="0.000" asserts="1" />
                          <test-case name="dylan.NET.UnitTests.TestParseUtils.TestProcessStringUTF16(45342)" executed="True" result="Success" success="True" time="0.000" asserts="1" />
                          <test-case name="dylan.NET.UnitTests.TestParseUtils.TestProcessStringUTF16(48101)" executed="True" result="Success" success="True" time="0.000" asserts="1" />
                          <test-case name="dylan.NET.UnitTests.TestParseUtils.TestProcessStringUTF16(17768)" executed="True" result="Success" success="True" time="0.000" asserts="1" />
                          <test-case name="dylan.NET.UnitTests.TestParseUtils.TestProcessStringUTF16(10226)" executed="True" result="Success" success="True" time="0.000" asserts="1" />
                          <test-case name="dylan.NET.UnitTests.TestParseUtils.TestProcessStringUTF16(17781)" executed="True" result="Success" success="True" time="0.000" asserts="1" />
                          <test-case name="dylan.NET.UnitTests.TestParseUtils.TestProcessStringUTF16(2493)" executed="True" result="Success" success="True" time="0.000" asserts="1" />
                          <test-case name="dylan.NET.UnitTests.TestParseUtils.TestProcessStringUTF16(33935)" executed="True" result="Success" success="True" time="0.000" asserts="1" />
                          <test-case name="dylan.NET.UnitTests.TestParseUtils.TestProcessStringUTF16(26110)" executed="True" result="Success" success="True" time="0.000" asserts="1" />
                          <test-case name="dylan.NET.UnitTests.TestParseUtils.TestProcessStringUTF16(56116)" executed="True" result="Success" success="True" time="0.000" asserts="1" />
                          <test-case name="dylan.NET.UnitTests.TestParseUtils.TestProcessStringUTF16(23619)" executed="True" result="Success" success="True" time="0.000" asserts="1" />
                          <test-case name="dylan.NET.UnitTests.TestParseUtils.TestProcessStringUTF16(42175)" executed="True" result="Success" success="True" time="0.000" asserts="1" />
                          <test-case name="dylan.NET.UnitTests.TestParseUtils.TestProcessStringUTF16(9206)" executed="True" result="Success" success="True" time="0.000" asserts="1" />
                          <test-case name="dylan.NET.UnitTests.TestParseUtils.TestProcessStringUTF16(16796)" executed="True" result="Success" success="True" time="0.000" asserts="1" />
                          <test-case name="dylan.NET.UnitTests.TestParseUtils.TestProcessStringUTF16(38408)" executed="True" result="Success" success="True" time="0.000" asserts="1" />
                          <test-case name="dylan.NET.UnitTests.TestParseUtils.TestProcessStringUTF16(58648)" executed="True" result="Success" success="True" time="0.000" asserts="1" />
                          <test-case name="dylan.NET.UnitTests.TestParseUtils.TestProcessStringUTF16(39330)" executed="True" result="Success" success="True" time="0.000" asserts="1" />
                          <test-case name="dylan.NET.UnitTests.TestParseUtils.TestProcessStringUTF16(14772)" executed="True" result="Success" success="True" time="0.000" asserts="1" />
                          <test-case name="dylan.NET.UnitTests.TestParseUtils.TestProcessStringUTF16(29363)" executed="True" result="Success" success="True" time="0.000" asserts="1" />
                          <test-case name="dylan.NET.UnitTests.TestParseUtils.TestProcessStringUTF16(36322)" executed="True" result="Success" success="True" time="0.000" asserts="1" />
                          <test-case name="dylan.NET.UnitTests.TestParseUtils.TestProcessStringUTF16(48342)" executed="True" result="Success" success="True" time="0.000" asserts="1" />
                          <test-case name="dylan.NET.UnitTests.TestParseUtils.TestProcessStringUTF16(28314)" executed="True" result="Success" success="True" time="0.000" asserts="1" />
                          <test-case name="dylan.NET.UnitTests.TestParseUtils.TestProcessStringUTF16(65279)" executed="True" result="Success" success="True" time="0.000" asserts="1" />
                          <test-case name="dylan.NET.UnitTests.TestParseUtils.TestProcessStringUTF16(29978)" executed="True" result="Success" success="True" time="0.000" asserts="1" />
                          <test-case name="dylan.NET.UnitTests.TestParseUtils.TestProcessStringUTF16(7413)" executed="True" result="Success" success="True" time="0.000" asserts="1" />
                          <test-case name="dylan.NET.UnitTests.TestParseUtils.TestProcessStringUTF16(65169)" executed="True" result="Success" success="True" time="0.000" asserts="1" />
                          <test-case name="dylan.NET.UnitTests.TestParseUtils.TestProcessStringUTF16(6727)" executed="True" result="Success" success="True" time="0.000" asserts="1" />
                          <test-case name="dylan.NET.UnitTests.TestParseUtils.TestProcessStringUTF16(1298)" executed="True" result="Success" success="True" time="0.000" asserts="1" />
                          <test-case name="dylan.NET.UnitTests.TestParseUtils.TestProcessStringUTF16(46879)" executed="True" result="Success" success="True" time="0.000" asserts="1" />
                          <test-case name="dylan.NET.UnitTests.TestParseUtils.TestProcessStringUTF16(60291)" executed="True" result="Success" success="True" time="0.000" asserts="1" />
                          <test-case name="dylan.NET.UnitTests.TestParseUtils.TestProcessStringUTF16(21379)" executed="True" result="Success" success="True" time="0.000" asserts="1" />
                          <test-case name="dylan.NET.UnitTests.TestParseUtils.TestProcessStringUTF16(2390)" executed="True" result="Success" success="True" time="0.000" asserts="1" />
                          <test-case name="dylan.NET.UnitTests.TestParseUtils.TestProcessStringUTF16(3983)" executed="True" result="Success" success="True" time="0.000" asserts="1" />
                          <test-case name="dylan.NET.UnitTests.TestParseUtils.TestProcessStringUTF16(57840)" executed="True" result="Success" success="True" time="0.000" asserts="1" />
                          <test-case name="dylan.NET.UnitTests.TestParseUtils.TestProcessStringUTF16(27717)" executed="True" result="Success" success="True" time="0.000" asserts="1" />
                          <test-case name="dylan.NET.UnitTests.TestParseUtils.TestProcessStringUTF16(61721)" executed="True" result="Success" success="True" time="0.000" asserts="1" />
                          <test-case name="dylan.NET.UnitTests.TestParseUtils.TestProcessStringUTF16(28799)" executed="True" result="Success" success="True" time="0.000" asserts="1" />
                          <test-case name="dylan.NET.UnitTests.TestParseUtils.TestProcessStringUTF16(33630)" executed="True" result="Success" success="True" time="0.000" asserts="1" />
                          <test-case name="dylan.NET.UnitTests.TestParseUtils.TestProcessStringUTF16(4477)" executed="True" result="Success" success="True" time="0.000" asserts="1" />
                          <test-case name="dylan.NET.UnitTests.TestParseUtils.TestProcessStringUTF16(57293)" executed="True" result="Success" success="True" time="0.000" asserts="1" />
                          <test-case name="dylan.NET.UnitTests.TestParseUtils.TestProcessStringUTF16(22713)" executed="True" result="Success" success="True" time="0.000" asserts="1" />
                          <test-case name="dylan.NET.UnitTests.TestParseUtils.TestProcessStringUTF16(55416)" executed="True" result="Success" success="True" time="0.000" asserts="1" />
                          <test-case name="dylan.NET.UnitTests.TestParseUtils.TestProcessStringUTF16(52339)" executed="True" result="Success" success="True" time="0.000" asserts="1" />
                          <test-case name="dylan.NET.UnitTests.TestParseUtils.TestProcessStringUTF16(19771)" executed="True" result="Success" success="True" time="0.000" asserts="1" />
                          <test-case name="dylan.NET.UnitTests.TestParseUtils.TestProcessStringUTF16(12356)" executed="True" result="Success" success="True" time="0.000" asserts="1" />
                          <test-case name="dylan.NET.UnitTests.TestParseUtils.TestProcessStringUTF16(56497)" executed="True" result="Success" success="True" time="0.000" asserts="1" />
                          <test-case name="dylan.NET.UnitTests.TestParseUtils.TestProcessStringUTF16(54492)" executed="True" result="Success" success="True" time="0.000" asserts="1" />
                          <test-case name="dylan.NET.UnitTests.TestParseUtils.TestProcessStringUTF16(51160)" executed="True" result="Success" success="True" time="0.000" asserts="1" />
                          <test-case name="dylan.NET.UnitTests.TestParseUtils.TestProcessStringUTF16(30868)" executed="True" result="Success" success="True" time="0.000" asserts="1" />
                          <test-case name="dylan.NET.UnitTests.TestParseUtils.TestProcessStringUTF16(55072)" executed="True" result="Success" success="True" time="0.000" asserts="1" />
                          <test-case name="dylan.NET.UnitTests.TestParseUtils.TestProcessStringUTF16(25923)" executed="True" result="Success" success="True" time="0.000" asserts="1" />
                          <test-case name="dylan.NET.UnitTests.TestParseUtils.TestProcessStringUTF16(17767)" executed="True" result="Success" success="True" time="0.000" asserts="1" />
                          <test-case name="dylan.NET.UnitTests.TestParseUtils.TestProcessStringUTF16(44141)" executed="True" result="Success" success="True" time="0.000" asserts="1" />
                          <test-case name="dylan.NET.UnitTests.TestParseUtils.TestProcessStringUTF16(26000)" executed="True" result="Success" success="True" time="0.000" asserts="1" />
                          <test-case name="dylan.NET.UnitTests.TestParseUtils.TestProcessStringUTF16(28499)" executed="True" result="Success" success="True" time="0.000" asserts="1" />
                          <test-case name="dylan.NET.UnitTests.TestParseUtils.TestProcessStringUTF16(65277)" executed="True" result="Success" success="True" time="0.000" asserts="1" />
                          <test-case name="dylan.NET.UnitTests.TestParseUtils.TestProcessStringUTF16(41358)" executed="True" result="Success" success="True" time="0.000" asserts="1" />
                          <test-case name="dylan.NET.UnitTests.TestParseUtils.TestProcessStringUTF16(55795)" executed="True" result="Success" success="True" time="0.000" asserts="1" />
                          <test-case name="dylan.NET.UnitTests.TestParseUtils.TestProcessStringUTF16(55585)" executed="True" result="Success" success="True" time="0.000" asserts="1" />
                          <test-case name="dylan.NET.UnitTests.TestParseUtils.TestProcessStringUTF16(14039)" executed="True" result="Success" success="True" time="0.000" asserts="1" />
                          <test-case name="dylan.NET.UnitTests.TestParseUtils.TestProcessStringUTF16(54516)" executed="True" result="Success" success="True" time="0.000" asserts="1" />
                          <test-case name="dylan.NET.UnitTests.TestParseUtils.TestProcessStringUTF16(34397)" executed="True" result="Success" success="True" time="0.000" asserts="1" />
                          <test-case name="dylan.NET.UnitTests.TestParseUtils.TestProcessStringUTF16(29457)" executed="True" result="Success" success="True" time="0.000" asserts="1" />
                          <test-case name="dylan.NET.UnitTests.TestParseUtils.TestProcessStringUTF16(34352)" executed="True" result="Success" success="True" time="0.000" asserts="1" />
                          <test-case name="dylan.NET.UnitTests.TestParseUtils.TestProcessStringUTF16(33402)" executed="True" result="Success" success="True" time="0.000" asserts="1" />
                          <test-case name="dylan.NET.UnitTests.TestParseUtils.TestProcessStringUTF16(33737)" executed="True" result="Success" success="True" time="0.000" asserts="1" />
                          <test-case name="dylan.NET.UnitTests.TestParseUtils.TestProcessStringUTF16(55371)" executed="True" result="Success" success="True" time="0.000" asserts="1" />
                          <test-case name="dylan.NET.UnitTests.TestParseUtils.TestProcessStringUTF16(54969)" executed="True" result="Success" success="True" time="0.000" asserts="1" />
                          <test-case name="dylan.NET.UnitTests.TestParseUtils.TestProcessStringUTF16(4439)" executed="True" result="Success" success="True" time="0.000" asserts="1" />
                          <test-case name="dylan.NET.UnitTests.TestParseUtils.TestProcessStringUTF16(47445)" executed="True" result="Success" success="True" time="0.000" asserts="1" />
                          <test-case name="dylan.NET.UnitTests.TestParseUtils.TestProcessStringUTF16(4156)" executed="True" result="Success" success="True" time="0.000" asserts="1" />
                          <test-case name="dylan.NET.UnitTests.TestParseUtils.TestProcessStringUTF16(53704)" executed="True" result="Success" success="True" time="0.000" asserts="1" />
                          <test-case name="dylan.NET.UnitTests.TestParseUtils.TestProcessStringUTF16(49438)" executed="True" result="Success" success="True" time="0.000" asserts="1" />
                          <test-case name="dylan.NET.UnitTests.TestParseUtils.TestProcessStringUTF16(39826)" executed="True" result="Success" success="True" time="0.000" asserts="1" />
                          <test-case name="dylan.NET.UnitTests.TestParseUtils.TestProcessStringUTF16(10399)" executed="True" result="Success" success="True" time="0.000" asserts="1" />
                          <test-case name="dylan.NET.UnitTests.TestParseUtils.TestProcessStringUTF16(30574)" executed="True" result="Success" success="True" time="0.000" asserts="1" />
                          <test-case name="dylan.NET.UnitTests.TestParseUtils.TestProcessStringUTF16(49707)" executed="True" result="Success" success="True" time="0.000" asserts="1" />
                          <test-case name="dylan.NET.UnitTests.TestParseUtils.TestProcessStringUTF16(39278)" executed="True" result="Success" success="True" time="0.000" asserts="1" />
                          <test-case name="dylan.NET.UnitTests.TestParseUtils.TestProcessStringUTF16(1478)" executed="True" result="Success" success="True" time="0.000" asserts="1" />
                          <test-case name="dylan.NET.UnitTests.TestParseUtils.TestProcessStringUTF16(7671)" executed="True" result="Success" success="True" time="0.000" asserts="1" />
                          <test-case name="dylan.NET.UnitTests.TestParseUtils.TestProcessStringUTF16(23811)" executed="True" result="Success" success="True" time="0.000" asserts="1" />
                          <test-case name="dylan.NET.UnitTests.TestParseUtils.TestProcessStringUTF16(16467)" executed="True" result="Success" success="True" time="0.000" asserts="1" />
                          <test-case name="dylan.NET.UnitTests.TestParseUtils.TestProcessStringUTF16(11247)" executed="True" result="Success" success="True" time="0.000" asserts="1" />
                          <test-case name="dylan.NET.UnitTests.TestParseUtils.TestProcessStringUTF16(32839)" executed="True" result="Success" success="True" time="0.000" asserts="1" />
                          <test-case name="dylan.NET.UnitTests.TestParseUtils.TestProcessStringUTF16(5775)" executed="True" result="Success" success="True" time="0.000" asserts="1" />
                          <test-case name="dylan.NET.UnitTests.TestParseUtils.TestProcessStringUTF16(52517)" executed="True" result="Success" success="True" time="0.000" asserts="1" />
                          <test-case name="dylan.NET.UnitTests.TestParseUtils.TestProcessStringUTF16(38468)" executed="True" result="Success" success="True" time="0.000" asserts="1" />
                          <test-case name="dylan.NET.UnitTests.TestParseUtils.TestProcessStringUTF16(35166)" executed="True" result="Success" success="True" time="0.000" asserts="1" />
                          <test-case name="dylan.NET.UnitTests.TestParseUtils.TestProcessStringUTF16(24437)" executed="True" result="Success" success="True" time="0.000" asserts="1" />
                          <test-case name="dylan.NET.UnitTests.TestParseUtils.TestProcessStringUTF16(59515)" executed="True" result="Success" success="True" time="0.000" asserts="1" />
                          <test-case name="dylan.NET.UnitTests.TestParseUtils.TestProcessStringUTF16(6350)" executed="True" result="Success" success="True" time="0.000" asserts="1" />
                          <test-case name="dylan.NET.UnitTests.TestParseUtils.TestProcessStringUTF16(39365)" executed="True" result="Success" success="True" time="0.000" asserts="1" />
                          <test-case name="dylan.NET.UnitTests.TestParseUtils.TestProcessStringUTF16(29190)" executed="True" result="Success" success="True" time="0.000" asserts="1" />
                          <test-case name="dylan.NET.UnitTests.TestParseUtils.TestProcessStringUTF16(22566)" executed="True" result="Success" success="True" time="0.000" asserts="1" />
                          <test-case name="dylan.NET.UnitTests.TestParseUtils.TestProcessStringUTF16(53137)" executed="True" result="Success" success="True" time="0.000" asserts="1" />
                          <test-case name="dylan.NET.UnitTests.TestParseUtils.TestProcessStringUTF16(34544)" executed="True" result="Success" success="True" time="0.000" asserts="1" />
                          <test-case name="dylan.NET.UnitTests.TestParseUtils.TestProcessStringUTF16(5977)" executed="True" result="Success" success="True" time="0.000" asserts="1" />
                          <test-case name="dylan.NET.UnitTests.TestParseUtils.TestProcessStringUTF16(12512)" executed="True" result="Success" success="True" time="0.000" asserts="1" />
                          <test-case name="dylan.NET.UnitTests.TestParseUtils.TestProcessStringUTF16(9372)" executed="True" result="Success" success="True" time="0.000" asserts="1" />
                          <test-case name="dylan.NET.UnitTests.TestParseUtils.TestProcessStringUTF16(47316)" executed="True" result="Success" success="True" time="0.000" asserts="1" />
                          <test-case name="dylan.NET.UnitTests.TestParseUtils.TestProcessStringUTF16(6790)" executed="True" result="Success" success="True" time="0.000" asserts="1" />
                          <test-case name="dylan.NET.UnitTests.TestParseUtils.TestProcessStringUTF16(15213)" executed="True" result="Success" success="True" time="0.000" asserts="1" />
                          <test-case name="dylan.NET.UnitTests.TestParseUtils.TestProcessStringUTF16(49681)" executed="True" result="Success" success="True" time="0.000" asserts="1" />
                          <test-case name="dylan.NET.UnitTests.TestParseUtils.TestProcessStringUTF16(23197)" executed="True" result="Success" success="True" time="0.000" asserts="1" />
                          <test-case name="dylan.NET.UnitTests.TestParseUtils.TestProcessStringUTF16(31261)" executed="True" result="Success" success="True" time="0.000" asserts="1" />
                          <test-case name="dylan.NET.UnitTests.TestParseUtils.TestProcessStringUTF16(9455)" executed="True" result="Success" success="True" time="0.000" asserts="1" />
                          <test-case name="dylan.NET.UnitTests.TestParseUtils.TestProcessStringUTF16(6520)" executed="True" result="Success" success="True" time="0.000" asserts="1" />
                          <test-case name="dylan.NET.UnitTests.TestParseUtils.TestProcessStringUTF16(11302)" executed="True" result="Success" success="True" time="0.000" asserts="1" />
                          <test-case name="dylan.NET.UnitTests.TestParseUtils.TestProcessStringUTF16(20224)" executed="True" result="Success" success="True" time="0.000" asserts="1" />
                          <test-case name="dylan.NET.UnitTests.TestParseUtils.TestProcessStringUTF16(41517)" executed="True" result="Success" success="True" time="0.000" asserts="1" />
                          <test-case name="dylan.NET.UnitTests.TestParseUtils.TestProcessStringUTF16(26809)" executed="True" result="Success" success="True" time="0.000" asserts="1" />
                          <test-case name="dylan.NET.UnitTests.TestParseUtils.TestProcessStringUTF16(6192)" executed="True" result="Success" success="True" time="0.000" asserts="1" />
                          <test-case name="dylan.NET.UnitTests.TestParseUtils.TestProcessStringUTF16(31357)" executed="True" result="Success" success="True" time="0.000" asserts="1" />
                          <test-case name="dylan.NET.UnitTests.TestParseUtils.TestProcessStringUTF16(61605)" executed="True" result="Success" success="True" time="0.000" asserts="1" />
                          <test-case name="dylan.NET.UnitTests.TestParseUtils.TestProcessStringUTF16(7689)" executed="True" result="Success" success="True" time="0.000" asserts="1" />
                          <test-case name="dylan.NET.UnitTests.TestParseUtils.TestProcessStringUTF16(15151)" executed="True" result="Success" success="True" time="0.000" asserts="1" />
                          <test-case name="dylan.NET.UnitTests.TestParseUtils.TestProcessStringUTF16(5206)" executed="True" result="Success" success="True" time="0.000" asserts="1" />
                          <test-case name="dylan.NET.UnitTests.TestParseUtils.TestProcessStringUTF16(6890)" executed="True" result="Success" success="True" time="0.000" asserts="1" />
                          <test-case name="dylan.NET.UnitTests.TestParseUtils.TestProcessStringUTF16(46749)" executed="True" result="Success" success="True" time="0.000" asserts="1" />
                          <test-case name="dylan.NET.UnitTests.TestParseUtils.TestProcessStringUTF16(64393)" executed="True" result="Success" success="True" time="0.000" asserts="1" />
                          <test-case name="dylan.NET.UnitTests.TestParseUtils.TestProcessStringUTF16(27759)" executed="True" result="Success" success="True" time="0.000" asserts="1" />
                          <test-case name="dylan.NET.UnitTests.TestParseUtils.TestProcessStringUTF16(42858)" executed="True" result="Success" success="True" time="0.000" asserts="1" />
                          <test-case name="dylan.NET.UnitTests.TestParseUtils.TestProcessStringUTF16(45597)" executed="True" result="Success" success="True" time="0.000" asserts="1" />
                          <test-case name="dylan.NET.UnitTests.TestParseUtils.TestProcessStringUTF16(22658)" executed="True" result="Success" success="True" time="0.000" asserts="1" />
                          <test-case name="dylan.NET.UnitTests.TestParseUtils.TestProcessStringUTF16(40655)" executed="True" result="Success" success="True" time="0.000" asserts="1" />
                          <test-case name="dylan.NET.UnitTests.TestParseUtils.TestProcessStringUTF16(54478)" executed="True" result="Success" success="True" time="0.000" asserts="1" />
                          <test-case name="dylan.NET.UnitTests.TestParseUtils.TestProcessStringUTF16(4022)" executed="True" result="Success" success="True" time="0.000" asserts="1" />
                          <test-case name="dylan.NET.UnitTests.TestParseUtils.TestProcessStringUTF16(26241)" executed="True" result="Success" success="True" time="0.000" asserts="1" />
                          <test-case name="dylan.NET.UnitTests.TestParseUtils.TestProcessStringUTF16(8564)" executed="True" result="Success" success="True" time="0.000" asserts="1" />
                          <test-case name="dylan.NET.UnitTests.TestParseUtils.TestProcessStringUTF16(943)" executed="True" result="Success" success="True" time="0.000" asserts="1" />
                          <test-case name="dylan.NET.UnitTests.TestParseUtils.TestProcessStringUTF16(24054)" executed="True" result="Success" success="True" time="0.000" asserts="1" />
                          <test-case name="dylan.NET.UnitTests.TestParseUtils.TestProcessStringUTF16(38404)" executed="True" result="Success" success="True" time="0.000" asserts="1" />
                          <test-case name="dylan.NET.UnitTests.TestParseUtils.TestProcessStringUTF16(19054)" executed="True" result="Success" success="True" time="0.000" asserts="1" />
                          <test-case name="dylan.NET.UnitTests.TestParseUtils.TestProcessStringUTF16(25496)" executed="True" result="Success" success="True" time="0.000" asserts="1" />
                          <test-case name="dylan.NET.UnitTests.TestParseUtils.TestProcessStringUTF16(46396)" executed="True" result="Success" success="True" time="0.000" asserts="1" />
                          <test-case name="dylan.NET.UnitTests.TestParseUtils.TestProcessStringUTF16(17618)" executed="True" result="Success" success="True" time="0.000" asserts="1" />
                          <test-case name="dylan.NET.UnitTests.TestParseUtils.TestProcessStringUTF16(50644)" executed="True" result="Success" success="True" time="0.000" asserts="1" />
                          <test-case name="dylan.NET.UnitTests.TestParseUtils.TestProcessStringUTF16(15176)" executed="True" result="Success" success="True" time="0.000" asserts="1" />
                          <test-case name="dylan.NET.UnitTests.TestParseUtils.TestProcessStringUTF16(25149)" executed="True" result="Success" success="True" time="0.000" asserts="1" />
                          <test-case name="dylan.NET.UnitTests.TestParseUtils.TestProcessStringUTF16(56159)" executed="True" result="Success" success="True" time="0.000" asserts="1" />
                          <test-case name="dylan.NET.UnitTests.TestParseUtils.TestProcessStringUTF16(47310)" executed="True" result="Success" success="True" time="0.000" asserts="1" />
                          <test-case name="dylan.NET.UnitTests.TestParseUtils.TestProcessStringUTF16(31577)" executed="True" result="Success" success="True" time="0.000" asserts="1" />
                          <test-case name="dylan.NET.UnitTests.TestParseUtils.TestProcessStringUTF16(53951)" executed="True" result="Success" success="True" time="0.000" asserts="1" />
                          <test-case name="dylan.NET.UnitTests.TestParseUtils.TestProcessStringUTF16(25579)" executed="True" result="Success" success="True" time="0.000" asserts="1" />
                          <test-case name="dylan.NET.UnitTests.TestParseUtils.TestProcessStringUTF16(31755)" executed="True" result="Success" success="True" time="0.000" asserts="1" />
                          <test-case name="dylan.NET.UnitTests.TestParseUtils.TestProcessStringUTF16(29027)" executed="True" result="Success" success="True" time="0.000" asserts="1" />
                          <test-case name="dylan.NET.UnitTests.TestParseUtils.TestProcessStringUTF16(59302)" executed="True" result="Success" success="True" time="0.000" asserts="1" />
                          <test-case name="dylan.NET.UnitTests.TestParseUtils.TestProcessStringUTF16(6532)" executed="True" result="Success" success="True" time="0.000" asserts="1" />
                          <test-case name="dylan.NET.UnitTests.TestParseUtils.TestProcessStringUTF16(47446)" executed="True" result="Success" success="True" time="0.000" asserts="1" />
                          <test-case name="dylan.NET.UnitTests.TestParseUtils.TestProcessStringUTF16(64194)" executed="True" result="Success" success="True" time="0.000" asserts="1" />
                          <test-case name="dylan.NET.UnitTests.TestParseUtils.TestProcessStringUTF16(30521)" executed="True" result="Success" success="True" time="0.000" asserts="1" />
                          <test-case name="dylan.NET.UnitTests.TestParseUtils.TestProcessStringUTF16(45271)" executed="True" result="Success" success="True" time="0.000" asserts="1" />
                          <test-case name="dylan.NET.UnitTests.TestParseUtils.TestProcessStringUTF16(3947)" executed="True" result="Success" success="True" time="0.000" asserts="1" />
                          <test-case name="dylan.NET.UnitTests.TestParseUtils.TestProcessStringUTF16(8428)" executed="True" result="Success" success="True" time="0.000" asserts="1" />
                          <test-case name="dylan.NET.UnitTests.TestParseUtils.TestProcessStringUTF16(23262)" executed="True" result="Success" success="True" time="0.000" asserts="1" />
                          <test-case name="dylan.NET.UnitTests.TestParseUtils.TestProcessStringUTF16(33920)" executed="True" result="Success" success="True" time="0.000" asserts="1" />
                          <test-case name="dylan.NET.UnitTests.TestParseUtils.TestProcessStringUTF16(61694)" executed="True" result="Success" success="True" time="0.000" asserts="1" />
                          <test-case name="dylan.NET.UnitTests.TestParseUtils.TestProcessStringUTF16(24185)" executed="True" result="Success" success="True" time="0.000" asserts="1" />
                          <test-case name="dylan.NET.UnitTests.TestParseUtils.TestProcessStringUTF16(42336)" executed="True" result="Success" success="True" time="0.000" asserts="1" />
                          <test-case name="dylan.NET.UnitTests.TestParseUtils.TestProcessStringUTF16(13642)" executed="True" result="Success" success="True" time="0.000" asserts="1" />
                          <test-case name="dylan.NET.UnitTests.TestParseUtils.TestProcessStringUTF16(24346)" executed="True" result="Success" success="True" time="0.000" asserts="1" />
                          <test-case name="dylan.NET.UnitTests.TestParseUtils.TestProcessStringUTF16(56878)" executed="True" result="Success" success="True" time="0.000" asserts="1" />
                          <test-case name="dylan.NET.UnitTests.TestParseUtils.TestProcessStringUTF16(51687)" executed="True" result="Success" success="True" time="0.000" asserts="1" />
                          <test-case name="dylan.NET.UnitTests.TestParseUtils.TestProcessStringUTF16(29600)" executed="True" result="Success" success="True" time="0.000" asserts="1" />
                          <test-case name="dylan.NET.UnitTests.TestParseUtils.TestProcessStringUTF16(59741)" executed="True" result="Success" success="True" time="0.000" asserts="1" />
                          <test-case name="dylan.NET.UnitTests.TestParseUtils.TestProcessStringUTF16(60767)" executed="True" result="Success" success="True" time="0.000" asserts="1" />
                          <test-case name="dylan.NET.UnitTests.TestParseUtils.TestProcessStringUTF16(17776)" executed="True" result="Success" success="True" time="0.000" asserts="1" />
                          <test-case name="dylan.NET.UnitTests.TestParseUtils.TestProcessStringUTF16(5778)" executed="True" result="Success" success="True" time="0.000" asserts="1" />
                          <test-case name="dylan.NET.UnitTests.TestParseUtils.TestProcessStringUTF16(29850)" executed="True" result="Success" success="True" time="0.000" asserts="1" />
                          <test-case name="dylan.NET.UnitTests.TestParseUtils.TestProcessStringUTF16(44197)" executed="True" result="Success" success="True" time="0.000" asserts="1" />
                          <test-case name="dylan.NET.UnitTests.TestParseUtils.TestProcessStringUTF16(21383)" executed="True" result="Success" success="True" time="0.000" asserts="1" />
                          <test-case name="dylan.NET.UnitTests.TestParseUtils.TestProcessStringUTF16(64208)" executed="True" result="Success" success="True" time="0.000" asserts="1" />
                          <test-case name="dylan.NET.UnitTests.TestParseUtils.TestProcessStringUTF16(24979)" executed="True" result="Success" success="True" time="0.000" asserts="1" />
                          <test-case name="dylan.NET.UnitTests.TestParseUtils.TestProcessStringUTF16(48090)" executed="True" result="Success" success="True" time="0.000" asserts="1" />
                          <test-case name="dylan.NET.UnitTests.TestParseUtils.TestProcessStringUTF16(33871)" executed="True" result="Success" success="True" time="0.000" asserts="1" />
                          <test-case name="dylan.NET.UnitTests.TestParseUtils.TestProcessStringUTF16(48023)" executed="True" result="Success" success="True" time="0.000" asserts="1" />
                          <test-case name="dylan.NET.UnitTests.TestParseUtils.TestProcessStringUTF16(38910)" executed="True" result="Success" success="True" time="0.000" asserts="1" />
                          <test-case name="dylan.NET.UnitTests.TestParseUtils.TestProcessStringUTF16(37168)" executed="True" result="Success" success="True" time="0.000" asserts="1" />
                          <test-case name="dylan.NET.UnitTests.TestParseUtils.TestProcessStringUTF16(64930)" executed="True" result="Success" success="True" time="0.000" asserts="1" />
                          <test-case name="dylan.NET.UnitTests.TestParseUtils.TestProcessStringUTF16(6735)" executed="True" result="Success" success="True" time="0.000" asserts="1" />
                          <test-case name="dylan.NET.UnitTests.TestParseUtils.TestProcessStringUTF16(58318)" executed="True" result="Success" success="True" time="0.000" asserts="1" />
                          <test-case name="dylan.NET.UnitTests.TestParseUtils.TestProcessStringUTF16(45372)" executed="True" result="Success" success="True" time="0.000" asserts="1" />
                          <test-case name="dylan.NET.UnitTests.TestParseUtils.TestProcessStringUTF16(49439)" executed="True" result="Success" success="True" time="0.000" asserts="1" />
                          <test-case name="dylan.NET.UnitTests.TestParseUtils.TestProcessStringUTF16(60457)" executed="True" result="Success" success="True" time="0.000" asserts="1" />
                          <test-case name="dylan.NET.UnitTests.TestParseUtils.TestProcessStringUTF16(42132)" executed="True" result="Success" success="True" time="0.000" asserts="1" />
                          <test-case name="dylan.NET.UnitTests.TestParseUtils.TestProcessStringUTF16(32711)" executed="True" result="Success" success="True" time="0.000" asserts="1" />
                          <test-case name="dylan.NET.UnitTests.TestParseUtils.TestProcessStringUTF16(52251)" executed="True" result="Success" success="True" time="0.000" asserts="1" />
                          <test-case name="dylan.NET.UnitTests.TestParseUtils.TestProcessStringUTF16(54988)" executed="True" result="Success" success="True" time="0.000" asserts="1" />
                          <test-case name="dylan.NET.UnitTests.TestParseUtils.TestProcessStringUTF16(31290)" executed="True" result="Success" success="True" time="0.000" asserts="1" />
                          <test-case name="dylan.NET.UnitTests.TestParseUtils.TestProcessStringUTF16(51163)" executed="True" result="Success" success="True" time="0.000" asserts="1" />
                          <test-case name="dylan.NET.UnitTests.TestParseUtils.TestProcessStringUTF16(65377)" executed="True" result="Success" success="True" time="0.000" asserts="1" />
                          <test-case name="dylan.NET.UnitTests.TestParseUtils.TestProcessStringUTF16(44866)" executed="True" result="Success" success="True" time="0.000" asserts="1" />
                          <test-case name="dylan.NET.UnitTests.TestParseUtils.TestProcessStringUTF16(50861)" executed="True" result="Success" success="True" time="0.000" asserts="1" />
                          <test-case name="dylan.NET.UnitTests.TestParseUtils.TestProcessStringUTF16(46487)" executed="True" result="Success" success="True" time="0.000" asserts="1" />
                          <test-case name="dylan.NET.UnitTests.TestParseUtils.TestProcessStringUTF16(34775)" executed="True" result="Success" success="True" time="0.000" asserts="1" />
                          <test-case name="dylan.NET.UnitTests.TestParseUtils.TestProcessStringUTF16(48637)" executed="True" result="Success" success="True" time="0.000" asserts="1" />
                          <test-case name="dylan.NET.UnitTests.TestParseUtils.TestProcessStringUTF16(6597)" executed="True" result="Success" success="True" time="0.000" asserts="1" />
                          <test-case name="dylan.NET.UnitTests.TestParseUtils.TestProcessStringUTF16(5860)" executed="True" result="Success" success="True" time="0.000" asserts="1" />
                          <test-case name="dylan.NET.UnitTests.TestParseUtils.TestProcessStringUTF16(57242)" executed="True" result="Success" success="True" time="0.000" asserts="1" />
                          <test-case name="dylan.NET.UnitTests.TestParseUtils.TestProcessStringUTF16(49266)" executed="True" result="Success" success="True" time="0.000" asserts="1" />
                          <test-case name="dylan.NET.UnitTests.TestParseUtils.TestProcessStringUTF16(55651)" executed="True" result="Success" success="True" time="0.000" asserts="1" />
                          <test-case name="dylan.NET.UnitTests.TestParseUtils.TestProcessStringUTF16(22133)" executed="True" result="Success" success="True" time="0.000" asserts="1" />
                          <test-case name="dylan.NET.UnitTests.TestParseUtils.TestProcessStringUTF16(7137)" executed="True" result="Success" success="True" time="0.000" asserts="1" />
                          <test-case name="dylan.NET.UnitTests.TestParseUtils.TestProcessStringUTF16(40711)" executed="True" result="Success" success="True" time="0.000" asserts="1" />
                          <test-case name="dylan.NET.UnitTests.TestParseUtils.TestProcessStringUTF16(5875)" executed="True" result="Success" success="True" time="0.000" asserts="1" />
                          <test-case name="dylan.NET.UnitTests.TestParseUtils.TestProcessStringUTF16(50684)" executed="True" result="Success" success="True" time="0.000" asserts="1" />
                        </results>
                      </test-suite>
                      <test-case name="dylan.NET.UnitTests.TestParseUtils.TestProcessStringVT" executed="True" result="Success" success="True" time="0.000" asserts="1" />
                      <test-case name="dylan.NET.UnitTests.TestParseUtils.TestProcessStringX1" executed="True" result="Success" success="True" time="0.000" asserts="1" />
                      <test-case name="dylan.NET.UnitTests.TestParseUtils.TestProcessStringX2" executed="True" result="Success" success="True" time="0.000" asserts="1" />
                      <test-case name="dylan.NET.UnitTests.TestParseUtils.TestProcessStringX3" executed="True" result="Success" success="True" time="0.000" asserts="1" />
                      <test-case name="dylan.NET.UnitTests.TestParseUtils.TestProcessStringX4" executed="True" result="Success" success="True" time="0.000" asserts="1" />
                      <test-case name="dylan.NET.UnitTests.TestParseUtils.TestStringParser2dsCQ" executed="True" result="Success" success="True" time="0.013" asserts="1" />
                      <test-case name="dylan.NET.UnitTests.TestParseUtils.TestStringParserCQ" executed="True" result="Success" success="True" time="0.000" asserts="1" />
                      <test-case name="dylan.NET.UnitTests.TestParseUtils.TestStringParserEmpty" executed="True" result="Success" success="True" time="0.000" asserts="1" />
                      <test-case name="dylan.NET.UnitTests.TestParseUtils.TestStringParserNoQ" executed="True" result="Success" success="True" time="0.000" asserts="1" />
                      <test-case name="dylan.NET.UnitTests.TestParseUtils.TestStringParserQ" executed="True" result="Success" success="True" time="0.000" asserts="1" />
                    </results>
                  </test-suite>
                  <test-suite type="TestFixture" name="TestStreamUtils" executed="True" result="Success" success="True" time="0.010" asserts="0">
                    <results>
                      <test-case name="dylan.NET.UnitTests.TestStreamUtils.TestCloseInS" executed="True" result="Success" success="True" time="0.001" asserts="1" />
                      <test-case name="dylan.NET.UnitTests.TestStreamUtils.TestCloseOutS" executed="True" result="Success" success="True" time="0.000" asserts="1" />
                      <test-case name="dylan.NET.UnitTests.TestStreamUtils.TestInitInS" executed="True" result="Success" success="True" time="0.000" asserts="1" />
                      <test-case name="dylan.NET.UnitTests.TestStreamUtils.TestInitOutS" executed="True" result="Success" success="True" time="0.000" asserts="1" />
                      <test-case name="dylan.NET.UnitTests.TestStreamUtils.TestReadLine" executed="True" result="Success" success="True" time="0.002" asserts="1" />
                      <test-case name="dylan.NET.UnitTests.TestStreamUtils.TestWrite" executed="True" result="Success" success="True" time="0.000" asserts="1" />
                      <test-case name="dylan.NET.UnitTests.TestStreamUtils.TestWriteErrorExcp" executed="True" result="Success" success="True" time="0.001" asserts="0" />
                      <test-case name="dylan.NET.UnitTests.TestStreamUtils.TestWriteErrorMsg" executed="True" result="Success" success="True" time="0.000" asserts="1" />
                      <test-case name="dylan.NET.UnitTests.TestStreamUtils.TestWriteLine" executed="True" result="Success" success="True" time="0.000" asserts="1" />
                      <test-case name="dylan.NET.UnitTests.TestStreamUtils.TestWriteWarnMsg" executed="True" result="Success" success="True" time="0.000" asserts="1" />
                    </results>
                  </test-suite>
                </results>
              </test-suite>
            </results>
          </test-suite>
        </results>
      </test-suite>
    </results>
  </test-suite>
</test-results>