<?xml version="1.0" encoding="utf-8" standalone="no"?>
<!--This file represents the results of running a test suite-->
<test-results name="/var/www/Code/dylannet/compiler/unit/unit.dll" total="782" errors="0" failures="0" not-run="0" inconclusive="0" ignored="0" skipped="0" invalid="0" date="2012-11-25" time="20:34:42">
  <environment nunit-version="2.6.0.0" clr-version="4.0.30319.17020" os-version="Unix 3.5.0.19" platform="Unix" cwd="/var/www/Code/dylannet/compiler/unit" machine-name="ubuntu-server" user="dylan" user-domain="ubuntu-server" />
  <culture-info current-culture="en-GB" current-uiculture="en-GB" />
  <test-suite type="Assembly" name="/var/www/Code/dylannet/compiler/unit/unit.dll" executed="True" result="Success" success="True" time="0.498" asserts="0">
    <results>
      <test-suite type="Namespace" name="dylan" executed="True" result="Success" success="True" time="0.495" asserts="0">
        <results>
          <test-suite type="Namespace" name="NET" executed="True" result="Success" success="True" time="0.494" asserts="0">
            <results>
              <test-suite type="Namespace" name="UnitTests" executed="True" result="Success" success="True" time="0.494" asserts="0">
                <results>
                  <test-suite type="TestFixture" name="TestParseUtils" executed="True" result="Success" success="True" time="0.449" asserts="0">
                    <results>
                      <test-case name="dylan.NET.UnitTests.TestParseUtils.TestProcessStringA" executed="True" result="Success" success="True" time="0.007" asserts="1" />
                      <test-case name="dylan.NET.UnitTests.TestParseUtils.TestProcessStringBS" executed="True" result="Success" success="True" time="0.000" asserts="1" />
                      <test-case name="dylan.NET.UnitTests.TestParseUtils.TestProcessStringBSL" executed="True" result="Success" success="True" time="0.000" asserts="1" />
                      <test-case name="dylan.NET.UnitTests.TestParseUtils.TestProcessStringCR" executed="True" result="Success" success="True" time="0.000" asserts="1" />
                      <test-suite type="ParameterizedTest" name="TestProcessStringExtASCII" executed="True" result="Success" success="True" time="0.124" asserts="0">
                        <results>
                          <test-case name="dylan.NET.UnitTests.TestParseUtils.TestProcessStringExtASCII(0)" executed="True" result="Success" success="True" time="0.001" asserts="1" />
                          <test-case name="dylan.NET.UnitTests.TestParseUtils.TestProcessStringExtASCII(1)" executed="True" result="Success" success="True" time="0.000" asserts="1" />
                          <test-case name="dylan.NET.UnitTests.TestParseUtils.TestProcessStringExtASCII(2)" executed="True" result="Success" success="True" time="0.000" asserts="1" />
                          <test-case name="dylan.NET.UnitTests.TestParseUtils.TestProcessStringExtASCII(3)" executed="True" result="Success" success="True" time="0.000" asserts="1" />
                          <test-case name="dylan.NET.UnitTests.TestParseUtils.TestProcessStringExtASCII(4)" executed="True" result="Success" success="True" time="0.000" asserts="1" />
                          <test-case name="dylan.NET.UnitTests.TestParseUtils.TestProcessStringExtASCII(5)" executed="True" result="Success" success="True" time="0.000" asserts="1" />
                          <test-case name="dylan.NET.UnitTests.TestParseUtils.TestProcessStringExtASCII(6)" executed="True" result="Success" success="True" time="0.000" asserts="1" />
                          <test-case name="dylan.NET.UnitTests.TestParseUtils.TestProcessStringExtASCII(7)" executed="True" result="Success" success="True" time="0.000" asserts="1" />
                          <test-case name="dylan.NET.UnitTests.TestParseUtils.TestProcessStringExtASCII(8)" executed="True" result="Success" success="True" time="0.000" asserts="1" />
                          <test-case name="dylan.NET.UnitTests.TestParseUtils.TestProcessStringExtASCII(9)" executed="True" result="Success" success="True" time="0.000" asserts="1" />
                          <test-case name="dylan.NET.UnitTests.TestParseUtils.TestProcessStringExtASCII(10)" executed="True" result="Success" success="True" time="0.000" asserts="1" />
                          <test-case name="dylan.NET.UnitTests.TestParseUtils.TestProcessStringExtASCII(11)" executed="True" result="Success" success="True" time="0.000" asserts="1" />
                          <test-case name="dylan.NET.UnitTests.TestParseUtils.TestProcessStringExtASCII(12)" executed="True" result="Success" success="True" time="0.000" asserts="1" />
                          <test-case name="dylan.NET.UnitTests.TestParseUtils.TestProcessStringExtASCII(13)" executed="True" result="Success" success="True" time="0.000" asserts="1" />
                          <test-case name="dylan.NET.UnitTests.TestParseUtils.TestProcessStringExtASCII(14)" executed="True" result="Success" success="True" time="0.000" asserts="1" />
                          <test-case name="dylan.NET.UnitTests.TestParseUtils.TestProcessStringExtASCII(15)" executed="True" result="Success" success="True" time="0.000" asserts="1" />
                          <test-case name="dylan.NET.UnitTests.TestParseUtils.TestProcessStringExtASCII(16)" executed="True" result="Success" success="True" time="0.000" asserts="1" />
                          <test-case name="dylan.NET.UnitTests.TestParseUtils.TestProcessStringExtASCII(17)" executed="True" result="Success" success="True" time="0.001" asserts="1" />
                          <test-case name="dylan.NET.UnitTests.TestParseUtils.TestProcessStringExtASCII(18)" executed="True" result="Success" success="True" time="0.000" asserts="1" />
                          <test-case name="dylan.NET.UnitTests.TestParseUtils.TestProcessStringExtASCII(19)" executed="True" result="Success" success="True" time="0.000" asserts="1" />
                          <test-case name="dylan.NET.UnitTests.TestParseUtils.TestProcessStringExtASCII(20)" executed="True" result="Success" success="True" time="0.000" asserts="1" />
                          <test-case name="dylan.NET.UnitTests.TestParseUtils.TestProcessStringExtASCII(21)" executed="True" result="Success" success="True" time="0.000" asserts="1" />
                          <test-case name="dylan.NET.UnitTests.TestParseUtils.TestProcessStringExtASCII(22)" executed="True" result="Success" success="True" time="0.000" asserts="1" />
                          <test-case name="dylan.NET.UnitTests.TestParseUtils.TestProcessStringExtASCII(23)" executed="True" result="Success" success="True" time="0.000" asserts="1" />
                          <test-case name="dylan.NET.UnitTests.TestParseUtils.TestProcessStringExtASCII(24)" executed="True" result="Success" success="True" time="0.000" asserts="1" />
                          <test-case name="dylan.NET.UnitTests.TestParseUtils.TestProcessStringExtASCII(25)" executed="True" result="Success" success="True" time="0.000" asserts="1" />
                          <test-case name="dylan.NET.UnitTests.TestParseUtils.TestProcessStringExtASCII(26)" executed="True" result="Success" success="True" time="0.000" asserts="1" />
                          <test-case name="dylan.NET.UnitTests.TestParseUtils.TestProcessStringExtASCII(27)" executed="True" result="Success" success="True" time="0.000" asserts="1" />
                          <test-case name="dylan.NET.UnitTests.TestParseUtils.TestProcessStringExtASCII(28)" executed="True" result="Success" success="True" time="0.000" asserts="1" />
                          <test-case name="dylan.NET.UnitTests.TestParseUtils.TestProcessStringExtASCII(29)" executed="True" result="Success" success="True" time="0.000" asserts="1" />
                          <test-case name="dylan.NET.UnitTests.TestParseUtils.TestProcessStringExtASCII(30)" executed="True" result="Success" success="True" time="0.000" asserts="1" />
                          <test-case name="dylan.NET.UnitTests.TestParseUtils.TestProcessStringExtASCII(31)" executed="True" result="Success" success="True" time="0.000" asserts="1" />
                          <test-case name="dylan.NET.UnitTests.TestParseUtils.TestProcessStringExtASCII(32)" executed="True" result="Success" success="True" time="0.000" asserts="1" />
                          <test-case name="dylan.NET.UnitTests.TestParseUtils.TestProcessStringExtASCII(33)" executed="True" result="Success" success="True" time="0.000" asserts="1" />
                          <test-case name="dylan.NET.UnitTests.TestParseUtils.TestProcessStringExtASCII(34)" executed="True" result="Success" success="True" time="0.000" asserts="1" />
                          <test-case name="dylan.NET.UnitTests.TestParseUtils.TestProcessStringExtASCII(35)" executed="True" result="Success" success="True" time="0.000" asserts="1" />
                          <test-case name="dylan.NET.UnitTests.TestParseUtils.TestProcessStringExtASCII(36)" executed="True" result="Success" success="True" time="0.000" asserts="1" />
                          <test-case name="dylan.NET.UnitTests.TestParseUtils.TestProcessStringExtASCII(37)" executed="True" result="Success" success="True" time="0.000" asserts="1" />
                          <test-case name="dylan.NET.UnitTests.TestParseUtils.TestProcessStringExtASCII(38)" executed="True" result="Success" success="True" time="0.000" asserts="1" />
                          <test-case name="dylan.NET.UnitTests.TestParseUtils.TestProcessStringExtASCII(39)" executed="True" result="Success" success="True" time="0.000" asserts="1" />
                          <test-case name="dylan.NET.UnitTests.TestParseUtils.TestProcessStringExtASCII(40)" executed="True" result="Success" success="True" time="0.000" asserts="1" />
                          <test-case name="dylan.NET.UnitTests.TestParseUtils.TestProcessStringExtASCII(41)" executed="True" result="Success" success="True" time="0.000" asserts="1" />
                          <test-case name="dylan.NET.UnitTests.TestParseUtils.TestProcessStringExtASCII(42)" executed="True" result="Success" success="True" time="0.000" asserts="1" />
                          <test-case name="dylan.NET.UnitTests.TestParseUtils.TestProcessStringExtASCII(43)" executed="True" result="Success" success="True" time="0.000" asserts="1" />
                          <test-case name="dylan.NET.UnitTests.TestParseUtils.TestProcessStringExtASCII(44)" executed="True" result="Success" success="True" time="0.000" asserts="1" />
                          <test-case name="dylan.NET.UnitTests.TestParseUtils.TestProcessStringExtASCII(45)" executed="True" result="Success" success="True" time="0.000" asserts="1" />
                          <test-case name="dylan.NET.UnitTests.TestParseUtils.TestProcessStringExtASCII(46)" executed="True" result="Success" success="True" time="0.000" asserts="1" />
                          <test-case name="dylan.NET.UnitTests.TestParseUtils.TestProcessStringExtASCII(47)" executed="True" result="Success" success="True" time="0.000" asserts="1" />
                          <test-case name="dylan.NET.UnitTests.TestParseUtils.TestProcessStringExtASCII(48)" executed="True" result="Success" success="True" time="0.000" asserts="1" />
                          <test-case name="dylan.NET.UnitTests.TestParseUtils.TestProcessStringExtASCII(49)" executed="True" result="Success" success="True" time="0.000" asserts="1" />
                          <test-case name="dylan.NET.UnitTests.TestParseUtils.TestProcessStringExtASCII(50)" executed="True" result="Success" success="True" time="0.000" asserts="1" />
                          <test-case name="dylan.NET.UnitTests.TestParseUtils.TestProcessStringExtASCII(51)" executed="True" result="Success" success="True" time="0.000" asserts="1" />
                          <test-case name="dylan.NET.UnitTests.TestParseUtils.TestProcessStringExtASCII(52)" executed="True" result="Success" success="True" time="0.000" asserts="1" />
                          <test-case name="dylan.NET.UnitTests.TestParseUtils.TestProcessStringExtASCII(53)" executed="True" result="Success" success="True" time="0.000" asserts="1" />
                          <test-case name="dylan.NET.UnitTests.TestParseUtils.TestProcessStringExtASCII(54)" executed="True" result="Success" success="True" time="0.000" asserts="1" />
                          <test-case name="dylan.NET.UnitTests.TestParseUtils.TestProcessStringExtASCII(55)" executed="True" result="Success" success="True" time="0.000" asserts="1" />
                          <test-case name="dylan.NET.UnitTests.TestParseUtils.TestProcessStringExtASCII(56)" executed="True" result="Success" success="True" time="0.000" asserts="1" />
                          <test-case name="dylan.NET.UnitTests.TestParseUtils.TestProcessStringExtASCII(57)" executed="True" result="Success" success="True" time="0.000" asserts="1" />
                          <test-case name="dylan.NET.UnitTests.TestParseUtils.TestProcessStringExtASCII(58)" executed="True" result="Success" success="True" time="0.000" asserts="1" />
                          <test-case name="dylan.NET.UnitTests.TestParseUtils.TestProcessStringExtASCII(59)" executed="True" result="Success" success="True" time="0.000" asserts="1" />
                          <test-case name="dylan.NET.UnitTests.TestParseUtils.TestProcessStringExtASCII(60)" executed="True" result="Success" success="True" time="0.000" asserts="1" />
                          <test-case name="dylan.NET.UnitTests.TestParseUtils.TestProcessStringExtASCII(61)" executed="True" result="Success" success="True" time="0.000" asserts="1" />
                          <test-case name="dylan.NET.UnitTests.TestParseUtils.TestProcessStringExtASCII(62)" executed="True" result="Success" success="True" time="0.000" asserts="1" />
                          <test-case name="dylan.NET.UnitTests.TestParseUtils.TestProcessStringExtASCII(63)" executed="True" result="Success" success="True" time="0.000" asserts="1" />
                          <test-case name="dylan.NET.UnitTests.TestParseUtils.TestProcessStringExtASCII(64)" executed="True" result="Success" success="True" time="0.000" asserts="1" />
                          <test-case name="dylan.NET.UnitTests.TestParseUtils.TestProcessStringExtASCII(65)" executed="True" result="Success" success="True" time="0.000" asserts="1" />
                          <test-case name="dylan.NET.UnitTests.TestParseUtils.TestProcessStringExtASCII(66)" executed="True" result="Success" success="True" time="0.000" asserts="1" />
                          <test-case name="dylan.NET.UnitTests.TestParseUtils.TestProcessStringExtASCII(67)" executed="True" result="Success" success="True" time="0.000" asserts="1" />
                          <test-case name="dylan.NET.UnitTests.TestParseUtils.TestProcessStringExtASCII(68)" executed="True" result="Success" success="True" time="0.000" asserts="1" />
                          <test-case name="dylan.NET.UnitTests.TestParseUtils.TestProcessStringExtASCII(69)" executed="True" result="Success" success="True" time="0.000" asserts="1" />
                          <test-case name="dylan.NET.UnitTests.TestParseUtils.TestProcessStringExtASCII(70)" executed="True" result="Success" success="True" time="0.000" asserts="1" />
                          <test-case name="dylan.NET.UnitTests.TestParseUtils.TestProcessStringExtASCII(71)" executed="True" result="Success" success="True" time="0.000" asserts="1" />
                          <test-case name="dylan.NET.UnitTests.TestParseUtils.TestProcessStringExtASCII(72)" executed="True" result="Success" success="True" time="0.000" asserts="1" />
                          <test-case name="dylan.NET.UnitTests.TestParseUtils.TestProcessStringExtASCII(73)" executed="True" result="Success" success="True" time="0.000" asserts="1" />
                          <test-case name="dylan.NET.UnitTests.TestParseUtils.TestProcessStringExtASCII(74)" executed="True" result="Success" success="True" time="0.000" asserts="1" />
                          <test-case name="dylan.NET.UnitTests.TestParseUtils.TestProcessStringExtASCII(75)" executed="True" result="Success" success="True" time="0.000" asserts="1" />
                          <test-case name="dylan.NET.UnitTests.TestParseUtils.TestProcessStringExtASCII(76)" executed="True" result="Success" success="True" time="0.000" asserts="1" />
                          <test-case name="dylan.NET.UnitTests.TestParseUtils.TestProcessStringExtASCII(77)" executed="True" result="Success" success="True" time="0.000" asserts="1" />
                          <test-case name="dylan.NET.UnitTests.TestParseUtils.TestProcessStringExtASCII(78)" executed="True" result="Success" success="True" time="0.000" asserts="1" />
                          <test-case name="dylan.NET.UnitTests.TestParseUtils.TestProcessStringExtASCII(79)" executed="True" result="Success" success="True" time="0.000" asserts="1" />
                          <test-case name="dylan.NET.UnitTests.TestParseUtils.TestProcessStringExtASCII(80)" executed="True" result="Success" success="True" time="0.000" asserts="1" />
                          <test-case name="dylan.NET.UnitTests.TestParseUtils.TestProcessStringExtASCII(81)" executed="True" result="Success" success="True" time="0.000" asserts="1" />
                          <test-case name="dylan.NET.UnitTests.TestParseUtils.TestProcessStringExtASCII(82)" executed="True" result="Success" success="True" time="0.000" asserts="1" />
                          <test-case name="dylan.NET.UnitTests.TestParseUtils.TestProcessStringExtASCII(83)" executed="True" result="Success" success="True" time="0.000" asserts="1" />
                          <test-case name="dylan.NET.UnitTests.TestParseUtils.TestProcessStringExtASCII(84)" executed="True" result="Success" success="True" time="0.000" asserts="1" />
                          <test-case name="dylan.NET.UnitTests.TestParseUtils.TestProcessStringExtASCII(85)" executed="True" result="Success" success="True" time="0.000" asserts="1" />
                          <test-case name="dylan.NET.UnitTests.TestParseUtils.TestProcessStringExtASCII(86)" executed="True" result="Success" success="True" time="0.000" asserts="1" />
                          <test-case name="dylan.NET.UnitTests.TestParseUtils.TestProcessStringExtASCII(87)" executed="True" result="Success" success="True" time="0.000" asserts="1" />
                          <test-case name="dylan.NET.UnitTests.TestParseUtils.TestProcessStringExtASCII(88)" executed="True" result="Success" success="True" time="0.000" asserts="1" />
                          <test-case name="dylan.NET.UnitTests.TestParseUtils.TestProcessStringExtASCII(89)" executed="True" result="Success" success="True" time="0.000" asserts="1" />
                          <test-case name="dylan.NET.UnitTests.TestParseUtils.TestProcessStringExtASCII(90)" executed="True" result="Success" success="True" time="0.000" asserts="1" />
                          <test-case name="dylan.NET.UnitTests.TestParseUtils.TestProcessStringExtASCII(91)" executed="True" result="Success" success="True" time="0.000" asserts="1" />
                          <test-case name="dylan.NET.UnitTests.TestParseUtils.TestProcessStringExtASCII(92)" executed="True" result="Success" success="True" time="0.000" asserts="1" />
                          <test-case name="dylan.NET.UnitTests.TestParseUtils.TestProcessStringExtASCII(93)" executed="True" result="Success" success="True" time="0.000" asserts="1" />
                          <test-case name="dylan.NET.UnitTests.TestParseUtils.TestProcessStringExtASCII(94)" executed="True" result="Success" success="True" time="0.000" asserts="1" />
                          <test-case name="dylan.NET.UnitTests.TestParseUtils.TestProcessStringExtASCII(95)" executed="True" result="Success" success="True" time="0.000" asserts="1" />
                          <test-case name="dylan.NET.UnitTests.TestParseUtils.TestProcessStringExtASCII(96)" executed="True" result="Success" success="True" time="0.000" asserts="1" />
                          <test-case name="dylan.NET.UnitTests.TestParseUtils.TestProcessStringExtASCII(97)" executed="True" result="Success" success="True" time="0.000" asserts="1" />
                          <test-case name="dylan.NET.UnitTests.TestParseUtils.TestProcessStringExtASCII(98)" executed="True" result="Success" success="True" time="0.000" asserts="1" />
                          <test-case name="dylan.NET.UnitTests.TestParseUtils.TestProcessStringExtASCII(99)" executed="True" result="Success" success="True" time="0.000" asserts="1" />
                          <test-case name="dylan.NET.UnitTests.TestParseUtils.TestProcessStringExtASCII(100)" executed="True" result="Success" success="True" time="0.000" asserts="1" />
                          <test-case name="dylan.NET.UnitTests.TestParseUtils.TestProcessStringExtASCII(101)" executed="True" result="Success" success="True" time="0.000" asserts="1" />
                          <test-case name="dylan.NET.UnitTests.TestParseUtils.TestProcessStringExtASCII(102)" executed="True" result="Success" success="True" time="0.000" asserts="1" />
                          <test-case name="dylan.NET.UnitTests.TestParseUtils.TestProcessStringExtASCII(103)" executed="True" result="Success" success="True" time="0.000" asserts="1" />
                          <test-case name="dylan.NET.UnitTests.TestParseUtils.TestProcessStringExtASCII(104)" executed="True" result="Success" success="True" time="0.000" asserts="1" />
                          <test-case name="dylan.NET.UnitTests.TestParseUtils.TestProcessStringExtASCII(105)" executed="True" result="Success" success="True" time="0.000" asserts="1" />
                          <test-case name="dylan.NET.UnitTests.TestParseUtils.TestProcessStringExtASCII(106)" executed="True" result="Success" success="True" time="0.000" asserts="1" />
                          <test-case name="dylan.NET.UnitTests.TestParseUtils.TestProcessStringExtASCII(107)" executed="True" result="Success" success="True" time="0.000" asserts="1" />
                          <test-case name="dylan.NET.UnitTests.TestParseUtils.TestProcessStringExtASCII(108)" executed="True" result="Success" success="True" time="0.000" asserts="1" />
                          <test-case name="dylan.NET.UnitTests.TestParseUtils.TestProcessStringExtASCII(109)" executed="True" result="Success" success="True" time="0.000" asserts="1" />
                          <test-case name="dylan.NET.UnitTests.TestParseUtils.TestProcessStringExtASCII(110)" executed="True" result="Success" success="True" time="0.000" asserts="1" />
                          <test-case name="dylan.NET.UnitTests.TestParseUtils.TestProcessStringExtASCII(111)" executed="True" result="Success" success="True" time="0.000" asserts="1" />
                          <test-case name="dylan.NET.UnitTests.TestParseUtils.TestProcessStringExtASCII(112)" executed="True" result="Success" success="True" time="0.000" asserts="1" />
                          <test-case name="dylan.NET.UnitTests.TestParseUtils.TestProcessStringExtASCII(113)" executed="True" result="Success" success="True" time="0.000" asserts="1" />
                          <test-case name="dylan.NET.UnitTests.TestParseUtils.TestProcessStringExtASCII(114)" executed="True" result="Success" success="True" time="0.000" asserts="1" />
                          <test-case name="dylan.NET.UnitTests.TestParseUtils.TestProcessStringExtASCII(115)" executed="True" result="Success" success="True" time="0.000" asserts="1" />
                          <test-case name="dylan.NET.UnitTests.TestParseUtils.TestProcessStringExtASCII(116)" executed="True" result="Success" success="True" time="0.000" asserts="1" />
                          <test-case name="dylan.NET.UnitTests.TestParseUtils.TestProcessStringExtASCII(117)" executed="True" result="Success" success="True" time="0.000" asserts="1" />
                          <test-case name="dylan.NET.UnitTests.TestParseUtils.TestProcessStringExtASCII(118)" executed="True" result="Success" success="True" time="0.000" asserts="1" />
                          <test-case name="dylan.NET.UnitTests.TestParseUtils.TestProcessStringExtASCII(119)" executed="True" result="Success" success="True" time="0.000" asserts="1" />
                          <test-case name="dylan.NET.UnitTests.TestParseUtils.TestProcessStringExtASCII(120)" executed="True" result="Success" success="True" time="0.000" asserts="1" />
                          <test-case name="dylan.NET.UnitTests.TestParseUtils.TestProcessStringExtASCII(121)" executed="True" result="Success" success="True" time="0.000" asserts="1" />
                          <test-case name="dylan.NET.UnitTests.TestParseUtils.TestProcessStringExtASCII(122)" executed="True" result="Success" success="True" time="0.000" asserts="1" />
                          <test-case name="dylan.NET.UnitTests.TestParseUtils.TestProcessStringExtASCII(123)" executed="True" result="Success" success="True" time="0.000" asserts="1" />
                          <test-case name="dylan.NET.UnitTests.TestParseUtils.TestProcessStringExtASCII(124)" executed="True" result="Success" success="True" time="0.000" asserts="1" />
                          <test-case name="dylan.NET.UnitTests.TestParseUtils.TestProcessStringExtASCII(125)" executed="True" result="Success" success="True" time="0.000" asserts="1" />
                          <test-case name="dylan.NET.UnitTests.TestParseUtils.TestProcessStringExtASCII(126)" executed="True" result="Success" success="True" time="0.000" asserts="1" />
                          <test-case name="dylan.NET.UnitTests.TestParseUtils.TestProcessStringExtASCII(127)" executed="True" result="Success" success="True" time="0.000" asserts="1" />
                          <test-case name="dylan.NET.UnitTests.TestParseUtils.TestProcessStringExtASCII(128)" executed="True" result="Success" success="True" time="0.000" asserts="1" />
                          <test-case name="dylan.NET.UnitTests.TestParseUtils.TestProcessStringExtASCII(129)" executed="True" result="Success" success="True" time="0.000" asserts="1" />
                          <test-case name="dylan.NET.UnitTests.TestParseUtils.TestProcessStringExtASCII(130)" executed="True" result="Success" success="True" time="0.000" asserts="1" />
                          <test-case name="dylan.NET.UnitTests.TestParseUtils.TestProcessStringExtASCII(131)" executed="True" result="Success" success="True" time="0.000" asserts="1" />
                          <test-case name="dylan.NET.UnitTests.TestParseUtils.TestProcessStringExtASCII(132)" executed="True" result="Success" success="True" time="0.000" asserts="1" />
                          <test-case name="dylan.NET.UnitTests.TestParseUtils.TestProcessStringExtASCII(133)" executed="True" result="Success" success="True" time="0.000" asserts="1" />
                          <test-case name="dylan.NET.UnitTests.TestParseUtils.TestProcessStringExtASCII(134)" executed="True" result="Success" success="True" time="0.000" asserts="1" />
                          <test-case name="dylan.NET.UnitTests.TestParseUtils.TestProcessStringExtASCII(135)" executed="True" result="Success" success="True" time="0.000" asserts="1" />
                          <test-case name="dylan.NET.UnitTests.TestParseUtils.TestProcessStringExtASCII(136)" executed="True" result="Success" success="True" time="0.000" asserts="1" />
                          <test-case name="dylan.NET.UnitTests.TestParseUtils.TestProcessStringExtASCII(137)" executed="True" result="Success" success="True" time="0.000" asserts="1" />
                          <test-case name="dylan.NET.UnitTests.TestParseUtils.TestProcessStringExtASCII(138)" executed="True" result="Success" success="True" time="0.000" asserts="1" />
                          <test-case name="dylan.NET.UnitTests.TestParseUtils.TestProcessStringExtASCII(139)" executed="True" result="Success" success="True" time="0.000" asserts="1" />
                          <test-case name="dylan.NET.UnitTests.TestParseUtils.TestProcessStringExtASCII(140)" executed="True" result="Success" success="True" time="0.000" asserts="1" />
                          <test-case name="dylan.NET.UnitTests.TestParseUtils.TestProcessStringExtASCII(141)" executed="True" result="Success" success="True" time="0.000" asserts="1" />
                          <test-case name="dylan.NET.UnitTests.TestParseUtils.TestProcessStringExtASCII(142)" executed="True" result="Success" success="True" time="0.000" asserts="1" />
                          <test-case name="dylan.NET.UnitTests.TestParseUtils.TestProcessStringExtASCII(143)" executed="True" result="Success" success="True" time="0.000" asserts="1" />
                          <test-case name="dylan.NET.UnitTests.TestParseUtils.TestProcessStringExtASCII(144)" executed="True" result="Success" success="True" time="0.000" asserts="1" />
                          <test-case name="dylan.NET.UnitTests.TestParseUtils.TestProcessStringExtASCII(145)" executed="True" result="Success" success="True" time="0.000" asserts="1" />
                          <test-case name="dylan.NET.UnitTests.TestParseUtils.TestProcessStringExtASCII(146)" executed="True" result="Success" success="True" time="0.000" asserts="1" />
                          <test-case name="dylan.NET.UnitTests.TestParseUtils.TestProcessStringExtASCII(147)" executed="True" result="Success" success="True" time="0.000" asserts="1" />
                          <test-case name="dylan.NET.UnitTests.TestParseUtils.TestProcessStringExtASCII(148)" executed="True" result="Success" success="True" time="0.000" asserts="1" />
                          <test-case name="dylan.NET.UnitTests.TestParseUtils.TestProcessStringExtASCII(149)" executed="True" result="Success" success="True" time="0.000" asserts="1" />
                          <test-case name="dylan.NET.UnitTests.TestParseUtils.TestProcessStringExtASCII(150)" executed="True" result="Success" success="True" time="0.000" asserts="1" />
                          <test-case name="dylan.NET.UnitTests.TestParseUtils.TestProcessStringExtASCII(151)" executed="True" result="Success" success="True" time="0.000" asserts="1" />
                          <test-case name="dylan.NET.UnitTests.TestParseUtils.TestProcessStringExtASCII(152)" executed="True" result="Success" success="True" time="0.000" asserts="1" />
                          <test-case name="dylan.NET.UnitTests.TestParseUtils.TestProcessStringExtASCII(153)" executed="True" result="Success" success="True" time="0.000" asserts="1" />
                          <test-case name="dylan.NET.UnitTests.TestParseUtils.TestProcessStringExtASCII(154)" executed="True" result="Success" success="True" time="0.000" asserts="1" />
                          <test-case name="dylan.NET.UnitTests.TestParseUtils.TestProcessStringExtASCII(155)" executed="True" result="Success" success="True" time="0.000" asserts="1" />
                          <test-case name="dylan.NET.UnitTests.TestParseUtils.TestProcessStringExtASCII(156)" executed="True" result="Success" success="True" time="0.000" asserts="1" />
                          <test-case name="dylan.NET.UnitTests.TestParseUtils.TestProcessStringExtASCII(157)" executed="True" result="Success" success="True" time="0.000" asserts="1" />
                          <test-case name="dylan.NET.UnitTests.TestParseUtils.TestProcessStringExtASCII(158)" executed="True" result="Success" success="True" time="0.000" asserts="1" />
                          <test-case name="dylan.NET.UnitTests.TestParseUtils.TestProcessStringExtASCII(159)" executed="True" result="Success" success="True" time="0.000" asserts="1" />
                          <test-case name="dylan.NET.UnitTests.TestParseUtils.TestProcessStringExtASCII(160)" executed="True" result="Success" success="True" time="0.000" asserts="1" />
                          <test-case name="dylan.NET.UnitTests.TestParseUtils.TestProcessStringExtASCII(161)" executed="True" result="Success" success="True" time="0.000" asserts="1" />
                          <test-case name="dylan.NET.UnitTests.TestParseUtils.TestProcessStringExtASCII(162)" executed="True" result="Success" success="True" time="0.000" asserts="1" />
                          <test-case name="dylan.NET.UnitTests.TestParseUtils.TestProcessStringExtASCII(163)" executed="True" result="Success" success="True" time="0.000" asserts="1" />
                          <test-case name="dylan.NET.UnitTests.TestParseUtils.TestProcessStringExtASCII(164)" executed="True" result="Success" success="True" time="0.000" asserts="1" />
                          <test-case name="dylan.NET.UnitTests.TestParseUtils.TestProcessStringExtASCII(165)" executed="True" result="Success" success="True" time="0.000" asserts="1" />
                          <test-case name="dylan.NET.UnitTests.TestParseUtils.TestProcessStringExtASCII(166)" executed="True" result="Success" success="True" time="0.000" asserts="1" />
                          <test-case name="dylan.NET.UnitTests.TestParseUtils.TestProcessStringExtASCII(167)" executed="True" result="Success" success="True" time="0.000" asserts="1" />
                          <test-case name="dylan.NET.UnitTests.TestParseUtils.TestProcessStringExtASCII(168)" executed="True" result="Success" success="True" time="0.000" asserts="1" />
                          <test-case name="dylan.NET.UnitTests.TestParseUtils.TestProcessStringExtASCII(169)" executed="True" result="Success" success="True" time="0.000" asserts="1" />
                          <test-case name="dylan.NET.UnitTests.TestParseUtils.TestProcessStringExtASCII(170)" executed="True" result="Success" success="True" time="0.000" asserts="1" />
                          <test-case name="dylan.NET.UnitTests.TestParseUtils.TestProcessStringExtASCII(171)" executed="True" result="Success" success="True" time="0.000" asserts="1" />
                          <test-case name="dylan.NET.UnitTests.TestParseUtils.TestProcessStringExtASCII(172)" executed="True" result="Success" success="True" time="0.000" asserts="1" />
                          <test-case name="dylan.NET.UnitTests.TestParseUtils.TestProcessStringExtASCII(173)" executed="True" result="Success" success="True" time="0.000" asserts="1" />
                          <test-case name="dylan.NET.UnitTests.TestParseUtils.TestProcessStringExtASCII(174)" executed="True" result="Success" success="True" time="0.000" asserts="1" />
                          <test-case name="dylan.NET.UnitTests.TestParseUtils.TestProcessStringExtASCII(175)" executed="True" result="Success" success="True" time="0.000" asserts="1" />
                          <test-case name="dylan.NET.UnitTests.TestParseUtils.TestProcessStringExtASCII(176)" executed="True" result="Success" success="True" time="0.000" asserts="1" />
                          <test-case name="dylan.NET.UnitTests.TestParseUtils.TestProcessStringExtASCII(177)" executed="True" result="Success" success="True" time="0.000" asserts="1" />
                          <test-case name="dylan.NET.UnitTests.TestParseUtils.TestProcessStringExtASCII(178)" executed="True" result="Success" success="True" time="0.000" asserts="1" />
                          <test-case name="dylan.NET.UnitTests.TestParseUtils.TestProcessStringExtASCII(179)" executed="True" result="Success" success="True" time="0.000" asserts="1" />
                          <test-case name="dylan.NET.UnitTests.TestParseUtils.TestProcessStringExtASCII(180)" executed="True" result="Success" success="True" time="0.000" asserts="1" />
                          <test-case name="dylan.NET.UnitTests.TestParseUtils.TestProcessStringExtASCII(181)" executed="True" result="Success" success="True" time="0.000" asserts="1" />
                          <test-case name="dylan.NET.UnitTests.TestParseUtils.TestProcessStringExtASCII(182)" executed="True" result="Success" success="True" time="0.000" asserts="1" />
                          <test-case name="dylan.NET.UnitTests.TestParseUtils.TestProcessStringExtASCII(183)" executed="True" result="Success" success="True" time="0.000" asserts="1" />
                          <test-case name="dylan.NET.UnitTests.TestParseUtils.TestProcessStringExtASCII(184)" executed="True" result="Success" success="True" time="0.000" asserts="1" />
                          <test-case name="dylan.NET.UnitTests.TestParseUtils.TestProcessStringExtASCII(185)" executed="True" result="Success" success="True" time="0.000" asserts="1" />
                          <test-case name="dylan.NET.UnitTests.TestParseUtils.TestProcessStringExtASCII(186)" executed="True" result="Success" success="True" time="0.000" asserts="1" />
                          <test-case name="dylan.NET.UnitTests.TestParseUtils.TestProcessStringExtASCII(187)" executed="True" result="Success" success="True" time="0.000" asserts="1" />
                          <test-case name="dylan.NET.UnitTests.TestParseUtils.TestProcessStringExtASCII(188)" executed="True" result="Success" success="True" time="0.000" asserts="1" />
                          <test-case name="dylan.NET.UnitTests.TestParseUtils.TestProcessStringExtASCII(189)" executed="True" result="Success" success="True" time="0.000" asserts="1" />
                          <test-case name="dylan.NET.UnitTests.TestParseUtils.TestProcessStringExtASCII(190)" executed="True" result="Success" success="True" time="0.000" asserts="1" />
                          <test-case name="dylan.NET.UnitTests.TestParseUtils.TestProcessStringExtASCII(191)" executed="True" result="Success" success="True" time="0.000" asserts="1" />
                          <test-case name="dylan.NET.UnitTests.TestParseUtils.TestProcessStringExtASCII(192)" executed="True" result="Success" success="True" time="0.000" asserts="1" />
                          <test-case name="dylan.NET.UnitTests.TestParseUtils.TestProcessStringExtASCII(193)" executed="True" result="Success" success="True" time="0.000" asserts="1" />
                          <test-case name="dylan.NET.UnitTests.TestParseUtils.TestProcessStringExtASCII(194)" executed="True" result="Success" success="True" time="0.000" asserts="1" />
                          <test-case name="dylan.NET.UnitTests.TestParseUtils.TestProcessStringExtASCII(195)" executed="True" result="Success" success="True" time="0.000" asserts="1" />
                          <test-case name="dylan.NET.UnitTests.TestParseUtils.TestProcessStringExtASCII(196)" executed="True" result="Success" success="True" time="0.000" asserts="1" />
                          <test-case name="dylan.NET.UnitTests.TestParseUtils.TestProcessStringExtASCII(197)" executed="True" result="Success" success="True" time="0.000" asserts="1" />
                          <test-case name="dylan.NET.UnitTests.TestParseUtils.TestProcessStringExtASCII(198)" executed="True" result="Success" success="True" time="0.000" asserts="1" />
                          <test-case name="dylan.NET.UnitTests.TestParseUtils.TestProcessStringExtASCII(199)" executed="True" result="Success" success="True" time="0.000" asserts="1" />
                          <test-case name="dylan.NET.UnitTests.TestParseUtils.TestProcessStringExtASCII(200)" executed="True" result="Success" success="True" time="0.000" asserts="1" />
                          <test-case name="dylan.NET.UnitTests.TestParseUtils.TestProcessStringExtASCII(201)" executed="True" result="Success" success="True" time="0.000" asserts="1" />
                          <test-case name="dylan.NET.UnitTests.TestParseUtils.TestProcessStringExtASCII(202)" executed="True" result="Success" success="True" time="0.000" asserts="1" />
                          <test-case name="dylan.NET.UnitTests.TestParseUtils.TestProcessStringExtASCII(203)" executed="True" result="Success" success="True" time="0.000" asserts="1" />
                          <test-case name="dylan.NET.UnitTests.TestParseUtils.TestProcessStringExtASCII(204)" executed="True" result="Success" success="True" time="0.000" asserts="1" />
                          <test-case name="dylan.NET.UnitTests.TestParseUtils.TestProcessStringExtASCII(205)" executed="True" result="Success" success="True" time="0.000" asserts="1" />
                          <test-case name="dylan.NET.UnitTests.TestParseUtils.TestProcessStringExtASCII(206)" executed="True" result="Success" success="True" time="0.000" asserts="1" />
                          <test-case name="dylan.NET.UnitTests.TestParseUtils.TestProcessStringExtASCII(207)" executed="True" result="Success" success="True" time="0.000" asserts="1" />
                          <test-case name="dylan.NET.UnitTests.TestParseUtils.TestProcessStringExtASCII(208)" executed="True" result="Success" success="True" time="0.000" asserts="1" />
                          <test-case name="dylan.NET.UnitTests.TestParseUtils.TestProcessStringExtASCII(209)" executed="True" result="Success" success="True" time="0.000" asserts="1" />
                          <test-case name="dylan.NET.UnitTests.TestParseUtils.TestProcessStringExtASCII(210)" executed="True" result="Success" success="True" time="0.000" asserts="1" />
                          <test-case name="dylan.NET.UnitTests.TestParseUtils.TestProcessStringExtASCII(211)" executed="True" result="Success" success="True" time="0.000" asserts="1" />
                          <test-case name="dylan.NET.UnitTests.TestParseUtils.TestProcessStringExtASCII(212)" executed="True" result="Success" success="True" time="0.000" asserts="1" />
                          <test-case name="dylan.NET.UnitTests.TestParseUtils.TestProcessStringExtASCII(213)" executed="True" result="Success" success="True" time="0.000" asserts="1" />
                          <test-case name="dylan.NET.UnitTests.TestParseUtils.TestProcessStringExtASCII(214)" executed="True" result="Success" success="True" time="0.000" asserts="1" />
                          <test-case name="dylan.NET.UnitTests.TestParseUtils.TestProcessStringExtASCII(215)" executed="True" result="Success" success="True" time="0.000" asserts="1" />
                          <test-case name="dylan.NET.UnitTests.TestParseUtils.TestProcessStringExtASCII(216)" executed="True" result="Success" success="True" time="0.000" asserts="1" />
                          <test-case name="dylan.NET.UnitTests.TestParseUtils.TestProcessStringExtASCII(217)" executed="True" result="Success" success="True" time="0.000" asserts="1" />
                          <test-case name="dylan.NET.UnitTests.TestParseUtils.TestProcessStringExtASCII(218)" executed="True" result="Success" success="True" time="0.000" asserts="1" />
                          <test-case name="dylan.NET.UnitTests.TestParseUtils.TestProcessStringExtASCII(219)" executed="True" result="Success" success="True" time="0.000" asserts="1" />
                          <test-case name="dylan.NET.UnitTests.TestParseUtils.TestProcessStringExtASCII(220)" executed="True" result="Success" success="True" time="0.000" asserts="1" />
                          <test-case name="dylan.NET.UnitTests.TestParseUtils.TestProcessStringExtASCII(221)" executed="True" result="Success" success="True" time="0.000" asserts="1" />
                          <test-case name="dylan.NET.UnitTests.TestParseUtils.TestProcessStringExtASCII(222)" executed="True" result="Success" success="True" time="0.000" asserts="1" />
                          <test-case name="dylan.NET.UnitTests.TestParseUtils.TestProcessStringExtASCII(223)" executed="True" result="Success" success="True" time="0.000" asserts="1" />
                          <test-case name="dylan.NET.UnitTests.TestParseUtils.TestProcessStringExtASCII(224)" executed="True" result="Success" success="True" time="0.000" asserts="1" />
                          <test-case name="dylan.NET.UnitTests.TestParseUtils.TestProcessStringExtASCII(225)" executed="True" result="Success" success="True" time="0.000" asserts="1" />
                          <test-case name="dylan.NET.UnitTests.TestParseUtils.TestProcessStringExtASCII(226)" executed="True" result="Success" success="True" time="0.000" asserts="1" />
                          <test-case name="dylan.NET.UnitTests.TestParseUtils.TestProcessStringExtASCII(227)" executed="True" result="Success" success="True" time="0.000" asserts="1" />
                          <test-case name="dylan.NET.UnitTests.TestParseUtils.TestProcessStringExtASCII(228)" executed="True" result="Success" success="True" time="0.000" asserts="1" />
                          <test-case name="dylan.NET.UnitTests.TestParseUtils.TestProcessStringExtASCII(229)" executed="True" result="Success" success="True" time="0.000" asserts="1" />
                          <test-case name="dylan.NET.UnitTests.TestParseUtils.TestProcessStringExtASCII(230)" executed="True" result="Success" success="True" time="0.000" asserts="1" />
                          <test-case name="dylan.NET.UnitTests.TestParseUtils.TestProcessStringExtASCII(231)" executed="True" result="Success" success="True" time="0.000" asserts="1" />
                          <test-case name="dylan.NET.UnitTests.TestParseUtils.TestProcessStringExtASCII(232)" executed="True" result="Success" success="True" time="0.000" asserts="1" />
                          <test-case name="dylan.NET.UnitTests.TestParseUtils.TestProcessStringExtASCII(233)" executed="True" result="Success" success="True" time="0.000" asserts="1" />
                          <test-case name="dylan.NET.UnitTests.TestParseUtils.TestProcessStringExtASCII(234)" executed="True" result="Success" success="True" time="0.000" asserts="1" />
                          <test-case name="dylan.NET.UnitTests.TestParseUtils.TestProcessStringExtASCII(235)" executed="True" result="Success" success="True" time="0.000" asserts="1" />
                          <test-case name="dylan.NET.UnitTests.TestParseUtils.TestProcessStringExtASCII(236)" executed="True" result="Success" success="True" time="0.000" asserts="1" />
                          <test-case name="dylan.NET.UnitTests.TestParseUtils.TestProcessStringExtASCII(237)" executed="True" result="Success" success="True" time="0.000" asserts="1" />
                          <test-case name="dylan.NET.UnitTests.TestParseUtils.TestProcessStringExtASCII(238)" executed="True" result="Success" success="True" time="0.000" asserts="1" />
                          <test-case name="dylan.NET.UnitTests.TestParseUtils.TestProcessStringExtASCII(239)" executed="True" result="Success" success="True" time="0.000" asserts="1" />
                          <test-case name="dylan.NET.UnitTests.TestParseUtils.TestProcessStringExtASCII(240)" executed="True" result="Success" success="True" time="0.000" asserts="1" />
                          <test-case name="dylan.NET.UnitTests.TestParseUtils.TestProcessStringExtASCII(241)" executed="True" result="Success" success="True" time="0.000" asserts="1" />
                          <test-case name="dylan.NET.UnitTests.TestParseUtils.TestProcessStringExtASCII(242)" executed="True" result="Success" success="True" time="0.000" asserts="1" />
                          <test-case name="dylan.NET.UnitTests.TestParseUtils.TestProcessStringExtASCII(243)" executed="True" result="Success" success="True" time="0.000" asserts="1" />
                          <test-case name="dylan.NET.UnitTests.TestParseUtils.TestProcessStringExtASCII(244)" executed="True" result="Success" success="True" time="0.000" asserts="1" />
                          <test-case name="dylan.NET.UnitTests.TestParseUtils.TestProcessStringExtASCII(245)" executed="True" result="Success" success="True" time="0.000" asserts="1" />
                          <test-case name="dylan.NET.UnitTests.TestParseUtils.TestProcessStringExtASCII(246)" executed="True" result="Success" success="True" time="0.000" asserts="1" />
                          <test-case name="dylan.NET.UnitTests.TestParseUtils.TestProcessStringExtASCII(247)" executed="True" result="Success" success="True" time="0.000" asserts="1" />
                          <test-case name="dylan.NET.UnitTests.TestParseUtils.TestProcessStringExtASCII(248)" executed="True" result="Success" success="True" time="0.000" asserts="1" />
                          <test-case name="dylan.NET.UnitTests.TestParseUtils.TestProcessStringExtASCII(249)" executed="True" result="Success" success="True" time="0.000" asserts="1" />
                          <test-case name="dylan.NET.UnitTests.TestParseUtils.TestProcessStringExtASCII(250)" executed="True" result="Success" success="True" time="0.000" asserts="1" />
                          <test-case name="dylan.NET.UnitTests.TestParseUtils.TestProcessStringExtASCII(251)" executed="True" result="Success" success="True" time="0.000" asserts="1" />
                          <test-case name="dylan.NET.UnitTests.TestParseUtils.TestProcessStringExtASCII(252)" executed="True" result="Success" success="True" time="0.000" asserts="1" />
                          <test-case name="dylan.NET.UnitTests.TestParseUtils.TestProcessStringExtASCII(253)" executed="True" result="Success" success="True" time="0.000" asserts="1" />
                          <test-case name="dylan.NET.UnitTests.TestParseUtils.TestProcessStringExtASCII(254)" executed="True" result="Success" success="True" time="0.000" asserts="1" />
                          <test-case name="dylan.NET.UnitTests.TestParseUtils.TestProcessStringExtASCII(255)" executed="True" result="Success" success="True" time="0.000" asserts="1" />
                        </results>
                      </test-suite>
                      <test-case name="dylan.NET.UnitTests.TestParseUtils.TestProcessStringFF" executed="True" result="Success" success="True" time="0.000" asserts="1" />
                      <test-case name="dylan.NET.UnitTests.TestParseUtils.TestProcessStringLF" executed="True" result="Success" success="True" time="0.000" asserts="1" />
                      <test-case name="dylan.NET.UnitTests.TestParseUtils.TestProcessStringNUL" executed="True" result="Success" success="True" time="0.000" asserts="1" />
                      <test-case name="dylan.NET.UnitTests.TestParseUtils.TestProcessStringQ" executed="True" result="Success" success="True" time="0.000" asserts="1" />
                      <test-case name="dylan.NET.UnitTests.TestParseUtils.TestProcessStringS" executed="True" result="Success" success="True" time="0.000" asserts="1" />
                      <test-case name="dylan.NET.UnitTests.TestParseUtils.TestProcessStringTAB" executed="True" result="Success" success="True" time="0.000" asserts="1" />
                      <test-suite type="ParameterizedTest" name="TestProcessStringUTF16" executed="True" result="Success" success="True" time="0.241" asserts="0">
                        <results>
                          <test-case name="dylan.NET.UnitTests.TestParseUtils.TestProcessStringUTF16(3764)" executed="True" result="Success" success="True" time="0.000" asserts="1" />
                          <test-case name="dylan.NET.UnitTests.TestParseUtils.TestProcessStringUTF16(30168)" executed="True" result="Success" success="True" time="0.000" asserts="1" />
                          <test-case name="dylan.NET.UnitTests.TestParseUtils.TestProcessStringUTF16(3741)" executed="True" result="Success" success="True" time="0.000" asserts="1" />
                          <test-case name="dylan.NET.UnitTests.TestParseUtils.TestProcessStringUTF16(505)" executed="True" result="Success" success="True" time="0.000" asserts="1" />
                          <test-case name="dylan.NET.UnitTests.TestParseUtils.TestProcessStringUTF16(7583)" executed="True" result="Success" success="True" time="0.000" asserts="1" />
                          <test-case name="dylan.NET.UnitTests.TestParseUtils.TestProcessStringUTF16(11896)" executed="True" result="Success" success="True" time="0.000" asserts="1" />
                          <test-case name="dylan.NET.UnitTests.TestParseUtils.TestProcessStringUTF16(21082)" executed="True" result="Success" success="True" time="0.000" asserts="1" />
                          <test-case name="dylan.NET.UnitTests.TestParseUtils.TestProcessStringUTF16(30897)" executed="True" result="Success" success="True" time="0.000" asserts="1" />
                          <test-case name="dylan.NET.UnitTests.TestParseUtils.TestProcessStringUTF16(42969)" executed="True" result="Success" success="True" time="0.000" asserts="1" />
                          <test-case name="dylan.NET.UnitTests.TestParseUtils.TestProcessStringUTF16(37815)" executed="True" result="Success" success="True" time="0.000" asserts="1" />
                          <test-case name="dylan.NET.UnitTests.TestParseUtils.TestProcessStringUTF16(36871)" executed="True" result="Success" success="True" time="0.000" asserts="1" />
                          <test-case name="dylan.NET.UnitTests.TestParseUtils.TestProcessStringUTF16(27975)" executed="True" result="Success" success="True" time="0.000" asserts="1" />
                          <test-case name="dylan.NET.UnitTests.TestParseUtils.TestProcessStringUTF16(13074)" executed="True" result="Success" success="True" time="0.000" asserts="1" />
                          <test-case name="dylan.NET.UnitTests.TestParseUtils.TestProcessStringUTF16(56664)" executed="True" result="Success" success="True" time="0.000" asserts="1" />
                          <test-case name="dylan.NET.UnitTests.TestParseUtils.TestProcessStringUTF16(33755)" executed="True" result="Success" success="True" time="0.000" asserts="1" />
                          <test-case name="dylan.NET.UnitTests.TestParseUtils.TestProcessStringUTF16(2773)" executed="True" result="Success" success="True" time="0.000" asserts="1" />
                          <test-case name="dylan.NET.UnitTests.TestParseUtils.TestProcessStringUTF16(53313)" executed="True" result="Success" success="True" time="0.000" asserts="1" />
                          <test-case name="dylan.NET.UnitTests.TestParseUtils.TestProcessStringUTF16(13522)" executed="True" result="Success" success="True" time="0.000" asserts="1" />
                          <test-case name="dylan.NET.UnitTests.TestParseUtils.TestProcessStringUTF16(40834)" executed="True" result="Success" success="True" time="0.000" asserts="1" />
                          <test-case name="dylan.NET.UnitTests.TestParseUtils.TestProcessStringUTF16(54125)" executed="True" result="Success" success="True" time="0.000" asserts="1" />
                          <test-case name="dylan.NET.UnitTests.TestParseUtils.TestProcessStringUTF16(26120)" executed="True" result="Success" success="True" time="0.000" asserts="1" />
                          <test-case name="dylan.NET.UnitTests.TestParseUtils.TestProcessStringUTF16(14244)" executed="True" result="Success" success="True" time="0.000" asserts="1" />
                          <test-case name="dylan.NET.UnitTests.TestParseUtils.TestProcessStringUTF16(21382)" executed="True" result="Success" success="True" time="0.000" asserts="1" />
                          <test-case name="dylan.NET.UnitTests.TestParseUtils.TestProcessStringUTF16(27226)" executed="True" result="Success" success="True" time="0.000" asserts="1" />
                          <test-case name="dylan.NET.UnitTests.TestParseUtils.TestProcessStringUTF16(62126)" executed="True" result="Success" success="True" time="0.000" asserts="1" />
                          <test-case name="dylan.NET.UnitTests.TestParseUtils.TestProcessStringUTF16(35487)" executed="True" result="Success" success="True" time="0.000" asserts="1" />
                          <test-case name="dylan.NET.UnitTests.TestParseUtils.TestProcessStringUTF16(12191)" executed="True" result="Success" success="True" time="0.000" asserts="1" />
                          <test-case name="dylan.NET.UnitTests.TestParseUtils.TestProcessStringUTF16(14164)" executed="True" result="Success" success="True" time="0.000" asserts="1" />
                          <test-case name="dylan.NET.UnitTests.TestParseUtils.TestProcessStringUTF16(41794)" executed="True" result="Success" success="True" time="0.000" asserts="1" />
                          <test-case name="dylan.NET.UnitTests.TestParseUtils.TestProcessStringUTF16(40269)" executed="True" result="Success" success="True" time="0.000" asserts="1" />
                          <test-case name="dylan.NET.UnitTests.TestParseUtils.TestProcessStringUTF16(19336)" executed="True" result="Success" success="True" time="0.000" asserts="1" />
                          <test-case name="dylan.NET.UnitTests.TestParseUtils.TestProcessStringUTF16(15219)" executed="True" result="Success" success="True" time="0.000" asserts="1" />
                          <test-case name="dylan.NET.UnitTests.TestParseUtils.TestProcessStringUTF16(51540)" executed="True" result="Success" success="True" time="0.000" asserts="1" />
                          <test-case name="dylan.NET.UnitTests.TestParseUtils.TestProcessStringUTF16(22051)" executed="True" result="Success" success="True" time="0.000" asserts="1" />
                          <test-case name="dylan.NET.UnitTests.TestParseUtils.TestProcessStringUTF16(33696)" executed="True" result="Success" success="True" time="0.000" asserts="1" />
                          <test-case name="dylan.NET.UnitTests.TestParseUtils.TestProcessStringUTF16(35428)" executed="True" result="Success" success="True" time="0.000" asserts="1" />
                          <test-case name="dylan.NET.UnitTests.TestParseUtils.TestProcessStringUTF16(25658)" executed="True" result="Success" success="True" time="0.000" asserts="1" />
                          <test-case name="dylan.NET.UnitTests.TestParseUtils.TestProcessStringUTF16(29606)" executed="True" result="Success" success="True" time="0.000" asserts="1" />
                          <test-case name="dylan.NET.UnitTests.TestParseUtils.TestProcessStringUTF16(64451)" executed="True" result="Success" success="True" time="0.000" asserts="1" />
                          <test-case name="dylan.NET.UnitTests.TestParseUtils.TestProcessStringUTF16(9758)" executed="True" result="Success" success="True" time="0.000" asserts="1" />
                          <test-case name="dylan.NET.UnitTests.TestParseUtils.TestProcessStringUTF16(35144)" executed="True" result="Success" success="True" time="0.000" asserts="1" />
                          <test-case name="dylan.NET.UnitTests.TestParseUtils.TestProcessStringUTF16(60628)" executed="True" result="Success" success="True" time="0.000" asserts="1" />
                          <test-case name="dylan.NET.UnitTests.TestParseUtils.TestProcessStringUTF16(28526)" executed="True" result="Success" success="True" time="0.000" asserts="1" />
                          <test-case name="dylan.NET.UnitTests.TestParseUtils.TestProcessStringUTF16(38201)" executed="True" result="Success" success="True" time="0.000" asserts="1" />
                          <test-case name="dylan.NET.UnitTests.TestParseUtils.TestProcessStringUTF16(55037)" executed="True" result="Success" success="True" time="0.000" asserts="1" />
                          <test-case name="dylan.NET.UnitTests.TestParseUtils.TestProcessStringUTF16(18018)" executed="True" result="Success" success="True" time="0.000" asserts="1" />
                          <test-case name="dylan.NET.UnitTests.TestParseUtils.TestProcessStringUTF16(22591)" executed="True" result="Success" success="True" time="0.000" asserts="1" />
                          <test-case name="dylan.NET.UnitTests.TestParseUtils.TestProcessStringUTF16(11574)" executed="True" result="Success" success="True" time="0.000" asserts="1" />
                          <test-case name="dylan.NET.UnitTests.TestParseUtils.TestProcessStringUTF16(23691)" executed="True" result="Success" success="True" time="0.000" asserts="1" />
                          <test-case name="dylan.NET.UnitTests.TestParseUtils.TestProcessStringUTF16(24382)" executed="True" result="Success" success="True" time="0.000" asserts="1" />
                          <test-case name="dylan.NET.UnitTests.TestParseUtils.TestProcessStringUTF16(5939)" executed="True" result="Success" success="True" time="0.000" asserts="1" />
                          <test-case name="dylan.NET.UnitTests.TestParseUtils.TestProcessStringUTF16(42481)" executed="True" result="Success" success="True" time="0.000" asserts="1" />
                          <test-case name="dylan.NET.UnitTests.TestParseUtils.TestProcessStringUTF16(41952)" executed="True" result="Success" success="True" time="0.000" asserts="1" />
                          <test-case name="dylan.NET.UnitTests.TestParseUtils.TestProcessStringUTF16(667)" executed="True" result="Success" success="True" time="0.000" asserts="1" />
                          <test-case name="dylan.NET.UnitTests.TestParseUtils.TestProcessStringUTF16(46691)" executed="True" result="Success" success="True" time="0.000" asserts="1" />
                          <test-case name="dylan.NET.UnitTests.TestParseUtils.TestProcessStringUTF16(54080)" executed="True" result="Success" success="True" time="0.000" asserts="1" />
                          <test-case name="dylan.NET.UnitTests.TestParseUtils.TestProcessStringUTF16(44162)" executed="True" result="Success" success="True" time="0.000" asserts="1" />
                          <test-case name="dylan.NET.UnitTests.TestParseUtils.TestProcessStringUTF16(47225)" executed="True" result="Success" success="True" time="0.000" asserts="1" />
                          <test-case name="dylan.NET.UnitTests.TestParseUtils.TestProcessStringUTF16(32343)" executed="True" result="Success" success="True" time="0.000" asserts="1" />
                          <test-case name="dylan.NET.UnitTests.TestParseUtils.TestProcessStringUTF16(37689)" executed="True" result="Success" success="True" time="0.000" asserts="1" />
                          <test-case name="dylan.NET.UnitTests.TestParseUtils.TestProcessStringUTF16(51773)" executed="True" result="Success" success="True" time="0.000" asserts="1" />
                          <test-case name="dylan.NET.UnitTests.TestParseUtils.TestProcessStringUTF16(57010)" executed="True" result="Success" success="True" time="0.000" asserts="1" />
                          <test-case name="dylan.NET.UnitTests.TestParseUtils.TestProcessStringUTF16(31981)" executed="True" result="Success" success="True" time="0.000" asserts="1" />
                          <test-case name="dylan.NET.UnitTests.TestParseUtils.TestProcessStringUTF16(33210)" executed="True" result="Success" success="True" time="0.000" asserts="1" />
                          <test-case name="dylan.NET.UnitTests.TestParseUtils.TestProcessStringUTF16(2671)" executed="True" result="Success" success="True" time="0.000" asserts="1" />
                          <test-case name="dylan.NET.UnitTests.TestParseUtils.TestProcessStringUTF16(41778)" executed="True" result="Success" success="True" time="0.000" asserts="1" />
                          <test-case name="dylan.NET.UnitTests.TestParseUtils.TestProcessStringUTF16(64983)" executed="True" result="Success" success="True" time="0.000" asserts="1" />
                          <test-case name="dylan.NET.UnitTests.TestParseUtils.TestProcessStringUTF16(40407)" executed="True" result="Success" success="True" time="0.000" asserts="1" />
                          <test-case name="dylan.NET.UnitTests.TestParseUtils.TestProcessStringUTF16(1627)" executed="True" result="Success" success="True" time="0.000" asserts="1" />
                          <test-case name="dylan.NET.UnitTests.TestParseUtils.TestProcessStringUTF16(15737)" executed="True" result="Success" success="True" time="0.000" asserts="1" />
                          <test-case name="dylan.NET.UnitTests.TestParseUtils.TestProcessStringUTF16(45717)" executed="True" result="Success" success="True" time="0.000" asserts="1" />
                          <test-case name="dylan.NET.UnitTests.TestParseUtils.TestProcessStringUTF16(41739)" executed="True" result="Success" success="True" time="0.000" asserts="1" />
                          <test-case name="dylan.NET.UnitTests.TestParseUtils.TestProcessStringUTF16(55365)" executed="True" result="Success" success="True" time="0.000" asserts="1" />
                          <test-case name="dylan.NET.UnitTests.TestParseUtils.TestProcessStringUTF16(16452)" executed="True" result="Success" success="True" time="0.000" asserts="1" />
                          <test-case name="dylan.NET.UnitTests.TestParseUtils.TestProcessStringUTF16(48186)" executed="True" result="Success" success="True" time="0.000" asserts="1" />
                          <test-case name="dylan.NET.UnitTests.TestParseUtils.TestProcessStringUTF16(49174)" executed="True" result="Success" success="True" time="0.000" asserts="1" />
                          <test-case name="dylan.NET.UnitTests.TestParseUtils.TestProcessStringUTF16(37826)" executed="True" result="Success" success="True" time="0.000" asserts="1" />
                          <test-case name="dylan.NET.UnitTests.TestParseUtils.TestProcessStringUTF16(20715)" executed="True" result="Success" success="True" time="0.000" asserts="1" />
                          <test-case name="dylan.NET.UnitTests.TestParseUtils.TestProcessStringUTF16(46069)" executed="True" result="Success" success="True" time="0.000" asserts="1" />
                          <test-case name="dylan.NET.UnitTests.TestParseUtils.TestProcessStringUTF16(8045)" executed="True" result="Success" success="True" time="0.000" asserts="1" />
                          <test-case name="dylan.NET.UnitTests.TestParseUtils.TestProcessStringUTF16(56860)" executed="True" result="Success" success="True" time="0.000" asserts="1" />
                          <test-case name="dylan.NET.UnitTests.TestParseUtils.TestProcessStringUTF16(30500)" executed="True" result="Success" success="True" time="0.000" asserts="1" />
                          <test-case name="dylan.NET.UnitTests.TestParseUtils.TestProcessStringUTF16(47355)" executed="True" result="Success" success="True" time="0.000" asserts="1" />
                          <test-case name="dylan.NET.UnitTests.TestParseUtils.TestProcessStringUTF16(4105)" executed="True" result="Success" success="True" time="0.000" asserts="1" />
                          <test-case name="dylan.NET.UnitTests.TestParseUtils.TestProcessStringUTF16(54030)" executed="True" result="Success" success="True" time="0.000" asserts="1" />
                          <test-case name="dylan.NET.UnitTests.TestParseUtils.TestProcessStringUTF16(27860)" executed="True" result="Success" success="True" time="0.000" asserts="1" />
                          <test-case name="dylan.NET.UnitTests.TestParseUtils.TestProcessStringUTF16(48772)" executed="True" result="Success" success="True" time="0.000" asserts="1" />
                          <test-case name="dylan.NET.UnitTests.TestParseUtils.TestProcessStringUTF16(18329)" executed="True" result="Success" success="True" time="0.000" asserts="1" />
                          <test-case name="dylan.NET.UnitTests.TestParseUtils.TestProcessStringUTF16(19380)" executed="True" result="Success" success="True" time="0.000" asserts="1" />
                          <test-case name="dylan.NET.UnitTests.TestParseUtils.TestProcessStringUTF16(57453)" executed="True" result="Success" success="True" time="0.000" asserts="1" />
                          <test-case name="dylan.NET.UnitTests.TestParseUtils.TestProcessStringUTF16(35980)" executed="True" result="Success" success="True" time="0.000" asserts="1" />
                          <test-case name="dylan.NET.UnitTests.TestParseUtils.TestProcessStringUTF16(50785)" executed="True" result="Success" success="True" time="0.000" asserts="1" />
                          <test-case name="dylan.NET.UnitTests.TestParseUtils.TestProcessStringUTF16(27979)" executed="True" result="Success" success="True" time="0.000" asserts="1" />
                          <test-case name="dylan.NET.UnitTests.TestParseUtils.TestProcessStringUTF16(48713)" executed="True" result="Success" success="True" time="0.000" asserts="1" />
                          <test-case name="dylan.NET.UnitTests.TestParseUtils.TestProcessStringUTF16(29576)" executed="True" result="Success" success="True" time="0.000" asserts="1" />
                          <test-case name="dylan.NET.UnitTests.TestParseUtils.TestProcessStringUTF16(58940)" executed="True" result="Success" success="True" time="0.000" asserts="1" />
                          <test-case name="dylan.NET.UnitTests.TestParseUtils.TestProcessStringUTF16(5262)" executed="True" result="Success" success="True" time="0.000" asserts="1" />
                          <test-case name="dylan.NET.UnitTests.TestParseUtils.TestProcessStringUTF16(12074)" executed="True" result="Success" success="True" time="0.000" asserts="1" />
                          <test-case name="dylan.NET.UnitTests.TestParseUtils.TestProcessStringUTF16(55550)" executed="True" result="Success" success="True" time="0.000" asserts="1" />
                          <test-case name="dylan.NET.UnitTests.TestParseUtils.TestProcessStringUTF16(5863)" executed="True" result="Success" success="True" time="0.000" asserts="1" />
                          <test-case name="dylan.NET.UnitTests.TestParseUtils.TestProcessStringUTF16(45726)" executed="True" result="Success" success="True" time="0.000" asserts="1" />
                          <test-case name="dylan.NET.UnitTests.TestParseUtils.TestProcessStringUTF16(1876)" executed="True" result="Success" success="True" time="0.000" asserts="1" />
                          <test-case name="dylan.NET.UnitTests.TestParseUtils.TestProcessStringUTF16(31039)" executed="True" result="Success" success="True" time="0.000" asserts="1" />
                          <test-case name="dylan.NET.UnitTests.TestParseUtils.TestProcessStringUTF16(15645)" executed="True" result="Success" success="True" time="0.000" asserts="1" />
                          <test-case name="dylan.NET.UnitTests.TestParseUtils.TestProcessStringUTF16(33057)" executed="True" result="Success" success="True" time="0.000" asserts="1" />
                          <test-case name="dylan.NET.UnitTests.TestParseUtils.TestProcessStringUTF16(40973)" executed="True" result="Success" success="True" time="0.000" asserts="1" />
                          <test-case name="dylan.NET.UnitTests.TestParseUtils.TestProcessStringUTF16(60660)" executed="True" result="Success" success="True" time="0.000" asserts="1" />
                          <test-case name="dylan.NET.UnitTests.TestParseUtils.TestProcessStringUTF16(37846)" executed="True" result="Success" success="True" time="0.000" asserts="1" />
                          <test-case name="dylan.NET.UnitTests.TestParseUtils.TestProcessStringUTF16(12171)" executed="True" result="Success" success="True" time="0.000" asserts="1" />
                          <test-case name="dylan.NET.UnitTests.TestParseUtils.TestProcessStringUTF16(18830)" executed="True" result="Success" success="True" time="0.000" asserts="1" />
                          <test-case name="dylan.NET.UnitTests.TestParseUtils.TestProcessStringUTF16(5307)" executed="True" result="Success" success="True" time="0.000" asserts="1" />
                          <test-case name="dylan.NET.UnitTests.TestParseUtils.TestProcessStringUTF16(25833)" executed="True" result="Success" success="True" time="0.000" asserts="1" />
                          <test-case name="dylan.NET.UnitTests.TestParseUtils.TestProcessStringUTF16(27845)" executed="True" result="Success" success="True" time="0.000" asserts="1" />
                          <test-case name="dylan.NET.UnitTests.TestParseUtils.TestProcessStringUTF16(40425)" executed="True" result="Success" success="True" time="0.000" asserts="1" />
                          <test-case name="dylan.NET.UnitTests.TestParseUtils.TestProcessStringUTF16(1709)" executed="True" result="Success" success="True" time="0.000" asserts="1" />
                          <test-case name="dylan.NET.UnitTests.TestParseUtils.TestProcessStringUTF16(987)" executed="True" result="Success" success="True" time="0.000" asserts="1" />
                          <test-case name="dylan.NET.UnitTests.TestParseUtils.TestProcessStringUTF16(29031)" executed="True" result="Success" success="True" time="0.000" asserts="1" />
                          <test-case name="dylan.NET.UnitTests.TestParseUtils.TestProcessStringUTF16(48802)" executed="True" result="Success" success="True" time="0.000" asserts="1" />
                          <test-case name="dylan.NET.UnitTests.TestParseUtils.TestProcessStringUTF16(3634)" executed="True" result="Success" success="True" time="0.000" asserts="1" />
                          <test-case name="dylan.NET.UnitTests.TestParseUtils.TestProcessStringUTF16(9265)" executed="True" result="Success" success="True" time="0.000" asserts="1" />
                          <test-case name="dylan.NET.UnitTests.TestParseUtils.TestProcessStringUTF16(36515)" executed="True" result="Success" success="True" time="0.000" asserts="1" />
                          <test-case name="dylan.NET.UnitTests.TestParseUtils.TestProcessStringUTF16(52909)" executed="True" result="Success" success="True" time="0.000" asserts="1" />
                          <test-case name="dylan.NET.UnitTests.TestParseUtils.TestProcessStringUTF16(50391)" executed="True" result="Success" success="True" time="0.000" asserts="1" />
                          <test-case name="dylan.NET.UnitTests.TestParseUtils.TestProcessStringUTF16(61298)" executed="True" result="Success" success="True" time="0.000" asserts="1" />
                          <test-case name="dylan.NET.UnitTests.TestParseUtils.TestProcessStringUTF16(35546)" executed="True" result="Success" success="True" time="0.000" asserts="1" />
                          <test-case name="dylan.NET.UnitTests.TestParseUtils.TestProcessStringUTF16(43841)" executed="True" result="Success" success="True" time="0.000" asserts="1" />
                          <test-case name="dylan.NET.UnitTests.TestParseUtils.TestProcessStringUTF16(10699)" executed="True" result="Success" success="True" time="0.000" asserts="1" />
                          <test-case name="dylan.NET.UnitTests.TestParseUtils.TestProcessStringUTF16(39720)" executed="True" result="Success" success="True" time="0.000" asserts="1" />
                          <test-case name="dylan.NET.UnitTests.TestParseUtils.TestProcessStringUTF16(48930)" executed="True" result="Success" success="True" time="0.000" asserts="1" />
                          <test-case name="dylan.NET.UnitTests.TestParseUtils.TestProcessStringUTF16(7212)" executed="True" result="Success" success="True" time="0.000" asserts="1" />
                          <test-case name="dylan.NET.UnitTests.TestParseUtils.TestProcessStringUTF16(54048)" executed="True" result="Success" success="True" time="0.000" asserts="1" />
                          <test-case name="dylan.NET.UnitTests.TestParseUtils.TestProcessStringUTF16(65514)" executed="True" result="Success" success="True" time="0.000" asserts="1" />
                          <test-case name="dylan.NET.UnitTests.TestParseUtils.TestProcessStringUTF16(8543)" executed="True" result="Success" success="True" time="0.000" asserts="1" />
                          <test-case name="dylan.NET.UnitTests.TestParseUtils.TestProcessStringUTF16(27239)" executed="True" result="Success" success="True" time="0.000" asserts="1" />
                          <test-case name="dylan.NET.UnitTests.TestParseUtils.TestProcessStringUTF16(2737)" executed="True" result="Success" success="True" time="0.000" asserts="1" />
                          <test-case name="dylan.NET.UnitTests.TestParseUtils.TestProcessStringUTF16(31027)" executed="True" result="Success" success="True" time="0.000" asserts="1" />
                          <test-case name="dylan.NET.UnitTests.TestParseUtils.TestProcessStringUTF16(2655)" executed="True" result="Success" success="True" time="0.000" asserts="1" />
                          <test-case name="dylan.NET.UnitTests.TestParseUtils.TestProcessStringUTF16(6930)" executed="True" result="Success" success="True" time="0.000" asserts="1" />
                          <test-case name="dylan.NET.UnitTests.TestParseUtils.TestProcessStringUTF16(2396)" executed="True" result="Success" success="True" time="0.000" asserts="1" />
                          <test-case name="dylan.NET.UnitTests.TestParseUtils.TestProcessStringUTF16(53043)" executed="True" result="Success" success="True" time="0.000" asserts="1" />
                          <test-case name="dylan.NET.UnitTests.TestParseUtils.TestProcessStringUTF16(64364)" executed="True" result="Success" success="True" time="0.000" asserts="1" />
                          <test-case name="dylan.NET.UnitTests.TestParseUtils.TestProcessStringUTF16(65505)" executed="True" result="Success" success="True" time="0.000" asserts="1" />
                          <test-case name="dylan.NET.UnitTests.TestParseUtils.TestProcessStringUTF16(14694)" executed="True" result="Success" success="True" time="0.000" asserts="1" />
                          <test-case name="dylan.NET.UnitTests.TestParseUtils.TestProcessStringUTF16(10114)" executed="True" result="Success" success="True" time="0.000" asserts="1" />
                          <test-case name="dylan.NET.UnitTests.TestParseUtils.TestProcessStringUTF16(20938)" executed="True" result="Success" success="True" time="0.000" asserts="1" />
                          <test-case name="dylan.NET.UnitTests.TestParseUtils.TestProcessStringUTF16(48605)" executed="True" result="Success" success="True" time="0.000" asserts="1" />
                          <test-case name="dylan.NET.UnitTests.TestParseUtils.TestProcessStringUTF16(394)" executed="True" result="Success" success="True" time="0.000" asserts="1" />
                          <test-case name="dylan.NET.UnitTests.TestParseUtils.TestProcessStringUTF16(32216)" executed="True" result="Success" success="True" time="0.000" asserts="1" />
                          <test-case name="dylan.NET.UnitTests.TestParseUtils.TestProcessStringUTF16(13167)" executed="True" result="Success" success="True" time="0.000" asserts="1" />
                          <test-case name="dylan.NET.UnitTests.TestParseUtils.TestProcessStringUTF16(51269)" executed="True" result="Success" success="True" time="0.000" asserts="1" />
                          <test-case name="dylan.NET.UnitTests.TestParseUtils.TestProcessStringUTF16(48240)" executed="True" result="Success" success="True" time="0.000" asserts="1" />
                          <test-case name="dylan.NET.UnitTests.TestParseUtils.TestProcessStringUTF16(31077)" executed="True" result="Success" success="True" time="0.000" asserts="1" />
                          <test-case name="dylan.NET.UnitTests.TestParseUtils.TestProcessStringUTF16(28679)" executed="True" result="Success" success="True" time="0.000" asserts="1" />
                          <test-case name="dylan.NET.UnitTests.TestParseUtils.TestProcessStringUTF16(48338)" executed="True" result="Success" success="True" time="0.000" asserts="1" />
                          <test-case name="dylan.NET.UnitTests.TestParseUtils.TestProcessStringUTF16(17349)" executed="True" result="Success" success="True" time="0.000" asserts="1" />
                          <test-case name="dylan.NET.UnitTests.TestParseUtils.TestProcessStringUTF16(45746)" executed="True" result="Success" success="True" time="0.000" asserts="1" />
                          <test-case name="dylan.NET.UnitTests.TestParseUtils.TestProcessStringUTF16(58867)" executed="True" result="Success" success="True" time="0.000" asserts="1" />
                          <test-case name="dylan.NET.UnitTests.TestParseUtils.TestProcessStringUTF16(3800)" executed="True" result="Success" success="True" time="0.000" asserts="1" />
                          <test-case name="dylan.NET.UnitTests.TestParseUtils.TestProcessStringUTF16(12907)" executed="True" result="Success" success="True" time="0.000" asserts="1" />
                          <test-case name="dylan.NET.UnitTests.TestParseUtils.TestProcessStringUTF16(2030)" executed="True" result="Success" success="True" time="0.000" asserts="1" />
                          <test-case name="dylan.NET.UnitTests.TestParseUtils.TestProcessStringUTF16(38318)" executed="True" result="Success" success="True" time="0.000" asserts="1" />
                          <test-case name="dylan.NET.UnitTests.TestParseUtils.TestProcessStringUTF16(53729)" executed="True" result="Success" success="True" time="0.000" asserts="1" />
                          <test-case name="dylan.NET.UnitTests.TestParseUtils.TestProcessStringUTF16(35450)" executed="True" result="Success" success="True" time="0.000" asserts="1" />
                          <test-case name="dylan.NET.UnitTests.TestParseUtils.TestProcessStringUTF16(24662)" executed="True" result="Success" success="True" time="0.000" asserts="1" />
                          <test-case name="dylan.NET.UnitTests.TestParseUtils.TestProcessStringUTF16(20000)" executed="True" result="Success" success="True" time="0.000" asserts="1" />
                          <test-case name="dylan.NET.UnitTests.TestParseUtils.TestProcessStringUTF16(5337)" executed="True" result="Success" success="True" time="0.000" asserts="1" />
                          <test-case name="dylan.NET.UnitTests.TestParseUtils.TestProcessStringUTF16(11138)" executed="True" result="Success" success="True" time="0.000" asserts="1" />
                          <test-case name="dylan.NET.UnitTests.TestParseUtils.TestProcessStringUTF16(17730)" executed="True" result="Success" success="True" time="0.000" asserts="1" />
                          <test-case name="dylan.NET.UnitTests.TestParseUtils.TestProcessStringUTF16(19487)" executed="True" result="Success" success="True" time="0.000" asserts="1" />
                          <test-case name="dylan.NET.UnitTests.TestParseUtils.TestProcessStringUTF16(18638)" executed="True" result="Success" success="True" time="0.000" asserts="1" />
                          <test-case name="dylan.NET.UnitTests.TestParseUtils.TestProcessStringUTF16(593)" executed="True" result="Success" success="True" time="0.000" asserts="1" />
                          <test-case name="dylan.NET.UnitTests.TestParseUtils.TestProcessStringUTF16(62349)" executed="True" result="Success" success="True" time="0.000" asserts="1" />
                          <test-case name="dylan.NET.UnitTests.TestParseUtils.TestProcessStringUTF16(35635)" executed="True" result="Success" success="True" time="0.000" asserts="1" />
                          <test-case name="dylan.NET.UnitTests.TestParseUtils.TestProcessStringUTF16(17899)" executed="True" result="Success" success="True" time="0.000" asserts="1" />
                          <test-case name="dylan.NET.UnitTests.TestParseUtils.TestProcessStringUTF16(26559)" executed="True" result="Success" success="True" time="0.000" asserts="1" />
                          <test-case name="dylan.NET.UnitTests.TestParseUtils.TestProcessStringUTF16(5438)" executed="True" result="Success" success="True" time="0.000" asserts="1" />
                          <test-case name="dylan.NET.UnitTests.TestParseUtils.TestProcessStringUTF16(24229)" executed="True" result="Success" success="True" time="0.000" asserts="1" />
                          <test-case name="dylan.NET.UnitTests.TestParseUtils.TestProcessStringUTF16(2053)" executed="True" result="Success" success="True" time="0.000" asserts="1" />
                          <test-case name="dylan.NET.UnitTests.TestParseUtils.TestProcessStringUTF16(43948)" executed="True" result="Success" success="True" time="0.000" asserts="1" />
                          <test-case name="dylan.NET.UnitTests.TestParseUtils.TestProcessStringUTF16(55334)" executed="True" result="Success" success="True" time="0.000" asserts="1" />
                          <test-case name="dylan.NET.UnitTests.TestParseUtils.TestProcessStringUTF16(50508)" executed="True" result="Success" success="True" time="0.000" asserts="1" />
                          <test-case name="dylan.NET.UnitTests.TestParseUtils.TestProcessStringUTF16(6899)" executed="True" result="Success" success="True" time="0.000" asserts="1" />
                          <test-case name="dylan.NET.UnitTests.TestParseUtils.TestProcessStringUTF16(26812)" executed="True" result="Success" success="True" time="0.000" asserts="1" />
                          <test-case name="dylan.NET.UnitTests.TestParseUtils.TestProcessStringUTF16(46900)" executed="True" result="Success" success="True" time="0.000" asserts="1" />
                          <test-case name="dylan.NET.UnitTests.TestParseUtils.TestProcessStringUTF16(34429)" executed="True" result="Success" success="True" time="0.000" asserts="1" />
                          <test-case name="dylan.NET.UnitTests.TestParseUtils.TestProcessStringUTF16(319)" executed="True" result="Success" success="True" time="0.000" asserts="1" />
                          <test-case name="dylan.NET.UnitTests.TestParseUtils.TestProcessStringUTF16(30064)" executed="True" result="Success" success="True" time="0.000" asserts="1" />
                          <test-case name="dylan.NET.UnitTests.TestParseUtils.TestProcessStringUTF16(49415)" executed="True" result="Success" success="True" time="0.000" asserts="1" />
                          <test-case name="dylan.NET.UnitTests.TestParseUtils.TestProcessStringUTF16(7238)" executed="True" result="Success" success="True" time="0.000" asserts="1" />
                          <test-case name="dylan.NET.UnitTests.TestParseUtils.TestProcessStringUTF16(62935)" executed="True" result="Success" success="True" time="0.000" asserts="1" />
                          <test-case name="dylan.NET.UnitTests.TestParseUtils.TestProcessStringUTF16(19888)" executed="True" result="Success" success="True" time="0.000" asserts="1" />
                          <test-case name="dylan.NET.UnitTests.TestParseUtils.TestProcessStringUTF16(50460)" executed="True" result="Success" success="True" time="0.000" asserts="1" />
                          <test-case name="dylan.NET.UnitTests.TestParseUtils.TestProcessStringUTF16(52978)" executed="True" result="Success" success="True" time="0.000" asserts="1" />
                          <test-case name="dylan.NET.UnitTests.TestParseUtils.TestProcessStringUTF16(49292)" executed="True" result="Success" success="True" time="0.000" asserts="1" />
                          <test-case name="dylan.NET.UnitTests.TestParseUtils.TestProcessStringUTF16(52450)" executed="True" result="Success" success="True" time="0.000" asserts="1" />
                          <test-case name="dylan.NET.UnitTests.TestParseUtils.TestProcessStringUTF16(2015)" executed="True" result="Success" success="True" time="0.000" asserts="1" />
                          <test-case name="dylan.NET.UnitTests.TestParseUtils.TestProcessStringUTF16(29870)" executed="True" result="Success" success="True" time="0.000" asserts="1" />
                          <test-case name="dylan.NET.UnitTests.TestParseUtils.TestProcessStringUTF16(62329)" executed="True" result="Success" success="True" time="0.000" asserts="1" />
                          <test-case name="dylan.NET.UnitTests.TestParseUtils.TestProcessStringUTF16(49089)" executed="True" result="Success" success="True" time="0.000" asserts="1" />
                          <test-case name="dylan.NET.UnitTests.TestParseUtils.TestProcessStringUTF16(15499)" executed="True" result="Success" success="True" time="0.000" asserts="1" />
                          <test-case name="dylan.NET.UnitTests.TestParseUtils.TestProcessStringUTF16(24376)" executed="True" result="Success" success="True" time="0.000" asserts="1" />
                          <test-case name="dylan.NET.UnitTests.TestParseUtils.TestProcessStringUTF16(63875)" executed="True" result="Success" success="True" time="0.000" asserts="1" />
                          <test-case name="dylan.NET.UnitTests.TestParseUtils.TestProcessStringUTF16(53802)" executed="True" result="Success" success="True" time="0.000" asserts="1" />
                          <test-case name="dylan.NET.UnitTests.TestParseUtils.TestProcessStringUTF16(23367)" executed="True" result="Success" success="True" time="0.000" asserts="1" />
                          <test-case name="dylan.NET.UnitTests.TestParseUtils.TestProcessStringUTF16(761)" executed="True" result="Success" success="True" time="0.000" asserts="1" />
                          <test-case name="dylan.NET.UnitTests.TestParseUtils.TestProcessStringUTF16(41341)" executed="True" result="Success" success="True" time="0.000" asserts="1" />
                          <test-case name="dylan.NET.UnitTests.TestParseUtils.TestProcessStringUTF16(4264)" executed="True" result="Success" success="True" time="0.000" asserts="1" />
                          <test-case name="dylan.NET.UnitTests.TestParseUtils.TestProcessStringUTF16(47314)" executed="True" result="Success" success="True" time="0.000" asserts="1" />
                          <test-case name="dylan.NET.UnitTests.TestParseUtils.TestProcessStringUTF16(13909)" executed="True" result="Success" success="True" time="0.000" asserts="1" />
                          <test-case name="dylan.NET.UnitTests.TestParseUtils.TestProcessStringUTF16(17030)" executed="True" result="Success" success="True" time="0.000" asserts="1" />
                          <test-case name="dylan.NET.UnitTests.TestParseUtils.TestProcessStringUTF16(15682)" executed="True" result="Success" success="True" time="0.000" asserts="1" />
                          <test-case name="dylan.NET.UnitTests.TestParseUtils.TestProcessStringUTF16(9451)" executed="True" result="Success" success="True" time="0.000" asserts="1" />
                          <test-case name="dylan.NET.UnitTests.TestParseUtils.TestProcessStringUTF16(62096)" executed="True" result="Success" success="True" time="0.000" asserts="1" />
                          <test-case name="dylan.NET.UnitTests.TestParseUtils.TestProcessStringUTF16(15507)" executed="True" result="Success" success="True" time="0.000" asserts="1" />
                          <test-case name="dylan.NET.UnitTests.TestParseUtils.TestProcessStringUTF16(47676)" executed="True" result="Success" success="True" time="0.000" asserts="1" />
                          <test-case name="dylan.NET.UnitTests.TestParseUtils.TestProcessStringUTF16(53393)" executed="True" result="Success" success="True" time="0.000" asserts="1" />
                          <test-case name="dylan.NET.UnitTests.TestParseUtils.TestProcessStringUTF16(751)" executed="True" result="Success" success="True" time="0.000" asserts="1" />
                          <test-case name="dylan.NET.UnitTests.TestParseUtils.TestProcessStringUTF16(51693)" executed="True" result="Success" success="True" time="0.000" asserts="1" />
                          <test-case name="dylan.NET.UnitTests.TestParseUtils.TestProcessStringUTF16(37747)" executed="True" result="Success" success="True" time="0.000" asserts="1" />
                          <test-case name="dylan.NET.UnitTests.TestParseUtils.TestProcessStringUTF16(17985)" executed="True" result="Success" success="True" time="0.000" asserts="1" />
                          <test-case name="dylan.NET.UnitTests.TestParseUtils.TestProcessStringUTF16(41002)" executed="True" result="Success" success="True" time="0.000" asserts="1" />
                          <test-case name="dylan.NET.UnitTests.TestParseUtils.TestProcessStringUTF16(14343)" executed="True" result="Success" success="True" time="0.000" asserts="1" />
                          <test-case name="dylan.NET.UnitTests.TestParseUtils.TestProcessStringUTF16(34175)" executed="True" result="Success" success="True" time="0.000" asserts="1" />
                          <test-case name="dylan.NET.UnitTests.TestParseUtils.TestProcessStringUTF16(3987)" executed="True" result="Success" success="True" time="0.000" asserts="1" />
                          <test-case name="dylan.NET.UnitTests.TestParseUtils.TestProcessStringUTF16(59797)" executed="True" result="Success" success="True" time="0.000" asserts="1" />
                          <test-case name="dylan.NET.UnitTests.TestParseUtils.TestProcessStringUTF16(2252)" executed="True" result="Success" success="True" time="0.000" asserts="1" />
                          <test-case name="dylan.NET.UnitTests.TestParseUtils.TestProcessStringUTF16(8547)" executed="True" result="Success" success="True" time="0.000" asserts="1" />
                          <test-case name="dylan.NET.UnitTests.TestParseUtils.TestProcessStringUTF16(12267)" executed="True" result="Success" success="True" time="0.000" asserts="1" />
                          <test-case name="dylan.NET.UnitTests.TestParseUtils.TestProcessStringUTF16(17138)" executed="True" result="Success" success="True" time="0.000" asserts="1" />
                          <test-case name="dylan.NET.UnitTests.TestParseUtils.TestProcessStringUTF16(50752)" executed="True" result="Success" success="True" time="0.000" asserts="1" />
                          <test-case name="dylan.NET.UnitTests.TestParseUtils.TestProcessStringUTF16(1174)" executed="True" result="Success" success="True" time="0.000" asserts="1" />
                          <test-case name="dylan.NET.UnitTests.TestParseUtils.TestProcessStringUTF16(42450)" executed="True" result="Success" success="True" time="0.000" asserts="1" />
                          <test-case name="dylan.NET.UnitTests.TestParseUtils.TestProcessStringUTF16(53679)" executed="True" result="Success" success="True" time="0.000" asserts="1" />
                          <test-case name="dylan.NET.UnitTests.TestParseUtils.TestProcessStringUTF16(26918)" executed="True" result="Success" success="True" time="0.000" asserts="1" />
                          <test-case name="dylan.NET.UnitTests.TestParseUtils.TestProcessStringUTF16(39652)" executed="True" result="Success" success="True" time="0.000" asserts="1" />
                          <test-case name="dylan.NET.UnitTests.TestParseUtils.TestProcessStringUTF16(41056)" executed="True" result="Success" success="True" time="0.000" asserts="1" />
                          <test-case name="dylan.NET.UnitTests.TestParseUtils.TestProcessStringUTF16(10337)" executed="True" result="Success" success="True" time="0.000" asserts="1" />
                          <test-case name="dylan.NET.UnitTests.TestParseUtils.TestProcessStringUTF16(11305)" executed="True" result="Success" success="True" time="0.000" asserts="1" />
                          <test-case name="dylan.NET.UnitTests.TestParseUtils.TestProcessStringUTF16(64758)" executed="True" result="Success" success="True" time="0.000" asserts="1" />
                          <test-case name="dylan.NET.UnitTests.TestParseUtils.TestProcessStringUTF16(46571)" executed="True" result="Success" success="True" time="0.000" asserts="1" />
                          <test-case name="dylan.NET.UnitTests.TestParseUtils.TestProcessStringUTF16(65103)" executed="True" result="Success" success="True" time="0.000" asserts="1" />
                          <test-case name="dylan.NET.UnitTests.TestParseUtils.TestProcessStringUTF16(43905)" executed="True" result="Success" success="True" time="0.000" asserts="1" />
                          <test-case name="dylan.NET.UnitTests.TestParseUtils.TestProcessStringUTF16(11668)" executed="True" result="Success" success="True" time="0.000" asserts="1" />
                          <test-case name="dylan.NET.UnitTests.TestParseUtils.TestProcessStringUTF16(54788)" executed="True" result="Success" success="True" time="0.000" asserts="1" />
                          <test-case name="dylan.NET.UnitTests.TestParseUtils.TestProcessStringUTF16(21932)" executed="True" result="Success" success="True" time="0.000" asserts="1" />
                          <test-case name="dylan.NET.UnitTests.TestParseUtils.TestProcessStringUTF16(5545)" executed="True" result="Success" success="True" time="0.000" asserts="1" />
                          <test-case name="dylan.NET.UnitTests.TestParseUtils.TestProcessStringUTF16(16284)" executed="True" result="Success" success="True" time="0.000" asserts="1" />
                          <test-case name="dylan.NET.UnitTests.TestParseUtils.TestProcessStringUTF16(48990)" executed="True" result="Success" success="True" time="0.000" asserts="1" />
                          <test-case name="dylan.NET.UnitTests.TestParseUtils.TestProcessStringUTF16(55030)" executed="True" result="Success" success="True" time="0.000" asserts="1" />
                          <test-case name="dylan.NET.UnitTests.TestParseUtils.TestProcessStringUTF16(50197)" executed="True" result="Success" success="True" time="0.000" asserts="1" />
                          <test-case name="dylan.NET.UnitTests.TestParseUtils.TestProcessStringUTF16(59002)" executed="True" result="Success" success="True" time="0.000" asserts="1" />
                          <test-case name="dylan.NET.UnitTests.TestParseUtils.TestProcessStringUTF16(17602)" executed="True" result="Success" success="True" time="0.000" asserts="1" />
                          <test-case name="dylan.NET.UnitTests.TestParseUtils.TestProcessStringUTF16(45191)" executed="True" result="Success" success="True" time="0.000" asserts="1" />
                          <test-case name="dylan.NET.UnitTests.TestParseUtils.TestProcessStringUTF16(63872)" executed="True" result="Success" success="True" time="0.000" asserts="1" />
                          <test-case name="dylan.NET.UnitTests.TestParseUtils.TestProcessStringUTF16(14325)" executed="True" result="Success" success="True" time="0.000" asserts="1" />
                          <test-case name="dylan.NET.UnitTests.TestParseUtils.TestProcessStringUTF16(47460)" executed="True" result="Success" success="True" time="0.000" asserts="1" />
                          <test-case name="dylan.NET.UnitTests.TestParseUtils.TestProcessStringUTF16(10196)" executed="True" result="Success" success="True" time="0.000" asserts="1" />
                          <test-case name="dylan.NET.UnitTests.TestParseUtils.TestProcessStringUTF16(26883)" executed="True" result="Success" success="True" time="0.000" asserts="1" />
                          <test-case name="dylan.NET.UnitTests.TestParseUtils.TestProcessStringUTF16(49250)" executed="True" result="Success" success="True" time="0.000" asserts="1" />
                          <test-case name="dylan.NET.UnitTests.TestParseUtils.TestProcessStringUTF16(25239)" executed="True" result="Success" success="True" time="0.000" asserts="1" />
                          <test-case name="dylan.NET.UnitTests.TestParseUtils.TestProcessStringUTF16(31004)" executed="True" result="Success" success="True" time="0.000" asserts="1" />
                          <test-case name="dylan.NET.UnitTests.TestParseUtils.TestProcessStringUTF16(58494)" executed="True" result="Success" success="True" time="0.000" asserts="1" />
                          <test-case name="dylan.NET.UnitTests.TestParseUtils.TestProcessStringUTF16(48090)" executed="True" result="Success" success="True" time="0.000" asserts="1" />
                          <test-case name="dylan.NET.UnitTests.TestParseUtils.TestProcessStringUTF16(32872)" executed="True" result="Success" success="True" time="0.000" asserts="1" />
                          <test-case name="dylan.NET.UnitTests.TestParseUtils.TestProcessStringUTF16(17462)" executed="True" result="Success" success="True" time="0.000" asserts="1" />
                          <test-case name="dylan.NET.UnitTests.TestParseUtils.TestProcessStringUTF16(37311)" executed="True" result="Success" success="True" time="0.000" asserts="1" />
                          <test-case name="dylan.NET.UnitTests.TestParseUtils.TestProcessStringUTF16(63318)" executed="True" result="Success" success="True" time="0.000" asserts="1" />
                          <test-case name="dylan.NET.UnitTests.TestParseUtils.TestProcessStringUTF16(7308)" executed="True" result="Success" success="True" time="0.000" asserts="1" />
                          <test-case name="dylan.NET.UnitTests.TestParseUtils.TestProcessStringUTF16(59110)" executed="True" result="Success" success="True" time="0.000" asserts="1" />
                          <test-case name="dylan.NET.UnitTests.TestParseUtils.TestProcessStringUTF16(42131)" executed="True" result="Success" success="True" time="0.000" asserts="1" />
                          <test-case name="dylan.NET.UnitTests.TestParseUtils.TestProcessStringUTF16(37108)" executed="True" result="Success" success="True" time="0.000" asserts="1" />
                          <test-case name="dylan.NET.UnitTests.TestParseUtils.TestProcessStringUTF16(17295)" executed="True" result="Success" success="True" time="0.000" asserts="1" />
                          <test-case name="dylan.NET.UnitTests.TestParseUtils.TestProcessStringUTF16(62198)" executed="True" result="Success" success="True" time="0.000" asserts="1" />
                          <test-case name="dylan.NET.UnitTests.TestParseUtils.TestProcessStringUTF16(53084)" executed="True" result="Success" success="True" time="0.000" asserts="1" />
                          <test-case name="dylan.NET.UnitTests.TestParseUtils.TestProcessStringUTF16(24518)" executed="True" result="Success" success="True" time="0.000" asserts="1" />
                          <test-case name="dylan.NET.UnitTests.TestParseUtils.TestProcessStringUTF16(23399)" executed="True" result="Success" success="True" time="0.000" asserts="1" />
                          <test-case name="dylan.NET.UnitTests.TestParseUtils.TestProcessStringUTF16(34687)" executed="True" result="Success" success="True" time="0.000" asserts="1" />
                          <test-case name="dylan.NET.UnitTests.TestParseUtils.TestProcessStringUTF16(35838)" executed="True" result="Success" success="True" time="0.000" asserts="1" />
                          <test-case name="dylan.NET.UnitTests.TestParseUtils.TestProcessStringUTF16(55197)" executed="True" result="Success" success="True" time="0.000" asserts="1" />
                          <test-case name="dylan.NET.UnitTests.TestParseUtils.TestProcessStringUTF16(12336)" executed="True" result="Success" success="True" time="0.000" asserts="1" />
                          <test-case name="dylan.NET.UnitTests.TestParseUtils.TestProcessStringUTF16(57590)" executed="True" result="Success" success="True" time="0.000" asserts="1" />
                          <test-case name="dylan.NET.UnitTests.TestParseUtils.TestProcessStringUTF16(47198)" executed="True" result="Success" success="True" time="0.000" asserts="1" />
                          <test-case name="dylan.NET.UnitTests.TestParseUtils.TestProcessStringUTF16(28551)" executed="True" result="Success" success="True" time="0.000" asserts="1" />
                          <test-case name="dylan.NET.UnitTests.TestParseUtils.TestProcessStringUTF16(57434)" executed="True" result="Success" success="True" time="0.000" asserts="1" />
                          <test-case name="dylan.NET.UnitTests.TestParseUtils.TestProcessStringUTF16(19748)" executed="True" result="Success" success="True" time="0.000" asserts="1" />
                          <test-case name="dylan.NET.UnitTests.TestParseUtils.TestProcessStringUTF16(8215)" executed="True" result="Success" success="True" time="0.000" asserts="1" />
                          <test-case name="dylan.NET.UnitTests.TestParseUtils.TestProcessStringUTF16(59894)" executed="True" result="Success" success="True" time="0.000" asserts="1" />
                          <test-case name="dylan.NET.UnitTests.TestParseUtils.TestProcessStringUTF16(20806)" executed="True" result="Success" success="True" time="0.000" asserts="1" />
                          <test-case name="dylan.NET.UnitTests.TestParseUtils.TestProcessStringUTF16(9456)" executed="True" result="Success" success="True" time="0.000" asserts="1" />
                          <test-case name="dylan.NET.UnitTests.TestParseUtils.TestProcessStringUTF16(2340)" executed="True" result="Success" success="True" time="0.000" asserts="1" />
                          <test-case name="dylan.NET.UnitTests.TestParseUtils.TestProcessStringUTF16(43273)" executed="True" result="Success" success="True" time="0.000" asserts="1" />
                          <test-case name="dylan.NET.UnitTests.TestParseUtils.TestProcessStringUTF16(3028)" executed="True" result="Success" success="True" time="0.000" asserts="1" />
                          <test-case name="dylan.NET.UnitTests.TestParseUtils.TestProcessStringUTF16(17730)" executed="True" result="Success" success="True" time="0.000" asserts="1" />
                          <test-case name="dylan.NET.UnitTests.TestParseUtils.TestProcessStringUTF16(22627)" executed="True" result="Success" success="True" time="0.000" asserts="1" />
                          <test-case name="dylan.NET.UnitTests.TestParseUtils.TestProcessStringUTF16(9462)" executed="True" result="Success" success="True" time="0.000" asserts="1" />
                          <test-case name="dylan.NET.UnitTests.TestParseUtils.TestProcessStringUTF16(47808)" executed="True" result="Success" success="True" time="0.000" asserts="1" />
                          <test-case name="dylan.NET.UnitTests.TestParseUtils.TestProcessStringUTF16(47242)" executed="True" result="Success" success="True" time="0.000" asserts="1" />
                          <test-case name="dylan.NET.UnitTests.TestParseUtils.TestProcessStringUTF16(24118)" executed="True" result="Success" success="True" time="0.000" asserts="1" />
                          <test-case name="dylan.NET.UnitTests.TestParseUtils.TestProcessStringUTF16(30270)" executed="True" result="Success" success="True" time="0.000" asserts="1" />
                          <test-case name="dylan.NET.UnitTests.TestParseUtils.TestProcessStringUTF16(64067)" executed="True" result="Success" success="True" time="0.000" asserts="1" />
                          <test-case name="dylan.NET.UnitTests.TestParseUtils.TestProcessStringUTF16(36393)" executed="True" result="Success" success="True" time="0.000" asserts="1" />
                          <test-case name="dylan.NET.UnitTests.TestParseUtils.TestProcessStringUTF16(45980)" executed="True" result="Success" success="True" time="0.000" asserts="1" />
                          <test-case name="dylan.NET.UnitTests.TestParseUtils.TestProcessStringUTF16(59328)" executed="True" result="Success" success="True" time="0.000" asserts="1" />
                          <test-case name="dylan.NET.UnitTests.TestParseUtils.TestProcessStringUTF16(42693)" executed="True" result="Success" success="True" time="0.000" asserts="1" />
                          <test-case name="dylan.NET.UnitTests.TestParseUtils.TestProcessStringUTF16(58142)" executed="True" result="Success" success="True" time="0.000" asserts="1" />
                          <test-case name="dylan.NET.UnitTests.TestParseUtils.TestProcessStringUTF16(11803)" executed="True" result="Success" success="True" time="0.000" asserts="1" />
                          <test-case name="dylan.NET.UnitTests.TestParseUtils.TestProcessStringUTF16(54586)" executed="True" result="Success" success="True" time="0.000" asserts="1" />
                          <test-case name="dylan.NET.UnitTests.TestParseUtils.TestProcessStringUTF16(53292)" executed="True" result="Success" success="True" time="0.000" asserts="1" />
                          <test-case name="dylan.NET.UnitTests.TestParseUtils.TestProcessStringUTF16(44124)" executed="True" result="Success" success="True" time="0.000" asserts="1" />
                          <test-case name="dylan.NET.UnitTests.TestParseUtils.TestProcessStringUTF16(6110)" executed="True" result="Success" success="True" time="0.000" asserts="1" />
                          <test-case name="dylan.NET.UnitTests.TestParseUtils.TestProcessStringUTF16(53100)" executed="True" result="Success" success="True" time="0.000" asserts="1" />
                          <test-case name="dylan.NET.UnitTests.TestParseUtils.TestProcessStringUTF16(54924)" executed="True" result="Success" success="True" time="0.000" asserts="1" />
                          <test-case name="dylan.NET.UnitTests.TestParseUtils.TestProcessStringUTF16(17427)" executed="True" result="Success" success="True" time="0.000" asserts="1" />
                          <test-case name="dylan.NET.UnitTests.TestParseUtils.TestProcessStringUTF16(46909)" executed="True" result="Success" success="True" time="0.000" asserts="1" />
                          <test-case name="dylan.NET.UnitTests.TestParseUtils.TestProcessStringUTF16(47500)" executed="True" result="Success" success="True" time="0.000" asserts="1" />
                          <test-case name="dylan.NET.UnitTests.TestParseUtils.TestProcessStringUTF16(27975)" executed="True" result="Success" success="True" time="0.000" asserts="1" />
                          <test-case name="dylan.NET.UnitTests.TestParseUtils.TestProcessStringUTF16(40763)" executed="True" result="Success" success="True" time="0.000" asserts="1" />
                          <test-case name="dylan.NET.UnitTests.TestParseUtils.TestProcessStringUTF16(25462)" executed="True" result="Success" success="True" time="0.000" asserts="1" />
                          <test-case name="dylan.NET.UnitTests.TestParseUtils.TestProcessStringUTF16(23410)" executed="True" result="Success" success="True" time="0.000" asserts="1" />
                          <test-case name="dylan.NET.UnitTests.TestParseUtils.TestProcessStringUTF16(35189)" executed="True" result="Success" success="True" time="0.000" asserts="1" />
                          <test-case name="dylan.NET.UnitTests.TestParseUtils.TestProcessStringUTF16(55604)" executed="True" result="Success" success="True" time="0.000" asserts="1" />
                          <test-case name="dylan.NET.UnitTests.TestParseUtils.TestProcessStringUTF16(39200)" executed="True" result="Success" success="True" time="0.000" asserts="1" />
                          <test-case name="dylan.NET.UnitTests.TestParseUtils.TestProcessStringUTF16(42573)" executed="True" result="Success" success="True" time="0.000" asserts="1" />
                          <test-case name="dylan.NET.UnitTests.TestParseUtils.TestProcessStringUTF16(60577)" executed="True" result="Success" success="True" time="0.000" asserts="1" />
                          <test-case name="dylan.NET.UnitTests.TestParseUtils.TestProcessStringUTF16(5737)" executed="True" result="Success" success="True" time="0.000" asserts="1" />
                          <test-case name="dylan.NET.UnitTests.TestParseUtils.TestProcessStringUTF16(56662)" executed="True" result="Success" success="True" time="0.000" asserts="1" />
                          <test-case name="dylan.NET.UnitTests.TestParseUtils.TestProcessStringUTF16(23501)" executed="True" result="Success" success="True" time="0.000" asserts="1" />
                          <test-case name="dylan.NET.UnitTests.TestParseUtils.TestProcessStringUTF16(19504)" executed="True" result="Success" success="True" time="0.000" asserts="1" />
                          <test-case name="dylan.NET.UnitTests.TestParseUtils.TestProcessStringUTF16(60477)" executed="True" result="Success" success="True" time="0.000" asserts="1" />
                          <test-case name="dylan.NET.UnitTests.TestParseUtils.TestProcessStringUTF16(12714)" executed="True" result="Success" success="True" time="0.000" asserts="1" />
                          <test-case name="dylan.NET.UnitTests.TestParseUtils.TestProcessStringUTF16(34348)" executed="True" result="Success" success="True" time="0.000" asserts="1" />
                          <test-case name="dylan.NET.UnitTests.TestParseUtils.TestProcessStringUTF16(46929)" executed="True" result="Success" success="True" time="0.000" asserts="1" />
                          <test-case name="dylan.NET.UnitTests.TestParseUtils.TestProcessStringUTF16(57249)" executed="True" result="Success" success="True" time="0.000" asserts="1" />
                          <test-case name="dylan.NET.UnitTests.TestParseUtils.TestProcessStringUTF16(49087)" executed="True" result="Success" success="True" time="0.000" asserts="1" />
                          <test-case name="dylan.NET.UnitTests.TestParseUtils.TestProcessStringUTF16(24771)" executed="True" result="Success" success="True" time="0.000" asserts="1" />
                          <test-case name="dylan.NET.UnitTests.TestParseUtils.TestProcessStringUTF16(2666)" executed="True" result="Success" success="True" time="0.000" asserts="1" />
                          <test-case name="dylan.NET.UnitTests.TestParseUtils.TestProcessStringUTF16(29771)" executed="True" result="Success" success="True" time="0.000" asserts="1" />
                          <test-case name="dylan.NET.UnitTests.TestParseUtils.TestProcessStringUTF16(47176)" executed="True" result="Success" success="True" time="0.000" asserts="1" />
                          <test-case name="dylan.NET.UnitTests.TestParseUtils.TestProcessStringUTF16(9933)" executed="True" result="Success" success="True" time="0.000" asserts="1" />
                          <test-case name="dylan.NET.UnitTests.TestParseUtils.TestProcessStringUTF16(57307)" executed="True" result="Success" success="True" time="0.000" asserts="1" />
                          <test-case name="dylan.NET.UnitTests.TestParseUtils.TestProcessStringUTF16(32986)" executed="True" result="Success" success="True" time="0.000" asserts="1" />
                          <test-case name="dylan.NET.UnitTests.TestParseUtils.TestProcessStringUTF16(34432)" executed="True" result="Success" success="True" time="0.000" asserts="1" />
                          <test-case name="dylan.NET.UnitTests.TestParseUtils.TestProcessStringUTF16(62931)" executed="True" result="Success" success="True" time="0.000" asserts="1" />
                          <test-case name="dylan.NET.UnitTests.TestParseUtils.TestProcessStringUTF16(39802)" executed="True" result="Success" success="True" time="0.000" asserts="1" />
                          <test-case name="dylan.NET.UnitTests.TestParseUtils.TestProcessStringUTF16(12271)" executed="True" result="Success" success="True" time="0.000" asserts="1" />
                          <test-case name="dylan.NET.UnitTests.TestParseUtils.TestProcessStringUTF16(4073)" executed="True" result="Success" success="True" time="0.000" asserts="1" />
                          <test-case name="dylan.NET.UnitTests.TestParseUtils.TestProcessStringUTF16(25990)" executed="True" result="Success" success="True" time="0.000" asserts="1" />
                          <test-case name="dylan.NET.UnitTests.TestParseUtils.TestProcessStringUTF16(22688)" executed="True" result="Success" success="True" time="0.000" asserts="1" />
                          <test-case name="dylan.NET.UnitTests.TestParseUtils.TestProcessStringUTF16(16889)" executed="True" result="Success" success="True" time="0.000" asserts="1" />
                          <test-case name="dylan.NET.UnitTests.TestParseUtils.TestProcessStringUTF16(18335)" executed="True" result="Success" success="True" time="0.000" asserts="1" />
                          <test-case name="dylan.NET.UnitTests.TestParseUtils.TestProcessStringUTF16(24306)" executed="True" result="Success" success="True" time="0.000" asserts="1" />
                          <test-case name="dylan.NET.UnitTests.TestParseUtils.TestProcessStringUTF16(27737)" executed="True" result="Success" success="True" time="0.000" asserts="1" />
                          <test-case name="dylan.NET.UnitTests.TestParseUtils.TestProcessStringUTF16(29175)" executed="True" result="Success" success="True" time="0.000" asserts="1" />
                          <test-case name="dylan.NET.UnitTests.TestParseUtils.TestProcessStringUTF16(17555)" executed="True" result="Success" success="True" time="0.000" asserts="1" />
                          <test-case name="dylan.NET.UnitTests.TestParseUtils.TestProcessStringUTF16(29719)" executed="True" result="Success" success="True" time="0.000" asserts="1" />
                          <test-case name="dylan.NET.UnitTests.TestParseUtils.TestProcessStringUTF16(54998)" executed="True" result="Success" success="True" time="0.000" asserts="1" />
                          <test-case name="dylan.NET.UnitTests.TestParseUtils.TestProcessStringUTF16(54266)" executed="True" result="Success" success="True" time="0.000" asserts="1" />
                          <test-case name="dylan.NET.UnitTests.TestParseUtils.TestProcessStringUTF16(10241)" executed="True" result="Success" success="True" time="0.000" asserts="1" />
                          <test-case name="dylan.NET.UnitTests.TestParseUtils.TestProcessStringUTF16(17922)" executed="True" result="Success" success="True" time="0.000" asserts="1" />
                          <test-case name="dylan.NET.UnitTests.TestParseUtils.TestProcessStringUTF16(55476)" executed="True" result="Success" success="True" time="0.000" asserts="1" />
                          <test-case name="dylan.NET.UnitTests.TestParseUtils.TestProcessStringUTF16(47566)" executed="True" result="Success" success="True" time="0.000" asserts="1" />
                          <test-case name="dylan.NET.UnitTests.TestParseUtils.TestProcessStringUTF16(7409)" executed="True" result="Success" success="True" time="0.000" asserts="1" />
                          <test-case name="dylan.NET.UnitTests.TestParseUtils.TestProcessStringUTF16(43358)" executed="True" result="Success" success="True" time="0.000" asserts="1" />
                          <test-case name="dylan.NET.UnitTests.TestParseUtils.TestProcessStringUTF16(52351)" executed="True" result="Success" success="True" time="0.000" asserts="1" />
                          <test-case name="dylan.NET.UnitTests.TestParseUtils.TestProcessStringUTF16(38658)" executed="True" result="Success" success="True" time="0.000" asserts="1" />
                          <test-case name="dylan.NET.UnitTests.TestParseUtils.TestProcessStringUTF16(18668)" executed="True" result="Success" success="True" time="0.000" asserts="1" />
                          <test-case name="dylan.NET.UnitTests.TestParseUtils.TestProcessStringUTF16(57528)" executed="True" result="Success" success="True" time="0.000" asserts="1" />
                          <test-case name="dylan.NET.UnitTests.TestParseUtils.TestProcessStringUTF16(43159)" executed="True" result="Success" success="True" time="0.000" asserts="1" />
                          <test-case name="dylan.NET.UnitTests.TestParseUtils.TestProcessStringUTF16(34638)" executed="True" result="Success" success="True" time="0.000" asserts="1" />
                          <test-case name="dylan.NET.UnitTests.TestParseUtils.TestProcessStringUTF16(43427)" executed="True" result="Success" success="True" time="0.000" asserts="1" />
                          <test-case name="dylan.NET.UnitTests.TestParseUtils.TestProcessStringUTF16(1985)" executed="True" result="Success" success="True" time="0.000" asserts="1" />
                          <test-case name="dylan.NET.UnitTests.TestParseUtils.TestProcessStringUTF16(18075)" executed="True" result="Success" success="True" time="0.000" asserts="1" />
                          <test-case name="dylan.NET.UnitTests.TestParseUtils.TestProcessStringUTF16(8572)" executed="True" result="Success" success="True" time="0.000" asserts="1" />
                          <test-case name="dylan.NET.UnitTests.TestParseUtils.TestProcessStringUTF16(5075)" executed="True" result="Success" success="True" time="0.000" asserts="1" />
                          <test-case name="dylan.NET.UnitTests.TestParseUtils.TestProcessStringUTF16(10882)" executed="True" result="Success" success="True" time="0.000" asserts="1" />
                          <test-case name="dylan.NET.UnitTests.TestParseUtils.TestProcessStringUTF16(27866)" executed="True" result="Success" success="True" time="0.000" asserts="1" />
                          <test-case name="dylan.NET.UnitTests.TestParseUtils.TestProcessStringUTF16(10024)" executed="True" result="Success" success="True" time="0.000" asserts="1" />
                          <test-case name="dylan.NET.UnitTests.TestParseUtils.TestProcessStringUTF16(25017)" executed="True" result="Success" success="True" time="0.000" asserts="1" />
                          <test-case name="dylan.NET.UnitTests.TestParseUtils.TestProcessStringUTF16(30857)" executed="True" result="Success" success="True" time="0.000" asserts="1" />
                          <test-case name="dylan.NET.UnitTests.TestParseUtils.TestProcessStringUTF16(16274)" executed="True" result="Success" success="True" time="0.000" asserts="1" />
                          <test-case name="dylan.NET.UnitTests.TestParseUtils.TestProcessStringUTF16(2395)" executed="True" result="Success" success="True" time="0.000" asserts="1" />
                          <test-case name="dylan.NET.UnitTests.TestParseUtils.TestProcessStringUTF16(13259)" executed="True" result="Success" success="True" time="0.000" asserts="1" />
                          <test-case name="dylan.NET.UnitTests.TestParseUtils.TestProcessStringUTF16(1582)" executed="True" result="Success" success="True" time="0.000" asserts="1" />
                          <test-case name="dylan.NET.UnitTests.TestParseUtils.TestProcessStringUTF16(5001)" executed="True" result="Success" success="True" time="0.000" asserts="1" />
                          <test-case name="dylan.NET.UnitTests.TestParseUtils.TestProcessStringUTF16(30682)" executed="True" result="Success" success="True" time="0.000" asserts="1" />
                          <test-case name="dylan.NET.UnitTests.TestParseUtils.TestProcessStringUTF16(26938)" executed="True" result="Success" success="True" time="0.000" asserts="1" />
                          <test-case name="dylan.NET.UnitTests.TestParseUtils.TestProcessStringUTF16(3570)" executed="True" result="Success" success="True" time="0.000" asserts="1" />
                          <test-case name="dylan.NET.UnitTests.TestParseUtils.TestProcessStringUTF16(4897)" executed="True" result="Success" success="True" time="0.000" asserts="1" />
                          <test-case name="dylan.NET.UnitTests.TestParseUtils.TestProcessStringUTF16(10428)" executed="True" result="Success" success="True" time="0.000" asserts="1" />
                          <test-case name="dylan.NET.UnitTests.TestParseUtils.TestProcessStringUTF16(6102)" executed="True" result="Success" success="True" time="0.000" asserts="1" />
                          <test-case name="dylan.NET.UnitTests.TestParseUtils.TestProcessStringUTF16(10672)" executed="True" result="Success" success="True" time="0.000" asserts="1" />
                          <test-case name="dylan.NET.UnitTests.TestParseUtils.TestProcessStringUTF16(52147)" executed="True" result="Success" success="True" time="0.000" asserts="1" />
                          <test-case name="dylan.NET.UnitTests.TestParseUtils.TestProcessStringUTF16(12538)" executed="True" result="Success" success="True" time="0.000" asserts="1" />
                          <test-case name="dylan.NET.UnitTests.TestParseUtils.TestProcessStringUTF16(32040)" executed="True" result="Success" success="True" time="0.000" asserts="1" />
                          <test-case name="dylan.NET.UnitTests.TestParseUtils.TestProcessStringUTF16(55322)" executed="True" result="Success" success="True" time="0.000" asserts="1" />
                          <test-case name="dylan.NET.UnitTests.TestParseUtils.TestProcessStringUTF16(14910)" executed="True" result="Success" success="True" time="0.000" asserts="1" />
                          <test-case name="dylan.NET.UnitTests.TestParseUtils.TestProcessStringUTF16(25859)" executed="True" result="Success" success="True" time="0.000" asserts="1" />
                          <test-case name="dylan.NET.UnitTests.TestParseUtils.TestProcessStringUTF16(57856)" executed="True" result="Success" success="True" time="0.000" asserts="1" />
                          <test-case name="dylan.NET.UnitTests.TestParseUtils.TestProcessStringUTF16(28920)" executed="True" result="Success" success="True" time="0.000" asserts="1" />
                          <test-case name="dylan.NET.UnitTests.TestParseUtils.TestProcessStringUTF16(49940)" executed="True" result="Success" success="True" time="0.000" asserts="1" />
                          <test-case name="dylan.NET.UnitTests.TestParseUtils.TestProcessStringUTF16(59584)" executed="True" result="Success" success="True" time="0.000" asserts="1" />
                          <test-case name="dylan.NET.UnitTests.TestParseUtils.TestProcessStringUTF16(972)" executed="True" result="Success" success="True" time="0.000" asserts="1" />
                          <test-case name="dylan.NET.UnitTests.TestParseUtils.TestProcessStringUTF16(57365)" executed="True" result="Success" success="True" time="0.000" asserts="1" />
                          <test-case name="dylan.NET.UnitTests.TestParseUtils.TestProcessStringUTF16(615)" executed="True" result="Success" success="True" time="0.000" asserts="1" />
                          <test-case name="dylan.NET.UnitTests.TestParseUtils.TestProcessStringUTF16(15939)" executed="True" result="Success" success="True" time="0.000" asserts="1" />
                          <test-case name="dylan.NET.UnitTests.TestParseUtils.TestProcessStringUTF16(11046)" executed="True" result="Success" success="True" time="0.000" asserts="1" />
                          <test-case name="dylan.NET.UnitTests.TestParseUtils.TestProcessStringUTF16(26155)" executed="True" result="Success" success="True" time="0.000" asserts="1" />
                          <test-case name="dylan.NET.UnitTests.TestParseUtils.TestProcessStringUTF16(24174)" executed="True" result="Success" success="True" time="0.000" asserts="1" />
                          <test-case name="dylan.NET.UnitTests.TestParseUtils.TestProcessStringUTF16(52407)" executed="True" result="Success" success="True" time="0.000" asserts="1" />
                          <test-case name="dylan.NET.UnitTests.TestParseUtils.TestProcessStringUTF16(2780)" executed="True" result="Success" success="True" time="0.000" asserts="1" />
                          <test-case name="dylan.NET.UnitTests.TestParseUtils.TestProcessStringUTF16(51427)" executed="True" result="Success" success="True" time="0.000" asserts="1" />
                          <test-case name="dylan.NET.UnitTests.TestParseUtils.TestProcessStringUTF16(49368)" executed="True" result="Success" success="True" time="0.000" asserts="1" />
                          <test-case name="dylan.NET.UnitTests.TestParseUtils.TestProcessStringUTF16(65348)" executed="True" result="Success" success="True" time="0.000" asserts="1" />
                          <test-case name="dylan.NET.UnitTests.TestParseUtils.TestProcessStringUTF16(11819)" executed="True" result="Success" success="True" time="0.000" asserts="1" />
                          <test-case name="dylan.NET.UnitTests.TestParseUtils.TestProcessStringUTF16(44803)" executed="True" result="Success" success="True" time="0.000" asserts="1" />
                          <test-case name="dylan.NET.UnitTests.TestParseUtils.TestProcessStringUTF16(60954)" executed="True" result="Success" success="True" time="0.000" asserts="1" />
                          <test-case name="dylan.NET.UnitTests.TestParseUtils.TestProcessStringUTF16(60406)" executed="True" result="Success" success="True" time="0.000" asserts="1" />
                          <test-case name="dylan.NET.UnitTests.TestParseUtils.TestProcessStringUTF16(11318)" executed="True" result="Success" success="True" time="0.000" asserts="1" />
                          <test-case name="dylan.NET.UnitTests.TestParseUtils.TestProcessStringUTF16(62564)" executed="True" result="Success" success="True" time="0.000" asserts="1" />
                          <test-case name="dylan.NET.UnitTests.TestParseUtils.TestProcessStringUTF16(23747)" executed="True" result="Success" success="True" time="0.000" asserts="1" />
                          <test-case name="dylan.NET.UnitTests.TestParseUtils.TestProcessStringUTF16(58344)" executed="True" result="Success" success="True" time="0.000" asserts="1" />
                          <test-case name="dylan.NET.UnitTests.TestParseUtils.TestProcessStringUTF16(65206)" executed="True" result="Success" success="True" time="0.000" asserts="1" />
                          <test-case name="dylan.NET.UnitTests.TestParseUtils.TestProcessStringUTF16(14239)" executed="True" result="Success" success="True" time="0.000" asserts="1" />
                          <test-case name="dylan.NET.UnitTests.TestParseUtils.TestProcessStringUTF16(50232)" executed="True" result="Success" success="True" time="0.000" asserts="1" />
                          <test-case name="dylan.NET.UnitTests.TestParseUtils.TestProcessStringUTF16(49378)" executed="True" result="Success" success="True" time="0.000" asserts="1" />
                          <test-case name="dylan.NET.UnitTests.TestParseUtils.TestProcessStringUTF16(1012)" executed="True" result="Success" success="True" time="0.000" asserts="1" />
                          <test-case name="dylan.NET.UnitTests.TestParseUtils.TestProcessStringUTF16(26245)" executed="True" result="Success" success="True" time="0.000" asserts="1" />
                          <test-case name="dylan.NET.UnitTests.TestParseUtils.TestProcessStringUTF16(7957)" executed="True" result="Success" success="True" time="0.000" asserts="1" />
                          <test-case name="dylan.NET.UnitTests.TestParseUtils.TestProcessStringUTF16(54670)" executed="True" result="Success" success="True" time="0.000" asserts="1" />
                          <test-case name="dylan.NET.UnitTests.TestParseUtils.TestProcessStringUTF16(65370)" executed="True" result="Success" success="True" time="0.000" asserts="1" />
                          <test-case name="dylan.NET.UnitTests.TestParseUtils.TestProcessStringUTF16(1710)" executed="True" result="Success" success="True" time="0.000" asserts="1" />
                          <test-case name="dylan.NET.UnitTests.TestParseUtils.TestProcessStringUTF16(51384)" executed="True" result="Success" success="True" time="0.000" asserts="1" />
                          <test-case name="dylan.NET.UnitTests.TestParseUtils.TestProcessStringUTF16(38144)" executed="True" result="Success" success="True" time="0.000" asserts="1" />
                          <test-case name="dylan.NET.UnitTests.TestParseUtils.TestProcessStringUTF16(28076)" executed="True" result="Success" success="True" time="0.000" asserts="1" />
                          <test-case name="dylan.NET.UnitTests.TestParseUtils.TestProcessStringUTF16(30382)" executed="True" result="Success" success="True" time="0.000" asserts="1" />
                          <test-case name="dylan.NET.UnitTests.TestParseUtils.TestProcessStringUTF16(18562)" executed="True" result="Success" success="True" time="0.000" asserts="1" />
                          <test-case name="dylan.NET.UnitTests.TestParseUtils.TestProcessStringUTF16(13446)" executed="True" result="Success" success="True" time="0.000" asserts="1" />
                          <test-case name="dylan.NET.UnitTests.TestParseUtils.TestProcessStringUTF16(55298)" executed="True" result="Success" success="True" time="0.000" asserts="1" />
                          <test-case name="dylan.NET.UnitTests.TestParseUtils.TestProcessStringUTF16(25733)" executed="True" result="Success" success="True" time="0.000" asserts="1" />
                          <test-case name="dylan.NET.UnitTests.TestParseUtils.TestProcessStringUTF16(35263)" executed="True" result="Success" success="True" time="0.000" asserts="1" />
                          <test-case name="dylan.NET.UnitTests.TestParseUtils.TestProcessStringUTF16(32067)" executed="True" result="Success" success="True" time="0.000" asserts="1" />
                          <test-case name="dylan.NET.UnitTests.TestParseUtils.TestProcessStringUTF16(57787)" executed="True" result="Success" success="True" time="0.000" asserts="1" />
                          <test-case name="dylan.NET.UnitTests.TestParseUtils.TestProcessStringUTF16(7868)" executed="True" result="Success" success="True" time="0.000" asserts="1" />
                          <test-case name="dylan.NET.UnitTests.TestParseUtils.TestProcessStringUTF16(52215)" executed="True" result="Success" success="True" time="0.000" asserts="1" />
                          <test-case name="dylan.NET.UnitTests.TestParseUtils.TestProcessStringUTF16(13293)" executed="True" result="Success" success="True" time="0.000" asserts="1" />
                          <test-case name="dylan.NET.UnitTests.TestParseUtils.TestProcessStringUTF16(11001)" executed="True" result="Success" success="True" time="0.000" asserts="1" />
                          <test-case name="dylan.NET.UnitTests.TestParseUtils.TestProcessStringUTF16(37907)" executed="True" result="Success" success="True" time="0.000" asserts="1" />
                          <test-case name="dylan.NET.UnitTests.TestParseUtils.TestProcessStringUTF16(27840)" executed="True" result="Success" success="True" time="0.000" asserts="1" />
                          <test-case name="dylan.NET.UnitTests.TestParseUtils.TestProcessStringUTF16(48197)" executed="True" result="Success" success="True" time="0.000" asserts="1" />
                          <test-case name="dylan.NET.UnitTests.TestParseUtils.TestProcessStringUTF16(54310)" executed="True" result="Success" success="True" time="0.000" asserts="1" />
                          <test-case name="dylan.NET.UnitTests.TestParseUtils.TestProcessStringUTF16(54200)" executed="True" result="Success" success="True" time="0.000" asserts="1" />
                          <test-case name="dylan.NET.UnitTests.TestParseUtils.TestProcessStringUTF16(17901)" executed="True" result="Success" success="True" time="0.000" asserts="1" />
                          <test-case name="dylan.NET.UnitTests.TestParseUtils.TestProcessStringUTF16(3185)" executed="True" result="Success" success="True" time="0.000" asserts="1" />
                          <test-case name="dylan.NET.UnitTests.TestParseUtils.TestProcessStringUTF16(29084)" executed="True" result="Success" success="True" time="0.000" asserts="1" />
                          <test-case name="dylan.NET.UnitTests.TestParseUtils.TestProcessStringUTF16(48229)" executed="True" result="Success" success="True" time="0.000" asserts="1" />
                          <test-case name="dylan.NET.UnitTests.TestParseUtils.TestProcessStringUTF16(8199)" executed="True" result="Success" success="True" time="0.000" asserts="1" />
                          <test-case name="dylan.NET.UnitTests.TestParseUtils.TestProcessStringUTF16(28363)" executed="True" result="Success" success="True" time="0.000" asserts="1" />
                          <test-case name="dylan.NET.UnitTests.TestParseUtils.TestProcessStringUTF16(29288)" executed="True" result="Success" success="True" time="0.000" asserts="1" />
                          <test-case name="dylan.NET.UnitTests.TestParseUtils.TestProcessStringUTF16(35767)" executed="True" result="Success" success="True" time="0.000" asserts="1" />
                          <test-case name="dylan.NET.UnitTests.TestParseUtils.TestProcessStringUTF16(62912)" executed="True" result="Success" success="True" time="0.000" asserts="1" />
                          <test-case name="dylan.NET.UnitTests.TestParseUtils.TestProcessStringUTF16(63134)" executed="True" result="Success" success="True" time="0.000" asserts="1" />
                          <test-case name="dylan.NET.UnitTests.TestParseUtils.TestProcessStringUTF16(36392)" executed="True" result="Success" success="True" time="0.000" asserts="1" />
                          <test-case name="dylan.NET.UnitTests.TestParseUtils.TestProcessStringUTF16(63976)" executed="True" result="Success" success="True" time="0.000" asserts="1" />
                          <test-case name="dylan.NET.UnitTests.TestParseUtils.TestProcessStringUTF16(17144)" executed="True" result="Success" success="True" time="0.000" asserts="1" />
                          <test-case name="dylan.NET.UnitTests.TestParseUtils.TestProcessStringUTF16(36248)" executed="True" result="Success" success="True" time="0.000" asserts="1" />
                          <test-case name="dylan.NET.UnitTests.TestParseUtils.TestProcessStringUTF16(59174)" executed="True" result="Success" success="True" time="0.000" asserts="1" />
                          <test-case name="dylan.NET.UnitTests.TestParseUtils.TestProcessStringUTF16(41500)" executed="True" result="Success" success="True" time="0.000" asserts="1" />
                          <test-case name="dylan.NET.UnitTests.TestParseUtils.TestProcessStringUTF16(13132)" executed="True" result="Success" success="True" time="0.000" asserts="1" />
                          <test-case name="dylan.NET.UnitTests.TestParseUtils.TestProcessStringUTF16(64061)" executed="True" result="Success" success="True" time="0.000" asserts="1" />
                          <test-case name="dylan.NET.UnitTests.TestParseUtils.TestProcessStringUTF16(33802)" executed="True" result="Success" success="True" time="0.000" asserts="1" />
                          <test-case name="dylan.NET.UnitTests.TestParseUtils.TestProcessStringUTF16(23046)" executed="True" result="Success" success="True" time="0.000" asserts="1" />
                          <test-case name="dylan.NET.UnitTests.TestParseUtils.TestProcessStringUTF16(32565)" executed="True" result="Success" success="True" time="0.000" asserts="1" />
                          <test-case name="dylan.NET.UnitTests.TestParseUtils.TestProcessStringUTF16(28656)" executed="True" result="Success" success="True" time="0.000" asserts="1" />
                          <test-case name="dylan.NET.UnitTests.TestParseUtils.TestProcessStringUTF16(8253)" executed="True" result="Success" success="True" time="0.000" asserts="1" />
                          <test-case name="dylan.NET.UnitTests.TestParseUtils.TestProcessStringUTF16(35082)" executed="True" result="Success" success="True" time="0.000" asserts="1" />
                          <test-case name="dylan.NET.UnitTests.TestParseUtils.TestProcessStringUTF16(40442)" executed="True" result="Success" success="True" time="0.000" asserts="1" />
                          <test-case name="dylan.NET.UnitTests.TestParseUtils.TestProcessStringUTF16(62021)" executed="True" result="Success" success="True" time="0.000" asserts="1" />
                          <test-case name="dylan.NET.UnitTests.TestParseUtils.TestProcessStringUTF16(50690)" executed="True" result="Success" success="True" time="0.000" asserts="1" />
                          <test-case name="dylan.NET.UnitTests.TestParseUtils.TestProcessStringUTF16(2003)" executed="True" result="Success" success="True" time="0.000" asserts="1" />
                          <test-case name="dylan.NET.UnitTests.TestParseUtils.TestProcessStringUTF16(41179)" executed="True" result="Success" success="True" time="0.000" asserts="1" />
                          <test-case name="dylan.NET.UnitTests.TestParseUtils.TestProcessStringUTF16(38183)" executed="True" result="Success" success="True" time="0.000" asserts="1" />
                          <test-case name="dylan.NET.UnitTests.TestParseUtils.TestProcessStringUTF16(62491)" executed="True" result="Success" success="True" time="0.000" asserts="1" />
                          <test-case name="dylan.NET.UnitTests.TestParseUtils.TestProcessStringUTF16(37725)" executed="True" result="Success" success="True" time="0.000" asserts="1" />
                          <test-case name="dylan.NET.UnitTests.TestParseUtils.TestProcessStringUTF16(57293)" executed="True" result="Success" success="True" time="0.000" asserts="1" />
                          <test-case name="dylan.NET.UnitTests.TestParseUtils.TestProcessStringUTF16(2236)" executed="True" result="Success" success="True" time="0.000" asserts="1" />
                          <test-case name="dylan.NET.UnitTests.TestParseUtils.TestProcessStringUTF16(30853)" executed="True" result="Success" success="True" time="0.000" asserts="1" />
                          <test-case name="dylan.NET.UnitTests.TestParseUtils.TestProcessStringUTF16(52943)" executed="True" result="Success" success="True" time="0.000" asserts="1" />
                          <test-case name="dylan.NET.UnitTests.TestParseUtils.TestProcessStringUTF16(21000)" executed="True" result="Success" success="True" time="0.000" asserts="1" />
                          <test-case name="dylan.NET.UnitTests.TestParseUtils.TestProcessStringUTF16(57363)" executed="True" result="Success" success="True" time="0.000" asserts="1" />
                          <test-case name="dylan.NET.UnitTests.TestParseUtils.TestProcessStringUTF16(36742)" executed="True" result="Success" success="True" time="0.000" asserts="1" />
                          <test-case name="dylan.NET.UnitTests.TestParseUtils.TestProcessStringUTF16(42596)" executed="True" result="Success" success="True" time="0.000" asserts="1" />
                          <test-case name="dylan.NET.UnitTests.TestParseUtils.TestProcessStringUTF16(314)" executed="True" result="Success" success="True" time="0.000" asserts="1" />
                          <test-case name="dylan.NET.UnitTests.TestParseUtils.TestProcessStringUTF16(56771)" executed="True" result="Success" success="True" time="0.000" asserts="1" />
                          <test-case name="dylan.NET.UnitTests.TestParseUtils.TestProcessStringUTF16(57465)" executed="True" result="Success" success="True" time="0.000" asserts="1" />
                          <test-case name="dylan.NET.UnitTests.TestParseUtils.TestProcessStringUTF16(12216)" executed="True" result="Success" success="True" time="0.000" asserts="1" />
                          <test-case name="dylan.NET.UnitTests.TestParseUtils.TestProcessStringUTF16(65036)" executed="True" result="Success" success="True" time="0.000" asserts="1" />
                          <test-case name="dylan.NET.UnitTests.TestParseUtils.TestProcessStringUTF16(29131)" executed="True" result="Success" success="True" time="0.000" asserts="1" />
                          <test-case name="dylan.NET.UnitTests.TestParseUtils.TestProcessStringUTF16(65149)" executed="True" result="Success" success="True" time="0.000" asserts="1" />
                          <test-case name="dylan.NET.UnitTests.TestParseUtils.TestProcessStringUTF16(17133)" executed="True" result="Success" success="True" time="0.000" asserts="1" />
                          <test-case name="dylan.NET.UnitTests.TestParseUtils.TestProcessStringUTF16(38385)" executed="True" result="Success" success="True" time="0.000" asserts="1" />
                        </results>
                      </test-suite>
                      <test-case name="dylan.NET.UnitTests.TestParseUtils.TestProcessStringVT" executed="True" result="Success" success="True" time="0.001" asserts="1" />
                      <test-case name="dylan.NET.UnitTests.TestParseUtils.TestProcessStringX1" executed="True" result="Success" success="True" time="0.000" asserts="1" />
                      <test-case name="dylan.NET.UnitTests.TestParseUtils.TestProcessStringX2" executed="True" result="Success" success="True" time="0.000" asserts="1" />
                      <test-case name="dylan.NET.UnitTests.TestParseUtils.TestProcessStringX3" executed="True" result="Success" success="True" time="0.000" asserts="1" />
                      <test-case name="dylan.NET.UnitTests.TestParseUtils.TestProcessStringX4" executed="True" result="Success" success="True" time="0.000" asserts="1" />
                      <test-case name="dylan.NET.UnitTests.TestParseUtils.TestStringParser2dsCQ" executed="True" result="Success" success="True" time="0.009" asserts="1" />
                      <test-case name="dylan.NET.UnitTests.TestParseUtils.TestStringParserCQ" executed="True" result="Success" success="True" time="0.000" asserts="1" />
                      <test-case name="dylan.NET.UnitTests.TestParseUtils.TestStringParserNoQ" executed="True" result="Success" success="True" time="0.000" asserts="1" />
                      <test-case name="dylan.NET.UnitTests.TestParseUtils.TestStringParserQ" executed="True" result="Success" success="True" time="0.000" asserts="1" />
                    </results>
                  </test-suite>
                  <test-suite type="TestFixture" name="TestStreamUtils" executed="True" result="Success" success="True" time="0.007" asserts="0">
                    <results>
                      <test-case name="dylan.NET.UnitTests.TestStreamUtils.TestCloseInS" executed="True" result="Success" success="True" time="0.001" asserts="1" />
                      <test-case name="dylan.NET.UnitTests.TestStreamUtils.TestCloseOutS" executed="True" result="Success" success="True" time="0.000" asserts="1" />
                      <test-case name="dylan.NET.UnitTests.TestStreamUtils.TestInitInS" executed="True" result="Success" success="True" time="0.000" asserts="1" />
                      <test-case name="dylan.NET.UnitTests.TestStreamUtils.TestInitOutS" executed="True" result="Success" success="True" time="0.000" asserts="1" />
                      <test-case name="dylan.NET.UnitTests.TestStreamUtils.TestReadLine" executed="True" result="Success" success="True" time="0.001" asserts="1" />
                      <test-case name="dylan.NET.UnitTests.TestStreamUtils.TestWrite" executed="True" result="Success" success="True" time="0.000" asserts="1" />
                      <test-case name="dylan.NET.UnitTests.TestStreamUtils.TestWriteLine" executed="True" result="Success" success="True" time="0.000" asserts="1" />
                    </results>
                  </test-suite>
                </results>
              </test-suite>
            </results>
          </test-suite>
        </results>
      </test-suite>
    </results>
  </test-suite>
</test-results>