<?xml version="1.0" encoding="utf-8" standalone="no"?>
<!--This file represents the results of running a test suite-->
<test-results name="/var/www/Code/dylannet/dylandotnet/compiler/unit/unit.dll" total="785" errors="0" failures="0" not-run="0" inconclusive="0" ignored="0" skipped="0" invalid="0" date="2013-02-17" time="23:03:59">
  <environment nunit-version="2.6.0.0" clr-version="4.0.30319.17020" os-version="Unix 3.8.0.6" platform="Unix" cwd="/var/www/Code/dylannet/dylandotnet/compiler/unit" machine-name="ubuntu-server" user="dylan" user-domain="ubuntu-server" />
  <culture-info current-culture="en-GB" current-uiculture="en-GB" />
  <test-suite type="Assembly" name="/var/www/Code/dylannet/dylandotnet/compiler/unit/unit.dll" executed="True" result="Success" success="True" time="0.632" asserts="0">
    <results>
      <test-suite type="Namespace" name="dylan" executed="True" result="Success" success="True" time="0.626" asserts="0">
        <results>
          <test-suite type="Namespace" name="NET" executed="True" result="Success" success="True" time="0.626" asserts="0">
            <results>
              <test-suite type="Namespace" name="UnitTests" executed="True" result="Success" success="True" time="0.625" asserts="0">
                <results>
                  <test-suite type="TestFixture" name="TestParseUtils" executed="True" result="Success" success="True" time="0.575" asserts="0">
                    <results>
                      <test-case name="dylan.NET.UnitTests.TestParseUtils.TestProcessStringA" executed="True" result="Success" success="True" time="0.011" asserts="1" />
                      <test-case name="dylan.NET.UnitTests.TestParseUtils.TestProcessStringBS" executed="True" result="Success" success="True" time="0.000" asserts="1" />
                      <test-case name="dylan.NET.UnitTests.TestParseUtils.TestProcessStringBSL" executed="True" result="Success" success="True" time="0.000" asserts="1" />
                      <test-case name="dylan.NET.UnitTests.TestParseUtils.TestProcessStringCR" executed="True" result="Success" success="True" time="0.000" asserts="1" />
                      <test-suite type="ParameterizedTest" name="TestProcessStringExtASCII" executed="True" result="Success" success="True" time="0.163" asserts="0">
                        <results>
                          <test-case name="dylan.NET.UnitTests.TestParseUtils.TestProcessStringExtASCII(0)" executed="True" result="Success" success="True" time="0.003" asserts="1" />
                          <test-case name="dylan.NET.UnitTests.TestParseUtils.TestProcessStringExtASCII(1)" executed="True" result="Success" success="True" time="0.000" asserts="1" />
                          <test-case name="dylan.NET.UnitTests.TestParseUtils.TestProcessStringExtASCII(2)" executed="True" result="Success" success="True" time="0.000" asserts="1" />
                          <test-case name="dylan.NET.UnitTests.TestParseUtils.TestProcessStringExtASCII(3)" executed="True" result="Success" success="True" time="0.000" asserts="1" />
                          <test-case name="dylan.NET.UnitTests.TestParseUtils.TestProcessStringExtASCII(4)" executed="True" result="Success" success="True" time="0.000" asserts="1" />
                          <test-case name="dylan.NET.UnitTests.TestParseUtils.TestProcessStringExtASCII(5)" executed="True" result="Success" success="True" time="0.000" asserts="1" />
                          <test-case name="dylan.NET.UnitTests.TestParseUtils.TestProcessStringExtASCII(6)" executed="True" result="Success" success="True" time="0.000" asserts="1" />
                          <test-case name="dylan.NET.UnitTests.TestParseUtils.TestProcessStringExtASCII(7)" executed="True" result="Success" success="True" time="0.000" asserts="1" />
                          <test-case name="dylan.NET.UnitTests.TestParseUtils.TestProcessStringExtASCII(8)" executed="True" result="Success" success="True" time="0.000" asserts="1" />
                          <test-case name="dylan.NET.UnitTests.TestParseUtils.TestProcessStringExtASCII(9)" executed="True" result="Success" success="True" time="0.000" asserts="1" />
                          <test-case name="dylan.NET.UnitTests.TestParseUtils.TestProcessStringExtASCII(10)" executed="True" result="Success" success="True" time="0.000" asserts="1" />
                          <test-case name="dylan.NET.UnitTests.TestParseUtils.TestProcessStringExtASCII(11)" executed="True" result="Success" success="True" time="0.000" asserts="1" />
                          <test-case name="dylan.NET.UnitTests.TestParseUtils.TestProcessStringExtASCII(12)" executed="True" result="Success" success="True" time="0.000" asserts="1" />
                          <test-case name="dylan.NET.UnitTests.TestParseUtils.TestProcessStringExtASCII(13)" executed="True" result="Success" success="True" time="0.000" asserts="1" />
                          <test-case name="dylan.NET.UnitTests.TestParseUtils.TestProcessStringExtASCII(14)" executed="True" result="Success" success="True" time="0.000" asserts="1" />
                          <test-case name="dylan.NET.UnitTests.TestParseUtils.TestProcessStringExtASCII(15)" executed="True" result="Success" success="True" time="0.000" asserts="1" />
                          <test-case name="dylan.NET.UnitTests.TestParseUtils.TestProcessStringExtASCII(16)" executed="True" result="Success" success="True" time="0.000" asserts="1" />
                          <test-case name="dylan.NET.UnitTests.TestParseUtils.TestProcessStringExtASCII(17)" executed="True" result="Success" success="True" time="0.000" asserts="1" />
                          <test-case name="dylan.NET.UnitTests.TestParseUtils.TestProcessStringExtASCII(18)" executed="True" result="Success" success="True" time="0.000" asserts="1" />
                          <test-case name="dylan.NET.UnitTests.TestParseUtils.TestProcessStringExtASCII(19)" executed="True" result="Success" success="True" time="0.000" asserts="1" />
                          <test-case name="dylan.NET.UnitTests.TestParseUtils.TestProcessStringExtASCII(20)" executed="True" result="Success" success="True" time="0.000" asserts="1" />
                          <test-case name="dylan.NET.UnitTests.TestParseUtils.TestProcessStringExtASCII(21)" executed="True" result="Success" success="True" time="0.000" asserts="1" />
                          <test-case name="dylan.NET.UnitTests.TestParseUtils.TestProcessStringExtASCII(22)" executed="True" result="Success" success="True" time="0.000" asserts="1" />
                          <test-case name="dylan.NET.UnitTests.TestParseUtils.TestProcessStringExtASCII(23)" executed="True" result="Success" success="True" time="0.000" asserts="1" />
                          <test-case name="dylan.NET.UnitTests.TestParseUtils.TestProcessStringExtASCII(24)" executed="True" result="Success" success="True" time="0.000" asserts="1" />
                          <test-case name="dylan.NET.UnitTests.TestParseUtils.TestProcessStringExtASCII(25)" executed="True" result="Success" success="True" time="0.000" asserts="1" />
                          <test-case name="dylan.NET.UnitTests.TestParseUtils.TestProcessStringExtASCII(26)" executed="True" result="Success" success="True" time="0.000" asserts="1" />
                          <test-case name="dylan.NET.UnitTests.TestParseUtils.TestProcessStringExtASCII(27)" executed="True" result="Success" success="True" time="0.000" asserts="1" />
                          <test-case name="dylan.NET.UnitTests.TestParseUtils.TestProcessStringExtASCII(28)" executed="True" result="Success" success="True" time="0.000" asserts="1" />
                          <test-case name="dylan.NET.UnitTests.TestParseUtils.TestProcessStringExtASCII(29)" executed="True" result="Success" success="True" time="0.000" asserts="1" />
                          <test-case name="dylan.NET.UnitTests.TestParseUtils.TestProcessStringExtASCII(30)" executed="True" result="Success" success="True" time="0.000" asserts="1" />
                          <test-case name="dylan.NET.UnitTests.TestParseUtils.TestProcessStringExtASCII(31)" executed="True" result="Success" success="True" time="0.000" asserts="1" />
                          <test-case name="dylan.NET.UnitTests.TestParseUtils.TestProcessStringExtASCII(32)" executed="True" result="Success" success="True" time="0.000" asserts="1" />
                          <test-case name="dylan.NET.UnitTests.TestParseUtils.TestProcessStringExtASCII(33)" executed="True" result="Success" success="True" time="0.000" asserts="1" />
                          <test-case name="dylan.NET.UnitTests.TestParseUtils.TestProcessStringExtASCII(34)" executed="True" result="Success" success="True" time="0.000" asserts="1" />
                          <test-case name="dylan.NET.UnitTests.TestParseUtils.TestProcessStringExtASCII(35)" executed="True" result="Success" success="True" time="0.000" asserts="1" />
                          <test-case name="dylan.NET.UnitTests.TestParseUtils.TestProcessStringExtASCII(36)" executed="True" result="Success" success="True" time="0.000" asserts="1" />
                          <test-case name="dylan.NET.UnitTests.TestParseUtils.TestProcessStringExtASCII(37)" executed="True" result="Success" success="True" time="0.000" asserts="1" />
                          <test-case name="dylan.NET.UnitTests.TestParseUtils.TestProcessStringExtASCII(38)" executed="True" result="Success" success="True" time="0.000" asserts="1" />
                          <test-case name="dylan.NET.UnitTests.TestParseUtils.TestProcessStringExtASCII(39)" executed="True" result="Success" success="True" time="0.000" asserts="1" />
                          <test-case name="dylan.NET.UnitTests.TestParseUtils.TestProcessStringExtASCII(40)" executed="True" result="Success" success="True" time="0.000" asserts="1" />
                          <test-case name="dylan.NET.UnitTests.TestParseUtils.TestProcessStringExtASCII(41)" executed="True" result="Success" success="True" time="0.000" asserts="1" />
                          <test-case name="dylan.NET.UnitTests.TestParseUtils.TestProcessStringExtASCII(42)" executed="True" result="Success" success="True" time="0.000" asserts="1" />
                          <test-case name="dylan.NET.UnitTests.TestParseUtils.TestProcessStringExtASCII(43)" executed="True" result="Success" success="True" time="0.000" asserts="1" />
                          <test-case name="dylan.NET.UnitTests.TestParseUtils.TestProcessStringExtASCII(44)" executed="True" result="Success" success="True" time="0.000" asserts="1" />
                          <test-case name="dylan.NET.UnitTests.TestParseUtils.TestProcessStringExtASCII(45)" executed="True" result="Success" success="True" time="0.000" asserts="1" />
                          <test-case name="dylan.NET.UnitTests.TestParseUtils.TestProcessStringExtASCII(46)" executed="True" result="Success" success="True" time="0.000" asserts="1" />
                          <test-case name="dylan.NET.UnitTests.TestParseUtils.TestProcessStringExtASCII(47)" executed="True" result="Success" success="True" time="0.000" asserts="1" />
                          <test-case name="dylan.NET.UnitTests.TestParseUtils.TestProcessStringExtASCII(48)" executed="True" result="Success" success="True" time="0.000" asserts="1" />
                          <test-case name="dylan.NET.UnitTests.TestParseUtils.TestProcessStringExtASCII(49)" executed="True" result="Success" success="True" time="0.000" asserts="1" />
                          <test-case name="dylan.NET.UnitTests.TestParseUtils.TestProcessStringExtASCII(50)" executed="True" result="Success" success="True" time="0.000" asserts="1" />
                          <test-case name="dylan.NET.UnitTests.TestParseUtils.TestProcessStringExtASCII(51)" executed="True" result="Success" success="True" time="0.000" asserts="1" />
                          <test-case name="dylan.NET.UnitTests.TestParseUtils.TestProcessStringExtASCII(52)" executed="True" result="Success" success="True" time="0.000" asserts="1" />
                          <test-case name="dylan.NET.UnitTests.TestParseUtils.TestProcessStringExtASCII(53)" executed="True" result="Success" success="True" time="0.000" asserts="1" />
                          <test-case name="dylan.NET.UnitTests.TestParseUtils.TestProcessStringExtASCII(54)" executed="True" result="Success" success="True" time="0.000" asserts="1" />
                          <test-case name="dylan.NET.UnitTests.TestParseUtils.TestProcessStringExtASCII(55)" executed="True" result="Success" success="True" time="0.000" asserts="1" />
                          <test-case name="dylan.NET.UnitTests.TestParseUtils.TestProcessStringExtASCII(56)" executed="True" result="Success" success="True" time="0.000" asserts="1" />
                          <test-case name="dylan.NET.UnitTests.TestParseUtils.TestProcessStringExtASCII(57)" executed="True" result="Success" success="True" time="0.000" asserts="1" />
                          <test-case name="dylan.NET.UnitTests.TestParseUtils.TestProcessStringExtASCII(58)" executed="True" result="Success" success="True" time="0.000" asserts="1" />
                          <test-case name="dylan.NET.UnitTests.TestParseUtils.TestProcessStringExtASCII(59)" executed="True" result="Success" success="True" time="0.000" asserts="1" />
                          <test-case name="dylan.NET.UnitTests.TestParseUtils.TestProcessStringExtASCII(60)" executed="True" result="Success" success="True" time="0.000" asserts="1" />
                          <test-case name="dylan.NET.UnitTests.TestParseUtils.TestProcessStringExtASCII(61)" executed="True" result="Success" success="True" time="0.000" asserts="1" />
                          <test-case name="dylan.NET.UnitTests.TestParseUtils.TestProcessStringExtASCII(62)" executed="True" result="Success" success="True" time="0.000" asserts="1" />
                          <test-case name="dylan.NET.UnitTests.TestParseUtils.TestProcessStringExtASCII(63)" executed="True" result="Success" success="True" time="0.000" asserts="1" />
                          <test-case name="dylan.NET.UnitTests.TestParseUtils.TestProcessStringExtASCII(64)" executed="True" result="Success" success="True" time="0.000" asserts="1" />
                          <test-case name="dylan.NET.UnitTests.TestParseUtils.TestProcessStringExtASCII(65)" executed="True" result="Success" success="True" time="0.000" asserts="1" />
                          <test-case name="dylan.NET.UnitTests.TestParseUtils.TestProcessStringExtASCII(66)" executed="True" result="Success" success="True" time="0.000" asserts="1" />
                          <test-case name="dylan.NET.UnitTests.TestParseUtils.TestProcessStringExtASCII(67)" executed="True" result="Success" success="True" time="0.000" asserts="1" />
                          <test-case name="dylan.NET.UnitTests.TestParseUtils.TestProcessStringExtASCII(68)" executed="True" result="Success" success="True" time="0.000" asserts="1" />
                          <test-case name="dylan.NET.UnitTests.TestParseUtils.TestProcessStringExtASCII(69)" executed="True" result="Success" success="True" time="0.000" asserts="1" />
                          <test-case name="dylan.NET.UnitTests.TestParseUtils.TestProcessStringExtASCII(70)" executed="True" result="Success" success="True" time="0.000" asserts="1" />
                          <test-case name="dylan.NET.UnitTests.TestParseUtils.TestProcessStringExtASCII(71)" executed="True" result="Success" success="True" time="0.000" asserts="1" />
                          <test-case name="dylan.NET.UnitTests.TestParseUtils.TestProcessStringExtASCII(72)" executed="True" result="Success" success="True" time="0.000" asserts="1" />
                          <test-case name="dylan.NET.UnitTests.TestParseUtils.TestProcessStringExtASCII(73)" executed="True" result="Success" success="True" time="0.000" asserts="1" />
                          <test-case name="dylan.NET.UnitTests.TestParseUtils.TestProcessStringExtASCII(74)" executed="True" result="Success" success="True" time="0.000" asserts="1" />
                          <test-case name="dylan.NET.UnitTests.TestParseUtils.TestProcessStringExtASCII(75)" executed="True" result="Success" success="True" time="0.000" asserts="1" />
                          <test-case name="dylan.NET.UnitTests.TestParseUtils.TestProcessStringExtASCII(76)" executed="True" result="Success" success="True" time="0.000" asserts="1" />
                          <test-case name="dylan.NET.UnitTests.TestParseUtils.TestProcessStringExtASCII(77)" executed="True" result="Success" success="True" time="0.000" asserts="1" />
                          <test-case name="dylan.NET.UnitTests.TestParseUtils.TestProcessStringExtASCII(78)" executed="True" result="Success" success="True" time="0.000" asserts="1" />
                          <test-case name="dylan.NET.UnitTests.TestParseUtils.TestProcessStringExtASCII(79)" executed="True" result="Success" success="True" time="0.000" asserts="1" />
                          <test-case name="dylan.NET.UnitTests.TestParseUtils.TestProcessStringExtASCII(80)" executed="True" result="Success" success="True" time="0.000" asserts="1" />
                          <test-case name="dylan.NET.UnitTests.TestParseUtils.TestProcessStringExtASCII(81)" executed="True" result="Success" success="True" time="0.000" asserts="1" />
                          <test-case name="dylan.NET.UnitTests.TestParseUtils.TestProcessStringExtASCII(82)" executed="True" result="Success" success="True" time="0.000" asserts="1" />
                          <test-case name="dylan.NET.UnitTests.TestParseUtils.TestProcessStringExtASCII(83)" executed="True" result="Success" success="True" time="0.000" asserts="1" />
                          <test-case name="dylan.NET.UnitTests.TestParseUtils.TestProcessStringExtASCII(84)" executed="True" result="Success" success="True" time="0.000" asserts="1" />
                          <test-case name="dylan.NET.UnitTests.TestParseUtils.TestProcessStringExtASCII(85)" executed="True" result="Success" success="True" time="0.000" asserts="1" />
                          <test-case name="dylan.NET.UnitTests.TestParseUtils.TestProcessStringExtASCII(86)" executed="True" result="Success" success="True" time="0.000" asserts="1" />
                          <test-case name="dylan.NET.UnitTests.TestParseUtils.TestProcessStringExtASCII(87)" executed="True" result="Success" success="True" time="0.000" asserts="1" />
                          <test-case name="dylan.NET.UnitTests.TestParseUtils.TestProcessStringExtASCII(88)" executed="True" result="Success" success="True" time="0.000" asserts="1" />
                          <test-case name="dylan.NET.UnitTests.TestParseUtils.TestProcessStringExtASCII(89)" executed="True" result="Success" success="True" time="0.000" asserts="1" />
                          <test-case name="dylan.NET.UnitTests.TestParseUtils.TestProcessStringExtASCII(90)" executed="True" result="Success" success="True" time="0.000" asserts="1" />
                          <test-case name="dylan.NET.UnitTests.TestParseUtils.TestProcessStringExtASCII(91)" executed="True" result="Success" success="True" time="0.000" asserts="1" />
                          <test-case name="dylan.NET.UnitTests.TestParseUtils.TestProcessStringExtASCII(92)" executed="True" result="Success" success="True" time="0.000" asserts="1" />
                          <test-case name="dylan.NET.UnitTests.TestParseUtils.TestProcessStringExtASCII(93)" executed="True" result="Success" success="True" time="0.000" asserts="1" />
                          <test-case name="dylan.NET.UnitTests.TestParseUtils.TestProcessStringExtASCII(94)" executed="True" result="Success" success="True" time="0.000" asserts="1" />
                          <test-case name="dylan.NET.UnitTests.TestParseUtils.TestProcessStringExtASCII(95)" executed="True" result="Success" success="True" time="0.000" asserts="1" />
                          <test-case name="dylan.NET.UnitTests.TestParseUtils.TestProcessStringExtASCII(96)" executed="True" result="Success" success="True" time="0.000" asserts="1" />
                          <test-case name="dylan.NET.UnitTests.TestParseUtils.TestProcessStringExtASCII(97)" executed="True" result="Success" success="True" time="0.000" asserts="1" />
                          <test-case name="dylan.NET.UnitTests.TestParseUtils.TestProcessStringExtASCII(98)" executed="True" result="Success" success="True" time="0.000" asserts="1" />
                          <test-case name="dylan.NET.UnitTests.TestParseUtils.TestProcessStringExtASCII(99)" executed="True" result="Success" success="True" time="0.000" asserts="1" />
                          <test-case name="dylan.NET.UnitTests.TestParseUtils.TestProcessStringExtASCII(100)" executed="True" result="Success" success="True" time="0.000" asserts="1" />
                          <test-case name="dylan.NET.UnitTests.TestParseUtils.TestProcessStringExtASCII(101)" executed="True" result="Success" success="True" time="0.000" asserts="1" />
                          <test-case name="dylan.NET.UnitTests.TestParseUtils.TestProcessStringExtASCII(102)" executed="True" result="Success" success="True" time="0.000" asserts="1" />
                          <test-case name="dylan.NET.UnitTests.TestParseUtils.TestProcessStringExtASCII(103)" executed="True" result="Success" success="True" time="0.000" asserts="1" />
                          <test-case name="dylan.NET.UnitTests.TestParseUtils.TestProcessStringExtASCII(104)" executed="True" result="Success" success="True" time="0.000" asserts="1" />
                          <test-case name="dylan.NET.UnitTests.TestParseUtils.TestProcessStringExtASCII(105)" executed="True" result="Success" success="True" time="0.000" asserts="1" />
                          <test-case name="dylan.NET.UnitTests.TestParseUtils.TestProcessStringExtASCII(106)" executed="True" result="Success" success="True" time="0.000" asserts="1" />
                          <test-case name="dylan.NET.UnitTests.TestParseUtils.TestProcessStringExtASCII(107)" executed="True" result="Success" success="True" time="0.000" asserts="1" />
                          <test-case name="dylan.NET.UnitTests.TestParseUtils.TestProcessStringExtASCII(108)" executed="True" result="Success" success="True" time="0.000" asserts="1" />
                          <test-case name="dylan.NET.UnitTests.TestParseUtils.TestProcessStringExtASCII(109)" executed="True" result="Success" success="True" time="0.000" asserts="1" />
                          <test-case name="dylan.NET.UnitTests.TestParseUtils.TestProcessStringExtASCII(110)" executed="True" result="Success" success="True" time="0.000" asserts="1" />
                          <test-case name="dylan.NET.UnitTests.TestParseUtils.TestProcessStringExtASCII(111)" executed="True" result="Success" success="True" time="0.000" asserts="1" />
                          <test-case name="dylan.NET.UnitTests.TestParseUtils.TestProcessStringExtASCII(112)" executed="True" result="Success" success="True" time="0.000" asserts="1" />
                          <test-case name="dylan.NET.UnitTests.TestParseUtils.TestProcessStringExtASCII(113)" executed="True" result="Success" success="True" time="0.000" asserts="1" />
                          <test-case name="dylan.NET.UnitTests.TestParseUtils.TestProcessStringExtASCII(114)" executed="True" result="Success" success="True" time="0.000" asserts="1" />
                          <test-case name="dylan.NET.UnitTests.TestParseUtils.TestProcessStringExtASCII(115)" executed="True" result="Success" success="True" time="0.000" asserts="1" />
                          <test-case name="dylan.NET.UnitTests.TestParseUtils.TestProcessStringExtASCII(116)" executed="True" result="Success" success="True" time="0.000" asserts="1" />
                          <test-case name="dylan.NET.UnitTests.TestParseUtils.TestProcessStringExtASCII(117)" executed="True" result="Success" success="True" time="0.000" asserts="1" />
                          <test-case name="dylan.NET.UnitTests.TestParseUtils.TestProcessStringExtASCII(118)" executed="True" result="Success" success="True" time="0.000" asserts="1" />
                          <test-case name="dylan.NET.UnitTests.TestParseUtils.TestProcessStringExtASCII(119)" executed="True" result="Success" success="True" time="0.000" asserts="1" />
                          <test-case name="dylan.NET.UnitTests.TestParseUtils.TestProcessStringExtASCII(120)" executed="True" result="Success" success="True" time="0.000" asserts="1" />
                          <test-case name="dylan.NET.UnitTests.TestParseUtils.TestProcessStringExtASCII(121)" executed="True" result="Success" success="True" time="0.000" asserts="1" />
                          <test-case name="dylan.NET.UnitTests.TestParseUtils.TestProcessStringExtASCII(122)" executed="True" result="Success" success="True" time="0.000" asserts="1" />
                          <test-case name="dylan.NET.UnitTests.TestParseUtils.TestProcessStringExtASCII(123)" executed="True" result="Success" success="True" time="0.000" asserts="1" />
                          <test-case name="dylan.NET.UnitTests.TestParseUtils.TestProcessStringExtASCII(124)" executed="True" result="Success" success="True" time="0.000" asserts="1" />
                          <test-case name="dylan.NET.UnitTests.TestParseUtils.TestProcessStringExtASCII(125)" executed="True" result="Success" success="True" time="0.000" asserts="1" />
                          <test-case name="dylan.NET.UnitTests.TestParseUtils.TestProcessStringExtASCII(126)" executed="True" result="Success" success="True" time="0.000" asserts="1" />
                          <test-case name="dylan.NET.UnitTests.TestParseUtils.TestProcessStringExtASCII(127)" executed="True" result="Success" success="True" time="0.000" asserts="1" />
                          <test-case name="dylan.NET.UnitTests.TestParseUtils.TestProcessStringExtASCII(128)" executed="True" result="Success" success="True" time="0.000" asserts="1" />
                          <test-case name="dylan.NET.UnitTests.TestParseUtils.TestProcessStringExtASCII(129)" executed="True" result="Success" success="True" time="0.000" asserts="1" />
                          <test-case name="dylan.NET.UnitTests.TestParseUtils.TestProcessStringExtASCII(130)" executed="True" result="Success" success="True" time="0.000" asserts="1" />
                          <test-case name="dylan.NET.UnitTests.TestParseUtils.TestProcessStringExtASCII(131)" executed="True" result="Success" success="True" time="0.000" asserts="1" />
                          <test-case name="dylan.NET.UnitTests.TestParseUtils.TestProcessStringExtASCII(132)" executed="True" result="Success" success="True" time="0.000" asserts="1" />
                          <test-case name="dylan.NET.UnitTests.TestParseUtils.TestProcessStringExtASCII(133)" executed="True" result="Success" success="True" time="0.000" asserts="1" />
                          <test-case name="dylan.NET.UnitTests.TestParseUtils.TestProcessStringExtASCII(134)" executed="True" result="Success" success="True" time="0.000" asserts="1" />
                          <test-case name="dylan.NET.UnitTests.TestParseUtils.TestProcessStringExtASCII(135)" executed="True" result="Success" success="True" time="0.000" asserts="1" />
                          <test-case name="dylan.NET.UnitTests.TestParseUtils.TestProcessStringExtASCII(136)" executed="True" result="Success" success="True" time="0.000" asserts="1" />
                          <test-case name="dylan.NET.UnitTests.TestParseUtils.TestProcessStringExtASCII(137)" executed="True" result="Success" success="True" time="0.000" asserts="1" />
                          <test-case name="dylan.NET.UnitTests.TestParseUtils.TestProcessStringExtASCII(138)" executed="True" result="Success" success="True" time="0.000" asserts="1" />
                          <test-case name="dylan.NET.UnitTests.TestParseUtils.TestProcessStringExtASCII(139)" executed="True" result="Success" success="True" time="0.000" asserts="1" />
                          <test-case name="dylan.NET.UnitTests.TestParseUtils.TestProcessStringExtASCII(140)" executed="True" result="Success" success="True" time="0.000" asserts="1" />
                          <test-case name="dylan.NET.UnitTests.TestParseUtils.TestProcessStringExtASCII(141)" executed="True" result="Success" success="True" time="0.000" asserts="1" />
                          <test-case name="dylan.NET.UnitTests.TestParseUtils.TestProcessStringExtASCII(142)" executed="True" result="Success" success="True" time="0.000" asserts="1" />
                          <test-case name="dylan.NET.UnitTests.TestParseUtils.TestProcessStringExtASCII(143)" executed="True" result="Success" success="True" time="0.000" asserts="1" />
                          <test-case name="dylan.NET.UnitTests.TestParseUtils.TestProcessStringExtASCII(144)" executed="True" result="Success" success="True" time="0.000" asserts="1" />
                          <test-case name="dylan.NET.UnitTests.TestParseUtils.TestProcessStringExtASCII(145)" executed="True" result="Success" success="True" time="0.000" asserts="1" />
                          <test-case name="dylan.NET.UnitTests.TestParseUtils.TestProcessStringExtASCII(146)" executed="True" result="Success" success="True" time="0.000" asserts="1" />
                          <test-case name="dylan.NET.UnitTests.TestParseUtils.TestProcessStringExtASCII(147)" executed="True" result="Success" success="True" time="0.000" asserts="1" />
                          <test-case name="dylan.NET.UnitTests.TestParseUtils.TestProcessStringExtASCII(148)" executed="True" result="Success" success="True" time="0.000" asserts="1" />
                          <test-case name="dylan.NET.UnitTests.TestParseUtils.TestProcessStringExtASCII(149)" executed="True" result="Success" success="True" time="0.000" asserts="1" />
                          <test-case name="dylan.NET.UnitTests.TestParseUtils.TestProcessStringExtASCII(150)" executed="True" result="Success" success="True" time="0.000" asserts="1" />
                          <test-case name="dylan.NET.UnitTests.TestParseUtils.TestProcessStringExtASCII(151)" executed="True" result="Success" success="True" time="0.000" asserts="1" />
                          <test-case name="dylan.NET.UnitTests.TestParseUtils.TestProcessStringExtASCII(152)" executed="True" result="Success" success="True" time="0.000" asserts="1" />
                          <test-case name="dylan.NET.UnitTests.TestParseUtils.TestProcessStringExtASCII(153)" executed="True" result="Success" success="True" time="0.000" asserts="1" />
                          <test-case name="dylan.NET.UnitTests.TestParseUtils.TestProcessStringExtASCII(154)" executed="True" result="Success" success="True" time="0.000" asserts="1" />
                          <test-case name="dylan.NET.UnitTests.TestParseUtils.TestProcessStringExtASCII(155)" executed="True" result="Success" success="True" time="0.000" asserts="1" />
                          <test-case name="dylan.NET.UnitTests.TestParseUtils.TestProcessStringExtASCII(156)" executed="True" result="Success" success="True" time="0.000" asserts="1" />
                          <test-case name="dylan.NET.UnitTests.TestParseUtils.TestProcessStringExtASCII(157)" executed="True" result="Success" success="True" time="0.000" asserts="1" />
                          <test-case name="dylan.NET.UnitTests.TestParseUtils.TestProcessStringExtASCII(158)" executed="True" result="Success" success="True" time="0.000" asserts="1" />
                          <test-case name="dylan.NET.UnitTests.TestParseUtils.TestProcessStringExtASCII(159)" executed="True" result="Success" success="True" time="0.000" asserts="1" />
                          <test-case name="dylan.NET.UnitTests.TestParseUtils.TestProcessStringExtASCII(160)" executed="True" result="Success" success="True" time="0.000" asserts="1" />
                          <test-case name="dylan.NET.UnitTests.TestParseUtils.TestProcessStringExtASCII(161)" executed="True" result="Success" success="True" time="0.000" asserts="1" />
                          <test-case name="dylan.NET.UnitTests.TestParseUtils.TestProcessStringExtASCII(162)" executed="True" result="Success" success="True" time="0.000" asserts="1" />
                          <test-case name="dylan.NET.UnitTests.TestParseUtils.TestProcessStringExtASCII(163)" executed="True" result="Success" success="True" time="0.000" asserts="1" />
                          <test-case name="dylan.NET.UnitTests.TestParseUtils.TestProcessStringExtASCII(164)" executed="True" result="Success" success="True" time="0.000" asserts="1" />
                          <test-case name="dylan.NET.UnitTests.TestParseUtils.TestProcessStringExtASCII(165)" executed="True" result="Success" success="True" time="0.000" asserts="1" />
                          <test-case name="dylan.NET.UnitTests.TestParseUtils.TestProcessStringExtASCII(166)" executed="True" result="Success" success="True" time="0.000" asserts="1" />
                          <test-case name="dylan.NET.UnitTests.TestParseUtils.TestProcessStringExtASCII(167)" executed="True" result="Success" success="True" time="0.000" asserts="1" />
                          <test-case name="dylan.NET.UnitTests.TestParseUtils.TestProcessStringExtASCII(168)" executed="True" result="Success" success="True" time="0.000" asserts="1" />
                          <test-case name="dylan.NET.UnitTests.TestParseUtils.TestProcessStringExtASCII(169)" executed="True" result="Success" success="True" time="0.000" asserts="1" />
                          <test-case name="dylan.NET.UnitTests.TestParseUtils.TestProcessStringExtASCII(170)" executed="True" result="Success" success="True" time="0.000" asserts="1" />
                          <test-case name="dylan.NET.UnitTests.TestParseUtils.TestProcessStringExtASCII(171)" executed="True" result="Success" success="True" time="0.000" asserts="1" />
                          <test-case name="dylan.NET.UnitTests.TestParseUtils.TestProcessStringExtASCII(172)" executed="True" result="Success" success="True" time="0.000" asserts="1" />
                          <test-case name="dylan.NET.UnitTests.TestParseUtils.TestProcessStringExtASCII(173)" executed="True" result="Success" success="True" time="0.000" asserts="1" />
                          <test-case name="dylan.NET.UnitTests.TestParseUtils.TestProcessStringExtASCII(174)" executed="True" result="Success" success="True" time="0.000" asserts="1" />
                          <test-case name="dylan.NET.UnitTests.TestParseUtils.TestProcessStringExtASCII(175)" executed="True" result="Success" success="True" time="0.000" asserts="1" />
                          <test-case name="dylan.NET.UnitTests.TestParseUtils.TestProcessStringExtASCII(176)" executed="True" result="Success" success="True" time="0.000" asserts="1" />
                          <test-case name="dylan.NET.UnitTests.TestParseUtils.TestProcessStringExtASCII(177)" executed="True" result="Success" success="True" time="0.000" asserts="1" />
                          <test-case name="dylan.NET.UnitTests.TestParseUtils.TestProcessStringExtASCII(178)" executed="True" result="Success" success="True" time="0.000" asserts="1" />
                          <test-case name="dylan.NET.UnitTests.TestParseUtils.TestProcessStringExtASCII(179)" executed="True" result="Success" success="True" time="0.000" asserts="1" />
                          <test-case name="dylan.NET.UnitTests.TestParseUtils.TestProcessStringExtASCII(180)" executed="True" result="Success" success="True" time="0.000" asserts="1" />
                          <test-case name="dylan.NET.UnitTests.TestParseUtils.TestProcessStringExtASCII(181)" executed="True" result="Success" success="True" time="0.000" asserts="1" />
                          <test-case name="dylan.NET.UnitTests.TestParseUtils.TestProcessStringExtASCII(182)" executed="True" result="Success" success="True" time="0.000" asserts="1" />
                          <test-case name="dylan.NET.UnitTests.TestParseUtils.TestProcessStringExtASCII(183)" executed="True" result="Success" success="True" time="0.000" asserts="1" />
                          <test-case name="dylan.NET.UnitTests.TestParseUtils.TestProcessStringExtASCII(184)" executed="True" result="Success" success="True" time="0.000" asserts="1" />
                          <test-case name="dylan.NET.UnitTests.TestParseUtils.TestProcessStringExtASCII(185)" executed="True" result="Success" success="True" time="0.000" asserts="1" />
                          <test-case name="dylan.NET.UnitTests.TestParseUtils.TestProcessStringExtASCII(186)" executed="True" result="Success" success="True" time="0.000" asserts="1" />
                          <test-case name="dylan.NET.UnitTests.TestParseUtils.TestProcessStringExtASCII(187)" executed="True" result="Success" success="True" time="0.000" asserts="1" />
                          <test-case name="dylan.NET.UnitTests.TestParseUtils.TestProcessStringExtASCII(188)" executed="True" result="Success" success="True" time="0.000" asserts="1" />
                          <test-case name="dylan.NET.UnitTests.TestParseUtils.TestProcessStringExtASCII(189)" executed="True" result="Success" success="True" time="0.000" asserts="1" />
                          <test-case name="dylan.NET.UnitTests.TestParseUtils.TestProcessStringExtASCII(190)" executed="True" result="Success" success="True" time="0.000" asserts="1" />
                          <test-case name="dylan.NET.UnitTests.TestParseUtils.TestProcessStringExtASCII(191)" executed="True" result="Success" success="True" time="0.000" asserts="1" />
                          <test-case name="dylan.NET.UnitTests.TestParseUtils.TestProcessStringExtASCII(192)" executed="True" result="Success" success="True" time="0.000" asserts="1" />
                          <test-case name="dylan.NET.UnitTests.TestParseUtils.TestProcessStringExtASCII(193)" executed="True" result="Success" success="True" time="0.000" asserts="1" />
                          <test-case name="dylan.NET.UnitTests.TestParseUtils.TestProcessStringExtASCII(194)" executed="True" result="Success" success="True" time="0.000" asserts="1" />
                          <test-case name="dylan.NET.UnitTests.TestParseUtils.TestProcessStringExtASCII(195)" executed="True" result="Success" success="True" time="0.000" asserts="1" />
                          <test-case name="dylan.NET.UnitTests.TestParseUtils.TestProcessStringExtASCII(196)" executed="True" result="Success" success="True" time="0.000" asserts="1" />
                          <test-case name="dylan.NET.UnitTests.TestParseUtils.TestProcessStringExtASCII(197)" executed="True" result="Success" success="True" time="0.000" asserts="1" />
                          <test-case name="dylan.NET.UnitTests.TestParseUtils.TestProcessStringExtASCII(198)" executed="True" result="Success" success="True" time="0.000" asserts="1" />
                          <test-case name="dylan.NET.UnitTests.TestParseUtils.TestProcessStringExtASCII(199)" executed="True" result="Success" success="True" time="0.000" asserts="1" />
                          <test-case name="dylan.NET.UnitTests.TestParseUtils.TestProcessStringExtASCII(200)" executed="True" result="Success" success="True" time="0.000" asserts="1" />
                          <test-case name="dylan.NET.UnitTests.TestParseUtils.TestProcessStringExtASCII(201)" executed="True" result="Success" success="True" time="0.000" asserts="1" />
                          <test-case name="dylan.NET.UnitTests.TestParseUtils.TestProcessStringExtASCII(202)" executed="True" result="Success" success="True" time="0.000" asserts="1" />
                          <test-case name="dylan.NET.UnitTests.TestParseUtils.TestProcessStringExtASCII(203)" executed="True" result="Success" success="True" time="0.000" asserts="1" />
                          <test-case name="dylan.NET.UnitTests.TestParseUtils.TestProcessStringExtASCII(204)" executed="True" result="Success" success="True" time="0.000" asserts="1" />
                          <test-case name="dylan.NET.UnitTests.TestParseUtils.TestProcessStringExtASCII(205)" executed="True" result="Success" success="True" time="0.000" asserts="1" />
                          <test-case name="dylan.NET.UnitTests.TestParseUtils.TestProcessStringExtASCII(206)" executed="True" result="Success" success="True" time="0.000" asserts="1" />
                          <test-case name="dylan.NET.UnitTests.TestParseUtils.TestProcessStringExtASCII(207)" executed="True" result="Success" success="True" time="0.000" asserts="1" />
                          <test-case name="dylan.NET.UnitTests.TestParseUtils.TestProcessStringExtASCII(208)" executed="True" result="Success" success="True" time="0.000" asserts="1" />
                          <test-case name="dylan.NET.UnitTests.TestParseUtils.TestProcessStringExtASCII(209)" executed="True" result="Success" success="True" time="0.000" asserts="1" />
                          <test-case name="dylan.NET.UnitTests.TestParseUtils.TestProcessStringExtASCII(210)" executed="True" result="Success" success="True" time="0.000" asserts="1" />
                          <test-case name="dylan.NET.UnitTests.TestParseUtils.TestProcessStringExtASCII(211)" executed="True" result="Success" success="True" time="0.000" asserts="1" />
                          <test-case name="dylan.NET.UnitTests.TestParseUtils.TestProcessStringExtASCII(212)" executed="True" result="Success" success="True" time="0.000" asserts="1" />
                          <test-case name="dylan.NET.UnitTests.TestParseUtils.TestProcessStringExtASCII(213)" executed="True" result="Success" success="True" time="0.000" asserts="1" />
                          <test-case name="dylan.NET.UnitTests.TestParseUtils.TestProcessStringExtASCII(214)" executed="True" result="Success" success="True" time="0.000" asserts="1" />
                          <test-case name="dylan.NET.UnitTests.TestParseUtils.TestProcessStringExtASCII(215)" executed="True" result="Success" success="True" time="0.000" asserts="1" />
                          <test-case name="dylan.NET.UnitTests.TestParseUtils.TestProcessStringExtASCII(216)" executed="True" result="Success" success="True" time="0.000" asserts="1" />
                          <test-case name="dylan.NET.UnitTests.TestParseUtils.TestProcessStringExtASCII(217)" executed="True" result="Success" success="True" time="0.000" asserts="1" />
                          <test-case name="dylan.NET.UnitTests.TestParseUtils.TestProcessStringExtASCII(218)" executed="True" result="Success" success="True" time="0.000" asserts="1" />
                          <test-case name="dylan.NET.UnitTests.TestParseUtils.TestProcessStringExtASCII(219)" executed="True" result="Success" success="True" time="0.000" asserts="1" />
                          <test-case name="dylan.NET.UnitTests.TestParseUtils.TestProcessStringExtASCII(220)" executed="True" result="Success" success="True" time="0.000" asserts="1" />
                          <test-case name="dylan.NET.UnitTests.TestParseUtils.TestProcessStringExtASCII(221)" executed="True" result="Success" success="True" time="0.000" asserts="1" />
                          <test-case name="dylan.NET.UnitTests.TestParseUtils.TestProcessStringExtASCII(222)" executed="True" result="Success" success="True" time="0.000" asserts="1" />
                          <test-case name="dylan.NET.UnitTests.TestParseUtils.TestProcessStringExtASCII(223)" executed="True" result="Success" success="True" time="0.000" asserts="1" />
                          <test-case name="dylan.NET.UnitTests.TestParseUtils.TestProcessStringExtASCII(224)" executed="True" result="Success" success="True" time="0.000" asserts="1" />
                          <test-case name="dylan.NET.UnitTests.TestParseUtils.TestProcessStringExtASCII(225)" executed="True" result="Success" success="True" time="0.000" asserts="1" />
                          <test-case name="dylan.NET.UnitTests.TestParseUtils.TestProcessStringExtASCII(226)" executed="True" result="Success" success="True" time="0.000" asserts="1" />
                          <test-case name="dylan.NET.UnitTests.TestParseUtils.TestProcessStringExtASCII(227)" executed="True" result="Success" success="True" time="0.000" asserts="1" />
                          <test-case name="dylan.NET.UnitTests.TestParseUtils.TestProcessStringExtASCII(228)" executed="True" result="Success" success="True" time="0.000" asserts="1" />
                          <test-case name="dylan.NET.UnitTests.TestParseUtils.TestProcessStringExtASCII(229)" executed="True" result="Success" success="True" time="0.000" asserts="1" />
                          <test-case name="dylan.NET.UnitTests.TestParseUtils.TestProcessStringExtASCII(230)" executed="True" result="Success" success="True" time="0.000" asserts="1" />
                          <test-case name="dylan.NET.UnitTests.TestParseUtils.TestProcessStringExtASCII(231)" executed="True" result="Success" success="True" time="0.000" asserts="1" />
                          <test-case name="dylan.NET.UnitTests.TestParseUtils.TestProcessStringExtASCII(232)" executed="True" result="Success" success="True" time="0.000" asserts="1" />
                          <test-case name="dylan.NET.UnitTests.TestParseUtils.TestProcessStringExtASCII(233)" executed="True" result="Success" success="True" time="0.000" asserts="1" />
                          <test-case name="dylan.NET.UnitTests.TestParseUtils.TestProcessStringExtASCII(234)" executed="True" result="Success" success="True" time="0.000" asserts="1" />
                          <test-case name="dylan.NET.UnitTests.TestParseUtils.TestProcessStringExtASCII(235)" executed="True" result="Success" success="True" time="0.000" asserts="1" />
                          <test-case name="dylan.NET.UnitTests.TestParseUtils.TestProcessStringExtASCII(236)" executed="True" result="Success" success="True" time="0.000" asserts="1" />
                          <test-case name="dylan.NET.UnitTests.TestParseUtils.TestProcessStringExtASCII(237)" executed="True" result="Success" success="True" time="0.000" asserts="1" />
                          <test-case name="dylan.NET.UnitTests.TestParseUtils.TestProcessStringExtASCII(238)" executed="True" result="Success" success="True" time="0.000" asserts="1" />
                          <test-case name="dylan.NET.UnitTests.TestParseUtils.TestProcessStringExtASCII(239)" executed="True" result="Success" success="True" time="0.000" asserts="1" />
                          <test-case name="dylan.NET.UnitTests.TestParseUtils.TestProcessStringExtASCII(240)" executed="True" result="Success" success="True" time="0.000" asserts="1" />
                          <test-case name="dylan.NET.UnitTests.TestParseUtils.TestProcessStringExtASCII(241)" executed="True" result="Success" success="True" time="0.000" asserts="1" />
                          <test-case name="dylan.NET.UnitTests.TestParseUtils.TestProcessStringExtASCII(242)" executed="True" result="Success" success="True" time="0.000" asserts="1" />
                          <test-case name="dylan.NET.UnitTests.TestParseUtils.TestProcessStringExtASCII(243)" executed="True" result="Success" success="True" time="0.000" asserts="1" />
                          <test-case name="dylan.NET.UnitTests.TestParseUtils.TestProcessStringExtASCII(244)" executed="True" result="Success" success="True" time="0.000" asserts="1" />
                          <test-case name="dylan.NET.UnitTests.TestParseUtils.TestProcessStringExtASCII(245)" executed="True" result="Success" success="True" time="0.000" asserts="1" />
                          <test-case name="dylan.NET.UnitTests.TestParseUtils.TestProcessStringExtASCII(246)" executed="True" result="Success" success="True" time="0.000" asserts="1" />
                          <test-case name="dylan.NET.UnitTests.TestParseUtils.TestProcessStringExtASCII(247)" executed="True" result="Success" success="True" time="0.000" asserts="1" />
                          <test-case name="dylan.NET.UnitTests.TestParseUtils.TestProcessStringExtASCII(248)" executed="True" result="Success" success="True" time="0.000" asserts="1" />
                          <test-case name="dylan.NET.UnitTests.TestParseUtils.TestProcessStringExtASCII(249)" executed="True" result="Success" success="True" time="0.000" asserts="1" />
                          <test-case name="dylan.NET.UnitTests.TestParseUtils.TestProcessStringExtASCII(250)" executed="True" result="Success" success="True" time="0.000" asserts="1" />
                          <test-case name="dylan.NET.UnitTests.TestParseUtils.TestProcessStringExtASCII(251)" executed="True" result="Success" success="True" time="0.000" asserts="1" />
                          <test-case name="dylan.NET.UnitTests.TestParseUtils.TestProcessStringExtASCII(252)" executed="True" result="Success" success="True" time="0.000" asserts="1" />
                          <test-case name="dylan.NET.UnitTests.TestParseUtils.TestProcessStringExtASCII(253)" executed="True" result="Success" success="True" time="0.000" asserts="1" />
                          <test-case name="dylan.NET.UnitTests.TestParseUtils.TestProcessStringExtASCII(254)" executed="True" result="Success" success="True" time="0.000" asserts="1" />
                          <test-case name="dylan.NET.UnitTests.TestParseUtils.TestProcessStringExtASCII(255)" executed="True" result="Success" success="True" time="0.000" asserts="1" />
                        </results>
                      </test-suite>
                      <test-case name="dylan.NET.UnitTests.TestParseUtils.TestProcessStringFF" executed="True" result="Success" success="True" time="0.000" asserts="1" />
                      <test-case name="dylan.NET.UnitTests.TestParseUtils.TestProcessStringLF" executed="True" result="Success" success="True" time="0.000" asserts="1" />
                      <test-case name="dylan.NET.UnitTests.TestParseUtils.TestProcessStringNUL" executed="True" result="Success" success="True" time="0.000" asserts="1" />
                      <test-case name="dylan.NET.UnitTests.TestParseUtils.TestProcessStringQ" executed="True" result="Success" success="True" time="0.000" asserts="1" />
                      <test-case name="dylan.NET.UnitTests.TestParseUtils.TestProcessStringS" executed="True" result="Success" success="True" time="0.000" asserts="1" />
                      <test-case name="dylan.NET.UnitTests.TestParseUtils.TestProcessStringTAB" executed="True" result="Success" success="True" time="0.000" asserts="1" />
                      <test-suite type="ParameterizedTest" name="TestProcessStringUTF16" executed="True" result="Success" success="True" time="0.314" asserts="0">
                        <results>
                          <test-case name="dylan.NET.UnitTests.TestParseUtils.TestProcessStringUTF16(33517)" executed="True" result="Success" success="True" time="0.000" asserts="1" />
                          <test-case name="dylan.NET.UnitTests.TestParseUtils.TestProcessStringUTF16(50735)" executed="True" result="Success" success="True" time="0.000" asserts="1" />
                          <test-case name="dylan.NET.UnitTests.TestParseUtils.TestProcessStringUTF16(38401)" executed="True" result="Success" success="True" time="0.000" asserts="1" />
                          <test-case name="dylan.NET.UnitTests.TestParseUtils.TestProcessStringUTF16(30520)" executed="True" result="Success" success="True" time="0.000" asserts="1" />
                          <test-case name="dylan.NET.UnitTests.TestParseUtils.TestProcessStringUTF16(47876)" executed="True" result="Success" success="True" time="0.000" asserts="1" />
                          <test-case name="dylan.NET.UnitTests.TestParseUtils.TestProcessStringUTF16(6655)" executed="True" result="Success" success="True" time="0.000" asserts="1" />
                          <test-case name="dylan.NET.UnitTests.TestParseUtils.TestProcessStringUTF16(40820)" executed="True" result="Success" success="True" time="0.000" asserts="1" />
                          <test-case name="dylan.NET.UnitTests.TestParseUtils.TestProcessStringUTF16(6137)" executed="True" result="Success" success="True" time="0.000" asserts="1" />
                          <test-case name="dylan.NET.UnitTests.TestParseUtils.TestProcessStringUTF16(23763)" executed="True" result="Success" success="True" time="0.000" asserts="1" />
                          <test-case name="dylan.NET.UnitTests.TestParseUtils.TestProcessStringUTF16(8599)" executed="True" result="Success" success="True" time="0.000" asserts="1" />
                          <test-case name="dylan.NET.UnitTests.TestParseUtils.TestProcessStringUTF16(39253)" executed="True" result="Success" success="True" time="0.000" asserts="1" />
                          <test-case name="dylan.NET.UnitTests.TestParseUtils.TestProcessStringUTF16(62541)" executed="True" result="Success" success="True" time="0.000" asserts="1" />
                          <test-case name="dylan.NET.UnitTests.TestParseUtils.TestProcessStringUTF16(40831)" executed="True" result="Success" success="True" time="0.000" asserts="1" />
                          <test-case name="dylan.NET.UnitTests.TestParseUtils.TestProcessStringUTF16(25567)" executed="True" result="Success" success="True" time="0.000" asserts="1" />
                          <test-case name="dylan.NET.UnitTests.TestParseUtils.TestProcessStringUTF16(8803)" executed="True" result="Success" success="True" time="0.000" asserts="1" />
                          <test-case name="dylan.NET.UnitTests.TestParseUtils.TestProcessStringUTF16(54729)" executed="True" result="Success" success="True" time="0.000" asserts="1" />
                          <test-case name="dylan.NET.UnitTests.TestParseUtils.TestProcessStringUTF16(31040)" executed="True" result="Success" success="True" time="0.000" asserts="1" />
                          <test-case name="dylan.NET.UnitTests.TestParseUtils.TestProcessStringUTF16(59374)" executed="True" result="Success" success="True" time="0.000" asserts="1" />
                          <test-case name="dylan.NET.UnitTests.TestParseUtils.TestProcessStringUTF16(47673)" executed="True" result="Success" success="True" time="0.000" asserts="1" />
                          <test-case name="dylan.NET.UnitTests.TestParseUtils.TestProcessStringUTF16(11063)" executed="True" result="Success" success="True" time="0.000" asserts="1" />
                          <test-case name="dylan.NET.UnitTests.TestParseUtils.TestProcessStringUTF16(47669)" executed="True" result="Success" success="True" time="0.000" asserts="1" />
                          <test-case name="dylan.NET.UnitTests.TestParseUtils.TestProcessStringUTF16(61998)" executed="True" result="Success" success="True" time="0.000" asserts="1" />
                          <test-case name="dylan.NET.UnitTests.TestParseUtils.TestProcessStringUTF16(40004)" executed="True" result="Success" success="True" time="0.000" asserts="1" />
                          <test-case name="dylan.NET.UnitTests.TestParseUtils.TestProcessStringUTF16(17533)" executed="True" result="Success" success="True" time="0.000" asserts="1" />
                          <test-case name="dylan.NET.UnitTests.TestParseUtils.TestProcessStringUTF16(45219)" executed="True" result="Success" success="True" time="0.000" asserts="1" />
                          <test-case name="dylan.NET.UnitTests.TestParseUtils.TestProcessStringUTF16(3843)" executed="True" result="Success" success="True" time="0.000" asserts="1" />
                          <test-case name="dylan.NET.UnitTests.TestParseUtils.TestProcessStringUTF16(18270)" executed="True" result="Success" success="True" time="0.000" asserts="1" />
                          <test-case name="dylan.NET.UnitTests.TestParseUtils.TestProcessStringUTF16(21049)" executed="True" result="Success" success="True" time="0.000" asserts="1" />
                          <test-case name="dylan.NET.UnitTests.TestParseUtils.TestProcessStringUTF16(4439)" executed="True" result="Success" success="True" time="0.000" asserts="1" />
                          <test-case name="dylan.NET.UnitTests.TestParseUtils.TestProcessStringUTF16(40304)" executed="True" result="Success" success="True" time="0.000" asserts="1" />
                          <test-case name="dylan.NET.UnitTests.TestParseUtils.TestProcessStringUTF16(40798)" executed="True" result="Success" success="True" time="0.000" asserts="1" />
                          <test-case name="dylan.NET.UnitTests.TestParseUtils.TestProcessStringUTF16(15245)" executed="True" result="Success" success="True" time="0.000" asserts="1" />
                          <test-case name="dylan.NET.UnitTests.TestParseUtils.TestProcessStringUTF16(16312)" executed="True" result="Success" success="True" time="0.000" asserts="1" />
                          <test-case name="dylan.NET.UnitTests.TestParseUtils.TestProcessStringUTF16(38395)" executed="True" result="Success" success="True" time="0.000" asserts="1" />
                          <test-case name="dylan.NET.UnitTests.TestParseUtils.TestProcessStringUTF16(1476)" executed="True" result="Success" success="True" time="0.000" asserts="1" />
                          <test-case name="dylan.NET.UnitTests.TestParseUtils.TestProcessStringUTF16(868)" executed="True" result="Success" success="True" time="0.000" asserts="1" />
                          <test-case name="dylan.NET.UnitTests.TestParseUtils.TestProcessStringUTF16(24418)" executed="True" result="Success" success="True" time="0.000" asserts="1" />
                          <test-case name="dylan.NET.UnitTests.TestParseUtils.TestProcessStringUTF16(42930)" executed="True" result="Success" success="True" time="0.000" asserts="1" />
                          <test-case name="dylan.NET.UnitTests.TestParseUtils.TestProcessStringUTF16(16588)" executed="True" result="Success" success="True" time="0.000" asserts="1" />
                          <test-case name="dylan.NET.UnitTests.TestParseUtils.TestProcessStringUTF16(21037)" executed="True" result="Success" success="True" time="0.000" asserts="1" />
                          <test-case name="dylan.NET.UnitTests.TestParseUtils.TestProcessStringUTF16(34950)" executed="True" result="Success" success="True" time="0.000" asserts="1" />
                          <test-case name="dylan.NET.UnitTests.TestParseUtils.TestProcessStringUTF16(59916)" executed="True" result="Success" success="True" time="0.000" asserts="1" />
                          <test-case name="dylan.NET.UnitTests.TestParseUtils.TestProcessStringUTF16(3686)" executed="True" result="Success" success="True" time="0.000" asserts="1" />
                          <test-case name="dylan.NET.UnitTests.TestParseUtils.TestProcessStringUTF16(31799)" executed="True" result="Success" success="True" time="0.000" asserts="1" />
                          <test-case name="dylan.NET.UnitTests.TestParseUtils.TestProcessStringUTF16(9043)" executed="True" result="Success" success="True" time="0.000" asserts="1" />
                          <test-case name="dylan.NET.UnitTests.TestParseUtils.TestProcessStringUTF16(55090)" executed="True" result="Success" success="True" time="0.000" asserts="1" />
                          <test-case name="dylan.NET.UnitTests.TestParseUtils.TestProcessStringUTF16(51836)" executed="True" result="Success" success="True" time="0.000" asserts="1" />
                          <test-case name="dylan.NET.UnitTests.TestParseUtils.TestProcessStringUTF16(47609)" executed="True" result="Success" success="True" time="0.000" asserts="1" />
                          <test-case name="dylan.NET.UnitTests.TestParseUtils.TestProcessStringUTF16(37948)" executed="True" result="Success" success="True" time="0.000" asserts="1" />
                          <test-case name="dylan.NET.UnitTests.TestParseUtils.TestProcessStringUTF16(27975)" executed="True" result="Success" success="True" time="0.000" asserts="1" />
                          <test-case name="dylan.NET.UnitTests.TestParseUtils.TestProcessStringUTF16(1947)" executed="True" result="Success" success="True" time="0.000" asserts="1" />
                          <test-case name="dylan.NET.UnitTests.TestParseUtils.TestProcessStringUTF16(17135)" executed="True" result="Success" success="True" time="0.000" asserts="1" />
                          <test-case name="dylan.NET.UnitTests.TestParseUtils.TestProcessStringUTF16(2644)" executed="True" result="Success" success="True" time="0.000" asserts="1" />
                          <test-case name="dylan.NET.UnitTests.TestParseUtils.TestProcessStringUTF16(12703)" executed="True" result="Success" success="True" time="0.000" asserts="1" />
                          <test-case name="dylan.NET.UnitTests.TestParseUtils.TestProcessStringUTF16(58906)" executed="True" result="Success" success="True" time="0.000" asserts="1" />
                          <test-case name="dylan.NET.UnitTests.TestParseUtils.TestProcessStringUTF16(18272)" executed="True" result="Success" success="True" time="0.000" asserts="1" />
                          <test-case name="dylan.NET.UnitTests.TestParseUtils.TestProcessStringUTF16(34422)" executed="True" result="Success" success="True" time="0.000" asserts="1" />
                          <test-case name="dylan.NET.UnitTests.TestParseUtils.TestProcessStringUTF16(6)" executed="True" result="Success" success="True" time="0.000" asserts="1" />
                          <test-case name="dylan.NET.UnitTests.TestParseUtils.TestProcessStringUTF16(29043)" executed="True" result="Success" success="True" time="0.000" asserts="1" />
                          <test-case name="dylan.NET.UnitTests.TestParseUtils.TestProcessStringUTF16(47008)" executed="True" result="Success" success="True" time="0.000" asserts="1" />
                          <test-case name="dylan.NET.UnitTests.TestParseUtils.TestProcessStringUTF16(47771)" executed="True" result="Success" success="True" time="0.000" asserts="1" />
                          <test-case name="dylan.NET.UnitTests.TestParseUtils.TestProcessStringUTF16(63425)" executed="True" result="Success" success="True" time="0.000" asserts="1" />
                          <test-case name="dylan.NET.UnitTests.TestParseUtils.TestProcessStringUTF16(55084)" executed="True" result="Success" success="True" time="0.000" asserts="1" />
                          <test-case name="dylan.NET.UnitTests.TestParseUtils.TestProcessStringUTF16(2725)" executed="True" result="Success" success="True" time="0.000" asserts="1" />
                          <test-case name="dylan.NET.UnitTests.TestParseUtils.TestProcessStringUTF16(39184)" executed="True" result="Success" success="True" time="0.000" asserts="1" />
                          <test-case name="dylan.NET.UnitTests.TestParseUtils.TestProcessStringUTF16(44871)" executed="True" result="Success" success="True" time="0.000" asserts="1" />
                          <test-case name="dylan.NET.UnitTests.TestParseUtils.TestProcessStringUTF16(58855)" executed="True" result="Success" success="True" time="0.000" asserts="1" />
                          <test-case name="dylan.NET.UnitTests.TestParseUtils.TestProcessStringUTF16(9032)" executed="True" result="Success" success="True" time="0.000" asserts="1" />
                          <test-case name="dylan.NET.UnitTests.TestParseUtils.TestProcessStringUTF16(16523)" executed="True" result="Success" success="True" time="0.000" asserts="1" />
                          <test-case name="dylan.NET.UnitTests.TestParseUtils.TestProcessStringUTF16(19247)" executed="True" result="Success" success="True" time="0.000" asserts="1" />
                          <test-case name="dylan.NET.UnitTests.TestParseUtils.TestProcessStringUTF16(2893)" executed="True" result="Success" success="True" time="0.000" asserts="1" />
                          <test-case name="dylan.NET.UnitTests.TestParseUtils.TestProcessStringUTF16(48965)" executed="True" result="Success" success="True" time="0.000" asserts="1" />
                          <test-case name="dylan.NET.UnitTests.TestParseUtils.TestProcessStringUTF16(21425)" executed="True" result="Success" success="True" time="0.000" asserts="1" />
                          <test-case name="dylan.NET.UnitTests.TestParseUtils.TestProcessStringUTF16(19697)" executed="True" result="Success" success="True" time="0.000" asserts="1" />
                          <test-case name="dylan.NET.UnitTests.TestParseUtils.TestProcessStringUTF16(9115)" executed="True" result="Success" success="True" time="0.000" asserts="1" />
                          <test-case name="dylan.NET.UnitTests.TestParseUtils.TestProcessStringUTF16(30534)" executed="True" result="Success" success="True" time="0.000" asserts="1" />
                          <test-case name="dylan.NET.UnitTests.TestParseUtils.TestProcessStringUTF16(59353)" executed="True" result="Success" success="True" time="0.000" asserts="1" />
                          <test-case name="dylan.NET.UnitTests.TestParseUtils.TestProcessStringUTF16(27300)" executed="True" result="Success" success="True" time="0.000" asserts="1" />
                          <test-case name="dylan.NET.UnitTests.TestParseUtils.TestProcessStringUTF16(24162)" executed="True" result="Success" success="True" time="0.000" asserts="1" />
                          <test-case name="dylan.NET.UnitTests.TestParseUtils.TestProcessStringUTF16(26947)" executed="True" result="Success" success="True" time="0.000" asserts="1" />
                          <test-case name="dylan.NET.UnitTests.TestParseUtils.TestProcessStringUTF16(34955)" executed="True" result="Success" success="True" time="0.000" asserts="1" />
                          <test-case name="dylan.NET.UnitTests.TestParseUtils.TestProcessStringUTF16(18264)" executed="True" result="Success" success="True" time="0.000" asserts="1" />
                          <test-case name="dylan.NET.UnitTests.TestParseUtils.TestProcessStringUTF16(57540)" executed="True" result="Success" success="True" time="0.000" asserts="1" />
                          <test-case name="dylan.NET.UnitTests.TestParseUtils.TestProcessStringUTF16(22965)" executed="True" result="Success" success="True" time="0.000" asserts="1" />
                          <test-case name="dylan.NET.UnitTests.TestParseUtils.TestProcessStringUTF16(58067)" executed="True" result="Success" success="True" time="0.000" asserts="1" />
                          <test-case name="dylan.NET.UnitTests.TestParseUtils.TestProcessStringUTF16(42908)" executed="True" result="Success" success="True" time="0.000" asserts="1" />
                          <test-case name="dylan.NET.UnitTests.TestParseUtils.TestProcessStringUTF16(25696)" executed="True" result="Success" success="True" time="0.000" asserts="1" />
                          <test-case name="dylan.NET.UnitTests.TestParseUtils.TestProcessStringUTF16(13587)" executed="True" result="Success" success="True" time="0.000" asserts="1" />
                          <test-case name="dylan.NET.UnitTests.TestParseUtils.TestProcessStringUTF16(64746)" executed="True" result="Success" success="True" time="0.000" asserts="1" />
                          <test-case name="dylan.NET.UnitTests.TestParseUtils.TestProcessStringUTF16(22140)" executed="True" result="Success" success="True" time="0.000" asserts="1" />
                          <test-case name="dylan.NET.UnitTests.TestParseUtils.TestProcessStringUTF16(7547)" executed="True" result="Success" success="True" time="0.000" asserts="1" />
                          <test-case name="dylan.NET.UnitTests.TestParseUtils.TestProcessStringUTF16(15386)" executed="True" result="Success" success="True" time="0.000" asserts="1" />
                          <test-case name="dylan.NET.UnitTests.TestParseUtils.TestProcessStringUTF16(26407)" executed="True" result="Success" success="True" time="0.000" asserts="1" />
                          <test-case name="dylan.NET.UnitTests.TestParseUtils.TestProcessStringUTF16(62875)" executed="True" result="Success" success="True" time="0.000" asserts="1" />
                          <test-case name="dylan.NET.UnitTests.TestParseUtils.TestProcessStringUTF16(18144)" executed="True" result="Success" success="True" time="0.000" asserts="1" />
                          <test-case name="dylan.NET.UnitTests.TestParseUtils.TestProcessStringUTF16(51519)" executed="True" result="Success" success="True" time="0.000" asserts="1" />
                          <test-case name="dylan.NET.UnitTests.TestParseUtils.TestProcessStringUTF16(38491)" executed="True" result="Success" success="True" time="0.000" asserts="1" />
                          <test-case name="dylan.NET.UnitTests.TestParseUtils.TestProcessStringUTF16(49523)" executed="True" result="Success" success="True" time="0.000" asserts="1" />
                          <test-case name="dylan.NET.UnitTests.TestParseUtils.TestProcessStringUTF16(22683)" executed="True" result="Success" success="True" time="0.000" asserts="1" />
                          <test-case name="dylan.NET.UnitTests.TestParseUtils.TestProcessStringUTF16(44044)" executed="True" result="Success" success="True" time="0.000" asserts="1" />
                          <test-case name="dylan.NET.UnitTests.TestParseUtils.TestProcessStringUTF16(61271)" executed="True" result="Success" success="True" time="0.000" asserts="1" />
                          <test-case name="dylan.NET.UnitTests.TestParseUtils.TestProcessStringUTF16(24536)" executed="True" result="Success" success="True" time="0.000" asserts="1" />
                          <test-case name="dylan.NET.UnitTests.TestParseUtils.TestProcessStringUTF16(23447)" executed="True" result="Success" success="True" time="0.000" asserts="1" />
                          <test-case name="dylan.NET.UnitTests.TestParseUtils.TestProcessStringUTF16(11001)" executed="True" result="Success" success="True" time="0.000" asserts="1" />
                          <test-case name="dylan.NET.UnitTests.TestParseUtils.TestProcessStringUTF16(58555)" executed="True" result="Success" success="True" time="0.000" asserts="1" />
                          <test-case name="dylan.NET.UnitTests.TestParseUtils.TestProcessStringUTF16(49218)" executed="True" result="Success" success="True" time="0.000" asserts="1" />
                          <test-case name="dylan.NET.UnitTests.TestParseUtils.TestProcessStringUTF16(25129)" executed="True" result="Success" success="True" time="0.000" asserts="1" />
                          <test-case name="dylan.NET.UnitTests.TestParseUtils.TestProcessStringUTF16(45214)" executed="True" result="Success" success="True" time="0.000" asserts="1" />
                          <test-case name="dylan.NET.UnitTests.TestParseUtils.TestProcessStringUTF16(20171)" executed="True" result="Success" success="True" time="0.000" asserts="1" />
                          <test-case name="dylan.NET.UnitTests.TestParseUtils.TestProcessStringUTF16(15997)" executed="True" result="Success" success="True" time="0.000" asserts="1" />
                          <test-case name="dylan.NET.UnitTests.TestParseUtils.TestProcessStringUTF16(58110)" executed="True" result="Success" success="True" time="0.000" asserts="1" />
                          <test-case name="dylan.NET.UnitTests.TestParseUtils.TestProcessStringUTF16(20835)" executed="True" result="Success" success="True" time="0.000" asserts="1" />
                          <test-case name="dylan.NET.UnitTests.TestParseUtils.TestProcessStringUTF16(794)" executed="True" result="Success" success="True" time="0.000" asserts="1" />
                          <test-case name="dylan.NET.UnitTests.TestParseUtils.TestProcessStringUTF16(6903)" executed="True" result="Success" success="True" time="0.000" asserts="1" />
                          <test-case name="dylan.NET.UnitTests.TestParseUtils.TestProcessStringUTF16(39461)" executed="True" result="Success" success="True" time="0.000" asserts="1" />
                          <test-case name="dylan.NET.UnitTests.TestParseUtils.TestProcessStringUTF16(32385)" executed="True" result="Success" success="True" time="0.000" asserts="1" />
                          <test-case name="dylan.NET.UnitTests.TestParseUtils.TestProcessStringUTF16(37017)" executed="True" result="Success" success="True" time="0.000" asserts="1" />
                          <test-case name="dylan.NET.UnitTests.TestParseUtils.TestProcessStringUTF16(57743)" executed="True" result="Success" success="True" time="0.000" asserts="1" />
                          <test-case name="dylan.NET.UnitTests.TestParseUtils.TestProcessStringUTF16(50116)" executed="True" result="Success" success="True" time="0.000" asserts="1" />
                          <test-case name="dylan.NET.UnitTests.TestParseUtils.TestProcessStringUTF16(53199)" executed="True" result="Success" success="True" time="0.000" asserts="1" />
                          <test-case name="dylan.NET.UnitTests.TestParseUtils.TestProcessStringUTF16(6380)" executed="True" result="Success" success="True" time="0.000" asserts="1" />
                          <test-case name="dylan.NET.UnitTests.TestParseUtils.TestProcessStringUTF16(9332)" executed="True" result="Success" success="True" time="0.000" asserts="1" />
                          <test-case name="dylan.NET.UnitTests.TestParseUtils.TestProcessStringUTF16(51883)" executed="True" result="Success" success="True" time="0.000" asserts="1" />
                          <test-case name="dylan.NET.UnitTests.TestParseUtils.TestProcessStringUTF16(38014)" executed="True" result="Success" success="True" time="0.000" asserts="1" />
                          <test-case name="dylan.NET.UnitTests.TestParseUtils.TestProcessStringUTF16(23511)" executed="True" result="Success" success="True" time="0.000" asserts="1" />
                          <test-case name="dylan.NET.UnitTests.TestParseUtils.TestProcessStringUTF16(43891)" executed="True" result="Success" success="True" time="0.000" asserts="1" />
                          <test-case name="dylan.NET.UnitTests.TestParseUtils.TestProcessStringUTF16(25518)" executed="True" result="Success" success="True" time="0.000" asserts="1" />
                          <test-case name="dylan.NET.UnitTests.TestParseUtils.TestProcessStringUTF16(10423)" executed="True" result="Success" success="True" time="0.000" asserts="1" />
                          <test-case name="dylan.NET.UnitTests.TestParseUtils.TestProcessStringUTF16(26677)" executed="True" result="Success" success="True" time="0.000" asserts="1" />
                          <test-case name="dylan.NET.UnitTests.TestParseUtils.TestProcessStringUTF16(25432)" executed="True" result="Success" success="True" time="0.000" asserts="1" />
                          <test-case name="dylan.NET.UnitTests.TestParseUtils.TestProcessStringUTF16(5404)" executed="True" result="Success" success="True" time="0.000" asserts="1" />
                          <test-case name="dylan.NET.UnitTests.TestParseUtils.TestProcessStringUTF16(14139)" executed="True" result="Success" success="True" time="0.000" asserts="1" />
                          <test-case name="dylan.NET.UnitTests.TestParseUtils.TestProcessStringUTF16(7129)" executed="True" result="Success" success="True" time="0.000" asserts="1" />
                          <test-case name="dylan.NET.UnitTests.TestParseUtils.TestProcessStringUTF16(8164)" executed="True" result="Success" success="True" time="0.000" asserts="1" />
                          <test-case name="dylan.NET.UnitTests.TestParseUtils.TestProcessStringUTF16(34371)" executed="True" result="Success" success="True" time="0.000" asserts="1" />
                          <test-case name="dylan.NET.UnitTests.TestParseUtils.TestProcessStringUTF16(14119)" executed="True" result="Success" success="True" time="0.000" asserts="1" />
                          <test-case name="dylan.NET.UnitTests.TestParseUtils.TestProcessStringUTF16(17469)" executed="True" result="Success" success="True" time="0.000" asserts="1" />
                          <test-case name="dylan.NET.UnitTests.TestParseUtils.TestProcessStringUTF16(50637)" executed="True" result="Success" success="True" time="0.000" asserts="1" />
                          <test-case name="dylan.NET.UnitTests.TestParseUtils.TestProcessStringUTF16(49039)" executed="True" result="Success" success="True" time="0.000" asserts="1" />
                          <test-case name="dylan.NET.UnitTests.TestParseUtils.TestProcessStringUTF16(25681)" executed="True" result="Success" success="True" time="0.000" asserts="1" />
                          <test-case name="dylan.NET.UnitTests.TestParseUtils.TestProcessStringUTF16(5890)" executed="True" result="Success" success="True" time="0.000" asserts="1" />
                          <test-case name="dylan.NET.UnitTests.TestParseUtils.TestProcessStringUTF16(33487)" executed="True" result="Success" success="True" time="0.000" asserts="1" />
                          <test-case name="dylan.NET.UnitTests.TestParseUtils.TestProcessStringUTF16(29005)" executed="True" result="Success" success="True" time="0.000" asserts="1" />
                          <test-case name="dylan.NET.UnitTests.TestParseUtils.TestProcessStringUTF16(11546)" executed="True" result="Success" success="True" time="0.000" asserts="1" />
                          <test-case name="dylan.NET.UnitTests.TestParseUtils.TestProcessStringUTF16(15760)" executed="True" result="Success" success="True" time="0.000" asserts="1" />
                          <test-case name="dylan.NET.UnitTests.TestParseUtils.TestProcessStringUTF16(63750)" executed="True" result="Success" success="True" time="0.000" asserts="1" />
                          <test-case name="dylan.NET.UnitTests.TestParseUtils.TestProcessStringUTF16(29037)" executed="True" result="Success" success="True" time="0.000" asserts="1" />
                          <test-case name="dylan.NET.UnitTests.TestParseUtils.TestProcessStringUTF16(53927)" executed="True" result="Success" success="True" time="0.000" asserts="1" />
                          <test-case name="dylan.NET.UnitTests.TestParseUtils.TestProcessStringUTF16(39364)" executed="True" result="Success" success="True" time="0.000" asserts="1" />
                          <test-case name="dylan.NET.UnitTests.TestParseUtils.TestProcessStringUTF16(39787)" executed="True" result="Success" success="True" time="0.000" asserts="1" />
                          <test-case name="dylan.NET.UnitTests.TestParseUtils.TestProcessStringUTF16(26001)" executed="True" result="Success" success="True" time="0.000" asserts="1" />
                          <test-case name="dylan.NET.UnitTests.TestParseUtils.TestProcessStringUTF16(28067)" executed="True" result="Success" success="True" time="0.000" asserts="1" />
                          <test-case name="dylan.NET.UnitTests.TestParseUtils.TestProcessStringUTF16(22846)" executed="True" result="Success" success="True" time="0.000" asserts="1" />
                          <test-case name="dylan.NET.UnitTests.TestParseUtils.TestProcessStringUTF16(62786)" executed="True" result="Success" success="True" time="0.000" asserts="1" />
                          <test-case name="dylan.NET.UnitTests.TestParseUtils.TestProcessStringUTF16(38639)" executed="True" result="Success" success="True" time="0.000" asserts="1" />
                          <test-case name="dylan.NET.UnitTests.TestParseUtils.TestProcessStringUTF16(47132)" executed="True" result="Success" success="True" time="0.000" asserts="1" />
                          <test-case name="dylan.NET.UnitTests.TestParseUtils.TestProcessStringUTF16(17406)" executed="True" result="Success" success="True" time="0.000" asserts="1" />
                          <test-case name="dylan.NET.UnitTests.TestParseUtils.TestProcessStringUTF16(15283)" executed="True" result="Success" success="True" time="0.000" asserts="1" />
                          <test-case name="dylan.NET.UnitTests.TestParseUtils.TestProcessStringUTF16(42164)" executed="True" result="Success" success="True" time="0.000" asserts="1" />
                          <test-case name="dylan.NET.UnitTests.TestParseUtils.TestProcessStringUTF16(44436)" executed="True" result="Success" success="True" time="0.000" asserts="1" />
                          <test-case name="dylan.NET.UnitTests.TestParseUtils.TestProcessStringUTF16(31749)" executed="True" result="Success" success="True" time="0.000" asserts="1" />
                          <test-case name="dylan.NET.UnitTests.TestParseUtils.TestProcessStringUTF16(40027)" executed="True" result="Success" success="True" time="0.000" asserts="1" />
                          <test-case name="dylan.NET.UnitTests.TestParseUtils.TestProcessStringUTF16(61709)" executed="True" result="Success" success="True" time="0.000" asserts="1" />
                          <test-case name="dylan.NET.UnitTests.TestParseUtils.TestProcessStringUTF16(60024)" executed="True" result="Success" success="True" time="0.000" asserts="1" />
                          <test-case name="dylan.NET.UnitTests.TestParseUtils.TestProcessStringUTF16(10107)" executed="True" result="Success" success="True" time="0.000" asserts="1" />
                          <test-case name="dylan.NET.UnitTests.TestParseUtils.TestProcessStringUTF16(24623)" executed="True" result="Success" success="True" time="0.000" asserts="1" />
                          <test-case name="dylan.NET.UnitTests.TestParseUtils.TestProcessStringUTF16(57365)" executed="True" result="Success" success="True" time="0.000" asserts="1" />
                          <test-case name="dylan.NET.UnitTests.TestParseUtils.TestProcessStringUTF16(54783)" executed="True" result="Success" success="True" time="0.000" asserts="1" />
                          <test-case name="dylan.NET.UnitTests.TestParseUtils.TestProcessStringUTF16(56678)" executed="True" result="Success" success="True" time="0.000" asserts="1" />
                          <test-case name="dylan.NET.UnitTests.TestParseUtils.TestProcessStringUTF16(41245)" executed="True" result="Success" success="True" time="0.000" asserts="1" />
                          <test-case name="dylan.NET.UnitTests.TestParseUtils.TestProcessStringUTF16(3348)" executed="True" result="Success" success="True" time="0.000" asserts="1" />
                          <test-case name="dylan.NET.UnitTests.TestParseUtils.TestProcessStringUTF16(48624)" executed="True" result="Success" success="True" time="0.000" asserts="1" />
                          <test-case name="dylan.NET.UnitTests.TestParseUtils.TestProcessStringUTF16(18379)" executed="True" result="Success" success="True" time="0.000" asserts="1" />
                          <test-case name="dylan.NET.UnitTests.TestParseUtils.TestProcessStringUTF16(10328)" executed="True" result="Success" success="True" time="0.000" asserts="1" />
                          <test-case name="dylan.NET.UnitTests.TestParseUtils.TestProcessStringUTF16(27198)" executed="True" result="Success" success="True" time="0.000" asserts="1" />
                          <test-case name="dylan.NET.UnitTests.TestParseUtils.TestProcessStringUTF16(43847)" executed="True" result="Success" success="True" time="0.000" asserts="1" />
                          <test-case name="dylan.NET.UnitTests.TestParseUtils.TestProcessStringUTF16(52020)" executed="True" result="Success" success="True" time="0.000" asserts="1" />
                          <test-case name="dylan.NET.UnitTests.TestParseUtils.TestProcessStringUTF16(54631)" executed="True" result="Success" success="True" time="0.000" asserts="1" />
                          <test-case name="dylan.NET.UnitTests.TestParseUtils.TestProcessStringUTF16(64909)" executed="True" result="Success" success="True" time="0.000" asserts="1" />
                          <test-case name="dylan.NET.UnitTests.TestParseUtils.TestProcessStringUTF16(41913)" executed="True" result="Success" success="True" time="0.000" asserts="1" />
                          <test-case name="dylan.NET.UnitTests.TestParseUtils.TestProcessStringUTF16(26485)" executed="True" result="Success" success="True" time="0.000" asserts="1" />
                          <test-case name="dylan.NET.UnitTests.TestParseUtils.TestProcessStringUTF16(10234)" executed="True" result="Success" success="True" time="0.000" asserts="1" />
                          <test-case name="dylan.NET.UnitTests.TestParseUtils.TestProcessStringUTF16(33794)" executed="True" result="Success" success="True" time="0.000" asserts="1" />
                          <test-case name="dylan.NET.UnitTests.TestParseUtils.TestProcessStringUTF16(47776)" executed="True" result="Success" success="True" time="0.000" asserts="1" />
                          <test-case name="dylan.NET.UnitTests.TestParseUtils.TestProcessStringUTF16(59217)" executed="True" result="Success" success="True" time="0.000" asserts="1" />
                          <test-case name="dylan.NET.UnitTests.TestParseUtils.TestProcessStringUTF16(30912)" executed="True" result="Success" success="True" time="0.000" asserts="1" />
                          <test-case name="dylan.NET.UnitTests.TestParseUtils.TestProcessStringUTF16(17964)" executed="True" result="Success" success="True" time="0.000" asserts="1" />
                          <test-case name="dylan.NET.UnitTests.TestParseUtils.TestProcessStringUTF16(12640)" executed="True" result="Success" success="True" time="0.000" asserts="1" />
                          <test-case name="dylan.NET.UnitTests.TestParseUtils.TestProcessStringUTF16(63592)" executed="True" result="Success" success="True" time="0.000" asserts="1" />
                          <test-case name="dylan.NET.UnitTests.TestParseUtils.TestProcessStringUTF16(9748)" executed="True" result="Success" success="True" time="0.000" asserts="1" />
                          <test-case name="dylan.NET.UnitTests.TestParseUtils.TestProcessStringUTF16(22288)" executed="True" result="Success" success="True" time="0.000" asserts="1" />
                          <test-case name="dylan.NET.UnitTests.TestParseUtils.TestProcessStringUTF16(28221)" executed="True" result="Success" success="True" time="0.000" asserts="1" />
                          <test-case name="dylan.NET.UnitTests.TestParseUtils.TestProcessStringUTF16(59494)" executed="True" result="Success" success="True" time="0.000" asserts="1" />
                          <test-case name="dylan.NET.UnitTests.TestParseUtils.TestProcessStringUTF16(7793)" executed="True" result="Success" success="True" time="0.000" asserts="1" />
                          <test-case name="dylan.NET.UnitTests.TestParseUtils.TestProcessStringUTF16(22333)" executed="True" result="Success" success="True" time="0.000" asserts="1" />
                          <test-case name="dylan.NET.UnitTests.TestParseUtils.TestProcessStringUTF16(22800)" executed="True" result="Success" success="True" time="0.000" asserts="1" />
                          <test-case name="dylan.NET.UnitTests.TestParseUtils.TestProcessStringUTF16(15108)" executed="True" result="Success" success="True" time="0.000" asserts="1" />
                          <test-case name="dylan.NET.UnitTests.TestParseUtils.TestProcessStringUTF16(18676)" executed="True" result="Success" success="True" time="0.000" asserts="1" />
                          <test-case name="dylan.NET.UnitTests.TestParseUtils.TestProcessStringUTF16(49882)" executed="True" result="Success" success="True" time="0.000" asserts="1" />
                          <test-case name="dylan.NET.UnitTests.TestParseUtils.TestProcessStringUTF16(37447)" executed="True" result="Success" success="True" time="0.000" asserts="1" />
                          <test-case name="dylan.NET.UnitTests.TestParseUtils.TestProcessStringUTF16(11729)" executed="True" result="Success" success="True" time="0.000" asserts="1" />
                          <test-case name="dylan.NET.UnitTests.TestParseUtils.TestProcessStringUTF16(39940)" executed="True" result="Success" success="True" time="0.000" asserts="1" />
                          <test-case name="dylan.NET.UnitTests.TestParseUtils.TestProcessStringUTF16(54553)" executed="True" result="Success" success="True" time="0.000" asserts="1" />
                          <test-case name="dylan.NET.UnitTests.TestParseUtils.TestProcessStringUTF16(62985)" executed="True" result="Success" success="True" time="0.000" asserts="1" />
                          <test-case name="dylan.NET.UnitTests.TestParseUtils.TestProcessStringUTF16(13302)" executed="True" result="Success" success="True" time="0.000" asserts="1" />
                          <test-case name="dylan.NET.UnitTests.TestParseUtils.TestProcessStringUTF16(15766)" executed="True" result="Success" success="True" time="0.000" asserts="1" />
                          <test-case name="dylan.NET.UnitTests.TestParseUtils.TestProcessStringUTF16(59808)" executed="True" result="Success" success="True" time="0.000" asserts="1" />
                          <test-case name="dylan.NET.UnitTests.TestParseUtils.TestProcessStringUTF16(40605)" executed="True" result="Success" success="True" time="0.000" asserts="1" />
                          <test-case name="dylan.NET.UnitTests.TestParseUtils.TestProcessStringUTF16(3569)" executed="True" result="Success" success="True" time="0.000" asserts="1" />
                          <test-case name="dylan.NET.UnitTests.TestParseUtils.TestProcessStringUTF16(7727)" executed="True" result="Success" success="True" time="0.000" asserts="1" />
                          <test-case name="dylan.NET.UnitTests.TestParseUtils.TestProcessStringUTF16(29167)" executed="True" result="Success" success="True" time="0.000" asserts="1" />
                          <test-case name="dylan.NET.UnitTests.TestParseUtils.TestProcessStringUTF16(4766)" executed="True" result="Success" success="True" time="0.000" asserts="1" />
                          <test-case name="dylan.NET.UnitTests.TestParseUtils.TestProcessStringUTF16(17226)" executed="True" result="Success" success="True" time="0.000" asserts="1" />
                          <test-case name="dylan.NET.UnitTests.TestParseUtils.TestProcessStringUTF16(32416)" executed="True" result="Success" success="True" time="0.000" asserts="1" />
                          <test-case name="dylan.NET.UnitTests.TestParseUtils.TestProcessStringUTF16(22147)" executed="True" result="Success" success="True" time="0.000" asserts="1" />
                          <test-case name="dylan.NET.UnitTests.TestParseUtils.TestProcessStringUTF16(3528)" executed="True" result="Success" success="True" time="0.000" asserts="1" />
                          <test-case name="dylan.NET.UnitTests.TestParseUtils.TestProcessStringUTF16(46068)" executed="True" result="Success" success="True" time="0.000" asserts="1" />
                          <test-case name="dylan.NET.UnitTests.TestParseUtils.TestProcessStringUTF16(53915)" executed="True" result="Success" success="True" time="0.000" asserts="1" />
                          <test-case name="dylan.NET.UnitTests.TestParseUtils.TestProcessStringUTF16(37691)" executed="True" result="Success" success="True" time="0.000" asserts="1" />
                          <test-case name="dylan.NET.UnitTests.TestParseUtils.TestProcessStringUTF16(52841)" executed="True" result="Success" success="True" time="0.000" asserts="1" />
                          <test-case name="dylan.NET.UnitTests.TestParseUtils.TestProcessStringUTF16(9514)" executed="True" result="Success" success="True" time="0.000" asserts="1" />
                          <test-case name="dylan.NET.UnitTests.TestParseUtils.TestProcessStringUTF16(38688)" executed="True" result="Success" success="True" time="0.000" asserts="1" />
                          <test-case name="dylan.NET.UnitTests.TestParseUtils.TestProcessStringUTF16(4900)" executed="True" result="Success" success="True" time="0.000" asserts="1" />
                          <test-case name="dylan.NET.UnitTests.TestParseUtils.TestProcessStringUTF16(19230)" executed="True" result="Success" success="True" time="0.000" asserts="1" />
                          <test-case name="dylan.NET.UnitTests.TestParseUtils.TestProcessStringUTF16(29516)" executed="True" result="Success" success="True" time="0.000" asserts="1" />
                          <test-case name="dylan.NET.UnitTests.TestParseUtils.TestProcessStringUTF16(28942)" executed="True" result="Success" success="True" time="0.000" asserts="1" />
                          <test-case name="dylan.NET.UnitTests.TestParseUtils.TestProcessStringUTF16(59606)" executed="True" result="Success" success="True" time="0.000" asserts="1" />
                          <test-case name="dylan.NET.UnitTests.TestParseUtils.TestProcessStringUTF16(20928)" executed="True" result="Success" success="True" time="0.000" asserts="1" />
                          <test-case name="dylan.NET.UnitTests.TestParseUtils.TestProcessStringUTF16(62561)" executed="True" result="Success" success="True" time="0.000" asserts="1" />
                          <test-case name="dylan.NET.UnitTests.TestParseUtils.TestProcessStringUTF16(11432)" executed="True" result="Success" success="True" time="0.000" asserts="1" />
                          <test-case name="dylan.NET.UnitTests.TestParseUtils.TestProcessStringUTF16(49573)" executed="True" result="Success" success="True" time="0.000" asserts="1" />
                          <test-case name="dylan.NET.UnitTests.TestParseUtils.TestProcessStringUTF16(11415)" executed="True" result="Success" success="True" time="0.000" asserts="1" />
                          <test-case name="dylan.NET.UnitTests.TestParseUtils.TestProcessStringUTF16(51062)" executed="True" result="Success" success="True" time="0.000" asserts="1" />
                          <test-case name="dylan.NET.UnitTests.TestParseUtils.TestProcessStringUTF16(57182)" executed="True" result="Success" success="True" time="0.000" asserts="1" />
                          <test-case name="dylan.NET.UnitTests.TestParseUtils.TestProcessStringUTF16(12746)" executed="True" result="Success" success="True" time="0.000" asserts="1" />
                          <test-case name="dylan.NET.UnitTests.TestParseUtils.TestProcessStringUTF16(21719)" executed="True" result="Success" success="True" time="0.000" asserts="1" />
                          <test-case name="dylan.NET.UnitTests.TestParseUtils.TestProcessStringUTF16(58542)" executed="True" result="Success" success="True" time="0.000" asserts="1" />
                          <test-case name="dylan.NET.UnitTests.TestParseUtils.TestProcessStringUTF16(1377)" executed="True" result="Success" success="True" time="0.000" asserts="1" />
                          <test-case name="dylan.NET.UnitTests.TestParseUtils.TestProcessStringUTF16(25628)" executed="True" result="Success" success="True" time="0.000" asserts="1" />
                          <test-case name="dylan.NET.UnitTests.TestParseUtils.TestProcessStringUTF16(55688)" executed="True" result="Success" success="True" time="0.000" asserts="1" />
                          <test-case name="dylan.NET.UnitTests.TestParseUtils.TestProcessStringUTF16(50379)" executed="True" result="Success" success="True" time="0.000" asserts="1" />
                          <test-case name="dylan.NET.UnitTests.TestParseUtils.TestProcessStringUTF16(29584)" executed="True" result="Success" success="True" time="0.000" asserts="1" />
                          <test-case name="dylan.NET.UnitTests.TestParseUtils.TestProcessStringUTF16(40483)" executed="True" result="Success" success="True" time="0.000" asserts="1" />
                          <test-case name="dylan.NET.UnitTests.TestParseUtils.TestProcessStringUTF16(10750)" executed="True" result="Success" success="True" time="0.000" asserts="1" />
                          <test-case name="dylan.NET.UnitTests.TestParseUtils.TestProcessStringUTF16(233)" executed="True" result="Success" success="True" time="0.000" asserts="1" />
                          <test-case name="dylan.NET.UnitTests.TestParseUtils.TestProcessStringUTF16(49135)" executed="True" result="Success" success="True" time="0.000" asserts="1" />
                          <test-case name="dylan.NET.UnitTests.TestParseUtils.TestProcessStringUTF16(23320)" executed="True" result="Success" success="True" time="0.000" asserts="1" />
                          <test-case name="dylan.NET.UnitTests.TestParseUtils.TestProcessStringUTF16(40263)" executed="True" result="Success" success="True" time="0.000" asserts="1" />
                          <test-case name="dylan.NET.UnitTests.TestParseUtils.TestProcessStringUTF16(43812)" executed="True" result="Success" success="True" time="0.000" asserts="1" />
                          <test-case name="dylan.NET.UnitTests.TestParseUtils.TestProcessStringUTF16(58925)" executed="True" result="Success" success="True" time="0.000" asserts="1" />
                          <test-case name="dylan.NET.UnitTests.TestParseUtils.TestProcessStringUTF16(28729)" executed="True" result="Success" success="True" time="0.000" asserts="1" />
                          <test-case name="dylan.NET.UnitTests.TestParseUtils.TestProcessStringUTF16(59715)" executed="True" result="Success" success="True" time="0.000" asserts="1" />
                          <test-case name="dylan.NET.UnitTests.TestParseUtils.TestProcessStringUTF16(21649)" executed="True" result="Success" success="True" time="0.000" asserts="1" />
                          <test-case name="dylan.NET.UnitTests.TestParseUtils.TestProcessStringUTF16(38450)" executed="True" result="Success" success="True" time="0.000" asserts="1" />
                          <test-case name="dylan.NET.UnitTests.TestParseUtils.TestProcessStringUTF16(53408)" executed="True" result="Success" success="True" time="0.000" asserts="1" />
                          <test-case name="dylan.NET.UnitTests.TestParseUtils.TestProcessStringUTF16(313)" executed="True" result="Success" success="True" time="0.001" asserts="1" />
                          <test-case name="dylan.NET.UnitTests.TestParseUtils.TestProcessStringUTF16(54412)" executed="True" result="Success" success="True" time="0.000" asserts="1" />
                          <test-case name="dylan.NET.UnitTests.TestParseUtils.TestProcessStringUTF16(62906)" executed="True" result="Success" success="True" time="0.000" asserts="1" />
                          <test-case name="dylan.NET.UnitTests.TestParseUtils.TestProcessStringUTF16(50239)" executed="True" result="Success" success="True" time="0.000" asserts="1" />
                          <test-case name="dylan.NET.UnitTests.TestParseUtils.TestProcessStringUTF16(57117)" executed="True" result="Success" success="True" time="0.000" asserts="1" />
                          <test-case name="dylan.NET.UnitTests.TestParseUtils.TestProcessStringUTF16(22759)" executed="True" result="Success" success="True" time="0.000" asserts="1" />
                          <test-case name="dylan.NET.UnitTests.TestParseUtils.TestProcessStringUTF16(58431)" executed="True" result="Success" success="True" time="0.000" asserts="1" />
                          <test-case name="dylan.NET.UnitTests.TestParseUtils.TestProcessStringUTF16(14976)" executed="True" result="Success" success="True" time="0.000" asserts="1" />
                          <test-case name="dylan.NET.UnitTests.TestParseUtils.TestProcessStringUTF16(13415)" executed="True" result="Success" success="True" time="0.000" asserts="1" />
                          <test-case name="dylan.NET.UnitTests.TestParseUtils.TestProcessStringUTF16(22883)" executed="True" result="Success" success="True" time="0.000" asserts="1" />
                          <test-case name="dylan.NET.UnitTests.TestParseUtils.TestProcessStringUTF16(65118)" executed="True" result="Success" success="True" time="0.000" asserts="1" />
                          <test-case name="dylan.NET.UnitTests.TestParseUtils.TestProcessStringUTF16(29817)" executed="True" result="Success" success="True" time="0.000" asserts="1" />
                          <test-case name="dylan.NET.UnitTests.TestParseUtils.TestProcessStringUTF16(6475)" executed="True" result="Success" success="True" time="0.000" asserts="1" />
                          <test-case name="dylan.NET.UnitTests.TestParseUtils.TestProcessStringUTF16(32183)" executed="True" result="Success" success="True" time="0.000" asserts="1" />
                          <test-case name="dylan.NET.UnitTests.TestParseUtils.TestProcessStringUTF16(38546)" executed="True" result="Success" success="True" time="0.000" asserts="1" />
                          <test-case name="dylan.NET.UnitTests.TestParseUtils.TestProcessStringUTF16(45742)" executed="True" result="Success" success="True" time="0.000" asserts="1" />
                          <test-case name="dylan.NET.UnitTests.TestParseUtils.TestProcessStringUTF16(5804)" executed="True" result="Success" success="True" time="0.000" asserts="1" />
                          <test-case name="dylan.NET.UnitTests.TestParseUtils.TestProcessStringUTF16(10103)" executed="True" result="Success" success="True" time="0.000" asserts="1" />
                          <test-case name="dylan.NET.UnitTests.TestParseUtils.TestProcessStringUTF16(44300)" executed="True" result="Success" success="True" time="0.000" asserts="1" />
                          <test-case name="dylan.NET.UnitTests.TestParseUtils.TestProcessStringUTF16(24111)" executed="True" result="Success" success="True" time="0.000" asserts="1" />
                          <test-case name="dylan.NET.UnitTests.TestParseUtils.TestProcessStringUTF16(15334)" executed="True" result="Success" success="True" time="0.000" asserts="1" />
                          <test-case name="dylan.NET.UnitTests.TestParseUtils.TestProcessStringUTF16(17038)" executed="True" result="Success" success="True" time="0.000" asserts="1" />
                          <test-case name="dylan.NET.UnitTests.TestParseUtils.TestProcessStringUTF16(31985)" executed="True" result="Success" success="True" time="0.000" asserts="1" />
                          <test-case name="dylan.NET.UnitTests.TestParseUtils.TestProcessStringUTF16(31357)" executed="True" result="Success" success="True" time="0.000" asserts="1" />
                          <test-case name="dylan.NET.UnitTests.TestParseUtils.TestProcessStringUTF16(29202)" executed="True" result="Success" success="True" time="0.000" asserts="1" />
                          <test-case name="dylan.NET.UnitTests.TestParseUtils.TestProcessStringUTF16(40064)" executed="True" result="Success" success="True" time="0.000" asserts="1" />
                          <test-case name="dylan.NET.UnitTests.TestParseUtils.TestProcessStringUTF16(62235)" executed="True" result="Success" success="True" time="0.000" asserts="1" />
                          <test-case name="dylan.NET.UnitTests.TestParseUtils.TestProcessStringUTF16(36223)" executed="True" result="Success" success="True" time="0.000" asserts="1" />
                          <test-case name="dylan.NET.UnitTests.TestParseUtils.TestProcessStringUTF16(5444)" executed="True" result="Success" success="True" time="0.000" asserts="1" />
                          <test-case name="dylan.NET.UnitTests.TestParseUtils.TestProcessStringUTF16(54208)" executed="True" result="Success" success="True" time="0.000" asserts="1" />
                          <test-case name="dylan.NET.UnitTests.TestParseUtils.TestProcessStringUTF16(56677)" executed="True" result="Success" success="True" time="0.000" asserts="1" />
                          <test-case name="dylan.NET.UnitTests.TestParseUtils.TestProcessStringUTF16(61974)" executed="True" result="Success" success="True" time="0.000" asserts="1" />
                          <test-case name="dylan.NET.UnitTests.TestParseUtils.TestProcessStringUTF16(37647)" executed="True" result="Success" success="True" time="0.000" asserts="1" />
                          <test-case name="dylan.NET.UnitTests.TestParseUtils.TestProcessStringUTF16(34298)" executed="True" result="Success" success="True" time="0.000" asserts="1" />
                          <test-case name="dylan.NET.UnitTests.TestParseUtils.TestProcessStringUTF16(13162)" executed="True" result="Success" success="True" time="0.000" asserts="1" />
                          <test-case name="dylan.NET.UnitTests.TestParseUtils.TestProcessStringUTF16(57436)" executed="True" result="Success" success="True" time="0.000" asserts="1" />
                          <test-case name="dylan.NET.UnitTests.TestParseUtils.TestProcessStringUTF16(52066)" executed="True" result="Success" success="True" time="0.000" asserts="1" />
                          <test-case name="dylan.NET.UnitTests.TestParseUtils.TestProcessStringUTF16(34728)" executed="True" result="Success" success="True" time="0.000" asserts="1" />
                          <test-case name="dylan.NET.UnitTests.TestParseUtils.TestProcessStringUTF16(52617)" executed="True" result="Success" success="True" time="0.000" asserts="1" />
                          <test-case name="dylan.NET.UnitTests.TestParseUtils.TestProcessStringUTF16(9946)" executed="True" result="Success" success="True" time="0.000" asserts="1" />
                          <test-case name="dylan.NET.UnitTests.TestParseUtils.TestProcessStringUTF16(44574)" executed="True" result="Success" success="True" time="0.000" asserts="1" />
                          <test-case name="dylan.NET.UnitTests.TestParseUtils.TestProcessStringUTF16(19480)" executed="True" result="Success" success="True" time="0.000" asserts="1" />
                          <test-case name="dylan.NET.UnitTests.TestParseUtils.TestProcessStringUTF16(61717)" executed="True" result="Success" success="True" time="0.000" asserts="1" />
                          <test-case name="dylan.NET.UnitTests.TestParseUtils.TestProcessStringUTF16(52174)" executed="True" result="Success" success="True" time="0.000" asserts="1" />
                          <test-case name="dylan.NET.UnitTests.TestParseUtils.TestProcessStringUTF16(50433)" executed="True" result="Success" success="True" time="0.000" asserts="1" />
                          <test-case name="dylan.NET.UnitTests.TestParseUtils.TestProcessStringUTF16(32097)" executed="True" result="Success" success="True" time="0.000" asserts="1" />
                          <test-case name="dylan.NET.UnitTests.TestParseUtils.TestProcessStringUTF16(56870)" executed="True" result="Success" success="True" time="0.000" asserts="1" />
                          <test-case name="dylan.NET.UnitTests.TestParseUtils.TestProcessStringUTF16(8906)" executed="True" result="Success" success="True" time="0.000" asserts="1" />
                          <test-case name="dylan.NET.UnitTests.TestParseUtils.TestProcessStringUTF16(14609)" executed="True" result="Success" success="True" time="0.000" asserts="1" />
                          <test-case name="dylan.NET.UnitTests.TestParseUtils.TestProcessStringUTF16(18860)" executed="True" result="Success" success="True" time="0.000" asserts="1" />
                          <test-case name="dylan.NET.UnitTests.TestParseUtils.TestProcessStringUTF16(32029)" executed="True" result="Success" success="True" time="0.000" asserts="1" />
                          <test-case name="dylan.NET.UnitTests.TestParseUtils.TestProcessStringUTF16(23491)" executed="True" result="Success" success="True" time="0.000" asserts="1" />
                          <test-case name="dylan.NET.UnitTests.TestParseUtils.TestProcessStringUTF16(16205)" executed="True" result="Success" success="True" time="0.000" asserts="1" />
                          <test-case name="dylan.NET.UnitTests.TestParseUtils.TestProcessStringUTF16(49777)" executed="True" result="Success" success="True" time="0.000" asserts="1" />
                          <test-case name="dylan.NET.UnitTests.TestParseUtils.TestProcessStringUTF16(62265)" executed="True" result="Success" success="True" time="0.000" asserts="1" />
                          <test-case name="dylan.NET.UnitTests.TestParseUtils.TestProcessStringUTF16(3874)" executed="True" result="Success" success="True" time="0.000" asserts="1" />
                          <test-case name="dylan.NET.UnitTests.TestParseUtils.TestProcessStringUTF16(16765)" executed="True" result="Success" success="True" time="0.000" asserts="1" />
                          <test-case name="dylan.NET.UnitTests.TestParseUtils.TestProcessStringUTF16(28607)" executed="True" result="Success" success="True" time="0.000" asserts="1" />
                          <test-case name="dylan.NET.UnitTests.TestParseUtils.TestProcessStringUTF16(37076)" executed="True" result="Success" success="True" time="0.000" asserts="1" />
                          <test-case name="dylan.NET.UnitTests.TestParseUtils.TestProcessStringUTF16(65215)" executed="True" result="Success" success="True" time="0.000" asserts="1" />
                          <test-case name="dylan.NET.UnitTests.TestParseUtils.TestProcessStringUTF16(36227)" executed="True" result="Success" success="True" time="0.000" asserts="1" />
                          <test-case name="dylan.NET.UnitTests.TestParseUtils.TestProcessStringUTF16(23702)" executed="True" result="Success" success="True" time="0.000" asserts="1" />
                          <test-case name="dylan.NET.UnitTests.TestParseUtils.TestProcessStringUTF16(27894)" executed="True" result="Success" success="True" time="0.000" asserts="1" />
                          <test-case name="dylan.NET.UnitTests.TestParseUtils.TestProcessStringUTF16(3468)" executed="True" result="Success" success="True" time="0.000" asserts="1" />
                          <test-case name="dylan.NET.UnitTests.TestParseUtils.TestProcessStringUTF16(43844)" executed="True" result="Success" success="True" time="0.000" asserts="1" />
                          <test-case name="dylan.NET.UnitTests.TestParseUtils.TestProcessStringUTF16(45637)" executed="True" result="Success" success="True" time="0.000" asserts="1" />
                          <test-case name="dylan.NET.UnitTests.TestParseUtils.TestProcessStringUTF16(33634)" executed="True" result="Success" success="True" time="0.000" asserts="1" />
                          <test-case name="dylan.NET.UnitTests.TestParseUtils.TestProcessStringUTF16(19836)" executed="True" result="Success" success="True" time="0.000" asserts="1" />
                          <test-case name="dylan.NET.UnitTests.TestParseUtils.TestProcessStringUTF16(47284)" executed="True" result="Success" success="True" time="0.000" asserts="1" />
                          <test-case name="dylan.NET.UnitTests.TestParseUtils.TestProcessStringUTF16(6449)" executed="True" result="Success" success="True" time="0.000" asserts="1" />
                          <test-case name="dylan.NET.UnitTests.TestParseUtils.TestProcessStringUTF16(54406)" executed="True" result="Success" success="True" time="0.000" asserts="1" />
                          <test-case name="dylan.NET.UnitTests.TestParseUtils.TestProcessStringUTF16(62433)" executed="True" result="Success" success="True" time="0.000" asserts="1" />
                          <test-case name="dylan.NET.UnitTests.TestParseUtils.TestProcessStringUTF16(61028)" executed="True" result="Success" success="True" time="0.000" asserts="1" />
                          <test-case name="dylan.NET.UnitTests.TestParseUtils.TestProcessStringUTF16(25440)" executed="True" result="Success" success="True" time="0.000" asserts="1" />
                          <test-case name="dylan.NET.UnitTests.TestParseUtils.TestProcessStringUTF16(57617)" executed="True" result="Success" success="True" time="0.000" asserts="1" />
                          <test-case name="dylan.NET.UnitTests.TestParseUtils.TestProcessStringUTF16(57377)" executed="True" result="Success" success="True" time="0.000" asserts="1" />
                          <test-case name="dylan.NET.UnitTests.TestParseUtils.TestProcessStringUTF16(832)" executed="True" result="Success" success="True" time="0.000" asserts="1" />
                          <test-case name="dylan.NET.UnitTests.TestParseUtils.TestProcessStringUTF16(47742)" executed="True" result="Success" success="True" time="0.000" asserts="1" />
                          <test-case name="dylan.NET.UnitTests.TestParseUtils.TestProcessStringUTF16(34626)" executed="True" result="Success" success="True" time="0.000" asserts="1" />
                          <test-case name="dylan.NET.UnitTests.TestParseUtils.TestProcessStringUTF16(25327)" executed="True" result="Success" success="True" time="0.000" asserts="1" />
                          <test-case name="dylan.NET.UnitTests.TestParseUtils.TestProcessStringUTF16(23299)" executed="True" result="Success" success="True" time="0.000" asserts="1" />
                          <test-case name="dylan.NET.UnitTests.TestParseUtils.TestProcessStringUTF16(33628)" executed="True" result="Success" success="True" time="0.000" asserts="1" />
                          <test-case name="dylan.NET.UnitTests.TestParseUtils.TestProcessStringUTF16(64681)" executed="True" result="Success" success="True" time="0.000" asserts="1" />
                          <test-case name="dylan.NET.UnitTests.TestParseUtils.TestProcessStringUTF16(5763)" executed="True" result="Success" success="True" time="0.000" asserts="1" />
                          <test-case name="dylan.NET.UnitTests.TestParseUtils.TestProcessStringUTF16(17980)" executed="True" result="Success" success="True" time="0.000" asserts="1" />
                          <test-case name="dylan.NET.UnitTests.TestParseUtils.TestProcessStringUTF16(32975)" executed="True" result="Success" success="True" time="0.000" asserts="1" />
                          <test-case name="dylan.NET.UnitTests.TestParseUtils.TestProcessStringUTF16(34080)" executed="True" result="Success" success="True" time="0.000" asserts="1" />
                          <test-case name="dylan.NET.UnitTests.TestParseUtils.TestProcessStringUTF16(34178)" executed="True" result="Success" success="True" time="0.000" asserts="1" />
                          <test-case name="dylan.NET.UnitTests.TestParseUtils.TestProcessStringUTF16(55989)" executed="True" result="Success" success="True" time="0.000" asserts="1" />
                          <test-case name="dylan.NET.UnitTests.TestParseUtils.TestProcessStringUTF16(33060)" executed="True" result="Success" success="True" time="0.000" asserts="1" />
                          <test-case name="dylan.NET.UnitTests.TestParseUtils.TestProcessStringUTF16(23802)" executed="True" result="Success" success="True" time="0.000" asserts="1" />
                          <test-case name="dylan.NET.UnitTests.TestParseUtils.TestProcessStringUTF16(32229)" executed="True" result="Success" success="True" time="0.000" asserts="1" />
                          <test-case name="dylan.NET.UnitTests.TestParseUtils.TestProcessStringUTF16(52979)" executed="True" result="Success" success="True" time="0.000" asserts="1" />
                          <test-case name="dylan.NET.UnitTests.TestParseUtils.TestProcessStringUTF16(46167)" executed="True" result="Success" success="True" time="0.000" asserts="1" />
                          <test-case name="dylan.NET.UnitTests.TestParseUtils.TestProcessStringUTF16(21074)" executed="True" result="Success" success="True" time="0.000" asserts="1" />
                          <test-case name="dylan.NET.UnitTests.TestParseUtils.TestProcessStringUTF16(47675)" executed="True" result="Success" success="True" time="0.000" asserts="1" />
                          <test-case name="dylan.NET.UnitTests.TestParseUtils.TestProcessStringUTF16(23987)" executed="True" result="Success" success="True" time="0.000" asserts="1" />
                          <test-case name="dylan.NET.UnitTests.TestParseUtils.TestProcessStringUTF16(36277)" executed="True" result="Success" success="True" time="0.000" asserts="1" />
                          <test-case name="dylan.NET.UnitTests.TestParseUtils.TestProcessStringUTF16(60091)" executed="True" result="Success" success="True" time="0.000" asserts="1" />
                          <test-case name="dylan.NET.UnitTests.TestParseUtils.TestProcessStringUTF16(58591)" executed="True" result="Success" success="True" time="0.000" asserts="1" />
                          <test-case name="dylan.NET.UnitTests.TestParseUtils.TestProcessStringUTF16(31264)" executed="True" result="Success" success="True" time="0.000" asserts="1" />
                          <test-case name="dylan.NET.UnitTests.TestParseUtils.TestProcessStringUTF16(9128)" executed="True" result="Success" success="True" time="0.000" asserts="1" />
                          <test-case name="dylan.NET.UnitTests.TestParseUtils.TestProcessStringUTF16(39814)" executed="True" result="Success" success="True" time="0.000" asserts="1" />
                          <test-case name="dylan.NET.UnitTests.TestParseUtils.TestProcessStringUTF16(54817)" executed="True" result="Success" success="True" time="0.000" asserts="1" />
                          <test-case name="dylan.NET.UnitTests.TestParseUtils.TestProcessStringUTF16(61095)" executed="True" result="Success" success="True" time="0.000" asserts="1" />
                          <test-case name="dylan.NET.UnitTests.TestParseUtils.TestProcessStringUTF16(63936)" executed="True" result="Success" success="True" time="0.000" asserts="1" />
                          <test-case name="dylan.NET.UnitTests.TestParseUtils.TestProcessStringUTF16(24345)" executed="True" result="Success" success="True" time="0.000" asserts="1" />
                          <test-case name="dylan.NET.UnitTests.TestParseUtils.TestProcessStringUTF16(10442)" executed="True" result="Success" success="True" time="0.000" asserts="1" />
                          <test-case name="dylan.NET.UnitTests.TestParseUtils.TestProcessStringUTF16(31796)" executed="True" result="Success" success="True" time="0.000" asserts="1" />
                          <test-case name="dylan.NET.UnitTests.TestParseUtils.TestProcessStringUTF16(29290)" executed="True" result="Success" success="True" time="0.000" asserts="1" />
                          <test-case name="dylan.NET.UnitTests.TestParseUtils.TestProcessStringUTF16(35329)" executed="True" result="Success" success="True" time="0.000" asserts="1" />
                          <test-case name="dylan.NET.UnitTests.TestParseUtils.TestProcessStringUTF16(48121)" executed="True" result="Success" success="True" time="0.000" asserts="1" />
                          <test-case name="dylan.NET.UnitTests.TestParseUtils.TestProcessStringUTF16(38152)" executed="True" result="Success" success="True" time="0.000" asserts="1" />
                          <test-case name="dylan.NET.UnitTests.TestParseUtils.TestProcessStringUTF16(4016)" executed="True" result="Success" success="True" time="0.000" asserts="1" />
                          <test-case name="dylan.NET.UnitTests.TestParseUtils.TestProcessStringUTF16(41413)" executed="True" result="Success" success="True" time="0.000" asserts="1" />
                          <test-case name="dylan.NET.UnitTests.TestParseUtils.TestProcessStringUTF16(3997)" executed="True" result="Success" success="True" time="0.000" asserts="1" />
                          <test-case name="dylan.NET.UnitTests.TestParseUtils.TestProcessStringUTF16(36258)" executed="True" result="Success" success="True" time="0.000" asserts="1" />
                          <test-case name="dylan.NET.UnitTests.TestParseUtils.TestProcessStringUTF16(47261)" executed="True" result="Success" success="True" time="0.000" asserts="1" />
                          <test-case name="dylan.NET.UnitTests.TestParseUtils.TestProcessStringUTF16(47929)" executed="True" result="Success" success="True" time="0.000" asserts="1" />
                          <test-case name="dylan.NET.UnitTests.TestParseUtils.TestProcessStringUTF16(61703)" executed="True" result="Success" success="True" time="0.000" asserts="1" />
                          <test-case name="dylan.NET.UnitTests.TestParseUtils.TestProcessStringUTF16(21650)" executed="True" result="Success" success="True" time="0.000" asserts="1" />
                          <test-case name="dylan.NET.UnitTests.TestParseUtils.TestProcessStringUTF16(62892)" executed="True" result="Success" success="True" time="0.000" asserts="1" />
                          <test-case name="dylan.NET.UnitTests.TestParseUtils.TestProcessStringUTF16(25280)" executed="True" result="Success" success="True" time="0.000" asserts="1" />
                          <test-case name="dylan.NET.UnitTests.TestParseUtils.TestProcessStringUTF16(54228)" executed="True" result="Success" success="True" time="0.000" asserts="1" />
                          <test-case name="dylan.NET.UnitTests.TestParseUtils.TestProcessStringUTF16(40720)" executed="True" result="Success" success="True" time="0.000" asserts="1" />
                          <test-case name="dylan.NET.UnitTests.TestParseUtils.TestProcessStringUTF16(45278)" executed="True" result="Success" success="True" time="0.000" asserts="1" />
                          <test-case name="dylan.NET.UnitTests.TestParseUtils.TestProcessStringUTF16(22619)" executed="True" result="Success" success="True" time="0.000" asserts="1" />
                          <test-case name="dylan.NET.UnitTests.TestParseUtils.TestProcessStringUTF16(6211)" executed="True" result="Success" success="True" time="0.000" asserts="1" />
                          <test-case name="dylan.NET.UnitTests.TestParseUtils.TestProcessStringUTF16(29879)" executed="True" result="Success" success="True" time="0.000" asserts="1" />
                          <test-case name="dylan.NET.UnitTests.TestParseUtils.TestProcessStringUTF16(59216)" executed="True" result="Success" success="True" time="0.000" asserts="1" />
                          <test-case name="dylan.NET.UnitTests.TestParseUtils.TestProcessStringUTF16(33032)" executed="True" result="Success" success="True" time="0.000" asserts="1" />
                          <test-case name="dylan.NET.UnitTests.TestParseUtils.TestProcessStringUTF16(55924)" executed="True" result="Success" success="True" time="0.000" asserts="1" />
                          <test-case name="dylan.NET.UnitTests.TestParseUtils.TestProcessStringUTF16(15945)" executed="True" result="Success" success="True" time="0.000" asserts="1" />
                          <test-case name="dylan.NET.UnitTests.TestParseUtils.TestProcessStringUTF16(5336)" executed="True" result="Success" success="True" time="0.000" asserts="1" />
                          <test-case name="dylan.NET.UnitTests.TestParseUtils.TestProcessStringUTF16(55533)" executed="True" result="Success" success="True" time="0.000" asserts="1" />
                          <test-case name="dylan.NET.UnitTests.TestParseUtils.TestProcessStringUTF16(40712)" executed="True" result="Success" success="True" time="0.000" asserts="1" />
                          <test-case name="dylan.NET.UnitTests.TestParseUtils.TestProcessStringUTF16(61010)" executed="True" result="Success" success="True" time="0.000" asserts="1" />
                          <test-case name="dylan.NET.UnitTests.TestParseUtils.TestProcessStringUTF16(60664)" executed="True" result="Success" success="True" time="0.000" asserts="1" />
                          <test-case name="dylan.NET.UnitTests.TestParseUtils.TestProcessStringUTF16(29884)" executed="True" result="Success" success="True" time="0.000" asserts="1" />
                          <test-case name="dylan.NET.UnitTests.TestParseUtils.TestProcessStringUTF16(13983)" executed="True" result="Success" success="True" time="0.000" asserts="1" />
                          <test-case name="dylan.NET.UnitTests.TestParseUtils.TestProcessStringUTF16(62252)" executed="True" result="Success" success="True" time="0.000" asserts="1" />
                          <test-case name="dylan.NET.UnitTests.TestParseUtils.TestProcessStringUTF16(52353)" executed="True" result="Success" success="True" time="0.000" asserts="1" />
                          <test-case name="dylan.NET.UnitTests.TestParseUtils.TestProcessStringUTF16(51783)" executed="True" result="Success" success="True" time="0.000" asserts="1" />
                          <test-case name="dylan.NET.UnitTests.TestParseUtils.TestProcessStringUTF16(59821)" executed="True" result="Success" success="True" time="0.000" asserts="1" />
                          <test-case name="dylan.NET.UnitTests.TestParseUtils.TestProcessStringUTF16(11410)" executed="True" result="Success" success="True" time="0.000" asserts="1" />
                          <test-case name="dylan.NET.UnitTests.TestParseUtils.TestProcessStringUTF16(26444)" executed="True" result="Success" success="True" time="0.000" asserts="1" />
                          <test-case name="dylan.NET.UnitTests.TestParseUtils.TestProcessStringUTF16(6949)" executed="True" result="Success" success="True" time="0.000" asserts="1" />
                          <test-case name="dylan.NET.UnitTests.TestParseUtils.TestProcessStringUTF16(64285)" executed="True" result="Success" success="True" time="0.000" asserts="1" />
                          <test-case name="dylan.NET.UnitTests.TestParseUtils.TestProcessStringUTF16(5447)" executed="True" result="Success" success="True" time="0.000" asserts="1" />
                          <test-case name="dylan.NET.UnitTests.TestParseUtils.TestProcessStringUTF16(41330)" executed="True" result="Success" success="True" time="0.000" asserts="1" />
                          <test-case name="dylan.NET.UnitTests.TestParseUtils.TestProcessStringUTF16(25055)" executed="True" result="Success" success="True" time="0.000" asserts="1" />
                          <test-case name="dylan.NET.UnitTests.TestParseUtils.TestProcessStringUTF16(17776)" executed="True" result="Success" success="True" time="0.000" asserts="1" />
                          <test-case name="dylan.NET.UnitTests.TestParseUtils.TestProcessStringUTF16(6397)" executed="True" result="Success" success="True" time="0.000" asserts="1" />
                          <test-case name="dylan.NET.UnitTests.TestParseUtils.TestProcessStringUTF16(874)" executed="True" result="Success" success="True" time="0.000" asserts="1" />
                          <test-case name="dylan.NET.UnitTests.TestParseUtils.TestProcessStringUTF16(25558)" executed="True" result="Success" success="True" time="0.000" asserts="1" />
                          <test-case name="dylan.NET.UnitTests.TestParseUtils.TestProcessStringUTF16(40874)" executed="True" result="Success" success="True" time="0.000" asserts="1" />
                          <test-case name="dylan.NET.UnitTests.TestParseUtils.TestProcessStringUTF16(58717)" executed="True" result="Success" success="True" time="0.000" asserts="1" />
                          <test-case name="dylan.NET.UnitTests.TestParseUtils.TestProcessStringUTF16(34478)" executed="True" result="Success" success="True" time="0.000" asserts="1" />
                          <test-case name="dylan.NET.UnitTests.TestParseUtils.TestProcessStringUTF16(64818)" executed="True" result="Success" success="True" time="0.000" asserts="1" />
                          <test-case name="dylan.NET.UnitTests.TestParseUtils.TestProcessStringUTF16(20383)" executed="True" result="Success" success="True" time="0.000" asserts="1" />
                          <test-case name="dylan.NET.UnitTests.TestParseUtils.TestProcessStringUTF16(2925)" executed="True" result="Success" success="True" time="0.000" asserts="1" />
                          <test-case name="dylan.NET.UnitTests.TestParseUtils.TestProcessStringUTF16(29215)" executed="True" result="Success" success="True" time="0.000" asserts="1" />
                          <test-case name="dylan.NET.UnitTests.TestParseUtils.TestProcessStringUTF16(46093)" executed="True" result="Success" success="True" time="0.000" asserts="1" />
                          <test-case name="dylan.NET.UnitTests.TestParseUtils.TestProcessStringUTF16(17813)" executed="True" result="Success" success="True" time="0.000" asserts="1" />
                          <test-case name="dylan.NET.UnitTests.TestParseUtils.TestProcessStringUTF16(32573)" executed="True" result="Success" success="True" time="0.000" asserts="1" />
                          <test-case name="dylan.NET.UnitTests.TestParseUtils.TestProcessStringUTF16(48510)" executed="True" result="Success" success="True" time="0.000" asserts="1" />
                          <test-case name="dylan.NET.UnitTests.TestParseUtils.TestProcessStringUTF16(61872)" executed="True" result="Success" success="True" time="0.000" asserts="1" />
                          <test-case name="dylan.NET.UnitTests.TestParseUtils.TestProcessStringUTF16(43866)" executed="True" result="Success" success="True" time="0.000" asserts="1" />
                          <test-case name="dylan.NET.UnitTests.TestParseUtils.TestProcessStringUTF16(58141)" executed="True" result="Success" success="True" time="0.000" asserts="1" />
                          <test-case name="dylan.NET.UnitTests.TestParseUtils.TestProcessStringUTF16(14969)" executed="True" result="Success" success="True" time="0.000" asserts="1" />
                          <test-case name="dylan.NET.UnitTests.TestParseUtils.TestProcessStringUTF16(62582)" executed="True" result="Success" success="True" time="0.000" asserts="1" />
                          <test-case name="dylan.NET.UnitTests.TestParseUtils.TestProcessStringUTF16(37507)" executed="True" result="Success" success="True" time="0.000" asserts="1" />
                          <test-case name="dylan.NET.UnitTests.TestParseUtils.TestProcessStringUTF16(41814)" executed="True" result="Success" success="True" time="0.000" asserts="1" />
                          <test-case name="dylan.NET.UnitTests.TestParseUtils.TestProcessStringUTF16(6599)" executed="True" result="Success" success="True" time="0.000" asserts="1" />
                          <test-case name="dylan.NET.UnitTests.TestParseUtils.TestProcessStringUTF16(36647)" executed="True" result="Success" success="True" time="0.000" asserts="1" />
                          <test-case name="dylan.NET.UnitTests.TestParseUtils.TestProcessStringUTF16(3874)" executed="True" result="Success" success="True" time="0.000" asserts="1" />
                          <test-case name="dylan.NET.UnitTests.TestParseUtils.TestProcessStringUTF16(56494)" executed="True" result="Success" success="True" time="0.000" asserts="1" />
                          <test-case name="dylan.NET.UnitTests.TestParseUtils.TestProcessStringUTF16(24405)" executed="True" result="Success" success="True" time="0.000" asserts="1" />
                          <test-case name="dylan.NET.UnitTests.TestParseUtils.TestProcessStringUTF16(28669)" executed="True" result="Success" success="True" time="0.000" asserts="1" />
                          <test-case name="dylan.NET.UnitTests.TestParseUtils.TestProcessStringUTF16(65380)" executed="True" result="Success" success="True" time="0.000" asserts="1" />
                          <test-case name="dylan.NET.UnitTests.TestParseUtils.TestProcessStringUTF16(52096)" executed="True" result="Success" success="True" time="0.000" asserts="1" />
                          <test-case name="dylan.NET.UnitTests.TestParseUtils.TestProcessStringUTF16(53675)" executed="True" result="Success" success="True" time="0.000" asserts="1" />
                          <test-case name="dylan.NET.UnitTests.TestParseUtils.TestProcessStringUTF16(6927)" executed="True" result="Success" success="True" time="0.000" asserts="1" />
                          <test-case name="dylan.NET.UnitTests.TestParseUtils.TestProcessStringUTF16(9496)" executed="True" result="Success" success="True" time="0.000" asserts="1" />
                          <test-case name="dylan.NET.UnitTests.TestParseUtils.TestProcessStringUTF16(56291)" executed="True" result="Success" success="True" time="0.000" asserts="1" />
                          <test-case name="dylan.NET.UnitTests.TestParseUtils.TestProcessStringUTF16(3816)" executed="True" result="Success" success="True" time="0.000" asserts="1" />
                          <test-case name="dylan.NET.UnitTests.TestParseUtils.TestProcessStringUTF16(9830)" executed="True" result="Success" success="True" time="0.000" asserts="1" />
                          <test-case name="dylan.NET.UnitTests.TestParseUtils.TestProcessStringUTF16(63667)" executed="True" result="Success" success="True" time="0.000" asserts="1" />
                          <test-case name="dylan.NET.UnitTests.TestParseUtils.TestProcessStringUTF16(38297)" executed="True" result="Success" success="True" time="0.000" asserts="1" />
                          <test-case name="dylan.NET.UnitTests.TestParseUtils.TestProcessStringUTF16(7022)" executed="True" result="Success" success="True" time="0.000" asserts="1" />
                          <test-case name="dylan.NET.UnitTests.TestParseUtils.TestProcessStringUTF16(44374)" executed="True" result="Success" success="True" time="0.000" asserts="1" />
                          <test-case name="dylan.NET.UnitTests.TestParseUtils.TestProcessStringUTF16(17144)" executed="True" result="Success" success="True" time="0.000" asserts="1" />
                          <test-case name="dylan.NET.UnitTests.TestParseUtils.TestProcessStringUTF16(2523)" executed="True" result="Success" success="True" time="0.000" asserts="1" />
                          <test-case name="dylan.NET.UnitTests.TestParseUtils.TestProcessStringUTF16(14914)" executed="True" result="Success" success="True" time="0.000" asserts="1" />
                          <test-case name="dylan.NET.UnitTests.TestParseUtils.TestProcessStringUTF16(16935)" executed="True" result="Success" success="True" time="0.000" asserts="1" />
                          <test-case name="dylan.NET.UnitTests.TestParseUtils.TestProcessStringUTF16(24744)" executed="True" result="Success" success="True" time="0.000" asserts="1" />
                          <test-case name="dylan.NET.UnitTests.TestParseUtils.TestProcessStringUTF16(10539)" executed="True" result="Success" success="True" time="0.000" asserts="1" />
                          <test-case name="dylan.NET.UnitTests.TestParseUtils.TestProcessStringUTF16(45184)" executed="True" result="Success" success="True" time="0.000" asserts="1" />
                          <test-case name="dylan.NET.UnitTests.TestParseUtils.TestProcessStringUTF16(23173)" executed="True" result="Success" success="True" time="0.000" asserts="1" />
                          <test-case name="dylan.NET.UnitTests.TestParseUtils.TestProcessStringUTF16(7535)" executed="True" result="Success" success="True" time="0.000" asserts="1" />
                          <test-case name="dylan.NET.UnitTests.TestParseUtils.TestProcessStringUTF16(35484)" executed="True" result="Success" success="True" time="0.000" asserts="1" />
                          <test-case name="dylan.NET.UnitTests.TestParseUtils.TestProcessStringUTF16(48078)" executed="True" result="Success" success="True" time="0.000" asserts="1" />
                          <test-case name="dylan.NET.UnitTests.TestParseUtils.TestProcessStringUTF16(35615)" executed="True" result="Success" success="True" time="0.000" asserts="1" />
                          <test-case name="dylan.NET.UnitTests.TestParseUtils.TestProcessStringUTF16(5602)" executed="True" result="Success" success="True" time="0.000" asserts="1" />
                          <test-case name="dylan.NET.UnitTests.TestParseUtils.TestProcessStringUTF16(54768)" executed="True" result="Success" success="True" time="0.000" asserts="1" />
                          <test-case name="dylan.NET.UnitTests.TestParseUtils.TestProcessStringUTF16(36915)" executed="True" result="Success" success="True" time="0.000" asserts="1" />
                          <test-case name="dylan.NET.UnitTests.TestParseUtils.TestProcessStringUTF16(10848)" executed="True" result="Success" success="True" time="0.000" asserts="1" />
                          <test-case name="dylan.NET.UnitTests.TestParseUtils.TestProcessStringUTF16(62436)" executed="True" result="Success" success="True" time="0.000" asserts="1" />
                          <test-case name="dylan.NET.UnitTests.TestParseUtils.TestProcessStringUTF16(10118)" executed="True" result="Success" success="True" time="0.000" asserts="1" />
                          <test-case name="dylan.NET.UnitTests.TestParseUtils.TestProcessStringUTF16(21741)" executed="True" result="Success" success="True" time="0.000" asserts="1" />
                          <test-case name="dylan.NET.UnitTests.TestParseUtils.TestProcessStringUTF16(31043)" executed="True" result="Success" success="True" time="0.000" asserts="1" />
                          <test-case name="dylan.NET.UnitTests.TestParseUtils.TestProcessStringUTF16(60584)" executed="True" result="Success" success="True" time="0.000" asserts="1" />
                          <test-case name="dylan.NET.UnitTests.TestParseUtils.TestProcessStringUTF16(61715)" executed="True" result="Success" success="True" time="0.000" asserts="1" />
                          <test-case name="dylan.NET.UnitTests.TestParseUtils.TestProcessStringUTF16(57796)" executed="True" result="Success" success="True" time="0.000" asserts="1" />
                          <test-case name="dylan.NET.UnitTests.TestParseUtils.TestProcessStringUTF16(41543)" executed="True" result="Success" success="True" time="0.000" asserts="1" />
                          <test-case name="dylan.NET.UnitTests.TestParseUtils.TestProcessStringUTF16(51315)" executed="True" result="Success" success="True" time="0.000" asserts="1" />
                          <test-case name="dylan.NET.UnitTests.TestParseUtils.TestProcessStringUTF16(26692)" executed="True" result="Success" success="True" time="0.000" asserts="1" />
                          <test-case name="dylan.NET.UnitTests.TestParseUtils.TestProcessStringUTF16(31178)" executed="True" result="Success" success="True" time="0.000" asserts="1" />
                          <test-case name="dylan.NET.UnitTests.TestParseUtils.TestProcessStringUTF16(877)" executed="True" result="Success" success="True" time="0.000" asserts="1" />
                          <test-case name="dylan.NET.UnitTests.TestParseUtils.TestProcessStringUTF16(7828)" executed="True" result="Success" success="True" time="0.000" asserts="1" />
                          <test-case name="dylan.NET.UnitTests.TestParseUtils.TestProcessStringUTF16(37971)" executed="True" result="Success" success="True" time="0.000" asserts="1" />
                          <test-case name="dylan.NET.UnitTests.TestParseUtils.TestProcessStringUTF16(16688)" executed="True" result="Success" success="True" time="0.000" asserts="1" />
                          <test-case name="dylan.NET.UnitTests.TestParseUtils.TestProcessStringUTF16(20692)" executed="True" result="Success" success="True" time="0.000" asserts="1" />
                          <test-case name="dylan.NET.UnitTests.TestParseUtils.TestProcessStringUTF16(50605)" executed="True" result="Success" success="True" time="0.000" asserts="1" />
                          <test-case name="dylan.NET.UnitTests.TestParseUtils.TestProcessStringUTF16(45019)" executed="True" result="Success" success="True" time="0.000" asserts="1" />
                          <test-case name="dylan.NET.UnitTests.TestParseUtils.TestProcessStringUTF16(14503)" executed="True" result="Success" success="True" time="0.000" asserts="1" />
                          <test-case name="dylan.NET.UnitTests.TestParseUtils.TestProcessStringUTF16(1891)" executed="True" result="Success" success="True" time="0.000" asserts="1" />
                          <test-case name="dylan.NET.UnitTests.TestParseUtils.TestProcessStringUTF16(36212)" executed="True" result="Success" success="True" time="0.000" asserts="1" />
                          <test-case name="dylan.NET.UnitTests.TestParseUtils.TestProcessStringUTF16(17365)" executed="True" result="Success" success="True" time="0.000" asserts="1" />
                          <test-case name="dylan.NET.UnitTests.TestParseUtils.TestProcessStringUTF16(65267)" executed="True" result="Success" success="True" time="0.000" asserts="1" />
                          <test-case name="dylan.NET.UnitTests.TestParseUtils.TestProcessStringUTF16(58560)" executed="True" result="Success" success="True" time="0.000" asserts="1" />
                          <test-case name="dylan.NET.UnitTests.TestParseUtils.TestProcessStringUTF16(59593)" executed="True" result="Success" success="True" time="0.000" asserts="1" />
                          <test-case name="dylan.NET.UnitTests.TestParseUtils.TestProcessStringUTF16(14287)" executed="True" result="Success" success="True" time="0.000" asserts="1" />
                          <test-case name="dylan.NET.UnitTests.TestParseUtils.TestProcessStringUTF16(6927)" executed="True" result="Success" success="True" time="0.000" asserts="1" />
                          <test-case name="dylan.NET.UnitTests.TestParseUtils.TestProcessStringUTF16(34336)" executed="True" result="Success" success="True" time="0.000" asserts="1" />
                          <test-case name="dylan.NET.UnitTests.TestParseUtils.TestProcessStringUTF16(57046)" executed="True" result="Success" success="True" time="0.000" asserts="1" />
                          <test-case name="dylan.NET.UnitTests.TestParseUtils.TestProcessStringUTF16(57494)" executed="True" result="Success" success="True" time="0.000" asserts="1" />
                          <test-case name="dylan.NET.UnitTests.TestParseUtils.TestProcessStringUTF16(14666)" executed="True" result="Success" success="True" time="0.000" asserts="1" />
                          <test-case name="dylan.NET.UnitTests.TestParseUtils.TestProcessStringUTF16(33488)" executed="True" result="Success" success="True" time="0.000" asserts="1" />
                          <test-case name="dylan.NET.UnitTests.TestParseUtils.TestProcessStringUTF16(4975)" executed="True" result="Success" success="True" time="0.000" asserts="1" />
                          <test-case name="dylan.NET.UnitTests.TestParseUtils.TestProcessStringUTF16(42659)" executed="True" result="Success" success="True" time="0.000" asserts="1" />
                          <test-case name="dylan.NET.UnitTests.TestParseUtils.TestProcessStringUTF16(44187)" executed="True" result="Success" success="True" time="0.000" asserts="1" />
                          <test-case name="dylan.NET.UnitTests.TestParseUtils.TestProcessStringUTF16(62789)" executed="True" result="Success" success="True" time="0.000" asserts="1" />
                          <test-case name="dylan.NET.UnitTests.TestParseUtils.TestProcessStringUTF16(30469)" executed="True" result="Success" success="True" time="0.000" asserts="1" />
                          <test-case name="dylan.NET.UnitTests.TestParseUtils.TestProcessStringUTF16(34585)" executed="True" result="Success" success="True" time="0.000" asserts="1" />
                        </results>
                      </test-suite>
                      <test-case name="dylan.NET.UnitTests.TestParseUtils.TestProcessStringVT" executed="True" result="Success" success="True" time="0.000" asserts="1" />
                      <test-case name="dylan.NET.UnitTests.TestParseUtils.TestProcessStringX1" executed="True" result="Success" success="True" time="0.000" asserts="1" />
                      <test-case name="dylan.NET.UnitTests.TestParseUtils.TestProcessStringX2" executed="True" result="Success" success="True" time="0.000" asserts="1" />
                      <test-case name="dylan.NET.UnitTests.TestParseUtils.TestProcessStringX3" executed="True" result="Success" success="True" time="0.000" asserts="1" />
                      <test-case name="dylan.NET.UnitTests.TestParseUtils.TestProcessStringX4" executed="True" result="Success" success="True" time="0.000" asserts="1" />
                      <test-case name="dylan.NET.UnitTests.TestParseUtils.TestStringParser2dsCQ" executed="True" result="Success" success="True" time="0.014" asserts="1" />
                      <test-case name="dylan.NET.UnitTests.TestParseUtils.TestStringParserCQ" executed="True" result="Success" success="True" time="0.000" asserts="1" />
                      <test-case name="dylan.NET.UnitTests.TestParseUtils.TestStringParserNoQ" executed="True" result="Success" success="True" time="0.000" asserts="1" />
                      <test-case name="dylan.NET.UnitTests.TestParseUtils.TestStringParserQ" executed="True" result="Success" success="True" time="0.000" asserts="1" />
                    </results>
                  </test-suite>
                  <test-suite type="TestFixture" name="TestStreamUtils" executed="True" result="Success" success="True" time="0.014" asserts="0">
                    <results>
                      <test-case name="dylan.NET.UnitTests.TestStreamUtils.TestCloseInS" executed="True" result="Success" success="True" time="0.002" asserts="1" />
                      <test-case name="dylan.NET.UnitTests.TestStreamUtils.TestCloseOutS" executed="True" result="Success" success="True" time="0.000" asserts="1" />
                      <test-case name="dylan.NET.UnitTests.TestStreamUtils.TestInitInS" executed="True" result="Success" success="True" time="0.000" asserts="1" />
                      <test-case name="dylan.NET.UnitTests.TestStreamUtils.TestInitOutS" executed="True" result="Success" success="True" time="0.000" asserts="1" />
                      <test-case name="dylan.NET.UnitTests.TestStreamUtils.TestReadLine" executed="True" result="Success" success="True" time="0.003" asserts="1" />
                      <test-case name="dylan.NET.UnitTests.TestStreamUtils.TestWrite" executed="True" result="Success" success="True" time="0.001" asserts="1" />
                      <test-case name="dylan.NET.UnitTests.TestStreamUtils.TestWriteErrorExcp" executed="True" result="Success" success="True" time="0.002" asserts="0" />
                      <test-case name="dylan.NET.UnitTests.TestStreamUtils.TestWriteErrorMsg" executed="True" result="Success" success="True" time="0.000" asserts="1" />
                      <test-case name="dylan.NET.UnitTests.TestStreamUtils.TestWriteLine" executed="True" result="Success" success="True" time="0.000" asserts="1" />
                      <test-case name="dylan.NET.UnitTests.TestStreamUtils.TestWriteWarnMsg" executed="True" result="Success" success="True" time="0.000" asserts="1" />
                    </results>
                  </test-suite>
                </results>
              </test-suite>
            </results>
          </test-suite>
        </results>
      </test-suite>
    </results>
  </test-suite>
</test-results>